#
# There is insufficient memory for the Java Runtime Environment to continue.
# Native memory allocation (malloc) failed to allocate 32744 bytes for ChunkPool::allocate
# Possible reasons:
#   The system is out of physical RAM or swap space
#   The process is running with CompressedOops enabled, and the Java Heap may be blocking the growth of the native heap
# Possible solutions:
#   Reduce memory load on the system
#   Increase physical memory or swap space
#   Check if swap backing store is full
#   Decrease Java heap size (-Xmx/-Xms)
#   Decrease number of Java threads
#   Decrease Java thread stack sizes (-Xss)
#   Set larger code cache with -XX:ReservedCodeCacheSize=
#   JVM is running with Zero Based Compressed Oops mode in which the Java heap is
#     placed in the first 32GB address space. The Java Heap base address is the
#     maximum limit for the native heap growth. Please use -XX:HeapBaseMinAddress
#     to set the Java Heap base and to place the Java Heap above 32GB virtual address.
# This output file may be truncated or incomplete.
#
#  Out of Memory Error (t:/workspace/hotspot/src/share/vm/memory/allocation.cpp:256), pid=11068, tid=14208
#
# JRE version: Java(TM) SE Runtime Environment (9.0+11) (build 9.0.1+11)
# Java VM: Java HotSpot(TM) 64-Bit Server VM (9.0.1+11, mixed mode, tiered, compressed oops, g1 gc, windows-amd64)
# No core dump will be written. Minidumps are not enabled by default on client versions of Windows
#

---------------  S U M M A R Y ------------

Command Line: -Dmaven.multiModuleProjectDirectory=C:\Users\grahm\IdeaProjects\runelite -Dmaven.home=C:\Program Files\JetBrains\IntelliJ IDEA Community Edition 2018.3.2\plugins\maven\lib\maven3 -Dclassworlds.conf=C:\Program Files\JetBrains\IntelliJ IDEA Community Edition 2018.3.2\plugins\maven\lib\maven3\bin\m2.conf -javaagent:C:\Program Files\JetBrains\IntelliJ IDEA Community Edition 2018.3.2\lib\idea_rt.jar=51044:C:\Program Files\JetBrains\IntelliJ IDEA Community Edition 2018.3.2\bin -Dfile.encoding=UTF-8 org.codehaus.classworlds.Launcher -Didea.version=2018.3.2 install -DskipTests -U

Host: AMD Athlon(tm) II X4 645 Processor, 4 cores, 11G,  Windows 10 , 64 bit Build 17134 (10.0.17134.1)
Time: Thu Dec 20 20:08:18 2018 Eastern Standard Time elapsed time: 22 seconds (0d 0h 0m 22s)

---------------  T H R E A D  ---------------

Current thread (0x00000150dd275000):  JavaThread "C2 CompilerThread1" daemon [_thread_in_native, id=14208, stack(0x000000267c200000,0x000000267c300000)]


Current CompileTask:
C2:  22344 6555       4       org.objectweb.asm.ClassReader::a (662 bytes)

Stack: [0x000000267c200000,0x000000267c300000]
Native frames: (J=compiled Java code, j=interpreted, Vv=VM code, C=native code)
V  [jvm.dll+0x5870b8]

[error occurred during error reporting (printing native stack), id 0xe0000001]


---------------  P R O C E S S  ---------------

Java Threads: ( => current thread )
  0x00000150ddb2d000 JavaThread "resolver-5" daemon [_thread_blocked, id=10744, stack(0x000000267cd00000,0x000000267ce00000)]
  0x00000150de78b000 JavaThread "resolver-4" daemon [_thread_blocked, id=15088, stack(0x000000267cc00000,0x000000267cd00000)]
  0x00000150dee8f000 JavaThread "resolver-3" daemon [_thread_blocked, id=14716, stack(0x000000267cb00000,0x000000267cc00000)]
  0x00000150e0cce800 JavaThread "resolver-2" daemon [_thread_blocked, id=5708, stack(0x000000267ca00000,0x000000267cb00000)]
  0x00000150debf6000 JavaThread "resolver-1" daemon [_thread_blocked, id=14176, stack(0x000000267c900000,0x000000267ca00000)]
  0x00000150dd55d000 JavaThread "Service Thread" daemon [_thread_blocked, id=3168, stack(0x000000267c700000,0x000000267c800000)]
  0x00000150dd55c000 JavaThread "Monitor Ctrl-Break" daemon [_thread_in_native, id=1728, stack(0x000000267c600000,0x000000267c700000)]
  0x00000150dd419800 JavaThread "Common-Cleaner" daemon [_thread_blocked, id=8800, stack(0x000000267c500000,0x000000267c600000)]
  0x00000150dd3ee800 JavaThread "Sweeper thread" daemon [_thread_blocked, id=5352, stack(0x000000267c400000,0x000000267c500000)]
  0x00000150dd279000 JavaThread "C1 CompilerThread2" daemon [_thread_in_native, id=10156, stack(0x000000267c300000,0x000000267c400000)]
=>0x00000150dd275000 JavaThread "C2 CompilerThread1" daemon [_thread_in_native, id=14208, stack(0x000000267c200000,0x000000267c300000)]
  0x00000150dd266800 JavaThread "C2 CompilerThread0" daemon [_thread_in_native, id=9636, stack(0x000000267c100000,0x000000267c200000)]
  0x00000150dd265800 JavaThread "Attach Listener" daemon [_thread_blocked, id=13572, stack(0x000000267c000000,0x000000267c100000)]
  0x00000150dd264800 JavaThread "Signal Dispatcher" daemon [_thread_blocked, id=10332, stack(0x000000267bf00000,0x000000267c000000)]
  0x00000150dd216000 JavaThread "Finalizer" daemon [_thread_blocked, id=220, stack(0x000000267be00000,0x000000267bf00000)]
  0x00000150dd20d800 JavaThread "Reference Handler" daemon [_thread_blocked, id=7896, stack(0x000000267bd00000,0x000000267be00000)]
  0x00000150b7478000 JavaThread "main" [_thread_blocked, id=14748, stack(0x000000267b000000,0x000000267b100000)]

Other Threads:
  0x00000150dd208800 VMThread "VM Thread" [stack: 0x000000267bc00000,0x000000267bd00000] [id=2312]
  0x00000150dd58a000 WatcherThread [stack: 0x000000267c800000,0x000000267c900000] [id=192]
  0x00000150b748e800 GCTaskThread "GC Thread#0" [stack: 0x000000267b100000,0x000000267b200000] [id=2680]
  0x00000150b7490000 GCTaskThread "GC Thread#1" [stack: 0x000000267b200000,0x000000267b300000] [id=11564]
  0x00000150b7493800 GCTaskThread "GC Thread#2" [stack: 0x000000267b300000,0x000000267b400000] [id=15080]
  0x00000150b7498800 GCTaskThread "GC Thread#3" [stack: 0x000000267b400000,0x000000267b500000] [id=13536]
  0x00000150b74f8000 ConcurrentGCThread "G1 Main Marker" [stack: 0x000000267ba00000,0x000000267bb00000] [id=14496]
  0x00000150b7496800 ConcurrentGCThread "G1 Marker#0" [stack: 0x000000267bb00000,0x000000267bc00000] [id=9772]
  0x00000150b74ab800 ConcurrentGCThread "G1 Refine#0" [stack: 0x000000267b800000,0x000000267b900000] [id=2816]
  0x00000150b74ab000 ConcurrentGCThread "G1 Refine#1" [stack: 0x000000267b700000,0x000000267b800000] [id=13512]
  0x00000150b74aa000 ConcurrentGCThread "G1 Refine#2" [stack: 0x000000267b600000,0x000000267b700000] [id=13520]
  0x00000150b74a6800 ConcurrentGCThread "G1 Refine#3" [stack: 0x000000267b500000,0x000000267b600000] [id=6064]
  0x00000150b74b8800 ConcurrentGCThread "G1 Young RemSet Sampling" [stack: 0x000000267b900000,0x000000267ba00000] [id=13680]

Threads with active compile tasks:
C1 CompilerThread26666       2       java.lang.invoke.LambdaForm$Name::cloneWithIndex (47 bytes)
C2 CompilerThread16555       4       org.objectweb.asm.ClassReader::a (662 bytes)
C2 CompilerThread06548       4       org.objectweb.asm.ClassReader::accept (1176 bytes)

VM state:at safepoint (normal execution)

VM Mutex/Monitor currently owned by a thread:  ([mutex/lock_event])
[0x00000150b7472060] Threads_lock - owner thread: 0x00000150dd208800
[0x00000150b7472cc0] Heap_lock - owner thread: 0x00000150b7478000

Heap address: 0x0000000700000000, size: 3072 MB, Compressed Oops mode: Zero based, Oop shift amount: 3
Narrow klass base: 0x0000000000000000, Narrow klass shift: 3
Compressed class space size: 1073741824 Address: 0x00000007c0000000

Heap:
 garbage-first heap   total 236544K, used 34960K [0x0000000700000000, 0x0000000700100738, 0x00000007c0000000)
  region size 1024K, 3 young (3072K), 3 survivors (3072K)
 Metaspace       used 34664K, capacity 35960K, committed 36016K, reserved 1089536K
  class space    used 3827K, capacity 4235K, committed 4272K, reserved 1048576K
Heap Regions: E=young(eden), S=young(survivor), O=old, HS=humongous(starts), HC=humongous(continues), CS=collection set, F=free, A=archive, TS=gc time stamp, AC=allocation context, TAMS=top-at-mark-start (previous, next)
|   0|0x0000000700000000, 0x0000000700100000, 0x0000000700100000|100%| O|  |TS  0|AC  0|TAMS 0x0000000700100000, 0x0000000700100000|
|   1|0x0000000700100000, 0x0000000700200000, 0x0000000700200000|100%| O|  |TS  0|AC  0|TAMS 0x0000000700200000, 0x0000000700200000|
|   2|0x0000000700200000, 0x0000000700300000, 0x0000000700300000|100%| O|  |TS  0|AC  0|TAMS 0x0000000700300000, 0x0000000700300000|
|   3|0x0000000700300000, 0x0000000700400000, 0x0000000700400000|100%| O|  |TS  0|AC  0|TAMS 0x0000000700400000, 0x0000000700400000|
|   4|0x0000000700400000, 0x0000000700500000, 0x0000000700500000|100%| O|  |TS  0|AC  0|TAMS 0x0000000700500000, 0x0000000700500000|
|   5|0x0000000700500000, 0x0000000700600000, 0x0000000700600000|100%| O|  |TS  0|AC  0|TAMS 0x0000000700600000, 0x0000000700600000|
|   6|0x0000000700600000, 0x0000000700700000, 0x0000000700700000|100%| O|  |TS  0|AC  0|TAMS 0x0000000700700000, 0x0000000700700000|
|   7|0x0000000700700000, 0x0000000700800000, 0x0000000700800000|100%| O|  |TS  0|AC  0|TAMS 0x0000000700800000, 0x0000000700800000|
|   8|0x0000000700800000, 0x0000000700900000, 0x0000000700900000|100%| O|  |TS  0|AC  0|TAMS 0x0000000700900000, 0x0000000700900000|
|   9|0x0000000700900000, 0x0000000700a00000, 0x0000000700a00000|100%| O|  |TS  0|AC  0|TAMS 0x0000000700a00000, 0x0000000700a00000|
|  10|0x0000000700a00000, 0x0000000700b00000, 0x0000000700b00000|100%| O|  |TS  0|AC  0|TAMS 0x0000000700b00000, 0x0000000700b00000|
|  11|0x0000000700b00000, 0x0000000700c00000, 0x0000000700c00000|100%| O|  |TS  0|AC  0|TAMS 0x0000000700c00000, 0x0000000700c00000|
|  12|0x0000000700c00000, 0x0000000700d00000, 0x0000000700d00000|100%| O|  |TS  0|AC  0|TAMS 0x0000000700d00000, 0x0000000700d00000|
|  13|0x0000000700d00000, 0x0000000700e00000, 0x0000000700e00000|100%| O|  |TS  0|AC  0|TAMS 0x0000000700e00000, 0x0000000700e00000|
|  14|0x0000000700e00000, 0x0000000700f00000, 0x0000000700f00000|100%| O|  |TS  0|AC  0|TAMS 0x0000000700f00000, 0x0000000700f00000|
|  15|0x0000000700f00000, 0x0000000701000000, 0x0000000701000000|100%| O|  |TS  0|AC  0|TAMS 0x0000000701000000, 0x0000000701000000|
|  16|0x0000000701000000, 0x0000000701100000, 0x0000000701100000|100%| O|  |TS  0|AC  0|TAMS 0x0000000701100000, 0x0000000701100000|
|  17|0x0000000701100000, 0x0000000701200000, 0x0000000701200000|100%| O|  |TS  0|AC  0|TAMS 0x0000000701200000, 0x0000000701200000|
|  18|0x0000000701200000, 0x0000000701300000, 0x0000000701300000|100%| O|  |TS  0|AC  0|TAMS 0x0000000701300000, 0x0000000701300000|
|  19|0x0000000701300000, 0x0000000701400000, 0x0000000701400000|100%| O|  |TS  0|AC  0|TAMS 0x0000000701400000, 0x0000000701400000|
|  20|0x0000000701400000, 0x00000007014c1e00, 0x0000000701500000| 75%| O|  |TS  1|AC  0|TAMS 0x00000007014c1e00, 0x00000007014c1e00|
|  21|0x0000000701500000, 0x0000000701500000, 0x0000000701600000|  0%| F|  |TS  1|AC  0|TAMS 0x0000000701500000, 0x0000000701500000|
|  22|0x0000000701600000, 0x0000000701600000, 0x0000000701700000|  0%| F|  |TS  1|AC  0|TAMS 0x0000000701600000, 0x0000000701600000|
|  23|0x0000000701700000, 0x0000000701700000, 0x0000000701800000|  0%| F|  |TS  1|AC  0|TAMS 0x0000000701700000, 0x0000000701700000|
|  24|0x0000000701800000, 0x0000000701800000, 0x0000000701900000|  0%| F|  |TS  1|AC  0|TAMS 0x0000000701800000, 0x0000000701800000|
|  25|0x0000000701900000, 0x0000000701900000, 0x0000000701a00000|  0%| F|  |TS  1|AC  0|TAMS 0x0000000701900000, 0x0000000701900000|
|  26|0x0000000701a00000, 0x0000000701a00000, 0x0000000701b00000|  0%| F|  |TS  1|AC  0|TAMS 0x0000000701a00000, 0x0000000701a00000|
|  27|0x0000000701b00000, 0x0000000701b00000, 0x0000000701c00000|  0%| F|  |TS  1|AC  0|TAMS 0x0000000701b00000, 0x0000000701b00000|
|  28|0x0000000701c00000, 0x0000000701c00000, 0x0000000701d00000|  0%| F|  |TS  1|AC  0|TAMS 0x0000000701c00000, 0x0000000701c00000|
|  29|0x0000000701d00000, 0x0000000701d00000, 0x0000000701e00000|  0%| F|  |TS  0|AC  0|TAMS 0x0000000701d00000, 0x0000000701d00000|
|  30|0x0000000701e00000, 0x0000000701e00000, 0x0000000701f00000|  0%| F|  |TS  0|AC  0|TAMS 0x0000000701e00000, 0x0000000701e00000|
|  31|0x0000000701f00000, 0x0000000701f00000, 0x0000000702000000|  0%| F|  |TS  0|AC  0|TAMS 0x0000000701f00000, 0x0000000701f00000|
|  32|0x0000000702000000, 0x0000000702000000, 0x0000000702100000|  0%| F|  |TS  0|AC  0|TAMS 0x0000000702000000, 0x0000000702000000|
|  33|0x0000000702100000, 0x0000000702100000, 0x0000000702200000|  0%| F|  |TS  0|AC  0|TAMS 0x0000000702100000, 0x0000000702100000|
|  34|0x0000000702200000, 0x0000000702200000, 0x0000000702300000|  0%| F|  |TS  0|AC  0|TAMS 0x0000000702200000, 0x0000000702200000|
|  35|0x0000000702300000, 0x0000000702300000, 0x0000000702400000|  0%| F|  |TS  0|AC  0|TAMS 0x0000000702300000, 0x0000000702300000|
|  36|0x0000000702400000, 0x0000000702400000, 0x0000000702500000|  0%| F|  |TS  0|AC  0|TAMS 0x0000000702400000, 0x0000000702400000|
|  37|0x0000000702500000, 0x0000000702500000, 0x0000000702600000|  0%| F|  |TS  0|AC  0|TAMS 0x0000000702500000, 0x0000000702500000|
|  38|0x0000000702600000, 0x0000000702700000, 0x0000000702700000|100%| O|  |TS  0|AC  0|TAMS 0x0000000702700000, 0x0000000702700000|
|  39|0x0000000702700000, 0x0000000702800000, 0x0000000702800000|100%| O|  |TS  0|AC  0|TAMS 0x0000000702800000, 0x0000000702800000|
|  40|0x0000000702800000, 0x0000000702900000, 0x0000000702900000|100%| O|  |TS  0|AC  0|TAMS 0x0000000702900000, 0x0000000702900000|
|  41|0x0000000702900000, 0x0000000702a00000, 0x0000000702a00000|100%| O|  |TS  0|AC  0|TAMS 0x0000000702a00000, 0x0000000702a00000|
|  42|0x0000000702a00000, 0x0000000702b00000, 0x0000000702b00000|100%| O|  |TS  0|AC  0|TAMS 0x0000000702b00000, 0x0000000702b00000|
|  43|0x0000000702b00000, 0x0000000702c00000, 0x0000000702c00000|100%| O|  |TS  0|AC  0|TAMS 0x0000000702c00000, 0x0000000702c00000|
|  44|0x0000000702c00000, 0x0000000702d00000, 0x0000000702d00000|100%| O|  |TS  0|AC  0|TAMS 0x0000000702d00000, 0x0000000702d00000|
|  45|0x0000000702d00000, 0x0000000702e00000, 0x0000000702e00000|100%| O|  |TS  0|AC  0|TAMS 0x0000000702e00000, 0x0000000702e00000|
|  46|0x0000000702e00000, 0x0000000702f00000, 0x0000000702f00000|100%| O|  |TS  0|AC  0|TAMS 0x0000000702f00000, 0x0000000702f00000|
|  47|0x0000000702f00000, 0x0000000703000000, 0x0000000703000000|100%| O|  |TS  0|AC  0|TAMS 0x0000000703000000, 0x0000000703000000|
|  48|0x0000000703000000, 0x0000000703100000, 0x0000000703100000|100%| O|  |TS  0|AC  0|TAMS 0x0000000703100000, 0x0000000703100000|
|  49|0x0000000703100000, 0x0000000703100000, 0x0000000703200000|  0%| F|  |TS  0|AC  0|TAMS 0x0000000703100000, 0x0000000703100000|
|  50|0x0000000703200000, 0x0000000703200000, 0x0000000703300000|  0%| F|  |TS  0|AC  0|TAMS 0x0000000703200000, 0x0000000703200000|
|  51|0x0000000703300000, 0x0000000703300000, 0x0000000703400000|  0%| F|  |TS  0|AC  0|TAMS 0x0000000703300000, 0x0000000703300000|
|  52|0x0000000703400000, 0x0000000703400000, 0x0000000703500000|  0%| F|  |TS  0|AC  0|TAMS 0x0000000703400000, 0x0000000703400000|
|  53|0x0000000703500000, 0x0000000703500000, 0x0000000703600000|  0%| F|  |TS  0|AC  0|TAMS 0x0000000703500000, 0x0000000703500000|
|  54|0x0000000703600000, 0x0000000703600000, 0x0000000703700000|  0%| F|  |TS  0|AC  0|TAMS 0x0000000703600000, 0x0000000703600000|
|  55|0x0000000703700000, 0x0000000703700000, 0x0000000703800000|  0%| F|  |TS  0|AC  0|TAMS 0x0000000703700000, 0x0000000703700000|
|  56|0x0000000703800000, 0x0000000703800000, 0x0000000703900000|  0%| F|  |TS  0|AC  0|TAMS 0x0000000703800000, 0x0000000703800000|
|  57|0x0000000703900000, 0x0000000703900000, 0x0000000703a00000|  0%| F|  |TS  0|AC  0|TAMS 0x0000000703900000, 0x0000000703900000|
|  58|0x0000000703a00000, 0x0000000703a00000, 0x0000000703b00000|  0%| F|  |TS  0|AC  0|TAMS 0x0000000703a00000, 0x0000000703a00000|
|  59|0x0000000703b00000, 0x0000000703b00000, 0x0000000703c00000|  0%| F|  |TS  0|AC  0|TAMS 0x0000000703b00000, 0x0000000703b00000|
|  60|0x0000000703c00000, 0x0000000703c00000, 0x0000000703d00000|  0%| F|  |TS  0|AC  0|TAMS 0x0000000703c00000, 0x0000000703c00000|
|  61|0x0000000703d00000, 0x0000000703d00000, 0x0000000703e00000|  0%| F|  |TS  0|AC  0|TAMS 0x0000000703d00000, 0x0000000703d00000|
|  62|0x0000000703e00000, 0x0000000703e00000, 0x0000000703f00000|  0%| F|  |TS  0|AC  0|TAMS 0x0000000703e00000, 0x0000000703e00000|
|  63|0x0000000703f00000, 0x0000000703f00000, 0x0000000704000000|  0%| F|  |TS  0|AC  0|TAMS 0x0000000703f00000, 0x0000000703f00000|
|  64|0x0000000704000000, 0x0000000704000000, 0x0000000704100000|  0%| F|  |TS  0|AC  0|TAMS 0x0000000704000000, 0x0000000704000000|
|  65|0x0000000704100000, 0x0000000704100000, 0x0000000704200000|  0%| F|  |TS  0|AC  0|TAMS 0x0000000704100000, 0x0000000704100000|
|  66|0x0000000704200000, 0x0000000704200000, 0x0000000704300000|  0%| F|  |TS  0|AC  0|TAMS 0x0000000704200000, 0x0000000704200000|
|  67|0x0000000704300000, 0x0000000704300000, 0x0000000704400000|  0%| F|  |TS  0|AC  0|TAMS 0x0000000704300000, 0x0000000704300000|
|  68|0x0000000704400000, 0x0000000704400000, 0x0000000704500000|  0%| F|  |TS  0|AC  0|TAMS 0x0000000704400000, 0x0000000704400000|
|  69|0x0000000704500000, 0x0000000704500000, 0x0000000704600000|  0%| F|  |TS  0|AC  0|TAMS 0x0000000704500000, 0x0000000704500000|
|  70|0x0000000704600000, 0x0000000704600000, 0x0000000704700000|  0%| F|  |TS  0|AC  0|TAMS 0x0000000704600000, 0x0000000704600000|
|  71|0x0000000704700000, 0x0000000704700000, 0x0000000704800000|  0%| F|  |TS  0|AC  0|TAMS 0x0000000704700000, 0x0000000704700000|
|  72|0x0000000704800000, 0x0000000704800000, 0x0000000704900000|  0%| F|  |TS  0|AC  0|TAMS 0x0000000704800000, 0x0000000704800000|
|  73|0x0000000704900000, 0x0000000704900000, 0x0000000704a00000|  0%| F|  |TS  0|AC  0|TAMS 0x0000000704900000, 0x0000000704900000|
|  74|0x0000000704a00000, 0x0000000704a00000, 0x0000000704b00000|  0%| F|  |TS  0|AC  0|TAMS 0x0000000704a00000, 0x0000000704a00000|
|  75|0x0000000704b00000, 0x0000000704b00000, 0x0000000704c00000|  0%| F|  |TS  0|AC  0|TAMS 0x0000000704b00000, 0x0000000704b00000|
|  76|0x0000000704c00000, 0x0000000704c00000, 0x0000000704d00000|  0%| F|  |TS  0|AC  0|TAMS 0x0000000704c00000, 0x0000000704c00000|
|  77|0x0000000704d00000, 0x0000000704d00000, 0x0000000704e00000|  0%| F|  |TS  0|AC  0|TAMS 0x0000000704d00000, 0x0000000704d00000|
|  78|0x0000000704e00000, 0x0000000704e00000, 0x0000000704f00000|  0%| F|  |TS  0|AC  0|TAMS 0x0000000704e00000, 0x0000000704e00000|
|  79|0x0000000704f00000, 0x0000000704f00000, 0x0000000705000000|  0%| F|  |TS  0|AC  0|TAMS 0x0000000704f00000, 0x0000000704f00000|
|  80|0x0000000705000000, 0x0000000705000000, 0x0000000705100000|  0%| F|  |TS  0|AC  0|TAMS 0x0000000705000000, 0x0000000705000000|
|  81|0x0000000705100000, 0x0000000705100000, 0x0000000705200000|  0%| F|  |TS  0|AC  0|TAMS 0x0000000705100000, 0x0000000705100000|
|  82|0x0000000705200000, 0x0000000705200000, 0x0000000705300000|  0%| F|  |TS  0|AC  0|TAMS 0x0000000705200000, 0x0000000705200000|
|  83|0x0000000705300000, 0x0000000705300000, 0x0000000705400000|  0%| F|  |TS  0|AC  0|TAMS 0x0000000705300000, 0x0000000705300000|
|  84|0x0000000705400000, 0x0000000705400000, 0x0000000705500000|  0%| F|  |TS  0|AC  0|TAMS 0x0000000705400000, 0x0000000705400000|
|  85|0x0000000705500000, 0x0000000705500000, 0x0000000705600000|  0%| F|  |TS  0|AC  0|TAMS 0x0000000705500000, 0x0000000705500000|
|  86|0x0000000705600000, 0x0000000705600000, 0x0000000705700000|  0%| F|  |TS  0|AC  0|TAMS 0x0000000705600000, 0x0000000705600000|
|  87|0x0000000705700000, 0x0000000705700000, 0x0000000705800000|  0%| F|  |TS  0|AC  0|TAMS 0x0000000705700000, 0x0000000705700000|
|  88|0x0000000705800000, 0x0000000705800000, 0x0000000705900000|  0%| F|  |TS  0|AC  0|TAMS 0x0000000705800000, 0x0000000705800000|
|  89|0x0000000705900000, 0x0000000705900000, 0x0000000705a00000|  0%| F|  |TS  0|AC  0|TAMS 0x0000000705900000, 0x0000000705900000|
|  90|0x0000000705a00000, 0x0000000705a00000, 0x0000000705b00000|  0%| F|  |TS  0|AC  0|TAMS 0x0000000705a00000, 0x0000000705a00000|
|  91|0x0000000705b00000, 0x0000000705b00000, 0x0000000705c00000|  0%| F|  |TS  0|AC  0|TAMS 0x0000000705b00000, 0x0000000705b00000|
|  92|0x0000000705c00000, 0x0000000705c00000, 0x0000000705d00000|  0%| F|  |TS  0|AC  0|TAMS 0x0000000705c00000, 0x0000000705c00000|
|  93|0x0000000705d00000, 0x0000000705d00000, 0x0000000705e00000|  0%| F|  |TS  0|AC  0|TAMS 0x0000000705d00000, 0x0000000705d00000|
|  94|0x0000000705e00000, 0x0000000705e00000, 0x0000000705f00000|  0%| F|  |TS  0|AC  0|TAMS 0x0000000705e00000, 0x0000000705e00000|
|  95|0x0000000705f00000, 0x0000000705f00000, 0x0000000706000000|  0%| F|  |TS  0|AC  0|TAMS 0x0000000705f00000, 0x0000000705f00000|
|  96|0x0000000706000000, 0x0000000706000000, 0x0000000706100000|  0%| F|  |TS  0|AC  0|TAMS 0x0000000706000000, 0x0000000706000000|
|  97|0x0000000706100000, 0x0000000706100000, 0x0000000706200000|  0%| F|  |TS  0|AC  0|TAMS 0x0000000706100000, 0x0000000706100000|
|  98|0x0000000706200000, 0x0000000706200000, 0x0000000706300000|  0%| F|  |TS  0|AC  0|TAMS 0x0000000706200000, 0x0000000706200000|
|  99|0x0000000706300000, 0x0000000706300000, 0x0000000706400000|  0%| F|  |TS  0|AC  0|TAMS 0x0000000706300000, 0x0000000706300000|
| 100|0x0000000706400000, 0x0000000706400000, 0x0000000706500000|  0%| F|  |TS  0|AC  0|TAMS 0x0000000706400000, 0x0000000706400000|
| 101|0x0000000706500000, 0x0000000706500000, 0x0000000706600000|  0%| F|  |TS  0|AC  0|TAMS 0x0000000706500000, 0x0000000706500000|
| 102|0x0000000706600000, 0x0000000706600000, 0x0000000706700000|  0%| F|  |TS  1|AC  0|TAMS 0x0000000706600000, 0x0000000706600000|
| 103|0x0000000706700000, 0x0000000706700000, 0x0000000706800000|  0%| F|  |TS  0|AC  0|TAMS 0x0000000706700000, 0x0000000706700000|
| 104|0x0000000706800000, 0x0000000706800000, 0x0000000706900000|  0%| F|  |TS  0|AC  0|TAMS 0x0000000706800000, 0x0000000706800000|
| 105|0x0000000706900000, 0x0000000706900000, 0x0000000706a00000|  0%| F|  |TS  0|AC  0|TAMS 0x0000000706900000, 0x0000000706900000|
| 106|0x0000000706a00000, 0x0000000706a00000, 0x0000000706b00000|  0%| F|  |TS  0|AC  0|TAMS 0x0000000706a00000, 0x0000000706a00000|
| 107|0x0000000706b00000, 0x0000000706b00000, 0x0000000706c00000|  0%| F|  |TS  0|AC  0|TAMS 0x0000000706b00000, 0x0000000706b00000|
| 108|0x0000000706c00000, 0x0000000706c00000, 0x0000000706d00000|  0%| F|  |TS  0|AC  0|TAMS 0x0000000706c00000, 0x0000000706c00000|
| 109|0x0000000706d00000, 0x0000000706d00000, 0x0000000706e00000|  0%| F|  |TS  0|AC  0|TAMS 0x0000000706d00000, 0x0000000706d00000|
| 110|0x0000000706e00000, 0x0000000706e00000, 0x0000000706f00000|  0%| F|  |TS  0|AC  0|TAMS 0x0000000706e00000, 0x0000000706e00000|
| 111|0x0000000706f00000, 0x0000000706f00000, 0x0000000707000000|  0%| F|  |TS  0|AC  0|TAMS 0x0000000706f00000, 0x0000000706f00000|
| 112|0x0000000707000000, 0x0000000707000000, 0x0000000707100000|  0%| F|  |TS  0|AC  0|TAMS 0x0000000707000000, 0x0000000707000000|
| 113|0x0000000707100000, 0x0000000707100000, 0x0000000707200000|  0%| F|  |TS  0|AC  0|TAMS 0x0000000707100000, 0x0000000707100000|
| 114|0x0000000707200000, 0x0000000707200000, 0x0000000707300000|  0%| F|  |TS  0|AC  0|TAMS 0x0000000707200000, 0x0000000707200000|
| 115|0x0000000707300000, 0x0000000707300000, 0x0000000707400000|  0%| F|  |TS  0|AC  0|TAMS 0x0000000707300000, 0x0000000707300000|
| 116|0x0000000707400000, 0x0000000707400000, 0x0000000707500000|  0%| F|  |TS  0|AC  0|TAMS 0x0000000707400000, 0x0000000707400000|
| 117|0x0000000707500000, 0x0000000707500000, 0x0000000707600000|  0%| F|  |TS  0|AC  0|TAMS 0x0000000707500000, 0x0000000707500000|
| 118|0x0000000707600000, 0x0000000707600000, 0x0000000707700000|  0%| F|  |TS  0|AC  0|TAMS 0x0000000707600000, 0x0000000707600000|
| 119|0x0000000707700000, 0x0000000707700000, 0x0000000707800000|  0%| F|  |TS  0|AC  0|TAMS 0x0000000707700000, 0x0000000707700000|
| 120|0x0000000707800000, 0x0000000707800000, 0x0000000707900000|  0%| F|  |TS  0|AC  0|TAMS 0x0000000707800000, 0x0000000707800000|
| 121|0x0000000707900000, 0x0000000707900000, 0x0000000707a00000|  0%| F|  |TS  0|AC  0|TAMS 0x0000000707900000, 0x0000000707900000|
| 122|0x0000000707a00000, 0x0000000707a00000, 0x0000000707b00000|  0%| F|  |TS  0|AC  0|TAMS 0x0000000707a00000, 0x0000000707a00000|
| 123|0x0000000707b00000, 0x0000000707b00000, 0x0000000707c00000|  0%| F|  |TS  0|AC  0|TAMS 0x0000000707b00000, 0x0000000707b00000|
| 124|0x0000000707c00000, 0x0000000707c00000, 0x0000000707d00000|  0%| F|  |TS  0|AC  0|TAMS 0x0000000707c00000, 0x0000000707c00000|
| 125|0x0000000707d00000, 0x0000000707d00000, 0x0000000707e00000|  0%| F|  |TS  0|AC  0|TAMS 0x0000000707d00000, 0x0000000707d00000|
| 126|0x0000000707e00000, 0x0000000707e00000, 0x0000000707f00000|  0%| F|  |TS  0|AC  0|TAMS 0x0000000707e00000, 0x0000000707e00000|
| 127|0x0000000707f00000, 0x0000000707f00000, 0x0000000708000000|  0%| F|  |TS  0|AC  0|TAMS 0x0000000707f00000, 0x0000000707f00000|
| 128|0x0000000708000000, 0x0000000708000000, 0x0000000708100000|  0%| F|  |TS  0|AC  0|TAMS 0x0000000708000000, 0x0000000708000000|
| 129|0x0000000708100000, 0x0000000708100000, 0x0000000708200000|  0%| F|  |TS  0|AC  0|TAMS 0x0000000708100000, 0x0000000708100000|
| 130|0x0000000708200000, 0x0000000708200000, 0x0000000708300000|  0%| F|  |TS  0|AC  0|TAMS 0x0000000708200000, 0x0000000708200000|
| 131|0x0000000708300000, 0x0000000708300000, 0x0000000708400000|  0%| F|  |TS  0|AC  0|TAMS 0x0000000708300000, 0x0000000708300000|
| 132|0x0000000708400000, 0x0000000708400000, 0x0000000708500000|  0%| F|  |TS  0|AC  0|TAMS 0x0000000708400000, 0x0000000708400000|
| 133|0x0000000708500000, 0x0000000708500000, 0x0000000708600000|  0%| F|  |TS  0|AC  0|TAMS 0x0000000708500000, 0x0000000708500000|
| 134|0x0000000708600000, 0x0000000708600000, 0x0000000708700000|  0%| F|  |TS  0|AC  0|TAMS 0x0000000708600000, 0x0000000708600000|
| 135|0x0000000708700000, 0x0000000708700000, 0x0000000708800000|  0%| F|  |TS  0|AC  0|TAMS 0x0000000708700000, 0x0000000708700000|
| 136|0x0000000708800000, 0x0000000708800000, 0x0000000708900000|  0%| F|  |TS  0|AC  0|TAMS 0x0000000708800000, 0x0000000708800000|
| 137|0x0000000708900000, 0x0000000708900000, 0x0000000708a00000|  0%| F|  |TS  0|AC  0|TAMS 0x0000000708900000, 0x0000000708900000|
| 138|0x0000000708a00000, 0x0000000708a00000, 0x0000000708b00000|  0%| F|  |TS  0|AC  0|TAMS 0x0000000708a00000, 0x0000000708a00000|
| 139|0x0000000708b00000, 0x0000000708b00000, 0x0000000708c00000|  0%| F|  |TS  0|AC  0|TAMS 0x0000000708b00000, 0x0000000708b00000|
| 140|0x0000000708c00000, 0x0000000708c00000, 0x0000000708d00000|  0%| F|  |TS  0|AC  0|TAMS 0x0000000708c00000, 0x0000000708c00000|
| 141|0x0000000708d00000, 0x0000000708d00000, 0x0000000708e00000|  0%| F|  |TS  0|AC  0|TAMS 0x0000000708d00000, 0x0000000708d00000|
| 142|0x0000000708e00000, 0x0000000708e00000, 0x0000000708f00000|  0%| F|  |TS  0|AC  0|TAMS 0x0000000708e00000, 0x0000000708e00000|
| 143|0x0000000708f00000, 0x0000000708f00000, 0x0000000709000000|  0%| F|  |TS  0|AC  0|TAMS 0x0000000708f00000, 0x0000000708f00000|
| 144|0x0000000709000000, 0x0000000709000000, 0x0000000709100000|  0%| F|  |TS  0|AC  0|TAMS 0x0000000709000000, 0x0000000709000000|
| 145|0x0000000709100000, 0x0000000709100000, 0x0000000709200000|  0%| F|  |TS  0|AC  0|TAMS 0x0000000709100000, 0x0000000709100000|
| 146|0x0000000709200000, 0x0000000709200000, 0x0000000709300000|  0%| F|  |TS  0|AC  0|TAMS 0x0000000709200000, 0x0000000709200000|
| 147|0x0000000709300000, 0x0000000709300000, 0x0000000709400000|  0%| F|  |TS  0|AC  0|TAMS 0x0000000709300000, 0x0000000709300000|
| 148|0x0000000709400000, 0x0000000709400000, 0x0000000709500000|  0%| F|  |TS  0|AC  0|TAMS 0x0000000709400000, 0x0000000709400000|
| 149|0x0000000709500000, 0x0000000709500000, 0x0000000709600000|  0%| F|  |TS  0|AC  0|TAMS 0x0000000709500000, 0x0000000709500000|
| 150|0x0000000709600000, 0x0000000709600000, 0x0000000709700000|  0%| F|  |TS  0|AC  0|TAMS 0x0000000709600000, 0x0000000709600000|
| 151|0x0000000709700000, 0x0000000709700000, 0x0000000709800000|  0%| F|  |TS  0|AC  0|TAMS 0x0000000709700000, 0x0000000709700000|
| 152|0x0000000709800000, 0x0000000709800000, 0x0000000709900000|  0%| F|  |TS  0|AC  0|TAMS 0x0000000709800000, 0x0000000709800000|
| 153|0x0000000709900000, 0x0000000709900000, 0x0000000709a00000|  0%| F|  |TS  0|AC  0|TAMS 0x0000000709900000, 0x0000000709900000|
| 154|0x0000000709a00000, 0x0000000709a00000, 0x0000000709b00000|  0%| F|  |TS  0|AC  0|TAMS 0x0000000709a00000, 0x0000000709a00000|
| 155|0x0000000709b00000, 0x0000000709b00000, 0x0000000709c00000|  0%| F|  |TS  0|AC  0|TAMS 0x0000000709b00000, 0x0000000709b00000|
| 156|0x0000000709c00000, 0x0000000709c00000, 0x0000000709d00000|  0%| F|  |TS  0|AC  0|TAMS 0x0000000709c00000, 0x0000000709c00000|
| 157|0x0000000709d00000, 0x0000000709d00000, 0x0000000709e00000|  0%| F|  |TS  0|AC  0|TAMS 0x0000000709d00000, 0x0000000709d00000|
| 158|0x0000000709e00000, 0x0000000709e00000, 0x0000000709f00000|  0%| F|  |TS  0|AC  0|TAMS 0x0000000709e00000, 0x0000000709e00000|
| 159|0x0000000709f00000, 0x0000000709f00000, 0x000000070a000000|  0%| F|  |TS  0|AC  0|TAMS 0x0000000709f00000, 0x0000000709f00000|
| 160|0x000000070a000000, 0x000000070a000000, 0x000000070a100000|  0%| F|  |TS  0|AC  0|TAMS 0x000000070a000000, 0x000000070a000000|
| 161|0x000000070a100000, 0x000000070a100000, 0x000000070a200000|  0%| F|  |TS  0|AC  0|TAMS 0x000000070a100000, 0x000000070a100000|
| 162|0x000000070a200000, 0x000000070a200000, 0x000000070a300000|  0%| F|  |TS  0|AC  0|TAMS 0x000000070a200000, 0x000000070a200000|
| 163|0x000000070a300000, 0x000000070a362280, 0x000000070a400000| 38%| S|  |TS  1|AC  0|TAMS 0x000000070a300000, 0x000000070a300000|
| 164|0x000000070a400000, 0x000000070a500000, 0x000000070a500000|100%| S|  |TS  1|AC  0|TAMS 0x000000070a400000, 0x000000070a400000|
| 165|0x000000070a500000, 0x000000070a600000, 0x000000070a600000|100%| S|  |TS  1|AC  0|TAMS 0x000000070a500000, 0x000000070a500000|
| 166|0x000000070a600000, 0x000000070a600000, 0x000000070a700000|  0%| F|  |TS  1|AC  0|TAMS 0x000000070a600000, 0x000000070a600000|
| 167|0x000000070a700000, 0x000000070a700000, 0x000000070a800000|  0%| F|  |TS  1|AC  0|TAMS 0x000000070a700000, 0x000000070a700000|
| 168|0x000000070a800000, 0x000000070a800000, 0x000000070a900000|  0%| F|  |TS  1|AC  0|TAMS 0x000000070a800000, 0x000000070a800000|
| 169|0x000000070a900000, 0x000000070a900000, 0x000000070aa00000|  0%| F|  |TS  1|AC  0|TAMS 0x000000070a900000, 0x000000070a900000|
| 170|0x000000070aa00000, 0x000000070aa00000, 0x000000070ab00000|  0%| F|  |TS  1|AC  0|TAMS 0x000000070aa00000, 0x000000070aa00000|
| 171|0x000000070ab00000, 0x000000070ab00000, 0x000000070ac00000|  0%| F|  |TS  1|AC  0|TAMS 0x000000070ab00000, 0x000000070ab00000|
| 172|0x000000070ac00000, 0x000000070ac00000, 0x000000070ad00000|  0%| F|  |TS  1|AC  0|TAMS 0x000000070ac00000, 0x000000070ac00000|
| 173|0x000000070ad00000, 0x000000070ad00000, 0x000000070ae00000|  0%| F|  |TS  1|AC  0|TAMS 0x000000070ad00000, 0x000000070ad00000|
| 174|0x000000070ae00000, 0x000000070ae00000, 0x000000070af00000|  0%| F|  |TS  1|AC  0|TAMS 0x000000070ae00000, 0x000000070ae00000|
| 175|0x000000070af00000, 0x000000070af00000, 0x000000070b000000|  0%| F|  |TS  1|AC  0|TAMS 0x000000070af00000, 0x000000070af00000|
| 176|0x000000070b000000, 0x000000070b000000, 0x000000070b100000|  0%| F|  |TS  1|AC  0|TAMS 0x000000070b000000, 0x000000070b000000|
| 177|0x000000070b100000, 0x000000070b100000, 0x000000070b200000|  0%| F|  |TS  1|AC  0|TAMS 0x000000070b100000, 0x000000070b100000|
| 178|0x000000070b200000, 0x000000070b200000, 0x000000070b300000|  0%| F|  |TS  1|AC  0|TAMS 0x000000070b200000, 0x000000070b200000|
| 179|0x000000070b300000, 0x000000070b300000, 0x000000070b400000|  0%| F|  |TS  1|AC  0|TAMS 0x000000070b300000, 0x000000070b300000|
| 180|0x000000070b400000, 0x000000070b400000, 0x000000070b500000|  0%| F|  |TS  1|AC  0|TAMS 0x000000070b400000, 0x000000070b400000|
| 181|0x000000070b500000, 0x000000070b500000, 0x000000070b600000|  0%| F|  |TS  1|AC  0|TAMS 0x000000070b500000, 0x000000070b500000|
| 182|0x000000070b600000, 0x000000070b600000, 0x000000070b700000|  0%| F|  |TS  1|AC  0|TAMS 0x000000070b600000, 0x000000070b600000|
| 183|0x000000070b700000, 0x000000070b700000, 0x000000070b800000|  0%| F|  |TS  1|AC  0|TAMS 0x000000070b700000, 0x000000070b700000|
| 184|0x000000070b800000, 0x000000070b800000, 0x000000070b900000|  0%| F|  |TS  1|AC  0|TAMS 0x000000070b800000, 0x000000070b800000|
| 185|0x000000070b900000, 0x000000070b900000, 0x000000070ba00000|  0%| F|  |TS  1|AC  0|TAMS 0x000000070b900000, 0x000000070b900000|
| 186|0x000000070ba00000, 0x000000070ba00000, 0x000000070bb00000|  0%| F|  |TS  1|AC  0|TAMS 0x000000070ba00000, 0x000000070ba00000|
| 187|0x000000070bb00000, 0x000000070bb00000, 0x000000070bc00000|  0%| F|  |TS  1|AC  0|TAMS 0x000000070bb00000, 0x000000070bb00000|
| 188|0x000000070bc00000, 0x000000070bc00000, 0x000000070bd00000|  0%| F|  |TS  1|AC  0|TAMS 0x000000070bc00000, 0x000000070bc00000|
| 189|0x000000070bd00000, 0x000000070bd00000, 0x000000070be00000|  0%| F|  |TS  1|AC  0|TAMS 0x000000070bd00000, 0x000000070bd00000|
| 190|0x000000070be00000, 0x000000070be00000, 0x000000070bf00000|  0%| F|  |TS  1|AC  0|TAMS 0x000000070be00000, 0x000000070be00000|
| 191|0x000000070bf00000, 0x000000070bf00000, 0x000000070c000000|  0%| F|  |TS  1|AC  0|TAMS 0x000000070bf00000, 0x000000070bf00000|
| 192|0x000000070c000000, 0x000000070c000000, 0x000000070c100000|  0%| F|  |TS  1|AC  0|TAMS 0x000000070c000000, 0x000000070c000000|
| 193|0x000000070c100000, 0x000000070c100000, 0x000000070c200000|  0%| F|  |TS  1|AC  0|TAMS 0x000000070c100000, 0x000000070c100000|
| 194|0x000000070c200000, 0x000000070c200000, 0x000000070c300000|  0%| F|  |TS  1|AC  0|TAMS 0x000000070c200000, 0x000000070c200000|
| 195|0x000000070c300000, 0x000000070c300000, 0x000000070c400000|  0%| F|  |TS  1|AC  0|TAMS 0x000000070c300000, 0x000000070c300000|
| 196|0x000000070c400000, 0x000000070c400000, 0x000000070c500000|  0%| F|  |TS  1|AC  0|TAMS 0x000000070c400000, 0x000000070c400000|
| 197|0x000000070c500000, 0x000000070c500000, 0x000000070c600000|  0%| F|  |TS  1|AC  0|TAMS 0x000000070c500000, 0x000000070c500000|
| 198|0x000000070c600000, 0x000000070c600000, 0x000000070c700000|  0%| F|  |TS  1|AC  0|TAMS 0x000000070c600000, 0x000000070c600000|
| 199|0x000000070c700000, 0x000000070c700000, 0x000000070c800000|  0%| F|  |TS  1|AC  0|TAMS 0x000000070c700000, 0x000000070c700000|
| 200|0x000000070c800000, 0x000000070c800000, 0x000000070c900000|  0%| F|  |TS  1|AC  0|TAMS 0x000000070c800000, 0x000000070c800000|
| 201|0x000000070c900000, 0x000000070c900000, 0x000000070ca00000|  0%| F|  |TS  1|AC  0|TAMS 0x000000070c900000, 0x000000070c900000|
| 202|0x000000070ca00000, 0x000000070ca00000, 0x000000070cb00000|  0%| F|  |TS  1|AC  0|TAMS 0x000000070ca00000, 0x000000070ca00000|
| 203|0x000000070cb00000, 0x000000070cb00000, 0x000000070cc00000|  0%| F|  |TS  1|AC  0|TAMS 0x000000070cb00000, 0x000000070cb00000|
| 204|0x000000070cc00000, 0x000000070cc00000, 0x000000070cd00000|  0%| F|  |TS  1|AC  0|TAMS 0x000000070cc00000, 0x000000070cc00000|
| 205|0x000000070cd00000, 0x000000070cd00000, 0x000000070ce00000|  0%| F|  |TS  1|AC  0|TAMS 0x000000070cd00000, 0x000000070cd00000|
| 206|0x000000070ce00000, 0x000000070ce00000, 0x000000070cf00000|  0%| F|  |TS  1|AC  0|TAMS 0x000000070ce00000, 0x000000070ce00000|
| 207|0x000000070cf00000, 0x000000070cf00000, 0x000000070d000000|  0%| F|  |TS  1|AC  0|TAMS 0x000000070cf00000, 0x000000070cf00000|
| 208|0x000000070d000000, 0x000000070d000000, 0x000000070d100000|  0%| F|  |TS  1|AC  0|TAMS 0x000000070d000000, 0x000000070d000000|
| 209|0x000000070d100000, 0x000000070d100000, 0x000000070d200000|  0%| F|  |TS  1|AC  0|TAMS 0x000000070d100000, 0x000000070d100000|
| 210|0x000000070d200000, 0x000000070d200000, 0x000000070d300000|  0%| F|  |TS  1|AC  0|TAMS 0x000000070d200000, 0x000000070d200000|
| 211|0x000000070d300000, 0x000000070d300000, 0x000000070d400000|  0%| F|  |TS  1|AC  0|TAMS 0x000000070d300000, 0x000000070d300000|
| 212|0x000000070d400000, 0x000000070d400000, 0x000000070d500000|  0%| F|  |TS  1|AC  0|TAMS 0x000000070d400000, 0x000000070d400000|
| 213|0x000000070d500000, 0x000000070d500000, 0x000000070d600000|  0%| F|  |TS  1|AC  0|TAMS 0x000000070d500000, 0x000000070d500000|
| 214|0x000000070d600000, 0x000000070d600000, 0x000000070d700000|  0%| F|  |TS  1|AC  0|TAMS 0x000000070d600000, 0x000000070d600000|
| 215|0x000000070d700000, 0x000000070d700000, 0x000000070d800000|  0%| F|  |TS  1|AC  0|TAMS 0x000000070d700000, 0x000000070d700000|
| 216|0x000000070d800000, 0x000000070d800000, 0x000000070d900000|  0%| F|  |TS  1|AC  0|TAMS 0x000000070d800000, 0x000000070d800000|
| 217|0x000000070d900000, 0x000000070d900000, 0x000000070da00000|  0%| F|  |TS  1|AC  0|TAMS 0x000000070d900000, 0x000000070d900000|
| 218|0x000000070da00000, 0x000000070da00000, 0x000000070db00000|  0%| F|  |TS  1|AC  0|TAMS 0x000000070da00000, 0x000000070da00000|
| 219|0x000000070db00000, 0x000000070db00000, 0x000000070dc00000|  0%| F|  |TS  1|AC  0|TAMS 0x000000070db00000, 0x000000070db00000|
| 220|0x000000070dc00000, 0x000000070dc00000, 0x000000070dd00000|  0%| F|  |TS  1|AC  0|TAMS 0x000000070dc00000, 0x000000070dc00000|
| 221|0x000000070dd00000, 0x000000070dd00000, 0x000000070de00000|  0%| F|  |TS  1|AC  0|TAMS 0x000000070dd00000, 0x000000070dd00000|
| 222|0x000000070de00000, 0x000000070de00000, 0x000000070df00000|  0%| F|  |TS  1|AC  0|TAMS 0x000000070de00000, 0x000000070de00000|
| 223|0x000000070df00000, 0x000000070df00000, 0x000000070e000000|  0%| F|  |TS  1|AC  0|TAMS 0x000000070df00000, 0x000000070df00000|
| 224|0x000000070e000000, 0x000000070e000000, 0x000000070e100000|  0%| F|  |TS  1|AC  0|TAMS 0x000000070e000000, 0x000000070e000000|
| 225|0x000000070e100000, 0x000000070e100000, 0x000000070e200000|  0%| F|  |TS  1|AC  0|TAMS 0x000000070e100000, 0x000000070e100000|
| 226|0x000000070e200000, 0x000000070e200000, 0x000000070e300000|  0%| F|  |TS  1|AC  0|TAMS 0x000000070e200000, 0x000000070e200000|
| 227|0x000000070e300000, 0x000000070e300000, 0x000000070e400000|  0%| F|  |TS  1|AC  0|TAMS 0x000000070e300000, 0x000000070e300000|
| 228|0x000000070e400000, 0x000000070e400000, 0x000000070e500000|  0%| F|  |TS  1|AC  0|TAMS 0x000000070e400000, 0x000000070e400000|
| 229|0x000000070e500000, 0x000000070e500000, 0x000000070e600000|  0%| F|  |TS  1|AC  0|TAMS 0x000000070e500000, 0x000000070e500000|
| 230|0x000000070e600000, 0x000000070e600000, 0x000000070e700000|  0%| F|  |TS  1|AC  0|TAMS 0x000000070e600000, 0x000000070e600000|

Card table byte_map: [0x00000150d3680000,0x00000150d3c80000] byte_map_base: 0x00000150cfe80000

Marking Bits (Prev, Next): (CMBitMap*) 0x00000150da2e6e48, (CMBitMap*) 0x00000150da2e6e10
 Prev Bits: [0x00000150d7280000, 0x00000150da280000)
 Next Bits: [0x00000150d4280000, 0x00000150d7280000)

Polling page: 0x00000150b7420000

CodeHeap 'non-profiled nmethods': size=120064Kb used=4338Kb max_used=4338Kb free=115725Kb
 bounds [0x00000150caf20000, 0x00000150cb360000, 0x00000150d2460000]
CodeHeap 'profiled nmethods': size=120000Kb used=15937Kb max_used=16002Kb free=104062Kb
 bounds [0x00000150c39f0000, 0x00000150c49d0000, 0x00000150caf20000]
CodeHeap 'non-nmethods': size=5696Kb used=1266Kb max_used=1310Kb free=4429Kb
 bounds [0x00000150c3460000, 0x00000150c36d0000, 0x00000150c39f0000]
 total_blobs=8882 nmethods=5993 adapters=358
 compilation: enabled

Compilation events (10 events):
Event: 22.178 Thread 0x00000150dd279000 nmethod 6661 0x00000150c4054690 code [0x00000150c4054860, 0x00000150c4054aa0]
Event: 22.178 Thread 0x00000150dd279000 6664       2       java.lang.invoke.InvokerBytecodeGenerator::emitStaticInvoke (257 bytes)
Event: 22.179 Thread 0x00000150dd279000 nmethod 6664 0x00000150c4069990 code [0x00000150c4069c20, 0x00000150c406a2f0]
Event: 22.179 Thread 0x00000150dd279000 6665       2       java.lang.invoke.LambdaForm::methodType (47 bytes)
Event: 22.180 Thread 0x00000150dd279000 nmethod 6665 0x00000150c4069110 code [0x00000150c4069300, 0x00000150c4069720]
Event: 22.180 Thread 0x00000150dd279000 6662       2       java.lang.Class::isLocalClass (27 bytes)
Event: 22.180 Thread 0x00000150dd279000 nmethod 6662 0x00000150c4056310 code [0x00000150c40564e0, 0x00000150c4056720]
Event: 22.180 Thread 0x00000150dd279000 6663       2       java.lang.invoke.MemberName::isPrivate (8 bytes)
Event: 22.180 Thread 0x00000150dd279000 nmethod 6663 0x00000150c4058c10 code [0x00000150c4058dc0, 0x00000150c4058f38]
Event: 22.182 Thread 0x00000150dd279000 6666       2       java.lang.invoke.LambdaForm$Name::cloneWithIndex (47 bytes)

GC Heap History (10 events):
Event: 21.430 GC heap after
{Heap after GC invocations=15 (full 0):
 garbage-first heap   total 236544K, used 33543K [0x0000000700000000, 0x0000000700100738, 0x00000007c0000000)
  region size 1024K, 1 young (1024K), 1 survivors (1024K)
 Metaspace       used 33964K, capacity 35146K, committed 35376K, reserved 1081344K
  class space    used 3744K, capacity 4114K, committed 4144K, reserved 1048576K
}
Event: 21.542 GC heap before
{Heap before GC invocations=15 (full 0):
 garbage-first heap   total 236544K, used 173831K [0x0000000700000000, 0x0000000700100738, 0x00000007c0000000)
  region size 1024K, 138 young (141312K), 1 survivors (1024K)
 Metaspace       used 33964K, capacity 35146K, committed 35376K, reserved 1081344K
  class space    used 3744K, capacity 4114K, committed 4144K, reserved 1048576K
}
Event: 21.545 GC heap after
{Heap after GC invocations=16 (full 0):
 garbage-first heap   total 236544K, used 33998K [0x0000000700000000, 0x0000000700100738, 0x00000007c0000000)
  region size 1024K, 2 young (2048K), 2 survivors (2048K)
 Metaspace       used 33964K, capacity 35146K, committed 35376K, reserved 1081344K
  class space    used 3744K, capacity 4114K, committed 4144K, reserved 1048576K
}
Event: 21.600 GC heap before
{Heap before GC invocations=16 (full 0):
 garbage-first heap   total 236544K, used 113870K [0x0000000700000000, 0x0000000700100738, 0x00000007c0000000)
  region size 1024K, 9 young (9216K), 2 survivors (2048K)
 Metaspace       used 33964K, capacity 35146K, committed 35376K, reserved 1081344K
  class space    used 3744K, capacity 4114K, committed 4144K, reserved 1048576K
}
Event: 21.603 GC heap after
{Heap after GC invocations=17 (full 0):
 garbage-first heap   total 236544K, used 34529K [0x0000000700000000, 0x0000000700100738, 0x00000007c0000000)
  region size 1024K, 1 young (1024K), 1 survivors (1024K)
 Metaspace       used 33964K, capacity 35146K, committed 35376K, reserved 1081344K
  class space    used 3744K, capacity 4114K, committed 4144K, reserved 1048576K
}
Event: 21.734 GC heap before
{Heap before GC invocations=18 (full 0):
 garbage-first heap   total 236544K, used 107233K [0x0000000700000000, 0x0000000700100738, 0x00000007c0000000)
  region size 1024K, 1 young (1024K), 1 survivors (1024K)
 Metaspace       used 33964K, capacity 35146K, committed 35376K, reserved 1081344K
  class space    used 3744K, capacity 4114K, committed 4144K, reserved 1048576K
}
Event: 21.737 GC heap after
{Heap after GC invocations=19 (full 0):
 garbage-first heap   total 236544K, used 34454K [0x0000000700000000, 0x0000000700100738, 0x00000007c0000000)
  region size 1024K, 1 young (1024K), 1 survivors (1024K)
 Metaspace       used 33964K, capacity 35146K, committed 35376K, reserved 1081344K
  class space    used 3744K, capacity 4114K, committed 4144K, reserved 1048576K
}
Event: 22.200 GC heap before
{Heap before GC invocations=20 (full 0):
 garbage-first heap   total 236544K, used 107158K [0x0000000700000000, 0x0000000700100738, 0x00000007c0000000)
  region size 1024K, 65 young (66560K), 1 survivors (1024K)
 Metaspace       used 34664K, capacity 35960K, committed 36016K, reserved 1087488K
  class space    used 3827K, capacity 4235K, committed 4272K, reserved 1048576K
}
Event: 22.205 GC heap after
{Heap after GC invocations=21 (full 0):
 garbage-first heap   total 236544K, used 34960K [0x0000000700000000, 0x0000000700100738, 0x00000007c0000000)
  region size 1024K, 3 young (3072K), 3 survivors (3072K)
 Metaspace       used 34664K, capacity 35960K, committed 36016K, reserved 1087488K
  class space    used 3827K, capacity 4235K, committed 4272K, reserved 1048576K
}
Event: 22.205 GC heap before
{Heap before GC invocations=21 (full 0):
 garbage-first heap   total 236544K, used 34960K [0x0000000700000000, 0x0000000700100738, 0x00000007c0000000)
  region size 1024K, 3 young (3072K), 3 survivors (3072K)
 Metaspace       used 34664K, capacity 35960K, committed 36016K, reserved 1089536K
  class space    used 3827K, capacity 4235K, committed 4272K, reserved 1048576K
}

Deoptimization events (10 events):
Event: 22.029 Thread 0x00000150b7478000 Uncommon trap: reason=bimorphic_or_optimized_type_check action=maybe_recompile pc=0x00000150cb15f514 method=java.util.Collections$UnmodifiableCollection.size()I @ 4 c2
Event: 22.029 Thread 0x00000150b7478000 Uncommon trap: reason=bimorphic_or_optimized_type_check action=maybe_recompile pc=0x00000150cb15f514 method=java.util.Collections$UnmodifiableCollection.size()I @ 4 c2
Event: 22.036 Thread 0x00000150b7478000 Uncommon trap: reason=predicate action=maybe_recompile pc=0x00000150cb1f6970 method=java.util.LinkedList.indexOf(Ljava/lang/Object;)I @ 47 c2
Event: 22.036 Thread 0x00000150b7478000 Uncommon trap: reason=unstable_if action=reinterpret pc=0x00000150caf666d8 method=jdk.internal.loader.URLClassPath$JarLoader.getResource(Ljava/lang/String;Z)Ljdk/internal/loader/Resource; @ 42 c2
Event: 22.045 Thread 0x00000150b7478000 Uncommon trap: reason=bimorphic_or_optimized_type_check action=maybe_recompile pc=0x00000150cb1d3d58 method=java.lang.ClassLoader.loadClass(Ljava/lang/String;Z)Ljava/lang/Class; @ 2 c2
Event: 22.049 Thread 0x00000150b7478000 Uncommon trap: reason=bimorphic_or_optimized_type_check action=maybe_recompile pc=0x00000150cb1d3d58 method=java.lang.ClassLoader.loadClass(Ljava/lang/String;Z)Ljava/lang/Class; @ 2 c2
Event: 22.053 Thread 0x00000150b7478000 Uncommon trap: reason=bimorphic_or_optimized_type_check action=maybe_recompile pc=0x00000150cb1d3d58 method=java.lang.ClassLoader.loadClass(Ljava/lang/String;Z)Ljava/lang/Class; @ 2 c2
Event: 22.053 Thread 0x00000150b7478000 Uncommon trap: reason=bimorphic_or_optimized_type_check action=maybe_recompile pc=0x00000150cb1d3d58 method=java.lang.ClassLoader.loadClass(Ljava/lang/String;Z)Ljava/lang/Class; @ 2 c2
Event: 22.112 Thread 0x00000150b7478000 Uncommon trap: reason=unstable_if action=reinterpret pc=0x00000150cb087558 method=sun.nio.fs.WindowsPathParser.parse(Ljava/lang/String;Z)Lsun/nio/fs/WindowsPathParser$Result; @ 17 c2
Event: 22.112 Thread 0x00000150b7478000 Uncommon trap: reason=unstable_if action=reinterpret pc=0x00000150cb1b5c78 method=sun.nio.fs.WindowsPathParser.nextNonSlash(Ljava/lang/String;II)I @ 2 c2

Classes redefined (0 events):
No events

Internal exceptions (10 events):
Event: 19.223 Thread 0x00000150b7478000 Implicit null exception at 0x00000150cb2bbdd9 to 0x00000150cb2bc479
Event: 20.328 Thread 0x00000150b7478000 Exception <a 'java/lang/NoClassDefFoundError'{0x0000000707a1f6b0}: Lorg/apache/maven/plugin/registry/MavenPluginRegistryBuilder;> (0x0000000707a1f6b0) thrown at [t:/workspace/hotspot/src/share/vm/classfile/systemDictionary.cpp, line 207]
Event: 22.121 Thread 0x00000150b7478000 Exception <a 'java/lang/ClassNotFoundException'{0x000000070a736670}: sun/awt/resources/spi/awtProvider> (0x000000070a736670) thrown at [t:/workspace/hotspot/src/share/vm/classfile/systemDictionary.cpp, line 218]
Event: 22.172 Thread 0x00000150b7478000 Exception <a 'java/io/FileNotFoundException'{0x000000070a7c41f0}> (0x000000070a7c41f0) thrown at [t:/workspace/hotspot/src/share/vm/prims/jni.cpp, line 604]
Event: 22.191 Thread 0x00000150b7478000 Exception <a 'java/lang/NoSuchMethodError'{0x000000070a631cb8}: method resolution failed> (0x000000070a631cb8) thrown at [t:/workspace/hotspot/src/share/vm/prims/methodHandles.cpp, line 1256]
Event: 22.193 Thread 0x00000150b7478000 Exception <a 'java/lang/NoSuchMethodError'{0x000000070a643678}: method resolution failed> (0x000000070a643678) thrown at [t:/workspace/hotspot/src/share/vm/prims/methodHandles.cpp, line 1256]
Event: 22.195 Thread 0x00000150b7478000 Exception <a 'java/lang/NoSuchMethodError'{0x000000070a6531f8}: java.lang.invoke.DirectMethodHandle$Holder.invokeSpecial(Ljava/lang/Object;Ljava/lang/Object;IILjava/lang/Object;Ljava/lang/Object;Ljava/lang/Object;)Ljava/lang/Object;> (0x000000070a6531f8) 
Event: 22.195 Thread 0x00000150b7478000 Exception <a 'java/lang/NoSuchMethodError'{0x000000070a6569f8}: java.lang.invoke.DelegatingMethodHandle$Holder.reinvoke_L(Ljava/lang/Object;IILjava/lang/Object;Ljava/lang/Object;Ljava/lang/Object;)Ljava/lang/Object;> (0x000000070a6569f8) thrown at [t:/wor
Event: 22.196 Thread 0x00000150b7478000 Exception <a 'java/lang/NoSuchMethodError'{0x000000070a65c2f0}: method resolution failed> (0x000000070a65c2f0) thrown at [t:/workspace/hotspot/src/share/vm/prims/methodHandles.cpp, line 1256]
Event: 22.198 Thread 0x00000150b7478000 Exception <a 'java/lang/NoSuchMethodError'{0x000000070a6718c8}: method resolution failed> (0x000000070a6718c8) thrown at [t:/workspace/hotspot/src/share/vm/prims/methodHandles.cpp, line 1256]

Events (10 events):
Event: 22.191 loading class java/lang/invoke/BoundMethodHandle$Species_L12 done
Event: 22.192 loading class java/lang/invoke/BoundMethodHandle$Species_L13
Event: 22.193 loading class java/lang/invoke/BoundMethodHandle$Species_L13 done
Event: 22.196 loading class java/lang/invoke/BoundMethodHandle$Species_LI
Event: 22.196 loading class java/lang/invoke/BoundMethodHandle$Species_LI done
Event: 22.197 loading class java/lang/invoke/BoundMethodHandle$Species_LII
Event: 22.197 loading class java/lang/invoke/BoundMethodHandle$Species_LII done
Event: 22.199 loading class java/lang/invoke/BoundMethodHandle$Species_LIIL
Event: 22.199 loading class java/lang/invoke/BoundMethodHandle$Species_LIIL done
Event: 22.200 Executing VM operation: CollectForMetadataAllocation


Dynamic libraries:
0x00007ff78a1b0000 - 0x00007ff78a1ee000 	C:\Program Files\Java\jdk-9.0.1\bin\java.exe
0x00007ffc99fc0000 - 0x00007ffc9a1a1000 	C:\WINDOWS\SYSTEM32\ntdll.dll
0x00007ffc97450000 - 0x00007ffc97502000 	C:\WINDOWS\System32\KERNEL32.DLL
0x00007ffc963e0000 - 0x00007ffc96653000 	C:\WINDOWS\System32\KERNELBASE.dll
0x00007ffc99b20000 - 0x00007ffc99bc1000 	C:\WINDOWS\System32\ADVAPI32.dll
0x00007ffc99d00000 - 0x00007ffc99d9e000 	C:\WINDOWS\System32\msvcrt.dll
0x00007ffc99de0000 - 0x00007ffc99e3b000 	C:\WINDOWS\System32\sechost.dll
0x00007ffc99bd0000 - 0x00007ffc99cf4000 	C:\WINDOWS\System32\RPCRT4.dll
0x00007ffc98260000 - 0x00007ffc983f0000 	C:\WINDOWS\System32\USER32.dll
0x00007ffc96df0000 - 0x00007ffc96e10000 	C:\WINDOWS\System32\win32u.dll
0x00007ffc99e60000 - 0x00007ffc99e88000 	C:\WINDOWS\System32\GDI32.dll
0x00007ffc97100000 - 0x00007ffc97292000 	C:\WINDOWS\System32\gdi32full.dll
0x00007ffc97300000 - 0x00007ffc9739f000 	C:\WINDOWS\System32\msvcp_win.dll
0x00007ffc96e10000 - 0x00007ffc96f0a000 	C:\WINDOWS\System32\ucrtbase.dll
0x00007ffc7c580000 - 0x00007ffc7c7e9000 	C:\WINDOWS\WinSxS\amd64_microsoft.windows.common-controls_6595b64144ccf1df_6.0.17134.471_none_fb3e9aab3068fc16\COMCTL32.dll
0x00007ffc8d940000 - 0x00007ffc8d94a000 	C:\WINDOWS\SYSTEM32\VERSION.dll
0x00007ffc97cd0000 - 0x00007ffc97ff2000 	C:\WINDOWS\System32\combase.dll
0x00007ffc96660000 - 0x00007ffc966da000 	C:\WINDOWS\System32\bcryptPrimitives.dll
0x00007ffc99da0000 - 0x00007ffc99dcd000 	C:\WINDOWS\System32\IMM32.DLL
0x00007ffc6f8b0000 - 0x00007ffc6f99f000 	C:\Program Files\Java\jdk-9.0.1\bin\msvcr120.dll
0x00007ffc77dc0000 - 0x00007ffc77e66000 	C:\Program Files\Java\jdk-9.0.1\bin\msvcp120.dll
0x000000005eee0000 - 0x000000005f904000 	C:\Program Files\Java\jdk-9.0.1\bin\server\jvm.dll
0x00007ffc980b0000 - 0x00007ffc980b8000 	C:\WINDOWS\System32\PSAPI.DLL
0x00007ffc8e040000 - 0x00007ffc8e063000 	C:\WINDOWS\SYSTEM32\WINMM.dll
0x00007ffc8c120000 - 0x00007ffc8c129000 	C:\WINDOWS\SYSTEM32\WSOCK32.dll
0x00007ffc99ab0000 - 0x00007ffc99b1c000 	C:\WINDOWS\System32\ws2_32.DLL
0x00007ffc8dfc0000 - 0x00007ffc8dfea000 	C:\WINDOWS\SYSTEM32\winmmbase.dll
0x00007ffc96390000 - 0x00007ffc963d9000 	C:\WINDOWS\System32\cfgmgr32.dll
0x00007ffc8cff0000 - 0x00007ffc8cfff000 	C:\Program Files\Java\jdk-9.0.1\bin\verify.dll
0x00007ffc82740000 - 0x00007ffc82767000 	C:\Program Files\Java\jdk-9.0.1\bin\java.dll
0x00007ffc82280000 - 0x00007ffc822aa000 	C:\Program Files\Java\jdk-9.0.1\bin\instrument.dll
0x00007ffc86590000 - 0x00007ffc865a6000 	C:\Program Files\Java\jdk-9.0.1\bin\zip.dll
0x00007ffc88e30000 - 0x00007ffc88e3a000 	C:\Program Files\Java\jdk-9.0.1\bin\jimage.dll
0x00007ffc98450000 - 0x00007ffc99890000 	C:\WINDOWS\System32\SHELL32.dll
0x00007ffc98000000 - 0x00007ffc980a9000 	C:\WINDOWS\System32\shcore.dll
0x00007ffc966e0000 - 0x00007ffc96ded000 	C:\WINDOWS\System32\windows.storage.dll
0x00007ffc983f0000 - 0x00007ffc98441000 	C:\WINDOWS\System32\shlwapi.dll
0x00007ffc962d0000 - 0x00007ffc962e1000 	C:\WINDOWS\System32\kernel.appcore.dll
0x00007ffc96320000 - 0x00007ffc9633f000 	C:\WINDOWS\System32\profapi.dll
0x00007ffc96340000 - 0x00007ffc9638c000 	C:\WINDOWS\System32\powrprof.dll
0x00007ffc962f0000 - 0x00007ffc962fa000 	C:\WINDOWS\System32\FLTLIB.DLL
0x00007ffc82260000 - 0x00007ffc8227a000 	C:\Program Files\Java\jdk-9.0.1\bin\net.dll
0x00007ffc92e60000 - 0x00007ffc92f3d000 	C:\WINDOWS\SYSTEM32\WINHTTP.dll
0x00007ffc95b50000 - 0x00007ffc95bb6000 	C:\WINDOWS\system32\mswsock.dll
0x00007ffc821d0000 - 0x00007ffc821e1000 	C:\Program Files\Java\jdk-9.0.1\bin\nio.dll
0x00007ffc821b0000 - 0x00007ffc821ca000 	C:\Program Files\JetBrains\IntelliJ IDEA Community Edition 2018.3.2\bin\breakgen64.dll
0x00007ffc657d0000 - 0x00007ffc65969000 	C:\Program Files\Java\jdk-9.0.1\bin\awt.dll
0x00007ffc99890000 - 0x00007ffc99952000 	C:\WINDOWS\System32\OLEAUT32.dll
0x00007ffc91850000 - 0x00007ffc91e17000 	C:\WINDOWS\SYSTEM32\d2d1.dll
0x00007ffc944a0000 - 0x00007ffc9452b000 	C:\WINDOWS\SYSTEM32\apphelp.dll

VM Arguments:
jvm_args: -Dmaven.multiModuleProjectDirectory=C:\Users\grahm\IdeaProjects\runelite -Dmaven.home=C:\Program Files\JetBrains\IntelliJ IDEA Community Edition 2018.3.2\plugins\maven\lib\maven3 -Dclassworlds.conf=C:\Program Files\JetBrains\IntelliJ IDEA Community Edition 2018.3.2\plugins\maven\lib\maven3\bin\m2.conf -javaagent:C:\Program Files\JetBrains\IntelliJ IDEA Community Edition 2018.3.2\lib\idea_rt.jar=51044:C:\Program Files\JetBrains\IntelliJ IDEA Community Edition 2018.3.2\bin -Dfile.encoding=UTF-8 
java_command: org.codehaus.classworlds.Launcher -Didea.version=2018.3.2 install -DskipTests -U
java_class_path (initial): C:\Program Files\JetBrains\IntelliJ IDEA Community Edition 2018.3.2\plugins\maven\lib\maven3\boot\plexus-classworlds-2.5.2.jar
Launcher Type: SUN_STANDARD

Logging:
Log output configuration:
#0: stdout all=warning uptime,level,tags
#1: stderr all=off uptime,level,tags

Environment Variables:
PATH=C:\Program Files\Mozilla Firefox;C:\ProgramData\Oracle\Java\javapath;C:\Windows\system32;C:\Windows;C:\Windows\System32\Wbem;C:\Windows\System32\WindowsPowerShell\v1.0\;c:\Program Files (x86)\Microsoft SQL Server\100\Tools\Binn\;c:\Program Files\Microsoft SQL Server\100\Tools\Binn\;c:\Program Files\Microsoft SQL Server\100\DTS\Binn\;C:\Program Files\Java\jdk1.7.0_80\bin;C:\Program Files (x86)\Skype\Phone\;C:\Program Files (x86)\PharosSystems\Core;C:\WINDOWS\system32;C:\WINDOWS;C:\WINDOWS\System32\Wbem;C:\WINDOWS\System32\WindowsPowerShell\v1.0\;C:\Program Files\OpenVPN\bin;C:\Program Files\PuTTY\;C:\Program Files (x86)\Calibre2\;C:\Program Files (x86)\NVIDIA Corporation\PhysX\Common;C:\WINDOWS\system32;C:\WINDOWS;C:\WINDOWS\System32\Wbem;C:\WINDOWS\System32\WindowsPowerShell\v1.0\;C:\WINDOWS\System32\OpenSSH\;C:\Users\grahm\AppData\Local\Programs\Python\Python36-32\Scripts\;C:\Users\grahm\AppData\Local\Programs\Python\Python36-32\;C:\Users\grahm\AppData\Local\Microsoft\WindowsApps;C:\Users\grahm\AppData\Local\GitHubDesktop\bin;C:\Users\grahm\AppData\Local\Microsoft\WindowsApps;
USERNAME=grahm
OS=Windows_NT
PROCESSOR_IDENTIFIER=AMD64 Family 16 Model 5 Stepping 3, AuthenticAMD



---------------  S Y S T E M  ---------------

OS: Windows 10 , 64 bit Build 17134 (10.0.17134.1)

CPU:total 4 (initial active 4) (4 cores per cpu, 1 threads per core) family 16 model 5 stepping 3, cmov, cx8, fxsr, mmx, sse, sse2, sse3, popcnt, mmxext, 3dnowpref, lzcnt, sse4a, tsc, tscinvbit, tscinv

Memory: 4k page, physical 12582064k(3109500k free), swap 12582064k(4172k free)

vm_info: Java HotSpot(TM) 64-Bit Server VM (9.0.1+11) for windows-amd64 JRE (9.0.1+11), built on Sep 28 2017 04:54:03 by "mach5one" with MS VC++ 12.0 (VS2013)

END.
