#
# There is insufficient memory for the Java Runtime Environment to continue.
# Native memory allocation (malloc) failed to allocate 823216 bytes for Chunk::new
# Possible reasons:
#   The system is out of physical RAM or swap space
#   The process is running with CompressedOops enabled, and the Java Heap may be blocking the growth of the native heap
# Possible solutions:
#   Reduce memory load on the system
#   Increase physical memory or swap space
#   Check if swap backing store is full
#   Decrease Java heap size (-Xmx/-Xms)
#   Decrease number of Java threads
#   Decrease Java thread stack sizes (-Xss)
#   Set larger code cache with -XX:ReservedCodeCacheSize=
#   JVM is running with Zero Based Compressed Oops mode in which the Java heap is
#     placed in the first 32GB address space. The Java Heap base address is the
#     maximum limit for the native heap growth. Please use -XX:HeapBaseMinAddress
#     to set the Java Heap base and to place the Java Heap above 32GB virtual address.
# This output file may be truncated or incomplete.
#
#  Out of Memory Error (t:/workspace/hotspot/src/share/vm/memory/allocation.cpp:372), pid=16132, tid=16244
#
# JRE version: Java(TM) SE Runtime Environment (9.0+11) (build 9.0.1+11)
# Java VM: Java HotSpot(TM) 64-Bit Server VM (9.0.1+11, mixed mode, tiered, compressed oops, g1 gc, windows-amd64)
# No core dump will be written. Minidumps are not enabled by default on client versions of Windows
#

---------------  S U M M A R Y ------------

Command Line: -ea -javaagent:C:\Program Files\JetBrains\IntelliJ IDEA Community Edition 2018.3.2\lib\idea_rt.jar=50935:C:\Program Files\JetBrains\IntelliJ IDEA Community Edition 2018.3.2\bin -Dfile.encoding=UTF-8 net.runelite.client.RuneLite --debug --developer-mode

Host: AMD Athlon(tm) II X4 645 Processor, 4 cores, 11G,  Windows 10 , 64 bit Build 17134 (10.0.17134.1)
Time: Sat Dec 22 13:46:01 2018 Eastern Standard Time elapsed time: 7 seconds (0d 0h 0m 7s)

---------------  T H R E A D  ---------------

Current thread (0x00000221307a7000):  JavaThread "C2 CompilerThread0" daemon [_thread_in_native, id=16244, stack(0x000000fcb2c00000,0x000000fcb2d00000)]


Current CompileTask:
C2:   7689 2686       4       com.google.common.collect.AbstractIterator::hasNext (65 bytes)

Stack: [0x000000fcb2c00000,0x000000fcb2d00000]
Native frames: (J=compiled Java code, j=interpreted, Vv=VM code, C=native code)
V  [jvm.dll+0x5870b8]
V  [jvm.dll+0x69c0ee]
V  [jvm.dll+0x69d00a]
V  [jvm.dll+0x69d643]
V  [jvm.dll+0x21d148]
V  [jvm.dll+0xa7c6c]
V  [jvm.dll+0xa85ac]
V  [jvm.dll+0x320eac]
V  [jvm.dll+0x2e78ca]
V  [jvm.dll+0x2e6e5a]
V  [jvm.dll+0x1e99c1]
V  [jvm.dll+0x1e8c66]
V  [jvm.dll+0x1691bb]
V  [jvm.dll+0x1f64f0]
V  [jvm.dll+0x1f5176]
V  [jvm.dll+0x66b2df]
V  [jvm.dll+0x5864e0]
C  [msvcr120.dll+0x24f7f]
C  [msvcr120.dll+0x25126]
C  [KERNEL32.DLL+0x13034]
C  [ntdll.dll+0x73691]


---------------  P R O C E S S  ---------------

Java Threads: ( => current thread )
  0x0000022131f24800 JavaThread "OkHttp Http2Connection" daemon [_thread_blocked, id=15508, stack(0x000000fcb3e00000,0x000000fcb3f00000)]
  0x0000022131f26000 JavaThread "OkHttp Http2Connection" daemon [_thread_blocked, id=4500, stack(0x000000fcb3d00000,0x000000fcb3e00000)]
  0x0000022131f24000 JavaThread "OkHttp api.runelite.net" [_thread_in_native, id=15428, stack(0x000000fcb3c00000,0x000000fcb3d00000)]
  0x0000022131f27000 JavaThread "AWT-Windows" daemon [_thread_in_native, id=14640, stack(0x000000fcb3b00000,0x000000fcb3c00000)]
  0x0000022134077800 JavaThread "Java2D Disposer" daemon [_thread_blocked, id=16768, stack(0x000000fcb3900000,0x000000fcb3a00000)]
  0x0000022132132800 JavaThread "pool-3-thread-1" [_thread_blocked, id=12648, stack(0x000000fcb3800000,0x000000fcb3900000)]
  0x0000022131496800 JavaThread "Okio Watchdog" daemon [_thread_blocked, id=2632, stack(0x000000fcb3700000,0x000000fcb3800000)]
  0x00000221314de800 JavaThread "OkHttp ConnectionPool" daemon [_thread_blocked, id=668, stack(0x000000fcb3600000,0x000000fcb3700000)]
  0x0000022131ca8800 JavaThread "pool-2-thread-1" [_thread_blocked, id=10552, stack(0x000000fcb3400000,0x000000fcb3500000)]
  0x0000022130c50000 JavaThread "Service Thread" daemon [_thread_blocked, id=9580, stack(0x000000fcb3200000,0x000000fcb3300000)]
  0x0000022130c4f800 JavaThread "Monitor Ctrl-Break" daemon [_thread_in_native, id=14944, stack(0x000000fcb3100000,0x000000fcb3200000)]
  0x0000022130933800 JavaThread "Common-Cleaner" daemon [_thread_blocked, id=17356, stack(0x000000fcb3000000,0x000000fcb3100000)]
  0x00000221307dd800 JavaThread "Sweeper thread" daemon [_thread_blocked, id=16684, stack(0x000000fcb2f00000,0x000000fcb3000000)]
  0x00000221307c7000 JavaThread "C1 CompilerThread2" daemon [_thread_in_native, id=5184, stack(0x000000fcb2e00000,0x000000fcb2f00000)]
  0x00000221307a9800 JavaThread "C2 CompilerThread1" daemon [_thread_in_native, id=13396, stack(0x000000fcb2d00000,0x000000fcb2e00000)]
=>0x00000221307a7000 JavaThread "C2 CompilerThread0" daemon [_thread_in_native, id=16244, stack(0x000000fcb2c00000,0x000000fcb2d00000)]
  0x00000221307a5000 JavaThread "Attach Listener" daemon [_thread_blocked, id=16988, stack(0x000000fcb2b00000,0x000000fcb2c00000)]
  0x00000221307a4800 JavaThread "Signal Dispatcher" daemon [_thread_blocked, id=448, stack(0x000000fcb2a00000,0x000000fcb2b00000)]
  0x0000022130760000 JavaThread "Finalizer" daemon [_thread_blocked, id=8720, stack(0x000000fcb2900000,0x000000fcb2a00000)]
  0x0000022130751000 JavaThread "Reference Handler" daemon [_thread_blocked, id=8228, stack(0x000000fcb2800000,0x000000fcb2900000)]
  0x000002210aadb000 JavaThread "main" [_thread_in_vm, id=14200, stack(0x000000fcb1b00000,0x000000fcb1c00000)]

Other Threads:
  0x000002213073d000 VMThread "VM Thread" [stack: 0x000000fcb2700000,0x000000fcb2800000] [id=14748]
  0x0000022130bdf800 WatcherThread [stack: 0x000000fcb3300000,0x000000fcb3400000] [id=12844]
  0x000002210aaf1800 GCTaskThread "GC Thread#0" [stack: 0x000000fcb1c00000,0x000000fcb1d00000] [id=11316]
  0x000002210aaf3000 GCTaskThread "GC Thread#1" [stack: 0x000000fcb1d00000,0x000000fcb1e00000] [id=13204]
  0x000002210aaf5000 GCTaskThread "GC Thread#2" [stack: 0x000000fcb1e00000,0x000000fcb1f00000] [id=1940]
  0x000002210aaf8800 GCTaskThread "GC Thread#3" [stack: 0x000000fcb1f00000,0x000000fcb2000000] [id=988]
  0x000002210ab43000 ConcurrentGCThread "G1 Main Marker" [stack: 0x000000fcb2500000,0x000000fcb2600000] [id=468]
  0x000002210ab43800 ConcurrentGCThread "G1 Marker#0" [stack: 0x000000fcb2600000,0x000000fcb2700000] [id=1716]
  0x000002210ab0f800 ConcurrentGCThread "G1 Refine#0" [stack: 0x000000fcb2300000,0x000000fcb2400000] [id=12260]
  0x000002210ab0e800 ConcurrentGCThread "G1 Refine#1" [stack: 0x000000fcb2200000,0x000000fcb2300000] [id=17224]
  0x000002210ab03800 ConcurrentGCThread "G1 Refine#2" [stack: 0x000000fcb2100000,0x000000fcb2200000] [id=12928]
  0x000002210aafe800 ConcurrentGCThread "G1 Refine#3" [stack: 0x000000fcb2000000,0x000000fcb2100000] [id=15924]
  0x000002210ab11000 ConcurrentGCThread "G1 Young RemSet Sampling" [stack: 0x000000fcb2400000,0x000000fcb2500000] [id=6912]

Threads with active compile tasks:
C2 CompilerThread12688       4       com.google.common.collect.Iterators$5::computeNext (45 bytes)
C2 CompilerThread02686       4       com.google.common.collect.AbstractIterator::hasNext (65 bytes)

VM state:not at safepoint (normal execution)

VM Mutex/Monitor currently owned by a thread: None

Heap address: 0x0000000700000000, size: 3072 MB, Compressed Oops mode: Zero based, Oop shift amount: 3
Narrow klass base: 0x0000000000000000, Narrow klass shift: 3
Compressed class space size: 1073741824 Address: 0x00000007c0000000

Heap:
 garbage-first heap   total 236544K, used 56522K [0x0000000700000000, 0x0000000700100738, 0x00000007c0000000)
  region size 1024K, 36 young (36864K), 4 survivors (4096K)
 Metaspace       used 29760K, capacity 30466K, committed 30720K, reserved 1079296K
  class space    used 3080K, capacity 3262K, committed 3328K, reserved 1048576K
Heap Regions: E=young(eden), S=young(survivor), O=old, HS=humongous(starts), HC=humongous(continues), CS=collection set, F=free, A=archive, TS=gc time stamp, AC=allocation context, TAMS=top-at-mark-start (previous, next)
|   0|0x0000000700000000, 0x0000000700100000, 0x0000000700100000|100%| O|  |TS  0|AC  0|TAMS 0x0000000700100000, 0x0000000700100000|
|   1|0x0000000700100000, 0x0000000700200000, 0x0000000700200000|100%| O|  |TS  0|AC  0|TAMS 0x0000000700200000, 0x0000000700200000|
|   2|0x0000000700200000, 0x0000000700300000, 0x0000000700300000|100%|HS|  |TS  0|AC  0|TAMS 0x0000000700300000, 0x0000000700300000|
|   3|0x0000000700300000, 0x0000000700400000, 0x0000000700400000|100%|HS|  |TS  0|AC  0|TAMS 0x0000000700300000, 0x0000000700300000|
|   4|0x0000000700400000, 0x0000000700500000, 0x0000000700500000|100%|HS|  |TS  0|AC  0|TAMS 0x0000000700400000, 0x0000000700400000|
|   5|0x0000000700500000, 0x0000000700600000, 0x0000000700600000|100%|HS|  |TS  0|AC  0|TAMS 0x0000000700500000, 0x0000000700500000|
|   6|0x0000000700600000, 0x0000000700700000, 0x0000000700700000|100%|HS|  |TS  0|AC  0|TAMS 0x0000000700600000, 0x0000000700600000|
|   7|0x0000000700700000, 0x0000000700800000, 0x0000000700800000|100%|HS|  |TS  0|AC  0|TAMS 0x0000000700700000, 0x0000000700700000|
|   8|0x0000000700800000, 0x0000000700900000, 0x0000000700900000|100%|HS|  |TS  0|AC  0|TAMS 0x0000000700800000, 0x0000000700800000|
|   9|0x0000000700900000, 0x0000000700a00000, 0x0000000700a00000|100%|HS|  |TS  0|AC  0|TAMS 0x0000000700900000, 0x0000000700900000|
|  10|0x0000000700a00000, 0x0000000700a00000, 0x0000000700b00000|  0%| F|  |TS  0|AC  0|TAMS 0x0000000700a00000, 0x0000000700a00000|
|  11|0x0000000700b00000, 0x0000000700b00000, 0x0000000700c00000|  0%| F|  |TS  0|AC  0|TAMS 0x0000000700b00000, 0x0000000700b00000|
|  12|0x0000000700c00000, 0x0000000700c00000, 0x0000000700d00000|  0%| F|  |TS  0|AC  0|TAMS 0x0000000700c00000, 0x0000000700c00000|
|  13|0x0000000700d00000, 0x0000000700d00000, 0x0000000700e00000|  0%| F|  |TS  0|AC  0|TAMS 0x0000000700d00000, 0x0000000700d00000|
|  14|0x0000000700e00000, 0x0000000700e00000, 0x0000000700f00000|  0%| F|  |TS  0|AC  0|TAMS 0x0000000700e00000, 0x0000000700e00000|
|  15|0x0000000700f00000, 0x0000000700f00000, 0x0000000701000000|  0%| F|  |TS  0|AC  0|TAMS 0x0000000700f00000, 0x0000000700f00000|
|  16|0x0000000701000000, 0x0000000701000000, 0x0000000701100000|  0%| F|  |TS  0|AC  0|TAMS 0x0000000701000000, 0x0000000701000000|
|  17|0x0000000701100000, 0x0000000701100000, 0x0000000701200000|  0%| F|  |TS  0|AC  0|TAMS 0x0000000701100000, 0x0000000701100000|
|  18|0x0000000701200000, 0x0000000701200000, 0x0000000701300000|  0%| F|  |TS  0|AC  0|TAMS 0x0000000701200000, 0x0000000701200000|
|  19|0x0000000701300000, 0x0000000701300000, 0x0000000701400000|  0%| F|  |TS  0|AC  0|TAMS 0x0000000701300000, 0x0000000701300000|
|  20|0x0000000701400000, 0x0000000701400000, 0x0000000701500000|  0%| F|  |TS  0|AC  0|TAMS 0x0000000701400000, 0x0000000701400000|
|  21|0x0000000701500000, 0x0000000701500000, 0x0000000701600000|  0%| F|  |TS  0|AC  0|TAMS 0x0000000701500000, 0x0000000701500000|
|  22|0x0000000701600000, 0x0000000701600000, 0x0000000701700000|  0%| F|  |TS  0|AC  0|TAMS 0x0000000701600000, 0x0000000701600000|
|  23|0x0000000701700000, 0x0000000701700000, 0x0000000701800000|  0%| F|  |TS  0|AC  0|TAMS 0x0000000701700000, 0x0000000701700000|
|  24|0x0000000701800000, 0x0000000701800000, 0x0000000701900000|  0%| F|  |TS  0|AC  0|TAMS 0x0000000701800000, 0x0000000701800000|
|  25|0x0000000701900000, 0x0000000701900000, 0x0000000701a00000|  0%| F|  |TS  0|AC  0|TAMS 0x0000000701900000, 0x0000000701900000|
|  26|0x0000000701a00000, 0x0000000701a00000, 0x0000000701b00000|  0%| F|  |TS  0|AC  0|TAMS 0x0000000701a00000, 0x0000000701a00000|
|  27|0x0000000701b00000, 0x0000000701b00000, 0x0000000701c00000|  0%| F|  |TS  0|AC  0|TAMS 0x0000000701b00000, 0x0000000701b00000|
|  28|0x0000000701c00000, 0x0000000701c00000, 0x0000000701d00000|  0%| F|  |TS  0|AC  0|TAMS 0x0000000701c00000, 0x0000000701c00000|
|  29|0x0000000701d00000, 0x0000000701d00000, 0x0000000701e00000|  0%| F|  |TS  0|AC  0|TAMS 0x0000000701d00000, 0x0000000701d00000|
|  30|0x0000000701e00000, 0x0000000701e00000, 0x0000000701f00000|  0%| F|  |TS  0|AC  0|TAMS 0x0000000701e00000, 0x0000000701e00000|
|  31|0x0000000701f00000, 0x0000000701f00000, 0x0000000702000000|  0%| F|  |TS  0|AC  0|TAMS 0x0000000701f00000, 0x0000000701f00000|
|  32|0x0000000702000000, 0x0000000702000000, 0x0000000702100000|  0%| F|  |TS  0|AC  0|TAMS 0x0000000702000000, 0x0000000702000000|
|  33|0x0000000702100000, 0x0000000702100000, 0x0000000702200000|  0%| F|  |TS  0|AC  0|TAMS 0x0000000702100000, 0x0000000702100000|
|  34|0x0000000702200000, 0x0000000702200000, 0x0000000702300000|  0%| F|  |TS  0|AC  0|TAMS 0x0000000702200000, 0x0000000702200000|
|  35|0x0000000702300000, 0x0000000702300000, 0x0000000702400000|  0%| F|  |TS  0|AC  0|TAMS 0x0000000702300000, 0x0000000702300000|
|  36|0x0000000702400000, 0x0000000702400000, 0x0000000702500000|  0%| F|  |TS  0|AC  0|TAMS 0x0000000702400000, 0x0000000702400000|
|  37|0x0000000702500000, 0x0000000702500000, 0x0000000702600000|  0%| F|  |TS  0|AC  0|TAMS 0x0000000702500000, 0x0000000702500000|
|  38|0x0000000702600000, 0x0000000702600000, 0x0000000702700000|  0%| F|  |TS  0|AC  0|TAMS 0x0000000702600000, 0x0000000702600000|
|  39|0x0000000702700000, 0x0000000702700000, 0x0000000702800000|  0%| F|  |TS  0|AC  0|TAMS 0x0000000702700000, 0x0000000702700000|
|  40|0x0000000702800000, 0x0000000702800000, 0x0000000702900000|  0%| F|  |TS  0|AC  0|TAMS 0x0000000702800000, 0x0000000702800000|
|  41|0x0000000702900000, 0x0000000702900000, 0x0000000702a00000|  0%| F|  |TS  0|AC  0|TAMS 0x0000000702900000, 0x0000000702900000|
|  42|0x0000000702a00000, 0x0000000702a00000, 0x0000000702b00000|  0%| F|  |TS  0|AC  0|TAMS 0x0000000702a00000, 0x0000000702a00000|
|  43|0x0000000702b00000, 0x0000000702b00000, 0x0000000702c00000|  0%| F|  |TS  0|AC  0|TAMS 0x0000000702b00000, 0x0000000702b00000|
|  44|0x0000000702c00000, 0x0000000702d00000, 0x0000000702d00000|100%|HS|  |TS  0|AC  0|TAMS 0x0000000702d00000, 0x0000000702d00000|
|  45|0x0000000702d00000, 0x0000000702e00000, 0x0000000702e00000|100%|HC|  |TS  0|AC  0|TAMS 0x0000000702e00000, 0x0000000702e00000|
|  46|0x0000000702e00000, 0x0000000702f00000, 0x0000000702f00000|100%|HS|  |TS  0|AC  0|TAMS 0x0000000702f00000, 0x0000000702f00000|
|  47|0x0000000702f00000, 0x0000000702f00000, 0x0000000703000000|  0%| F|  |TS  0|AC  0|TAMS 0x0000000702f00000, 0x0000000702f00000|
|  48|0x0000000703000000, 0x0000000703000000, 0x0000000703100000|  0%| F|  |TS  0|AC  0|TAMS 0x0000000703000000, 0x0000000703000000|
|  49|0x0000000703100000, 0x0000000703100000, 0x0000000703200000|  0%| F|  |TS  0|AC  0|TAMS 0x0000000703100000, 0x0000000703100000|
|  50|0x0000000703200000, 0x0000000703200000, 0x0000000703300000|  0%| F|  |TS  0|AC  0|TAMS 0x0000000703200000, 0x0000000703200000|
|  51|0x0000000703300000, 0x0000000703300000, 0x0000000703400000|  0%| F|  |TS  0|AC  0|TAMS 0x0000000703300000, 0x0000000703300000|
|  52|0x0000000703400000, 0x0000000703400000, 0x0000000703500000|  0%| F|  |TS  0|AC  0|TAMS 0x0000000703400000, 0x0000000703400000|
|  53|0x0000000703500000, 0x0000000703500000, 0x0000000703600000|  0%| F|  |TS  0|AC  0|TAMS 0x0000000703500000, 0x0000000703500000|
|  54|0x0000000703600000, 0x0000000703600000, 0x0000000703700000|  0%| F|  |TS  0|AC  0|TAMS 0x0000000703600000, 0x0000000703600000|
|  55|0x0000000703700000, 0x0000000703700000, 0x0000000703800000|  0%| F|  |TS  0|AC  0|TAMS 0x0000000703700000, 0x0000000703700000|
|  56|0x0000000703800000, 0x0000000703800000, 0x0000000703900000|  0%| F|  |TS  0|AC  0|TAMS 0x0000000703800000, 0x0000000703800000|
|  57|0x0000000703900000, 0x0000000703900000, 0x0000000703a00000|  0%| F|  |TS  0|AC  0|TAMS 0x0000000703900000, 0x0000000703900000|
|  58|0x0000000703a00000, 0x0000000703a00000, 0x0000000703b00000|  0%| F|  |TS  0|AC  0|TAMS 0x0000000703a00000, 0x0000000703a00000|
|  59|0x0000000703b00000, 0x0000000703b00000, 0x0000000703c00000|  0%| F|  |TS  0|AC  0|TAMS 0x0000000703b00000, 0x0000000703b00000|
|  60|0x0000000703c00000, 0x0000000703c00000, 0x0000000703d00000|  0%| F|  |TS  0|AC  0|TAMS 0x0000000703c00000, 0x0000000703c00000|
|  61|0x0000000703d00000, 0x0000000703d00000, 0x0000000703e00000|  0%| F|  |TS  0|AC  0|TAMS 0x0000000703d00000, 0x0000000703d00000|
|  62|0x0000000703e00000, 0x0000000703e00000, 0x0000000703f00000|  0%| F|  |TS  0|AC  0|TAMS 0x0000000703e00000, 0x0000000703e00000|
|  63|0x0000000703f00000, 0x0000000703f00000, 0x0000000704000000|  0%| F|  |TS  0|AC  0|TAMS 0x0000000703f00000, 0x0000000703f00000|
|  64|0x0000000704000000, 0x0000000704000000, 0x0000000704100000|  0%| F|  |TS  0|AC  0|TAMS 0x0000000704000000, 0x0000000704000000|
|  65|0x0000000704100000, 0x0000000704100000, 0x0000000704200000|  0%| F|  |TS  0|AC  0|TAMS 0x0000000704100000, 0x0000000704100000|
|  66|0x0000000704200000, 0x0000000704200000, 0x0000000704300000|  0%| F|  |TS  0|AC  0|TAMS 0x0000000704200000, 0x0000000704200000|
|  67|0x0000000704300000, 0x0000000704300000, 0x0000000704400000|  0%| F|  |TS  0|AC  0|TAMS 0x0000000704300000, 0x0000000704300000|
|  68|0x0000000704400000, 0x0000000704400000, 0x0000000704500000|  0%| F|  |TS  0|AC  0|TAMS 0x0000000704400000, 0x0000000704400000|
|  69|0x0000000704500000, 0x0000000704500000, 0x0000000704600000|  0%| F|  |TS  0|AC  0|TAMS 0x0000000704500000, 0x0000000704500000|
|  70|0x0000000704600000, 0x0000000704600000, 0x0000000704700000|  0%| F|  |TS  0|AC  0|TAMS 0x0000000704600000, 0x0000000704600000|
|  71|0x0000000704700000, 0x0000000704700000, 0x0000000704800000|  0%| F|  |TS  0|AC  0|TAMS 0x0000000704700000, 0x0000000704700000|
|  72|0x0000000704800000, 0x0000000704800000, 0x0000000704900000|  0%| F|  |TS  0|AC  0|TAMS 0x0000000704800000, 0x0000000704800000|
|  73|0x0000000704900000, 0x0000000704900000, 0x0000000704a00000|  0%| F|  |TS  0|AC  0|TAMS 0x0000000704900000, 0x0000000704900000|
|  74|0x0000000704a00000, 0x0000000704a00000, 0x0000000704b00000|  0%| F|  |TS  0|AC  0|TAMS 0x0000000704a00000, 0x0000000704a00000|
|  75|0x0000000704b00000, 0x0000000704b00000, 0x0000000704c00000|  0%| F|  |TS  0|AC  0|TAMS 0x0000000704b00000, 0x0000000704b00000|
|  76|0x0000000704c00000, 0x0000000704c00000, 0x0000000704d00000|  0%| F|  |TS  0|AC  0|TAMS 0x0000000704c00000, 0x0000000704c00000|
|  77|0x0000000704d00000, 0x0000000704d00000, 0x0000000704e00000|  0%| F|  |TS  0|AC  0|TAMS 0x0000000704d00000, 0x0000000704d00000|
|  78|0x0000000704e00000, 0x0000000704e00000, 0x0000000704f00000|  0%| F|  |TS  0|AC  0|TAMS 0x0000000704e00000, 0x0000000704e00000|
|  79|0x0000000704f00000, 0x0000000704f00000, 0x0000000705000000|  0%| F|  |TS  0|AC  0|TAMS 0x0000000704f00000, 0x0000000704f00000|
|  80|0x0000000705000000, 0x0000000705100000, 0x0000000705100000|100%| O|  |TS  0|AC  0|TAMS 0x0000000705100000, 0x0000000705100000|
|  81|0x0000000705100000, 0x0000000705200000, 0x0000000705200000|100%| O|  |TS  0|AC  0|TAMS 0x0000000705200000, 0x0000000705200000|
|  82|0x0000000705200000, 0x00000007052bd400, 0x0000000705300000| 73%| O|  |TS  0|AC  0|TAMS 0x00000007052bd400, 0x00000007052bd400|
|  83|0x0000000705300000, 0x0000000705300000, 0x0000000705400000|  0%| F|  |TS  0|AC  0|TAMS 0x0000000705300000, 0x0000000705300000|
|  84|0x0000000705400000, 0x0000000705400000, 0x0000000705500000|  0%| F|  |TS  0|AC  0|TAMS 0x0000000705400000, 0x0000000705400000|
|  85|0x0000000705500000, 0x0000000705500000, 0x0000000705600000|  0%| F|  |TS  0|AC  0|TAMS 0x0000000705500000, 0x0000000705500000|
|  86|0x0000000705600000, 0x0000000705600000, 0x0000000705700000|  0%| F|  |TS  0|AC  0|TAMS 0x0000000705600000, 0x0000000705600000|
|  87|0x0000000705700000, 0x0000000705800000, 0x0000000705800000|100%| O|  |TS  0|AC  0|TAMS 0x0000000705800000, 0x0000000705800000|
|  88|0x0000000705800000, 0x0000000705900000, 0x0000000705900000|100%| O|  |TS  0|AC  0|TAMS 0x0000000705900000, 0x0000000705900000|
|  89|0x0000000705900000, 0x0000000705a00000, 0x0000000705a00000|100%| O|  |TS  0|AC  0|TAMS 0x0000000705a00000, 0x0000000705a00000|
|  90|0x0000000705a00000, 0x0000000705b00000, 0x0000000705b00000|100%| O|  |TS  0|AC  0|TAMS 0x0000000705b00000, 0x0000000705b00000|
|  91|0x0000000705b00000, 0x0000000705c00000, 0x0000000705c00000|100%| O|  |TS  0|AC  0|TAMS 0x0000000705c00000, 0x0000000705c00000|
|  92|0x0000000705c00000, 0x0000000705c00000, 0x0000000705d00000|  0%| F|  |TS  0|AC  0|TAMS 0x0000000705c00000, 0x0000000705c00000|
|  93|0x0000000705d00000, 0x0000000705d00000, 0x0000000705e00000|  0%| F|  |TS  0|AC  0|TAMS 0x0000000705d00000, 0x0000000705d00000|
|  94|0x0000000705e00000, 0x0000000705e00000, 0x0000000705f00000|  0%| F|  |TS  0|AC  0|TAMS 0x0000000705e00000, 0x0000000705e00000|
|  95|0x0000000705f00000, 0x0000000705f00000, 0x0000000706000000|  0%| F|  |TS  0|AC  0|TAMS 0x0000000705f00000, 0x0000000705f00000|
|  96|0x0000000706000000, 0x0000000706000000, 0x0000000706100000|  0%| F|  |TS  0|AC  0|TAMS 0x0000000706000000, 0x0000000706000000|
|  97|0x0000000706100000, 0x0000000706100000, 0x0000000706200000|  0%| F|  |TS  0|AC  0|TAMS 0x0000000706100000, 0x0000000706100000|
|  98|0x0000000706200000, 0x0000000706200000, 0x0000000706300000|  0%| F|  |TS  0|AC  0|TAMS 0x0000000706200000, 0x0000000706200000|
|  99|0x0000000706300000, 0x0000000706300000, 0x0000000706400000|  0%| F|  |TS  0|AC  0|TAMS 0x0000000706300000, 0x0000000706300000|
| 100|0x0000000706400000, 0x0000000706400000, 0x0000000706500000|  0%| F|  |TS  0|AC  0|TAMS 0x0000000706400000, 0x0000000706400000|
| 101|0x0000000706500000, 0x0000000706500000, 0x0000000706600000|  0%| F|  |TS  0|AC  0|TAMS 0x0000000706500000, 0x0000000706500000|
| 102|0x0000000706600000, 0x0000000706600000, 0x0000000706700000|  0%| F|  |TS  0|AC  0|TAMS 0x0000000706600000, 0x0000000706600000|
| 103|0x0000000706700000, 0x0000000706700000, 0x0000000706800000|  0%| F|  |TS  0|AC  0|TAMS 0x0000000706700000, 0x0000000706700000|
| 104|0x0000000706800000, 0x0000000706800000, 0x0000000706900000|  0%| F|  |TS  0|AC  0|TAMS 0x0000000706800000, 0x0000000706800000|
| 105|0x0000000706900000, 0x0000000706900000, 0x0000000706a00000|  0%| F|  |TS  0|AC  0|TAMS 0x0000000706900000, 0x0000000706900000|
| 106|0x0000000706a00000, 0x0000000706a00000, 0x0000000706b00000|  0%| F|  |TS  0|AC  0|TAMS 0x0000000706a00000, 0x0000000706a00000|
| 107|0x0000000706b00000, 0x0000000706b00000, 0x0000000706c00000|  0%| F|  |TS  0|AC  0|TAMS 0x0000000706b00000, 0x0000000706b00000|
| 108|0x0000000706c00000, 0x0000000706c00000, 0x0000000706d00000|  0%| F|  |TS  0|AC  0|TAMS 0x0000000706c00000, 0x0000000706c00000|
| 109|0x0000000706d00000, 0x0000000706d00000, 0x0000000706e00000|  0%| F|  |TS  0|AC  0|TAMS 0x0000000706d00000, 0x0000000706d00000|
| 110|0x0000000706e00000, 0x0000000706e00000, 0x0000000706f00000|  0%| F|  |TS  0|AC  0|TAMS 0x0000000706e00000, 0x0000000706e00000|
| 111|0x0000000706f00000, 0x0000000706f00000, 0x0000000707000000|  0%| F|  |TS  0|AC  0|TAMS 0x0000000706f00000, 0x0000000706f00000|
| 112|0x0000000707000000, 0x0000000707000000, 0x0000000707100000|  0%| F|  |TS  0|AC  0|TAMS 0x0000000707000000, 0x0000000707000000|
| 113|0x0000000707100000, 0x0000000707100000, 0x0000000707200000|  0%| F|  |TS  0|AC  0|TAMS 0x0000000707100000, 0x0000000707100000|
| 114|0x0000000707200000, 0x0000000707200000, 0x0000000707300000|  0%| F|  |TS  0|AC  0|TAMS 0x0000000707200000, 0x0000000707200000|
| 115|0x0000000707300000, 0x0000000707300000, 0x0000000707400000|  0%| F|  |TS  0|AC  0|TAMS 0x0000000707300000, 0x0000000707300000|
| 116|0x0000000707400000, 0x0000000707400000, 0x0000000707500000|  0%| F|  |TS  0|AC  0|TAMS 0x0000000707400000, 0x0000000707400000|
| 117|0x0000000707500000, 0x0000000707500000, 0x0000000707600000|  0%| F|  |TS  0|AC  0|TAMS 0x0000000707500000, 0x0000000707500000|
| 118|0x0000000707600000, 0x0000000707600000, 0x0000000707700000|  0%| F|  |TS  0|AC  0|TAMS 0x0000000707600000, 0x0000000707600000|
| 119|0x0000000707700000, 0x0000000707700000, 0x0000000707800000|  0%| F|  |TS  0|AC  0|TAMS 0x0000000707700000, 0x0000000707700000|
| 120|0x0000000707800000, 0x0000000707800000, 0x0000000707900000|  0%| F|  |TS  0|AC  0|TAMS 0x0000000707800000, 0x0000000707800000|
| 121|0x0000000707900000, 0x0000000707900000, 0x0000000707a00000|  0%| F|  |TS  0|AC  0|TAMS 0x0000000707900000, 0x0000000707900000|
| 122|0x0000000707a00000, 0x0000000707a00000, 0x0000000707b00000|  0%| F|  |TS  0|AC  0|TAMS 0x0000000707a00000, 0x0000000707a00000|
| 123|0x0000000707b00000, 0x0000000707b00000, 0x0000000707c00000|  0%| F|  |TS  0|AC  0|TAMS 0x0000000707b00000, 0x0000000707b00000|
| 124|0x0000000707c00000, 0x0000000707c00000, 0x0000000707d00000|  0%| F|  |TS  0|AC  0|TAMS 0x0000000707c00000, 0x0000000707c00000|
| 125|0x0000000707d00000, 0x0000000707d00000, 0x0000000707e00000|  0%| F|  |TS  0|AC  0|TAMS 0x0000000707d00000, 0x0000000707d00000|
| 126|0x0000000707e00000, 0x0000000707e00000, 0x0000000707f00000|  0%| F|  |TS  0|AC  0|TAMS 0x0000000707e00000, 0x0000000707e00000|
| 127|0x0000000707f00000, 0x0000000707f00000, 0x0000000708000000|  0%| F|  |TS  0|AC  0|TAMS 0x0000000707f00000, 0x0000000707f00000|
| 128|0x0000000708000000, 0x0000000708000000, 0x0000000708100000|  0%| F|  |TS  0|AC  0|TAMS 0x0000000708000000, 0x0000000708000000|
| 129|0x0000000708100000, 0x0000000708100000, 0x0000000708200000|  0%| F|  |TS  0|AC  0|TAMS 0x0000000708100000, 0x0000000708100000|
| 130|0x0000000708200000, 0x0000000708200000, 0x0000000708300000|  0%| F|  |TS  0|AC  0|TAMS 0x0000000708200000, 0x0000000708200000|
| 131|0x0000000708300000, 0x0000000708300000, 0x0000000708400000|  0%| F|  |TS  0|AC  0|TAMS 0x0000000708300000, 0x0000000708300000|
| 132|0x0000000708400000, 0x0000000708400000, 0x0000000708500000|  0%| F|  |TS  0|AC  0|TAMS 0x0000000708400000, 0x0000000708400000|
| 133|0x0000000708500000, 0x0000000708500000, 0x0000000708600000|  0%| F|  |TS  0|AC  0|TAMS 0x0000000708500000, 0x0000000708500000|
| 134|0x0000000708600000, 0x0000000708600000, 0x0000000708700000|  0%| F|  |TS  0|AC  0|TAMS 0x0000000708600000, 0x0000000708600000|
| 135|0x0000000708700000, 0x0000000708700000, 0x0000000708800000|  0%| F|  |TS  0|AC  0|TAMS 0x0000000708700000, 0x0000000708700000|
| 136|0x0000000708800000, 0x0000000708800000, 0x0000000708900000|  0%| F|  |TS  0|AC  0|TAMS 0x0000000708800000, 0x0000000708800000|
| 137|0x0000000708900000, 0x0000000708900000, 0x0000000708a00000|  0%| F|  |TS  0|AC  0|TAMS 0x0000000708900000, 0x0000000708900000|
| 138|0x0000000708a00000, 0x0000000708a00000, 0x0000000708b00000|  0%| F|  |TS  0|AC  0|TAMS 0x0000000708a00000, 0x0000000708a00000|
| 139|0x0000000708b00000, 0x0000000708b00000, 0x0000000708c00000|  0%| F|  |TS  0|AC  0|TAMS 0x0000000708b00000, 0x0000000708b00000|
| 140|0x0000000708c00000, 0x0000000708c00000, 0x0000000708d00000|  0%| F|  |TS  0|AC  0|TAMS 0x0000000708c00000, 0x0000000708c00000|
| 141|0x0000000708d00000, 0x0000000708d00000, 0x0000000708e00000|  0%| F|  |TS  0|AC  0|TAMS 0x0000000708d00000, 0x0000000708d00000|
| 142|0x0000000708e00000, 0x0000000708e00000, 0x0000000708f00000|  0%| F|  |TS  0|AC  0|TAMS 0x0000000708e00000, 0x0000000708e00000|
| 143|0x0000000708f00000, 0x0000000708f00000, 0x0000000709000000|  0%| F|  |TS  0|AC  0|TAMS 0x0000000708f00000, 0x0000000708f00000|
| 144|0x0000000709000000, 0x0000000709000000, 0x0000000709100000|  0%| F|  |TS  0|AC  0|TAMS 0x0000000709000000, 0x0000000709000000|
| 145|0x0000000709100000, 0x0000000709100000, 0x0000000709200000|  0%| F|  |TS  0|AC  0|TAMS 0x0000000709100000, 0x0000000709100000|
| 146|0x0000000709200000, 0x0000000709200000, 0x0000000709300000|  0%| F|  |TS  0|AC  0|TAMS 0x0000000709200000, 0x0000000709200000|
| 147|0x0000000709300000, 0x0000000709300000, 0x0000000709400000|  0%| F|  |TS  0|AC  0|TAMS 0x0000000709300000, 0x0000000709300000|
| 148|0x0000000709400000, 0x0000000709400000, 0x0000000709500000|  0%| F|  |TS  0|AC  0|TAMS 0x0000000709400000, 0x0000000709400000|
| 149|0x0000000709500000, 0x0000000709500000, 0x0000000709600000|  0%| F|  |TS  0|AC  0|TAMS 0x0000000709500000, 0x0000000709500000|
| 150|0x0000000709600000, 0x0000000709600000, 0x0000000709700000|  0%| F|  |TS  0|AC  0|TAMS 0x0000000709600000, 0x0000000709600000|
| 151|0x0000000709700000, 0x0000000709700000, 0x0000000709800000|  0%| F|  |TS  0|AC  0|TAMS 0x0000000709700000, 0x0000000709700000|
| 152|0x0000000709800000, 0x0000000709800000, 0x0000000709900000|  0%| F|  |TS  0|AC  0|TAMS 0x0000000709800000, 0x0000000709800000|
| 153|0x0000000709900000, 0x0000000709900000, 0x0000000709a00000|  0%| F|  |TS  0|AC  0|TAMS 0x0000000709900000, 0x0000000709900000|
| 154|0x0000000709a00000, 0x0000000709a00000, 0x0000000709b00000|  0%| F|  |TS  0|AC  0|TAMS 0x0000000709a00000, 0x0000000709a00000|
| 155|0x0000000709b00000, 0x0000000709b00000, 0x0000000709c00000|  0%| F|  |TS  0|AC  0|TAMS 0x0000000709b00000, 0x0000000709b00000|
| 156|0x0000000709c00000, 0x0000000709c00000, 0x0000000709d00000|  0%| F|  |TS  0|AC  0|TAMS 0x0000000709c00000, 0x0000000709c00000|
| 157|0x0000000709d00000, 0x0000000709d00000, 0x0000000709e00000|  0%| F|  |TS  0|AC  0|TAMS 0x0000000709d00000, 0x0000000709d00000|
| 158|0x0000000709e00000, 0x0000000709e00000, 0x0000000709f00000|  0%| F|  |TS  0|AC  0|TAMS 0x0000000709e00000, 0x0000000709e00000|
| 159|0x0000000709f00000, 0x0000000709f00000, 0x000000070a000000|  0%| F|  |TS  0|AC  0|TAMS 0x0000000709f00000, 0x0000000709f00000|
| 160|0x000000070a000000, 0x000000070a000000, 0x000000070a100000|  0%| F|  |TS  0|AC  0|TAMS 0x000000070a000000, 0x000000070a000000|
| 161|0x000000070a100000, 0x000000070a100000, 0x000000070a200000|  0%| F|  |TS  0|AC  0|TAMS 0x000000070a100000, 0x000000070a100000|
| 162|0x000000070a200000, 0x000000070a200000, 0x000000070a300000|  0%| F|  |TS  0|AC  0|TAMS 0x000000070a200000, 0x000000070a200000|
| 163|0x000000070a300000, 0x000000070a300000, 0x000000070a400000|  0%| F|  |TS  0|AC  0|TAMS 0x000000070a300000, 0x000000070a300000|
| 164|0x000000070a400000, 0x000000070a400000, 0x000000070a500000|  0%| F|  |TS  0|AC  0|TAMS 0x000000070a400000, 0x000000070a400000|
| 165|0x000000070a500000, 0x000000070a500000, 0x000000070a600000|  0%| F|  |TS  0|AC  0|TAMS 0x000000070a500000, 0x000000070a500000|
| 166|0x000000070a600000, 0x000000070a600000, 0x000000070a700000|  0%| F|  |TS  0|AC  0|TAMS 0x000000070a600000, 0x000000070a600000|
| 167|0x000000070a700000, 0x000000070a700000, 0x000000070a800000|  0%| F|  |TS  0|AC  0|TAMS 0x000000070a700000, 0x000000070a700000|
| 168|0x000000070a800000, 0x000000070a800000, 0x000000070a900000|  0%| F|  |TS  0|AC  0|TAMS 0x000000070a800000, 0x000000070a800000|
| 169|0x000000070a900000, 0x000000070a900000, 0x000000070aa00000|  0%| F|  |TS  0|AC  0|TAMS 0x000000070a900000, 0x000000070a900000|
| 170|0x000000070aa00000, 0x000000070aa00000, 0x000000070ab00000|  0%| F|  |TS  0|AC  0|TAMS 0x000000070aa00000, 0x000000070aa00000|
| 171|0x000000070ab00000, 0x000000070ab00000, 0x000000070ac00000|  0%| F|  |TS  0|AC  0|TAMS 0x000000070ab00000, 0x000000070ab00000|
| 172|0x000000070ac00000, 0x000000070ac00000, 0x000000070ad00000|  0%| F|  |TS  0|AC  0|TAMS 0x000000070ac00000, 0x000000070ac00000|
| 173|0x000000070ad00000, 0x000000070ad00000, 0x000000070ae00000|  0%| F|  |TS  0|AC  0|TAMS 0x000000070ad00000, 0x000000070ad00000|
| 174|0x000000070ae00000, 0x000000070ae00000, 0x000000070af00000|  0%| F|  |TS  0|AC  0|TAMS 0x000000070ae00000, 0x000000070ae00000|
| 175|0x000000070af00000, 0x000000070af00000, 0x000000070b000000|  0%| F|  |TS  0|AC  0|TAMS 0x000000070af00000, 0x000000070af00000|
| 176|0x000000070b000000, 0x000000070b000000, 0x000000070b100000|  0%| F|  |TS  0|AC  0|TAMS 0x000000070b000000, 0x000000070b000000|
| 177|0x000000070b100000, 0x000000070b100000, 0x000000070b200000|  0%| F|  |TS  0|AC  0|TAMS 0x000000070b100000, 0x000000070b100000|
| 178|0x000000070b200000, 0x000000070b200000, 0x000000070b300000|  0%| F|  |TS  0|AC  0|TAMS 0x000000070b200000, 0x000000070b200000|
| 179|0x000000070b300000, 0x000000070b300000, 0x000000070b400000|  0%| F|  |TS  0|AC  0|TAMS 0x000000070b300000, 0x000000070b300000|
| 180|0x000000070b400000, 0x000000070b400000, 0x000000070b500000|  0%| F|  |TS  0|AC  0|TAMS 0x000000070b400000, 0x000000070b400000|
| 181|0x000000070b500000, 0x000000070b500000, 0x000000070b600000|  0%| F|  |TS  0|AC  0|TAMS 0x000000070b500000, 0x000000070b500000|
| 182|0x000000070b600000, 0x000000070b600000, 0x000000070b700000|  0%| F|  |TS  0|AC  0|TAMS 0x000000070b600000, 0x000000070b600000|
| 183|0x000000070b700000, 0x000000070b700000, 0x000000070b800000|  0%| F|  |TS  0|AC  0|TAMS 0x000000070b700000, 0x000000070b700000|
| 184|0x000000070b800000, 0x000000070b800000, 0x000000070b900000|  0%| F|  |TS  0|AC  0|TAMS 0x000000070b800000, 0x000000070b800000|
| 185|0x000000070b900000, 0x000000070b900000, 0x000000070ba00000|  0%| F|  |TS  0|AC  0|TAMS 0x000000070b900000, 0x000000070b900000|
| 186|0x000000070ba00000, 0x000000070ba00000, 0x000000070bb00000|  0%| F|  |TS  0|AC  0|TAMS 0x000000070ba00000, 0x000000070ba00000|
| 187|0x000000070bb00000, 0x000000070bb00000, 0x000000070bc00000|  0%| F|  |TS  0|AC  0|TAMS 0x000000070bb00000, 0x000000070bb00000|
| 188|0x000000070bc00000, 0x000000070bc00000, 0x000000070bd00000|  0%| F|  |TS  0|AC  0|TAMS 0x000000070bc00000, 0x000000070bc00000|
| 189|0x000000070bd00000, 0x000000070bd00000, 0x000000070be00000|  0%| F|  |TS  0|AC  0|TAMS 0x000000070bd00000, 0x000000070bd00000|
| 190|0x000000070be00000, 0x000000070be00000, 0x000000070bf00000|  0%| F|  |TS  0|AC  0|TAMS 0x000000070be00000, 0x000000070be00000|
| 191|0x000000070bf00000, 0x000000070bf00000, 0x000000070c000000|  0%| F|  |TS  0|AC  0|TAMS 0x000000070bf00000, 0x000000070bf00000|
| 192|0x000000070c000000, 0x000000070c000000, 0x000000070c100000|  0%| F|  |TS  0|AC  0|TAMS 0x000000070c000000, 0x000000070c000000|
| 193|0x000000070c100000, 0x000000070c100000, 0x000000070c200000|  0%| F|  |TS  0|AC  0|TAMS 0x000000070c100000, 0x000000070c100000|
| 194|0x000000070c200000, 0x000000070c200000, 0x000000070c300000|  0%| F|  |TS  0|AC  0|TAMS 0x000000070c200000, 0x000000070c200000|
| 195|0x000000070c300000, 0x000000070c380800, 0x000000070c400000| 50%| E|  |TS  0|AC  0|TAMS 0x000000070c300000, 0x000000070c300000|
| 196|0x000000070c400000, 0x000000070c500000, 0x000000070c500000|100%| E|CS|TS  0|AC  0|TAMS 0x000000070c400000, 0x000000070c400000|
| 197|0x000000070c500000, 0x000000070c600000, 0x000000070c600000|100%| E|CS|TS  0|AC  0|TAMS 0x000000070c500000, 0x000000070c500000|
| 198|0x000000070c600000, 0x000000070c700000, 0x000000070c700000|100%| E|CS|TS  0|AC  0|TAMS 0x000000070c600000, 0x000000070c600000|
| 199|0x000000070c700000, 0x000000070c800000, 0x000000070c800000|100%| E|CS|TS  0|AC  0|TAMS 0x000000070c700000, 0x000000070c700000|
| 200|0x000000070c800000, 0x000000070c900000, 0x000000070c900000|100%| E|CS|TS  0|AC  0|TAMS 0x000000070c800000, 0x000000070c800000|
| 201|0x000000070c900000, 0x000000070ca00000, 0x000000070ca00000|100%| E|CS|TS  0|AC  0|TAMS 0x000000070c900000, 0x000000070c900000|
| 202|0x000000070ca00000, 0x000000070cb00000, 0x000000070cb00000|100%| E|CS|TS  0|AC  0|TAMS 0x000000070ca00000, 0x000000070ca00000|
| 203|0x000000070cb00000, 0x000000070cc00000, 0x000000070cc00000|100%| E|CS|TS  0|AC  0|TAMS 0x000000070cb00000, 0x000000070cb00000|
| 204|0x000000070cc00000, 0x000000070cd00000, 0x000000070cd00000|100%| E|CS|TS  0|AC  0|TAMS 0x000000070cc00000, 0x000000070cc00000|
| 205|0x000000070cd00000, 0x000000070ce00000, 0x000000070ce00000|100%| E|CS|TS  0|AC  0|TAMS 0x000000070cd00000, 0x000000070cd00000|
| 206|0x000000070ce00000, 0x000000070cf00000, 0x000000070cf00000|100%| E|CS|TS  0|AC  0|TAMS 0x000000070ce00000, 0x000000070ce00000|
| 207|0x000000070cf00000, 0x000000070d000000, 0x000000070d000000|100%| E|CS|TS  0|AC  0|TAMS 0x000000070cf00000, 0x000000070cf00000|
| 208|0x000000070d000000, 0x000000070d100000, 0x000000070d100000|100%| E|CS|TS  0|AC  0|TAMS 0x000000070d000000, 0x000000070d000000|
| 209|0x000000070d100000, 0x000000070d200000, 0x000000070d200000|100%| E|CS|TS  0|AC  0|TAMS 0x000000070d100000, 0x000000070d100000|
| 210|0x000000070d200000, 0x000000070d300000, 0x000000070d300000|100%| E|CS|TS  0|AC  0|TAMS 0x000000070d200000, 0x000000070d200000|
| 211|0x000000070d300000, 0x000000070d400000, 0x000000070d400000|100%| E|CS|TS  0|AC  0|TAMS 0x000000070d300000, 0x000000070d300000|
| 212|0x000000070d400000, 0x000000070d500000, 0x000000070d500000|100%| E|CS|TS  0|AC  0|TAMS 0x000000070d400000, 0x000000070d400000|
| 213|0x000000070d500000, 0x000000070d600000, 0x000000070d600000|100%| E|CS|TS  0|AC  0|TAMS 0x000000070d500000, 0x000000070d500000|
| 214|0x000000070d600000, 0x000000070d700000, 0x000000070d700000|100%| E|CS|TS  0|AC  0|TAMS 0x000000070d600000, 0x000000070d600000|
| 215|0x000000070d700000, 0x000000070d775610, 0x000000070d800000| 45%| S|CS|TS  0|AC  0|TAMS 0x000000070d700000, 0x000000070d700000|
| 216|0x000000070d800000, 0x000000070d900000, 0x000000070d900000|100%| E|CS|TS  0|AC  0|TAMS 0x000000070d800000, 0x000000070d800000|
| 217|0x000000070d900000, 0x000000070da00000, 0x000000070da00000|100%| E|CS|TS  0|AC  0|TAMS 0x000000070d900000, 0x000000070d900000|
| 218|0x000000070da00000, 0x000000070db00000, 0x000000070db00000|100%| E|CS|TS  0|AC  0|TAMS 0x000000070da00000, 0x000000070da00000|
| 219|0x000000070db00000, 0x000000070dc00000, 0x000000070dc00000|100%| E|CS|TS  0|AC  0|TAMS 0x000000070db00000, 0x000000070db00000|
| 220|0x000000070dc00000, 0x000000070dd00000, 0x000000070dd00000|100%| S|CS|TS  0|AC  0|TAMS 0x000000070dc00000, 0x000000070dc00000|
| 221|0x000000070dd00000, 0x000000070de00000, 0x000000070de00000|100%| S|CS|TS  0|AC  0|TAMS 0x000000070dd00000, 0x000000070dd00000|
| 222|0x000000070de00000, 0x000000070df00000, 0x000000070df00000|100%| S|CS|TS  0|AC  0|TAMS 0x000000070de00000, 0x000000070de00000|
| 223|0x000000070df00000, 0x000000070e000000, 0x000000070e000000|100%| E|CS|TS  0|AC  0|TAMS 0x000000070df00000, 0x000000070df00000|
| 224|0x000000070e000000, 0x000000070e100000, 0x000000070e100000|100%| E|CS|TS  0|AC  0|TAMS 0x000000070e000000, 0x000000070e000000|
| 225|0x000000070e100000, 0x000000070e200000, 0x000000070e200000|100%| E|CS|TS  0|AC  0|TAMS 0x000000070e100000, 0x000000070e100000|
| 226|0x000000070e200000, 0x000000070e300000, 0x000000070e300000|100%| E|CS|TS  0|AC  0|TAMS 0x000000070e200000, 0x000000070e200000|
| 227|0x000000070e300000, 0x000000070e400000, 0x000000070e400000|100%| E|CS|TS  0|AC  0|TAMS 0x000000070e300000, 0x000000070e300000|
| 228|0x000000070e400000, 0x000000070e500000, 0x000000070e500000|100%| E|CS|TS  0|AC  0|TAMS 0x000000070e400000, 0x000000070e400000|
| 229|0x000000070e500000, 0x000000070e600000, 0x000000070e600000|100%| E|CS|TS  0|AC  0|TAMS 0x000000070e500000, 0x000000070e500000|
| 230|0x000000070e600000, 0x000000070e700000, 0x000000070e700000|100%| E|CS|TS  0|AC  0|TAMS 0x000000070e600000, 0x000000070e600000|

Card table byte_map: [0x0000022126bd0000,0x00000221271d0000] byte_map_base: 0x00000221233d0000

Marking Bits (Prev, Next): (CMBitMap*) 0x000002210ab42490, (CMBitMap*) 0x000002210ab424c8
 Prev Bits: [0x00000221277d0000, 0x000002212a7d0000)
 Next Bits: [0x000002212a7d0000, 0x000002212d7d0000)

Polling page: 0x000002210aa40000

CodeHeap 'non-profiled nmethods': size=120064Kb used=1402Kb max_used=1402Kb free=118661Kb
 bounds [0x000002211e470000, 0x000002211e6e0000, 0x00000221259b0000]
CodeHeap 'profiled nmethods': size=120000Kb used=5846Kb max_used=5846Kb free=114153Kb
 bounds [0x0000022116f40000, 0x0000022117500000, 0x000002211e470000]
CodeHeap 'non-nmethods': size=5696Kb used=1339Kb max_used=1364Kb free=4356Kb
 bounds [0x00000221169b0000, 0x0000022116c20000, 0x0000022116f40000]
 total_blobs=3997 nmethods=2697 adapters=472
 compilation: enabled

Compilation events (10 events):
Event: 7.639 Thread 0x00000221307c7000 2699       3       java.util.stream.ForEachOps$ForEachOp::<init> (10 bytes)
Event: 7.639 Thread 0x00000221307c7000 nmethod 2699 0x00000221174f1d10 code [0x00000221174f1ec0, 0x00000221174f2078]
Event: 7.654 Thread 0x00000221307c7000 2700  s!   3       java.io.FileDescriptor::closeAll (215 bytes)
Event: 7.655 Thread 0x00000221307c7000 nmethod 2700 0x00000221174f2110 code [0x00000221174f23e0, 0x00000221174f36a0]
Event: 7.660 Thread 0x00000221307c7000 2701       3       java.nio.ByteBuffer::wrap (8 bytes)
Event: 7.660 Thread 0x00000221307c7000 nmethod 2701 0x00000221174f3e10 code [0x00000221174f4000, 0x00000221174f43c0]
Event: 7.663 Thread 0x00000221307a9800 nmethod 2667 0x000002211e5cd210 code [0x000002211e5cd400, 0x000002211e5ce3a8]
Event: 7.663 Thread 0x00000221307a9800 2688       4       com.google.common.collect.Iterators$5::computeNext (45 bytes)
Event: 7.664 Thread 0x00000221307c7000 2702       3       java.lang.Class::annotationData (44 bytes)
Event: 7.665 Thread 0x00000221307c7000 nmethod 2702 0x00000221174f4590 code [0x00000221174f4760, 0x00000221174f4b30]

GC Heap History (10 events):
Event: 5.619 GC heap before
{Heap before GC invocations=19 (full 0):
 garbage-first heap   total 196608K, used 95997K [0x0000000700000000, 0x0000000700100600, 0x00000007c0000000)
  region size 1024K, 10 young (10240K), 3 survivors (3072K)
 Metaspace       used 21781K, capacity 22320K, committed 22448K, reserved 1069056K
  class space    used 2381K, capacity 2524K, committed 2560K, reserved 1048576K
}
Event: 5.621 GC heap after
{Heap after GC invocations=20 (full 0):
 garbage-first heap   total 196608K, used 16506K [0x0000000700000000, 0x0000000700100600, 0x00000007c0000000)
  region size 1024K, 3 young (3072K), 3 survivors (3072K)
 Metaspace       used 21781K, capacity 22320K, committed 22448K, reserved 1069056K
  class space    used 2381K, capacity 2524K, committed 2560K, reserved 1048576K
}
Event: 5.693 GC heap before
{Heap before GC invocations=21 (full 0):
 garbage-first heap   total 196608K, used 96378K [0x0000000700000000, 0x0000000700100600, 0x00000007c0000000)
  region size 1024K, 10 young (10240K), 3 survivors (3072K)
 Metaspace       used 21791K, capacity 22320K, committed 22448K, reserved 1069056K
  class space    used 2381K, capacity 2524K, committed 2560K, reserved 1048576K
}
Event: 5.696 GC heap after
{Heap after GC invocations=22 (full 0):
 garbage-first heap   total 236544K, used 16591K [0x0000000700000000, 0x0000000700100738, 0x00000007c0000000)
  region size 1024K, 3 young (3072K), 3 survivors (3072K)
 Metaspace       used 21791K, capacity 22320K, committed 22448K, reserved 1069056K
  class space    used 2381K, capacity 2524K, committed 2560K, reserved 1048576K
}
Event: 5.790 GC heap before
{Heap before GC invocations=23 (full 0):
 garbage-first heap   total 236544K, used 115919K [0x0000000700000000, 0x0000000700100738, 0x00000007c0000000)
  region size 1024K, 11 young (11264K), 3 survivors (3072K)
 Metaspace       used 21814K, capacity 22384K, committed 22704K, reserved 1069056K
  class space    used 2381K, capacity 2524K, committed 2560K, reserved 1048576K
}
Event: 5.794 GC heap after
{Heap after GC invocations=24 (full 0):
 garbage-first heap   total 236544K, used 16970K [0x0000000700000000, 0x0000000700100738, 0x00000007c0000000)
  region size 1024K, 3 young (3072K), 3 survivors (3072K)
 Metaspace       used 21814K, capacity 22384K, committed 22704K, reserved 1069056K
  class space    used 2381K, capacity 2524K, committed 2560K, reserved 1048576K
}
Event: 5.871 GC heap before
{Heap before GC invocations=25 (full 0):
 garbage-first heap   total 236544K, used 116298K [0x0000000700000000, 0x0000000700100738, 0x00000007c0000000)
  region size 1024K, 11 young (11264K), 3 survivors (3072K)
 Metaspace       used 21814K, capacity 22384K, committed 22704K, reserved 1069056K
  class space    used 2381K, capacity 2524K, committed 2560K, reserved 1048576K
}
Event: 5.874 GC heap after
{Heap after GC invocations=26 (full 0):
 garbage-first heap   total 236544K, used 17264K [0x0000000700000000, 0x0000000700100738, 0x00000007c0000000)
  region size 1024K, 4 young (4096K), 4 survivors (4096K)
 Metaspace       used 21814K, capacity 22384K, committed 22704K, reserved 1069056K
  class space    used 2381K, capacity 2524K, committed 2560K, reserved 1048576K
}
Event: 5.962 GC heap before
{Heap before GC invocations=27 (full 0):
 garbage-first heap   total 236544K, used 116592K [0x0000000700000000, 0x0000000700100738, 0x00000007c0000000)
  region size 1024K, 12 young (12288K), 4 survivors (4096K)
 Metaspace       used 21814K, capacity 22384K, committed 22704K, reserved 1069056K
  class space    used 2381K, capacity 2524K, committed 2560K, reserved 1048576K
}
Event: 5.965 GC heap after
{Heap after GC invocations=28 (full 0):
 garbage-first heap   total 236544K, used 17610K [0x0000000700000000, 0x0000000700100738, 0x00000007c0000000)
  region size 1024K, 4 young (4096K), 4 survivors (4096K)
 Metaspace       used 21814K, capacity 22384K, committed 22704K, reserved 1069056K
  class space    used 2381K, capacity 2524K, committed 2560K, reserved 1048576K
}

Deoptimization events (10 events):
Event: 6.675 Thread 0x000002210aadb000 Uncommon trap: reason=unstable_if action=reinterpret pc=0x000002211e51276c method=java.util.HashMap.putVal(ILjava/lang/Object;Ljava/lang/Object;ZZ)Ljava/lang/Object; @ 162 c2
Event: 6.721 Thread 0x000002210aadb000 Uncommon trap: reason=bimorphic_or_optimized_type_check action=maybe_recompile pc=0x000002211e526e84 method=sun.security.provider.DigestBase.implCompressMultiBlock0([BII)I @ 8 c2
Event: 6.722 Thread 0x000002210aadb000 Uncommon trap: reason=bimorphic_or_optimized_type_check action=maybe_recompile pc=0x000002211e526e84 method=sun.security.provider.DigestBase.implCompressMultiBlock0([BII)I @ 8 c2
Event: 6.727 Thread 0x000002210aadb000 Uncommon trap: reason=bimorphic_or_optimized_type_check action=maybe_recompile pc=0x000002211e526e84 method=sun.security.provider.DigestBase.implCompressMultiBlock0([BII)I @ 8 c2
Event: 6.739 Thread 0x000002210aadb000 Uncommon trap: reason=bimorphic_or_optimized_type_check action=maybe_recompile pc=0x000002211e526e84 method=sun.security.provider.DigestBase.implCompressMultiBlock0([BII)I @ 8 c2
Event: 6.757 Thread 0x000002210aadb000 Uncommon trap: reason=intrinsic_or_type_checked_inlining action=make_not_entrant pc=0x000002211e5abb50 method=java.util.Arrays.copyOf([Ljava/lang/Object;ILjava/lang/Class;)[Ljava/lang/Object; @ 35 c2
Event: 6.871 Thread 0x000002210aadb000 Uncommon trap: reason=unstable_if action=reinterpret pc=0x000002211e5b1a38 method=java.util.regex.Pattern$Branch.match(Ljava/util/regex/Matcher;ILjava/lang/CharSequence;)Z @ 19 c2
Event: 7.450 Thread 0x000002210aadb000 Uncommon trap: reason=unstable_if action=reinterpret pc=0x000002211e4da9e4 method=java.util.zip.ZipCoder.encoder()Ljava/nio/charset/CharsetEncoder; @ 4 c2
Event: 7.484 Thread 0x000002210aadb000 Uncommon trap: reason=unstable_if action=reinterpret pc=0x000002211e5b859c method=java.util.LinkedHashMap.afterNodeInsertion(Z)V @ 18 c2
Event: 7.488 Thread 0x000002210aadb000 Uncommon trap: reason=unstable_if action=reinterpret pc=0x000002211e5be6b4 method=com.google.common.collect.AbstractMapBasedMultimap$WrappedCollection.add(Ljava/lang/Object;)Z @ 26 c2

Classes redefined (0 events):
No events

Internal exceptions (10 events):
Event: 3.150 Thread 0x000002210aadb000 Exception <a 'java/lang/NoSuchMethodError'{0x0000000709a36040}: java.lang.invoke.DirectMethodHandle$Holder.invokeSpecial(Ljava/lang/Object;Ljava/lang/Object;)V> (0x0000000709a36040) thrown at [t:/workspace/hotspot/src/share/vm/interpreter/linkResolver.cpp
Event: 3.183 Thread 0x000002210aadb000 Exception <a 'java/lang/NoSuchMethodError'{0x000000070996e670}: org.slf4j.impl.StaticMDCBinder.getSingleton()Lorg/slf4j/impl/StaticMDCBinder;> (0x000000070996e670) thrown at [t:/workspace/hotspot/src/share/vm/interpreter/linkResolver.cpp, line 731]
Event: 4.698 Thread 0x000002210aadb000 Implicit null exception at 0x000002211e4db38f to 0x000002211e4dc5f9
Event: 6.207 Thread 0x000002210aadb000 Exception <a 'java/lang/ClassNotFoundException'{0x000000070e4f48e0}: sun/awt/resources/spi/awtProvider> (0x000000070e4f48e0) thrown at [t:/workspace/hotspot/src/share/vm/classfile/systemDictionary.cpp, line 218]
Event: 6.239 Thread 0x000002210aadb000 Exception <a 'java/io/FileNotFoundException'{0x000000070e36fcb0}> (0x000000070e36fcb0) thrown at [t:/workspace/hotspot/src/share/vm/prims/jni.cpp, line 604]
Event: 6.241 Thread 0x000002210aadb000 Exception <a 'java/io/FileNotFoundException'{0x000000070e373bf8}> (0x000000070e373bf8) thrown at [t:/workspace/hotspot/src/share/vm/prims/jni.cpp, line 604]
Event: 6.408 Thread 0x000002210aadb000 Exception <a 'java/lang/NoSuchMethodError'{0x000000070dff4a98}: java.lang.invoke.DirectMethodHandle$Holder.invokeStatic(Ljava/lang/Object;Ljava/lang/Object;Ljava/lang/Object;Ljava/lang/Object;Ljava/lang/Object;Ljava/lang/Object;Ljava/lang/Object;Ljava/lan
Event: 6.413 Thread 0x000002210aadb000 Exception <a 'java/lang/NoSuchMethodError'{0x000000070db90908}: java.lang.invoke.DirectMethodHandle$Holder.invokeStatic(Ljava/lang/Object;Ljava/lang/Object;Ljava/lang/Object;Ljava/lang/Object;Ljava/lang/Object;Ljava/lang/Object;Ljava/lang/Object;Ljava/lan
Event: 6.521 Thread 0x000002210aadb000 Exception <a 'java/lang/NoSuchMethodError'{0x000000070d81e948}: method resolution failed> (0x000000070d81e948) thrown at [t:/workspace/hotspot/src/share/vm/prims/methodHandles.cpp, line 1256]
Event: 7.450 Thread 0x000002210aadb000 Implicit null exception at 0x000002211e4da51a to 0x000002211e4da9cd

Events (10 events):
Event: 7.678 loading class net/runelite/client/plugins/banktags/BankTagsConfig
Event: 7.678 loading class net/runelite/client/plugins/banktags/BankTagsConfig done
Event: 7.679 loading class net/runelite/client/plugins/banktags/BankTagsPlugin
Event: 7.679 loading class net/runelite/client/plugins/banktags/BankTagsPlugin done
Event: 7.682 loading class java/lang/annotation/Repeatable
Event: 7.682 loading class java/lang/annotation/Repeatable done
Event: 7.682 loading class net/runelite/client/plugins/cluescrolls/ClueScrollPlugin
Event: 7.682 loading class net/runelite/client/plugins/cluescrolls/ClueScrollPlugin done
Event: 7.685 loading class net/runelite/client/plugins/banktags/tabs/BankSearch
Event: 7.685 loading class net/runelite/client/plugins/banktags/tabs/BankSearch done


Dynamic libraries:
0x00007ff78a1b0000 - 0x00007ff78a1ee000 	C:\Program Files\Java\jdk-9.0.1\bin\java.exe
0x00007ffc99fc0000 - 0x00007ffc9a1a1000 	C:\WINDOWS\SYSTEM32\ntdll.dll
0x00007ffc97450000 - 0x00007ffc97502000 	C:\WINDOWS\System32\KERNEL32.DLL
0x00007ffc963e0000 - 0x00007ffc96653000 	C:\WINDOWS\System32\KERNELBASE.dll
0x00007ffc99b20000 - 0x00007ffc99bc1000 	C:\WINDOWS\System32\ADVAPI32.dll
0x00007ffc99d00000 - 0x00007ffc99d9e000 	C:\WINDOWS\System32\msvcrt.dll
0x00007ffc99de0000 - 0x00007ffc99e3b000 	C:\WINDOWS\System32\sechost.dll
0x00007ffc99bd0000 - 0x00007ffc99cf4000 	C:\WINDOWS\System32\RPCRT4.dll
0x00007ffc98260000 - 0x00007ffc983f0000 	C:\WINDOWS\System32\USER32.dll
0x00007ffc96df0000 - 0x00007ffc96e10000 	C:\WINDOWS\System32\win32u.dll
0x00007ffc99e60000 - 0x00007ffc99e88000 	C:\WINDOWS\System32\GDI32.dll
0x00007ffc97100000 - 0x00007ffc97292000 	C:\WINDOWS\System32\gdi32full.dll
0x00007ffc97300000 - 0x00007ffc9739f000 	C:\WINDOWS\System32\msvcp_win.dll
0x00007ffc96e10000 - 0x00007ffc96f0a000 	C:\WINDOWS\System32\ucrtbase.dll
0x00007ffc7c580000 - 0x00007ffc7c7e9000 	C:\WINDOWS\WinSxS\amd64_microsoft.windows.common-controls_6595b64144ccf1df_6.0.17134.471_none_fb3e9aab3068fc16\COMCTL32.dll
0x00007ffc97cd0000 - 0x00007ffc97ff2000 	C:\WINDOWS\System32\combase.dll
0x00007ffc8d940000 - 0x00007ffc8d94a000 	C:\WINDOWS\SYSTEM32\VERSION.dll
0x00007ffc96660000 - 0x00007ffc966da000 	C:\WINDOWS\System32\bcryptPrimitives.dll
0x00007ffc99da0000 - 0x00007ffc99dcd000 	C:\WINDOWS\System32\IMM32.DLL
0x00007ffc695d0000 - 0x00007ffc696bf000 	C:\Program Files\Java\jdk-9.0.1\bin\msvcr120.dll
0x00007ffc693b0000 - 0x00007ffc69456000 	C:\Program Files\Java\jdk-9.0.1\bin\msvcp120.dll
0x000000005eee0000 - 0x000000005f904000 	C:\Program Files\Java\jdk-9.0.1\bin\server\jvm.dll
0x00007ffc980b0000 - 0x00007ffc980b8000 	C:\WINDOWS\System32\PSAPI.DLL
0x00007ffc8c120000 - 0x00007ffc8c129000 	C:\WINDOWS\SYSTEM32\WSOCK32.dll
0x00007ffc99ab0000 - 0x00007ffc99b1c000 	C:\WINDOWS\System32\WS2_32.dll
0x00007ffc8e040000 - 0x00007ffc8e063000 	C:\WINDOWS\SYSTEM32\WINMM.dll
0x00007ffc8dfc0000 - 0x00007ffc8dfea000 	C:\WINDOWS\SYSTEM32\WINMMBASE.dll
0x00007ffc96390000 - 0x00007ffc963d9000 	C:\WINDOWS\System32\cfgmgr32.dll
0x00007ffc8cff0000 - 0x00007ffc8cfff000 	C:\Program Files\Java\jdk-9.0.1\bin\verify.dll
0x00007ffc785e0000 - 0x00007ffc78607000 	C:\Program Files\Java\jdk-9.0.1\bin\java.dll
0x00007ffc82770000 - 0x00007ffc8279a000 	C:\Program Files\Java\jdk-9.0.1\bin\instrument.dll
0x00007ffc86600000 - 0x00007ffc86616000 	C:\Program Files\Java\jdk-9.0.1\bin\zip.dll
0x00007ffc89020000 - 0x00007ffc8902a000 	C:\Program Files\Java\jdk-9.0.1\bin\jimage.dll
0x00007ffc98450000 - 0x00007ffc99890000 	C:\WINDOWS\System32\SHELL32.dll
0x00007ffc98000000 - 0x00007ffc980a9000 	C:\WINDOWS\System32\shcore.dll
0x00007ffc966e0000 - 0x00007ffc96ded000 	C:\WINDOWS\System32\windows.storage.dll
0x00007ffc983f0000 - 0x00007ffc98441000 	C:\WINDOWS\System32\shlwapi.dll
0x00007ffc962d0000 - 0x00007ffc962e1000 	C:\WINDOWS\System32\kernel.appcore.dll
0x00007ffc96320000 - 0x00007ffc9633f000 	C:\WINDOWS\System32\profapi.dll
0x00007ffc96340000 - 0x00007ffc9638c000 	C:\WINDOWS\System32\powrprof.dll
0x00007ffc962f0000 - 0x00007ffc962fa000 	C:\WINDOWS\System32\FLTLIB.DLL
0x00007ffc865c0000 - 0x00007ffc865da000 	C:\Program Files\Java\jdk-9.0.1\bin\net.dll
0x00007ffc92e60000 - 0x00007ffc92f3d000 	C:\WINDOWS\SYSTEM32\WINHTTP.dll
0x00007ffc95b50000 - 0x00007ffc95bb6000 	C:\WINDOWS\system32\mswsock.dll
0x00007ffc79ec0000 - 0x00007ffc79ed1000 	C:\Program Files\Java\jdk-9.0.1\bin\nio.dll
0x00007ffc824e0000 - 0x00007ffc824fa000 	C:\Program Files\JetBrains\IntelliJ IDEA Community Edition 2018.3.2\bin\breakgen64.dll
0x00007ffc824b0000 - 0x00007ffc824d3000 	C:\Program Files\Java\jdk-9.0.1\bin\sunec.dll
0x00007ffc95d00000 - 0x00007ffc95d17000 	C:\WINDOWS\SYSTEM32\CRYPTSP.dll
0x00007ffc956d0000 - 0x00007ffc95703000 	C:\WINDOWS\system32\rsaenh.dll
0x00007ffc95e30000 - 0x00007ffc95e55000 	C:\WINDOWS\SYSTEM32\bcrypt.dll
0x00007ffc961d0000 - 0x00007ffc961f8000 	C:\WINDOWS\SYSTEM32\USERENV.dll
0x00007ffc95d20000 - 0x00007ffc95d2b000 	C:\WINDOWS\SYSTEM32\CRYPTBASE.dll
0x00007ffc95870000 - 0x00007ffc958a8000 	C:\WINDOWS\SYSTEM32\IPHLPAPI.DLL
0x00007ffc99dd0000 - 0x00007ffc99dd8000 	C:\WINDOWS\System32\NSI.dll
0x00007ffc916b0000 - 0x00007ffc916c6000 	C:\WINDOWS\SYSTEM32\dhcpcsvc6.DLL
0x00007ffc915a0000 - 0x00007ffc915ba000 	C:\WINDOWS\SYSTEM32\dhcpcsvc.DLL
0x00007ffc958b0000 - 0x00007ffc9596e000 	C:\WINDOWS\SYSTEM32\DNSAPI.dll
0x00007ffc8fb90000 - 0x00007ffc8fb9a000 	C:\Windows\System32\rasadhlp.dll
0x00007ffc900e0000 - 0x00007ffc90152000 	C:\WINDOWS\System32\fwpuclnt.dll
0x00007ffc67a60000 - 0x00007ffc67bf9000 	C:\Program Files\Java\jdk-9.0.1\bin\awt.dll
0x00007ffc99890000 - 0x00007ffc99952000 	C:\WINDOWS\System32\OLEAUT32.dll
0x00007ffc91850000 - 0x00007ffc91e17000 	C:\WINDOWS\SYSTEM32\d2d1.dll
0x00007ffc944a0000 - 0x00007ffc9452b000 	C:\WINDOWS\SYSTEM32\apphelp.dll
0x00007ffc94990000 - 0x00007ffc94a28000 	C:\WINDOWS\system32\uxtheme.dll
0x00007ffc97670000 - 0x00007ffc977e3000 	C:\WINDOWS\System32\MSCTF.dll
0x00007ffc94a90000 - 0x00007ffc94ab9000 	C:\WINDOWS\system32\dwmapi.dll
0x00007ffc97510000 - 0x00007ffc97661000 	C:\WINDOWS\System32\ole32.dll
0x00007ffc86150000 - 0x00007ffc8615b000 	C:\Program Files\Java\jdk-9.0.1\bin\sunmscapi.dll
0x00007ffc96f10000 - 0x00007ffc970f2000 	C:\WINDOWS\System32\CRYPT32.dll
0x00007ffc96300000 - 0x00007ffc96312000 	C:\WINDOWS\System32\MSASN1.dll
0x00007ffc8fc00000 - 0x00007ffc8fdc9000 	C:\WINDOWS\SYSTEM32\dbghelp.dll

VM Arguments:
jvm_args: -ea -javaagent:C:\Program Files\JetBrains\IntelliJ IDEA Community Edition 2018.3.2\lib\idea_rt.jar=50935:C:\Program Files\JetBrains\IntelliJ IDEA Community Edition 2018.3.2\bin -Dfile.encoding=UTF-8 
java_command: net.runelite.client.RuneLite --debug --developer-mode
java_class_path (initial): C:\Users\grahm\IdeaProjects\runelite\runelite-client\target\classes;C:\Users\grahm\.m2\repository\org\slf4j\slf4j-api\1.7.25\slf4j-api-1.7.25.jar;C:\Users\grahm\.m2\repository\ch\qos\logback\logback-classic\1.2.3\logback-classic-1.2.3.jar;C:\Users\grahm\.m2\repository\ch\qos\logback\logback-core\1.2.3\logback-core-1.2.3.jar;C:\Users\grahm\.m2\repository\net\sf\jopt-simple\jopt-simple\5.0.1\jopt-simple-5.0.1.jar;C:\Users\grahm\.m2\repository\com\google\guava\guava\23.2-jre\guava-23.2-jre.jar;C:\Users\grahm\.m2\repository\com\google\code\findbugs\jsr305\1.3.9\jsr305-1.3.9.jar;C:\Users\grahm\.m2\repository\com\google\errorprone\error_prone_annotations\2.0.18\error_prone_annotations-2.0.18.jar;C:\Users\grahm\.m2\repository\com\google\j2objc\j2objc-annotations\1.1\j2objc-annotations-1.1.jar;C:\Users\grahm\.m2\repository\org\codehaus\mojo\animal-sniffer-annotations\1.14\animal-sniffer-annotations-1.14.jar;C:\Users\grahm\.m2\repository\com\google\inject\guice\4.1.0\guice-4.1.0-no_aop.jar;C:\Users\grahm\.m2\repository\javax\inject\javax.inject\1\javax.inject-1.jar;C:\Users\grahm\.m2\repository\aopalliance\aopalliance\1.0\aopalliance-1.0.jar;C:\Users\grahm\.m2\repository\com\google\code\gson\gson\2.8.5\gson-2.8.5.jar;C:\Users\grahm\.m2\repository\net\runelite\pushingpixels\substance\8.0.02\substance-8.0.02.jar;C:\Users\grahm\.m2\repository\net\runelite\pushingpixels\trident\1.5.00\trident-1.5.00.jar;C:\Users\grahm\.m2\repository\org\apache\commons\commons-text\1.2\commons-text-1.2.jar;C:\Users\grahm\.m2\repository\org\apache\commons\commons-lang3\3.7\commons-lang3-3.7.jar;C:\Users\grahm\.m2\repository\org\jogamp\jogl\jogl-all\2.3.2\jogl-all-2.3.2.jar;C:\Users\grahm\.m2\repository\org\jogamp\jogl\jogl-all\2.3.2\jogl-all-2.3.2-natives-windows-amd64.jar;C:\Users\grahm\.m2\repository\org\jogamp\jogl\jogl-all\2.3.2\jogl-all-2.3.2-natives-windows-i586.jar;C:\Users\grahm\.m2\repository\org\jogamp\jogl\jogl-all\2.3.2\jogl-all-2.3.2-natives-linux-amd64.ja
Launcher Type: SUN_STANDARD

Logging:
Log output configuration:
#0: stdout all=warning uptime,level,tags
#1: stderr all=off uptime,level,tags

Environment Variables:
PATH=C:\ProgramData\Oracle\Java\javapath;C:\Windows\system32;C:\Windows;C:\Windows\System32\Wbem;C:\Windows\System32\WindowsPowerShell\v1.0\;c:\Program Files (x86)\Microsoft SQL Server\100\Tools\Binn\;c:\Program Files\Microsoft SQL Server\100\Tools\Binn\;c:\Program Files\Microsoft SQL Server\100\DTS\Binn\;C:\Program Files\Java\jdk1.7.0_80\bin;C:\Program Files (x86)\Skype\Phone\;C:\Program Files (x86)\PharosSystems\Core;C:\WINDOWS\system32;C:\WINDOWS;C:\WINDOWS\System32\Wbem;C:\WINDOWS\System32\WindowsPowerShell\v1.0\;C:\Program Files\OpenVPN\bin;C:\Program Files\PuTTY\;C:\Program Files (x86)\Calibre2\;C:\Program Files (x86)\NVIDIA Corporation\PhysX\Common;%SystemRoot%\system32;%SystemRoot%;%SystemRoot%\System32\Wbem;%SYSTEMROOT%\System32\WindowsPowerShell\v1.0\;%SYSTEMROOT%\System32\OpenSSH\;C:\Users\grahm\AppData\Local\Programs\Python\Python36-32\Scripts\;C:\Users\grahm\AppData\Local\Programs\Python\Python36-32\;C:\Users\grahm\AppData\Local\Microsoft\WindowsApps;C:\Users\grahm\AppData\Local\GitHubDesktop\bin;C:\Users\grahm\AppData\Local\Microsoft\WindowsApps;
USERNAME=grahm
OS=Windows_NT
PROCESSOR_IDENTIFIER=AMD64 Family 16 Model 5 Stepping 3, AuthenticAMD



---------------  S Y S T E M  ---------------

OS: Windows 10 , 64 bit Build 17134 (10.0.17134.1)

CPU:total 4 (initial active 4) (4 cores per cpu, 1 threads per core) family 16 model 5 stepping 3, cmov, cx8, fxsr, mmx, sse, sse2, sse3, popcnt, mmxext, 3dnowpref, lzcnt, sse4a, tsc, tscinvbit, tscinv

Memory: 4k page, physical 12582064k(3303992k free), swap 12582064k(1732k free)

vm_info: Java HotSpot(TM) 64-Bit Server VM (9.0.1+11) for windows-amd64 JRE (9.0.1+11), built on Sep 28 2017 04:54:03 by "mach5one" with MS VC++ 12.0 (VS2013)

END.
