#
# There is insufficient memory for the Java Runtime Environment to continue.
# Native memory allocation (mmap) failed to map 199229440 bytes for Failed to commit area from 0x0000000717c00000 to 0x0000000723a00000 of length 199229440.
# Possible reasons:
#   The system is out of physical RAM or swap space
#   The process is running with CompressedOops enabled, and the Java Heap may be blocking the growth of the native heap
# Possible solutions:
#   Reduce memory load on the system
#   Increase physical memory or swap space
#   Check if swap backing store is full
#   Decrease Java heap size (-Xmx/-Xms)
#   Decrease number of Java threads
#   Decrease Java thread stack sizes (-Xss)
#   Set larger code cache with -XX:ReservedCodeCacheSize=
#   JVM is running with Zero Based Compressed Oops mode in which the Java heap is
#     placed in the first 32GB address space. The Java Heap base address is the
#     maximum limit for the native heap growth. Please use -XX:HeapBaseMinAddress
#     to set the Java Heap base and to place the Java Heap above 32GB virtual address.
# This output file may be truncated or incomplete.
#
#  Out of Memory Error (t:/workspace/hotspot/src/os/windows/vm/os_windows.cpp:3357), pid=12696, tid=10348
#
# JRE version: Java(TM) SE Runtime Environment (9.0+11) (build 9.0.1+11)
# Java VM: Java HotSpot(TM) 64-Bit Server VM (9.0.1+11, mixed mode, tiered, compressed oops, g1 gc, windows-amd64)
# No core dump will be written. Minidumps are not enabled by default on client versions of Windows
#

---------------  S U M M A R Y ------------

Command Line: -ea -javaagent:C:\Program Files\JetBrains\IntelliJ IDEA Community Edition 2018.3.2\lib\idea_rt.jar=60563:C:\Program Files\JetBrains\IntelliJ IDEA Community Edition 2018.3.2\bin -Dfile.encoding=UTF-8 net.runelite.client.RuneLite --debug --developer-mode

Host: AMD Athlon(tm) II X4 645 Processor, 4 cores, 11G,  Windows 10 , 64 bit Build 17134 (10.0.17134.1)
Time: Fri Dec 21 16:20:27 2018 Eastern Standard Time elapsed time: 92 seconds (0d 0h 1m 32s)

---------------  T H R E A D  ---------------

Current thread (0x000001f418f94000):  VMThread "VM Thread" [stack: 0x0000001008000000,0x0000001008100000] [id=10348]

Stack: [0x0000001008000000,0x0000001008100000]
[error occurred during error reporting (printing stack bounds), id 0xe0000002]

Native frames: (J=compiled Java code, j=interpreted, Vv=VM code, C=native code)
V  [jvm.dll+0x5870b8]
V  [jvm.dll+0x69c0ee]
V  [jvm.dll+0x69d00a]
V  [jvm.dll+0x69cb95]
V  [jvm.dll+0x69d5ab]
V  [jvm.dll+0x586916]
V  [jvm.dll+0x586ce8]
C  [ntdll.dll+0x9f7dd]
C  [ntdll.dll+0xd856]
C  [ntdll.dll+0x9e70e]
C  0x000001f400000e3d

VM_Operation (0x00000010098fab00): G1IncCollectionPause, mode: safepoint, requested by thread 0x000001f41b1cc000


---------------  P R O C E S S  ---------------

Java Threads: ( => current thread )
  0x000001f41cbb3000 JavaThread "AudioPusher" daemon [_thread_blocked, id=15960, stack(0x000000100c0b0000,0x000000100c1b0000)]
  0x000001f41cbb9800 JavaThread "JitterCorrector" daemon [_thread_blocked, id=16272, stack(0x000000100bfb0000,0x000000100c0b0000)]
  0x000001f41cbb7800 JavaThread "AudioPusher" daemon [_thread_blocked, id=3600, stack(0x000000100beb0000,0x000000100bfb0000)]
  0x000001f41cbb8000 JavaThread "JitterCorrector" daemon [_thread_blocked, id=12364, stack(0x000000100bdb0000,0x000000100beb0000)]
  0x000001f41cbb9000 JavaThread "AudioPusher" daemon [_thread_blocked, id=16956, stack(0x0000001007300000,0x0000001007400000)]
  0x000001f41cbb6000 JavaThread "JitterCorrector" daemon [_thread_blocked, id=13148, stack(0x0000001007200000,0x0000001007300000)]
  0x000001f41cbb5000 JavaThread "AudioPusher" daemon [_thread_blocked, id=12408, stack(0x000000100bcb0000,0x000000100bdb0000)]
  0x000001f41cbb4800 JavaThread "JitterCorrector" daemon [_thread_blocked, id=15512, stack(0x000000100bbb0000,0x000000100bcb0000)]
  0x000001f41cbb3800 JavaThread "AudioPusher" daemon [_thread_blocked, id=16156, stack(0x000000100bab0000,0x000000100bbb0000)]
  0x000001f41f196000 JavaThread "JitterCorrector" daemon [_thread_blocked, id=1980, stack(0x000000100aa10000,0x000000100ab10000)]
  0x000001f41b1cd800 JavaThread "AudioPusher" daemon [_thread_blocked, id=684, stack(0x0000001009600000,0x0000001009700000)]
  0x000001f41b1cb800 JavaThread "JitterCorrector" daemon [_thread_blocked, id=11908, stack(0x0000001009500000,0x0000001009600000)]
  0x000001f41f19d800 JavaThread "AudioPusher" daemon [_thread_blocked, id=16640, stack(0x000000100b9b0000,0x000000100bab0000)]
  0x000001f41f199000 JavaThread "JitterCorrector" daemon [_thread_blocked, id=4100, stack(0x000000100a610000,0x000000100a710000)]
  0x000001f41f19b800 JavaThread "AudioPusher" daemon [_thread_blocked, id=8120, stack(0x0000001009900000,0x0000001009a00000)]
  0x000001f41f190000 JavaThread "JitterCorrector" daemon [_thread_blocked, id=3784, stack(0x0000001007100000,0x0000001007200000)]
  0x000001f41f19e800 JavaThread "Thread-12" daemon [_thread_blocked, id=4784, stack(0x000000100b850000,0x000000100b950000)]
  0x000001f41f19c000 JavaThread "Thread-2-SharedResourceRunner" daemon [_thread_blocked, id=7844, stack(0x000000100b350000,0x000000100b450000)]
  0x000001f41f194800 JavaThread "DestroyJavaVM" [_thread_blocked, id=17364, stack(0x0000001007400000,0x0000001007500000)]
  0x000001f41f195000 JavaThread "pool-5-thread-1" [_thread_blocked, id=15232, stack(0x000000100b150000,0x000000100b250000)]
  0x000001f41f19a800 JavaThread "Java Sound Event Dispatcher" daemon [_thread_blocked, id=2896, stack(0x000000100ae50000,0x000000100af50000)]
  0x000001f41f197800 JavaThread "pool-4-thread-1" [_thread_blocked, id=14724, stack(0x0000001009c00000,0x0000001009d00000)]
  0x000001f41f198000 JavaThread "TimerQueue" daemon [_thread_blocked, id=12636, stack(0x000000100a910000,0x000000100aa10000)]
  0x000001f41f193800 JavaThread "Thread-8" daemon [_thread_blocked, id=13544, stack(0x000000100a710000,0x000000100a810000)]
  0x000001f41f193000 JavaThread "D3D Screen Updater" daemon [_thread_blocked, id=940, stack(0x000000100a500000,0x000000100a600000)]
  0x000001f41f192000 JavaThread "Trident pulse source thread" daemon [_thread_blocked, id=7784, stack(0x000000100a400000,0x000000100a500000)]
  0x000001f41f191800 JavaThread "Trident callback thread" daemon [_thread_blocked, id=6704, stack(0x000000100a300000,0x000000100a400000)]
  0x000001f41f190800 JavaThread "Substance heap status" daemon [_thread_blocked, id=13268, stack(0x000000100a000000,0x000000100a100000)]
  0x000001f41f196800 JavaThread "Thread-3" daemon [_thread_blocked, id=13888, stack(0x0000001009f00000,0x000000100a000000)]
  0x000001f41f18f000 JavaThread "Thread-2" daemon [_thread_blocked, id=16440, stack(0x0000001009e00000,0x0000001009f00000)]
  0x000001f41b1ca800 JavaThread "Thread-1" daemon [_thread_blocked, id=15060, stack(0x0000001009d00000,0x0000001009e00000)]
  0x000001f41b1cc000 JavaThread "AWT-EventQueue-0" [_thread_blocked, id=14128, stack(0x0000001009800000,0x0000001009900000)]
  0x000001f41b1cd000 JavaThread "AWT-Shutdown" [_thread_blocked, id=12484, stack(0x0000001009700000,0x0000001009800000)]
  0x000001f41a62c000 JavaThread "OkHttp api.runelite.net" [_thread_in_native, id=16616, stack(0x0000001009300000,0x0000001009400000)]
  0x000001f41a749800 JavaThread "AWT-Windows" daemon [_thread_blocked, id=11972, stack(0x0000001009400000,0x0000001009500000)]
  0x000001f41aafd800 JavaThread "Java2D Disposer" daemon [_thread_blocked, id=2652, stack(0x0000001009200000,0x0000001009300000)]
  0x000001f41b188800 JavaThread "pool-3-thread-1" [_thread_blocked, id=16508, stack(0x0000001009100000,0x0000001009200000)]
  0x000001f4197b5000 JavaThread "Okio Watchdog" daemon [_thread_blocked, id=16668, stack(0x0000001009000000,0x0000001009100000)]
  0x000001f41a6bd000 JavaThread "OkHttp ConnectionPool" daemon [_thread_blocked, id=10156, stack(0x0000001008f00000,0x0000001009000000)]
  0x000001f41a4c4800 JavaThread "pool-2-thread-1" [_thread_blocked, id=1676, stack(0x0000001008d00000,0x0000001008e00000)]
  0x000001f419518000 JavaThread "Service Thread" daemon [_thread_blocked, id=13780, stack(0x0000001008b00000,0x0000001008c00000)]
  0x000001f419517000 JavaThread "Monitor Ctrl-Break" daemon [_thread_in_native, id=16280, stack(0x0000001008a00000,0x0000001008b00000)]
  0x000001f41919d000 JavaThread "Common-Cleaner" daemon [_thread_blocked, id=14512, stack(0x0000001008900000,0x0000001008a00000)]
  0x000001f41915f800 JavaThread "Sweeper thread" daemon [_thread_blocked, id=17248, stack(0x0000001008800000,0x0000001008900000)]
  0x000001f419156000 JavaThread "C1 CompilerThread2" daemon [_thread_blocked, id=12452, stack(0x0000001008700000,0x0000001008800000)]
  0x000001f419151000 JavaThread "C2 CompilerThread1" daemon [_thread_in_native, id=17120, stack(0x0000001008600000,0x0000001008700000)]
  0x000001f419004800 JavaThread "C2 CompilerThread0" daemon [_thread_blocked, id=16216, stack(0x0000001008500000,0x0000001008600000)]
  0x000001f419001800 JavaThread "Attach Listener" daemon [_thread_blocked, id=2816, stack(0x0000001008400000,0x0000001008500000)]
  0x000001f419000800 JavaThread "Signal Dispatcher" daemon [_thread_blocked, id=15696, stack(0x0000001008300000,0x0000001008400000)]
  0x000001f418fb3000 JavaThread "Finalizer" daemon [_thread_blocked, id=17140, stack(0x0000001008200000,0x0000001008300000)]
  0x000001f418fa9000 JavaThread "Reference Handler" daemon [_thread_blocked, id=13712, stack(0x0000001008100000,0x0000001008200000)]

Other Threads:
=>0x000001f418f94000 VMThread "VM Thread" [stack: 0x0000001008000000,0x0000001008100000] [id=10348]
  0x000001f41951e000 WatcherThread [stack: 0x0000001008c00000,0x0000001008d00000] [id=6660]
  0x000001f473251800 GCTaskThread "GC Thread#0" [stack: 0x0000001007500000,0x0000001007600000] [id=2864]
  0x000001f473253000 GCTaskThread "GC Thread#1" [stack: 0x0000001007600000,0x0000001007700000] [id=13684]
  0x000001f473255000 GCTaskThread "GC Thread#2" [stack: 0x0000001007700000,0x0000001007800000] [id=1324]
  0x000001f473258800 GCTaskThread "GC Thread#3" [stack: 0x0000001007800000,0x0000001007900000] [id=15108]
  0x000001f4732a3000 ConcurrentGCThread "G1 Main Marker" [stack: 0x0000001007e00000,0x0000001007f00000] [id=16548]
  0x000001f4732a4000 ConcurrentGCThread "G1 Marker#0" [stack: 0x0000001007f00000,0x0000001008000000] [id=13524]
  0x000001f473270800 ConcurrentGCThread "G1 Refine#0" [stack: 0x0000001007c00000,0x0000001007d00000] [id=12600]
  0x000001f47326f800 ConcurrentGCThread "G1 Refine#1" [stack: 0x0000001007b00000,0x0000001007c00000] [id=13428]
  0x000001f473268000 ConcurrentGCThread "G1 Refine#2" [stack: 0x0000001007a00000,0x0000001007b00000] [id=12444]
  0x000001f47325c800 ConcurrentGCThread "G1 Refine#3" [stack: 0x0000001007900000,0x0000001007a00000] [id=8176]
  0x000001f473271800 ConcurrentGCThread "G1 Young RemSet Sampling" [stack: 0x0000001007d00000,0x0000001007e00000] [id=15660]

Threads with active compile tasks:
C2 CompilerThread19452 %     4       com.sun.media.sound.SF2Soundbank::readPdtaChunk @ 1323 (2449 bytes)
C2 CompilerThread09453       4       com.sun.media.sound.SF2Instrument::getPerformers (3089 bytes)

VM state:at safepoint (normal execution)

VM Mutex/Monitor currently owned by a thread:  ([mutex/lock_event])
[0x000001f4732389d0] Threads_lock - owner thread: 0x000001f418f94000
[0x000001f473239510] Heap_lock - owner thread: 0x000001f41b1cc000

Heap address: 0x0000000700000000, size: 3072 MB, Compressed Oops mode: Zero based, Oop shift amount: 3
Narrow klass base: 0x0000000000000000, Narrow klass shift: 3
Compressed class space size: 1073741824 Address: 0x00000007c0000000

Heap:
 garbage-first heap   total 583680K, used 281018K [0x0000000700000000, 0x00000007001011d0, 0x00000007c0000000)
  region size 1024K, 7 young (7168K), 7 survivors (7168K)
 Metaspace       used 65072K, capacity 70142K, committed 70272K, reserved 1112064K
  class space    used 7086K, capacity 7950K, committed 8064K, reserved 1048576K
Heap Regions: E=young(eden), S=young(survivor), O=old, HS=humongous(starts), HC=humongous(continues), CS=collection set, F=free, A=archive, TS=gc time stamp, AC=allocation context, TAMS=top-at-mark-start (previous, next)
|   0|0x0000000700000000, 0x0000000700100000, 0x0000000700100000|100%| O|  |TS  0|AC  0|TAMS 0x0000000700100000, 0x0000000700100000|
|   1|0x0000000700100000, 0x0000000700200000, 0x0000000700200000|100%| O|  |TS  0|AC  0|TAMS 0x0000000700200000, 0x0000000700200000|
|   2|0x0000000700200000, 0x0000000700300000, 0x0000000700300000|100%| O|  |TS  0|AC  0|TAMS 0x0000000700300000, 0x0000000700300000|
|   3|0x0000000700300000, 0x0000000700400000, 0x0000000700400000|100%| O|  |TS  0|AC  0|TAMS 0x0000000700400000, 0x0000000700400000|
|   4|0x0000000700400000, 0x0000000700500000, 0x0000000700500000|100%|HS|  |TS  0|AC  0|TAMS 0x0000000700500000, 0x0000000700500000|
|   5|0x0000000700500000, 0x0000000700600000, 0x0000000700600000|100%|HC|  |TS  0|AC  0|TAMS 0x0000000700600000, 0x0000000700600000|
|   6|0x0000000700600000, 0x0000000700700000, 0x0000000700700000|100%| O|  |TS  0|AC  0|TAMS 0x0000000700700000, 0x0000000700700000|
|   7|0x0000000700700000, 0x0000000700800000, 0x0000000700800000|100%| O|  |TS  0|AC  0|TAMS 0x0000000700800000, 0x0000000700800000|
|   8|0x0000000700800000, 0x0000000700900000, 0x0000000700900000|100%| O|  |TS  0|AC  0|TAMS 0x0000000700900000, 0x0000000700900000|
|   9|0x0000000700900000, 0x0000000700a00000, 0x0000000700a00000|100%| O|  |TS  0|AC  0|TAMS 0x0000000700a00000, 0x0000000700a00000|
|  10|0x0000000700a00000, 0x0000000700b00000, 0x0000000700b00000|100%| O|  |TS  0|AC  0|TAMS 0x0000000700b00000, 0x0000000700b00000|
|  11|0x0000000700b00000, 0x0000000700c00000, 0x0000000700c00000|100%| O|  |TS  0|AC  0|TAMS 0x0000000700c00000, 0x0000000700c00000|
|  12|0x0000000700c00000, 0x0000000700d00000, 0x0000000700d00000|100%| O|  |TS  0|AC  0|TAMS 0x0000000700d00000, 0x0000000700d00000|
|  13|0x0000000700d00000, 0x0000000700e00000, 0x0000000700e00000|100%| O|  |TS  0|AC  0|TAMS 0x0000000700e00000, 0x0000000700e00000|
|  14|0x0000000700e00000, 0x0000000700f00000, 0x0000000700f00000|100%| O|  |TS  0|AC  0|TAMS 0x0000000700f00000, 0x0000000700f00000|
|  15|0x0000000700f00000, 0x0000000701000000, 0x0000000701000000|100%| O|  |TS  0|AC  0|TAMS 0x0000000701000000, 0x0000000701000000|
|  16|0x0000000701000000, 0x0000000701100000, 0x0000000701100000|100%| O|  |TS  0|AC  0|TAMS 0x0000000701100000, 0x0000000701100000|
|  17|0x0000000701100000, 0x0000000701200000, 0x0000000701200000|100%| O|  |TS  0|AC  0|TAMS 0x0000000701200000, 0x0000000701200000|
|  18|0x0000000701200000, 0x0000000701300000, 0x0000000701300000|100%| O|  |TS  0|AC  0|TAMS 0x0000000701300000, 0x0000000701300000|
|  19|0x0000000701300000, 0x0000000701400000, 0x0000000701400000|100%| O|  |TS  0|AC  0|TAMS 0x0000000701400000, 0x0000000701400000|
|  20|0x0000000701400000, 0x0000000701500000, 0x0000000701500000|100%| O|  |TS  0|AC  0|TAMS 0x0000000701500000, 0x0000000701500000|
|  21|0x0000000701500000, 0x0000000701600000, 0x0000000701600000|100%| O|  |TS  0|AC  0|TAMS 0x0000000701600000, 0x0000000701600000|
|  22|0x0000000701600000, 0x0000000701700000, 0x0000000701700000|100%| O|  |TS  0|AC  0|TAMS 0x0000000701700000, 0x0000000701700000|
|  23|0x0000000701700000, 0x0000000701800000, 0x0000000701800000|100%| O|  |TS  0|AC  0|TAMS 0x0000000701800000, 0x0000000701800000|
|  24|0x0000000701800000, 0x0000000701900000, 0x0000000701900000|100%| O|  |TS  0|AC  0|TAMS 0x0000000701900000, 0x0000000701900000|
|  25|0x0000000701900000, 0x0000000701a00000, 0x0000000701a00000|100%| O|  |TS  0|AC  0|TAMS 0x0000000701a00000, 0x0000000701a00000|
|  26|0x0000000701a00000, 0x0000000701b00000, 0x0000000701b00000|100%| O|  |TS  0|AC  0|TAMS 0x0000000701b00000, 0x0000000701b00000|
|  27|0x0000000701b00000, 0x0000000701c00000, 0x0000000701c00000|100%| O|  |TS  0|AC  0|TAMS 0x0000000701c00000, 0x0000000701c00000|
|  28|0x0000000701c00000, 0x0000000701d00000, 0x0000000701d00000|100%| O|  |TS  0|AC  0|TAMS 0x0000000701d00000, 0x0000000701d00000|
|  29|0x0000000701d00000, 0x0000000701e00000, 0x0000000701e00000|100%| O|  |TS  0|AC  0|TAMS 0x0000000701e00000, 0x0000000701e00000|
|  30|0x0000000701e00000, 0x0000000701f00000, 0x0000000701f00000|100%| O|  |TS  0|AC  0|TAMS 0x0000000701f00000, 0x0000000701f00000|
|  31|0x0000000701f00000, 0x0000000702000000, 0x0000000702000000|100%| O|  |TS  0|AC  0|TAMS 0x0000000702000000, 0x0000000702000000|
|  32|0x0000000702000000, 0x0000000702100000, 0x0000000702100000|100%| O|  |TS  0|AC  0|TAMS 0x0000000702100000, 0x0000000702100000|
|  33|0x0000000702100000, 0x0000000702200000, 0x0000000702200000|100%| O|  |TS  0|AC  0|TAMS 0x0000000702200000, 0x0000000702200000|
|  34|0x0000000702200000, 0x0000000702300000, 0x0000000702300000|100%| O|  |TS  0|AC  0|TAMS 0x0000000702300000, 0x0000000702300000|
|  35|0x0000000702300000, 0x0000000702400000, 0x0000000702400000|100%| O|  |TS  0|AC  0|TAMS 0x0000000702400000, 0x0000000702400000|
|  36|0x0000000702400000, 0x0000000702500000, 0x0000000702500000|100%| O|  |TS  0|AC  0|TAMS 0x0000000702500000, 0x0000000702500000|
|  37|0x0000000702500000, 0x0000000702600000, 0x0000000702600000|100%| O|  |TS  0|AC  0|TAMS 0x0000000702600000, 0x0000000702600000|
|  38|0x0000000702600000, 0x0000000702700000, 0x0000000702700000|100%| O|  |TS  0|AC  0|TAMS 0x0000000702700000, 0x0000000702700000|
|  39|0x0000000702700000, 0x0000000702800000, 0x0000000702800000|100%| O|  |TS  0|AC  0|TAMS 0x0000000702800000, 0x0000000702800000|
|  40|0x0000000702800000, 0x0000000702900000, 0x0000000702900000|100%| O|  |TS  0|AC  0|TAMS 0x0000000702900000, 0x0000000702900000|
|  41|0x0000000702900000, 0x0000000702a00000, 0x0000000702a00000|100%| O|  |TS  0|AC  0|TAMS 0x0000000702a00000, 0x0000000702a00000|
|  42|0x0000000702a00000, 0x0000000702b00000, 0x0000000702b00000|100%| O|  |TS  0|AC  0|TAMS 0x0000000702b00000, 0x0000000702b00000|
|  43|0x0000000702b00000, 0x0000000702c00000, 0x0000000702c00000|100%| O|  |TS  0|AC  0|TAMS 0x0000000702c00000, 0x0000000702c00000|
|  44|0x0000000702c00000, 0x0000000702d00000, 0x0000000702d00000|100%| O|  |TS  0|AC  0|TAMS 0x0000000702d00000, 0x0000000702d00000|
|  45|0x0000000702d00000, 0x0000000702e00000, 0x0000000702e00000|100%| O|  |TS  0|AC  0|TAMS 0x0000000702e00000, 0x0000000702e00000|
|  46|0x0000000702e00000, 0x0000000702f00000, 0x0000000702f00000|100%|HS|  |TS  0|AC  0|TAMS 0x0000000702f00000, 0x0000000702f00000|
|  47|0x0000000702f00000, 0x0000000703000000, 0x0000000703000000|100%| O|  |TS  0|AC  0|TAMS 0x0000000703000000, 0x0000000703000000|
|  48|0x0000000703000000, 0x0000000703100000, 0x0000000703100000|100%| O|  |TS  0|AC  0|TAMS 0x0000000703100000, 0x0000000703100000|
|  49|0x0000000703100000, 0x0000000703200000, 0x0000000703200000|100%| O|  |TS  0|AC  0|TAMS 0x0000000703200000, 0x0000000703200000|
|  50|0x0000000703200000, 0x0000000703300000, 0x0000000703300000|100%| O|  |TS  0|AC  0|TAMS 0x0000000703300000, 0x0000000703300000|
|  51|0x0000000703300000, 0x0000000703400000, 0x0000000703400000|100%| O|  |TS  0|AC  0|TAMS 0x0000000703400000, 0x0000000703400000|
|  52|0x0000000703400000, 0x0000000703500000, 0x0000000703500000|100%| O|  |TS  0|AC  0|TAMS 0x0000000703500000, 0x0000000703500000|
|  53|0x0000000703500000, 0x0000000703600000, 0x0000000703600000|100%| O|  |TS  0|AC  0|TAMS 0x0000000703600000, 0x0000000703600000|
|  54|0x0000000703600000, 0x0000000703700000, 0x0000000703700000|100%| O|  |TS  0|AC  0|TAMS 0x0000000703700000, 0x0000000703700000|
|  55|0x0000000703700000, 0x0000000703800000, 0x0000000703800000|100%| O|  |TS  0|AC  0|TAMS 0x0000000703800000, 0x0000000703800000|
|  56|0x0000000703800000, 0x0000000703900000, 0x0000000703900000|100%|HS|  |TS  0|AC  0|TAMS 0x0000000703900000, 0x0000000703900000|
|  57|0x0000000703900000, 0x0000000703a00000, 0x0000000703a00000|100%| O|  |TS  0|AC  0|TAMS 0x0000000703a00000, 0x0000000703a00000|
|  58|0x0000000703a00000, 0x0000000703b00000, 0x0000000703b00000|100%|HS|  |TS  0|AC  0|TAMS 0x0000000703b00000, 0x0000000703b00000|
|  59|0x0000000703b00000, 0x0000000703c00000, 0x0000000703c00000|100%|HC|  |TS  0|AC  0|TAMS 0x0000000703c00000, 0x0000000703c00000|
|  60|0x0000000703c00000, 0x0000000703d00000, 0x0000000703d00000|100%|HC|  |TS  0|AC  0|TAMS 0x0000000703d00000, 0x0000000703d00000|
|  61|0x0000000703d00000, 0x0000000703e00000, 0x0000000703e00000|100%|HC|  |TS  0|AC  0|TAMS 0x0000000703e00000, 0x0000000703e00000|
|  62|0x0000000703e00000, 0x0000000703f00000, 0x0000000703f00000|100%|HC|  |TS  0|AC  0|TAMS 0x0000000703f00000, 0x0000000703f00000|
|  63|0x0000000703f00000, 0x0000000704000000, 0x0000000704000000|100%|HC|  |TS  0|AC  0|TAMS 0x0000000704000000, 0x0000000704000000|
|  64|0x0000000704000000, 0x0000000704100000, 0x0000000704100000|100%|HC|  |TS  0|AC  0|TAMS 0x0000000704100000, 0x0000000704100000|
|  65|0x0000000704100000, 0x0000000704200000, 0x0000000704200000|100%|HC|  |TS  0|AC  0|TAMS 0x0000000704200000, 0x0000000704200000|
|  66|0x0000000704200000, 0x0000000704300000, 0x0000000704300000|100%|HC|  |TS  0|AC  0|TAMS 0x0000000704300000, 0x0000000704300000|
|  67|0x0000000704300000, 0x0000000704400000, 0x0000000704400000|100%|HC|  |TS  0|AC  0|TAMS 0x0000000704400000, 0x0000000704400000|
|  68|0x0000000704400000, 0x0000000704500000, 0x0000000704500000|100%|HC|  |TS  0|AC  0|TAMS 0x0000000704500000, 0x0000000704500000|
|  69|0x0000000704500000, 0x0000000704600000, 0x0000000704600000|100%|HC|  |TS  0|AC  0|TAMS 0x0000000704600000, 0x0000000704600000|
|  70|0x0000000704600000, 0x0000000704700000, 0x0000000704700000|100%|HC|  |TS  0|AC  0|TAMS 0x0000000704700000, 0x0000000704700000|
|  71|0x0000000704700000, 0x0000000704800000, 0x0000000704800000|100%|HC|  |TS  0|AC  0|TAMS 0x0000000704800000, 0x0000000704800000|
|  72|0x0000000704800000, 0x0000000704900000, 0x0000000704900000|100%|HC|  |TS  0|AC  0|TAMS 0x0000000704900000, 0x0000000704900000|
|  73|0x0000000704900000, 0x0000000704a00000, 0x0000000704a00000|100%| O|  |TS  0|AC  0|TAMS 0x0000000704a00000, 0x0000000704a00000|
|  74|0x0000000704a00000, 0x0000000704b00000, 0x0000000704b00000|100%| O|  |TS  0|AC  0|TAMS 0x0000000704b00000, 0x0000000704b00000|
|  75|0x0000000704b00000, 0x0000000704c00000, 0x0000000704c00000|100%| O|  |TS  0|AC  0|TAMS 0x0000000704c00000, 0x0000000704c00000|
|  76|0x0000000704c00000, 0x0000000704d00000, 0x0000000704d00000|100%| O|  |TS  0|AC  0|TAMS 0x0000000704d00000, 0x0000000704d00000|
|  77|0x0000000704d00000, 0x0000000704e00000, 0x0000000704e00000|100%| O|  |TS  0|AC  0|TAMS 0x0000000704e00000, 0x0000000704e00000|
|  78|0x0000000704e00000, 0x0000000704f00000, 0x0000000704f00000|100%| O|  |TS  0|AC  0|TAMS 0x0000000704f00000, 0x0000000704f00000|
|  79|0x0000000704f00000, 0x0000000705000000, 0x0000000705000000|100%| O|  |TS  0|AC  0|TAMS 0x0000000705000000, 0x0000000705000000|
|  80|0x0000000705000000, 0x0000000705100000, 0x0000000705100000|100%| O|  |TS  0|AC  0|TAMS 0x0000000705100000, 0x0000000705100000|
|  81|0x0000000705100000, 0x0000000705200000, 0x0000000705200000|100%| O|  |TS  0|AC  0|TAMS 0x0000000705200000, 0x0000000705200000|
|  82|0x0000000705200000, 0x0000000705300000, 0x0000000705300000|100%| O|  |TS  0|AC  0|TAMS 0x0000000705300000, 0x0000000705300000|
|  83|0x0000000705300000, 0x0000000705400000, 0x0000000705400000|100%|HS|  |TS  0|AC  0|TAMS 0x0000000705400000, 0x0000000705400000|
|  84|0x0000000705400000, 0x0000000705500000, 0x0000000705500000|100%| O|  |TS  0|AC  0|TAMS 0x0000000705500000, 0x0000000705500000|
|  85|0x0000000705500000, 0x0000000705600000, 0x0000000705600000|100%| O|  |TS  0|AC  0|TAMS 0x0000000705600000, 0x0000000705600000|
|  86|0x0000000705600000, 0x0000000705700000, 0x0000000705700000|100%| O|  |TS  0|AC  0|TAMS 0x0000000705700000, 0x0000000705700000|
|  87|0x0000000705700000, 0x0000000705800000, 0x0000000705800000|100%| O|  |TS  0|AC  0|TAMS 0x0000000705800000, 0x0000000705800000|
|  88|0x0000000705800000, 0x0000000705900000, 0x0000000705900000|100%| O|  |TS  0|AC  0|TAMS 0x0000000705900000, 0x0000000705900000|
|  89|0x0000000705900000, 0x0000000705a00000, 0x0000000705a00000|100%| O|  |TS  0|AC  0|TAMS 0x0000000705a00000, 0x0000000705a00000|
|  90|0x0000000705a00000, 0x0000000705b00000, 0x0000000705b00000|100%| O|  |TS  0|AC  0|TAMS 0x0000000705b00000, 0x0000000705b00000|
|  91|0x0000000705b00000, 0x0000000705c00000, 0x0000000705c00000|100%| O|  |TS  0|AC  0|TAMS 0x0000000705c00000, 0x0000000705c00000|
|  92|0x0000000705c00000, 0x0000000705d00000, 0x0000000705d00000|100%| O|  |TS  0|AC  0|TAMS 0x0000000705d00000, 0x0000000705d00000|
|  93|0x0000000705d00000, 0x0000000705e00000, 0x0000000705e00000|100%| O|  |TS  0|AC  0|TAMS 0x0000000705e00000, 0x0000000705e00000|
|  94|0x0000000705e00000, 0x0000000705f00000, 0x0000000705f00000|100%| O|  |TS  0|AC  0|TAMS 0x0000000705f00000, 0x0000000705f00000|
|  95|0x0000000705f00000, 0x0000000706000000, 0x0000000706000000|100%| O|  |TS  0|AC  0|TAMS 0x0000000706000000, 0x0000000706000000|
|  96|0x0000000706000000, 0x0000000706100000, 0x0000000706100000|100%| O|  |TS  0|AC  0|TAMS 0x0000000706100000, 0x0000000706100000|
|  97|0x0000000706100000, 0x0000000706200000, 0x0000000706200000|100%| O|  |TS  0|AC  0|TAMS 0x0000000706200000, 0x0000000706200000|
|  98|0x0000000706200000, 0x0000000706300000, 0x0000000706300000|100%| O|  |TS  0|AC  0|TAMS 0x0000000706300000, 0x0000000706300000|
|  99|0x0000000706300000, 0x0000000706400000, 0x0000000706400000|100%| O|  |TS  0|AC  0|TAMS 0x0000000706400000, 0x0000000706400000|
| 100|0x0000000706400000, 0x0000000706500000, 0x0000000706500000|100%| O|  |TS  0|AC  0|TAMS 0x0000000706500000, 0x0000000706500000|
| 101|0x0000000706500000, 0x0000000706600000, 0x0000000706600000|100%| O|  |TS  0|AC  0|TAMS 0x0000000706600000, 0x0000000706600000|
| 102|0x0000000706600000, 0x0000000706700000, 0x0000000706700000|100%| O|  |TS  0|AC  0|TAMS 0x0000000706700000, 0x0000000706700000|
| 103|0x0000000706700000, 0x0000000706800000, 0x0000000706800000|100%| O|  |TS  0|AC  0|TAMS 0x0000000706800000, 0x0000000706800000|
| 104|0x0000000706800000, 0x0000000706900000, 0x0000000706900000|100%| O|  |TS  0|AC  0|TAMS 0x0000000706900000, 0x0000000706900000|
| 105|0x0000000706900000, 0x0000000706a00000, 0x0000000706a00000|100%| O|  |TS  0|AC  0|TAMS 0x0000000706a00000, 0x0000000706a00000|
| 106|0x0000000706a00000, 0x0000000706b00000, 0x0000000706b00000|100%| O|  |TS  0|AC  0|TAMS 0x0000000706b00000, 0x0000000706b00000|
| 107|0x0000000706b00000, 0x0000000706c00000, 0x0000000706c00000|100%| O|  |TS  0|AC  0|TAMS 0x0000000706c00000, 0x0000000706c00000|
| 108|0x0000000706c00000, 0x0000000706d00000, 0x0000000706d00000|100%| O|  |TS  0|AC  0|TAMS 0x0000000706d00000, 0x0000000706d00000|
| 109|0x0000000706d00000, 0x0000000706e00000, 0x0000000706e00000|100%| O|  |TS  0|AC  0|TAMS 0x0000000706e00000, 0x0000000706e00000|
| 110|0x0000000706e00000, 0x0000000706f00000, 0x0000000706f00000|100%| O|  |TS  0|AC  0|TAMS 0x0000000706f00000, 0x0000000706f00000|
| 111|0x0000000706f00000, 0x0000000707000000, 0x0000000707000000|100%| O|  |TS  0|AC  0|TAMS 0x0000000707000000, 0x0000000707000000|
| 112|0x0000000707000000, 0x0000000707100000, 0x0000000707100000|100%| O|  |TS  0|AC  0|TAMS 0x0000000707100000, 0x0000000707100000|
| 113|0x0000000707100000, 0x0000000707200000, 0x0000000707200000|100%| O|  |TS  0|AC  0|TAMS 0x0000000707200000, 0x0000000707200000|
| 114|0x0000000707200000, 0x0000000707300000, 0x0000000707300000|100%|HS|  |TS  0|AC  0|TAMS 0x0000000707300000, 0x0000000707300000|
| 115|0x0000000707300000, 0x0000000707400000, 0x0000000707400000|100%|HC|  |TS  0|AC  0|TAMS 0x0000000707400000, 0x0000000707400000|
| 116|0x0000000707400000, 0x0000000707500000, 0x0000000707500000|100%|HC|  |TS  0|AC  0|TAMS 0x0000000707500000, 0x0000000707500000|
| 117|0x0000000707500000, 0x0000000707600000, 0x0000000707600000|100%|HC|  |TS  0|AC  0|TAMS 0x0000000707600000, 0x0000000707600000|
| 118|0x0000000707600000, 0x0000000707700000, 0x0000000707700000|100%|HC|  |TS  0|AC  0|TAMS 0x0000000707700000, 0x0000000707700000|
| 119|0x0000000707700000, 0x0000000707800000, 0x0000000707800000|100%|HC|  |TS  0|AC  0|TAMS 0x0000000707800000, 0x0000000707800000|
| 120|0x0000000707800000, 0x0000000707900000, 0x0000000707900000|100%|HC|  |TS  0|AC  0|TAMS 0x0000000707900000, 0x0000000707900000|
| 121|0x0000000707900000, 0x0000000707a00000, 0x0000000707a00000|100%|HC|  |TS  0|AC  0|TAMS 0x0000000707a00000, 0x0000000707a00000|
| 122|0x0000000707a00000, 0x0000000707b00000, 0x0000000707b00000|100%|HC|  |TS  0|AC  0|TAMS 0x0000000707b00000, 0x0000000707b00000|
| 123|0x0000000707b00000, 0x0000000707c00000, 0x0000000707c00000|100%|HC|  |TS  0|AC  0|TAMS 0x0000000707c00000, 0x0000000707c00000|
| 124|0x0000000707c00000, 0x0000000707d00000, 0x0000000707d00000|100%|HC|  |TS  0|AC  0|TAMS 0x0000000707d00000, 0x0000000707d00000|
| 125|0x0000000707d00000, 0x0000000707e00000, 0x0000000707e00000|100%|HC|  |TS  0|AC  0|TAMS 0x0000000707e00000, 0x0000000707e00000|
| 126|0x0000000707e00000, 0x0000000707f00000, 0x0000000707f00000|100%|HC|  |TS  0|AC  0|TAMS 0x0000000707f00000, 0x0000000707f00000|
| 127|0x0000000707f00000, 0x0000000708000000, 0x0000000708000000|100%|HC|  |TS  0|AC  0|TAMS 0x0000000708000000, 0x0000000708000000|
| 128|0x0000000708000000, 0x0000000708100000, 0x0000000708100000|100%|HC|  |TS  0|AC  0|TAMS 0x0000000708100000, 0x0000000708100000|
| 129|0x0000000708100000, 0x0000000708200000, 0x0000000708200000|100%| O|  |TS  0|AC  0|TAMS 0x0000000708200000, 0x0000000708200000|
| 130|0x0000000708200000, 0x0000000708300000, 0x0000000708300000|100%| O|  |TS  0|AC  0|TAMS 0x0000000708300000, 0x0000000708300000|
| 131|0x0000000708300000, 0x0000000708400000, 0x0000000708400000|100%| O|  |TS  0|AC  0|TAMS 0x0000000708400000, 0x0000000708400000|
| 132|0x0000000708400000, 0x0000000708500000, 0x0000000708500000|100%| O|  |TS  0|AC  0|TAMS 0x0000000708500000, 0x0000000708500000|
| 133|0x0000000708500000, 0x0000000708600000, 0x0000000708600000|100%| O|  |TS  0|AC  0|TAMS 0x0000000708600000, 0x0000000708600000|
| 134|0x0000000708600000, 0x0000000708700000, 0x0000000708700000|100%| O|  |TS  0|AC  0|TAMS 0x0000000708700000, 0x0000000708700000|
| 135|0x0000000708700000, 0x0000000708800000, 0x0000000708800000|100%|HS|  |TS  0|AC  0|TAMS 0x0000000708800000, 0x0000000708800000|
| 136|0x0000000708800000, 0x0000000708900000, 0x0000000708900000|100%|HC|  |TS  0|AC  0|TAMS 0x0000000708900000, 0x0000000708900000|
| 137|0x0000000708900000, 0x0000000708a00000, 0x0000000708a00000|100%|HC|  |TS  0|AC  0|TAMS 0x0000000708a00000, 0x0000000708a00000|
| 138|0x0000000708a00000, 0x0000000708b00000, 0x0000000708b00000|100%|HC|  |TS  0|AC  0|TAMS 0x0000000708b00000, 0x0000000708b00000|
| 139|0x0000000708b00000, 0x0000000708c00000, 0x0000000708c00000|100%|HC|  |TS  0|AC  0|TAMS 0x0000000708c00000, 0x0000000708c00000|
| 140|0x0000000708c00000, 0x0000000708d00000, 0x0000000708d00000|100%|HC|  |TS  0|AC  0|TAMS 0x0000000708d00000, 0x0000000708d00000|
| 141|0x0000000708d00000, 0x0000000708e00000, 0x0000000708e00000|100%|HC|  |TS  0|AC  0|TAMS 0x0000000708e00000, 0x0000000708e00000|
| 142|0x0000000708e00000, 0x0000000708f00000, 0x0000000708f00000|100%| O|  |TS  0|AC  0|TAMS 0x0000000708f00000, 0x0000000708f00000|
| 143|0x0000000708f00000, 0x0000000709000000, 0x0000000709000000|100%| O|  |TS  0|AC  0|TAMS 0x0000000709000000, 0x0000000709000000|
| 144|0x0000000709000000, 0x0000000709100000, 0x0000000709100000|100%| O|  |TS  0|AC  0|TAMS 0x0000000709100000, 0x0000000709100000|
| 145|0x0000000709100000, 0x0000000709200000, 0x0000000709200000|100%| O|  |TS  0|AC  0|TAMS 0x0000000709200000, 0x0000000709200000|
| 146|0x0000000709200000, 0x0000000709300000, 0x0000000709300000|100%| O|  |TS  0|AC  0|TAMS 0x0000000709300000, 0x0000000709300000|
| 147|0x0000000709300000, 0x0000000709400000, 0x0000000709400000|100%| O|  |TS  0|AC  0|TAMS 0x0000000709400000, 0x0000000709400000|
| 148|0x0000000709400000, 0x0000000709500000, 0x0000000709500000|100%| O|  |TS  0|AC  0|TAMS 0x0000000709500000, 0x0000000709500000|
| 149|0x0000000709500000, 0x0000000709600000, 0x0000000709600000|100%| O|  |TS  0|AC  0|TAMS 0x0000000709600000, 0x0000000709600000|
| 150|0x0000000709600000, 0x0000000709700000, 0x0000000709700000|100%| O|  |TS  0|AC  0|TAMS 0x0000000709700000, 0x0000000709700000|
| 151|0x0000000709700000, 0x0000000709800000, 0x0000000709800000|100%|HS|  |TS  0|AC  0|TAMS 0x0000000709800000, 0x0000000709800000|
| 152|0x0000000709800000, 0x0000000709900000, 0x0000000709900000|100%|HC|  |TS  0|AC  0|TAMS 0x0000000709900000, 0x0000000709900000|
| 153|0x0000000709900000, 0x0000000709a00000, 0x0000000709a00000|100%|HC|  |TS  0|AC  0|TAMS 0x0000000709a00000, 0x0000000709a00000|
| 154|0x0000000709a00000, 0x0000000709b00000, 0x0000000709b00000|100%|HC|  |TS  0|AC  0|TAMS 0x0000000709b00000, 0x0000000709b00000|
| 155|0x0000000709b00000, 0x0000000709c00000, 0x0000000709c00000|100%|HC|  |TS  0|AC  0|TAMS 0x0000000709c00000, 0x0000000709c00000|
| 156|0x0000000709c00000, 0x0000000709d00000, 0x0000000709d00000|100%|HC|  |TS  0|AC  0|TAMS 0x0000000709d00000, 0x0000000709d00000|
| 157|0x0000000709d00000, 0x0000000709e00000, 0x0000000709e00000|100%|HC|  |TS  0|AC  0|TAMS 0x0000000709e00000, 0x0000000709e00000|
| 158|0x0000000709e00000, 0x0000000709f00000, 0x0000000709f00000|100%|HC|  |TS  0|AC  0|TAMS 0x0000000709f00000, 0x0000000709f00000|
| 159|0x0000000709f00000, 0x000000070a000000, 0x000000070a000000|100%|HC|  |TS  0|AC  0|TAMS 0x000000070a000000, 0x000000070a000000|
| 160|0x000000070a000000, 0x000000070a100000, 0x000000070a100000|100%|HC|  |TS  0|AC  0|TAMS 0x000000070a100000, 0x000000070a100000|
| 161|0x000000070a100000, 0x000000070a200000, 0x000000070a200000|100%|HC|  |TS  0|AC  0|TAMS 0x000000070a200000, 0x000000070a200000|
| 162|0x000000070a200000, 0x000000070a300000, 0x000000070a300000|100%|HC|  |TS  0|AC  0|TAMS 0x000000070a300000, 0x000000070a300000|
| 163|0x000000070a300000, 0x000000070a400000, 0x000000070a400000|100%|HC|  |TS  0|AC  0|TAMS 0x000000070a400000, 0x000000070a400000|
| 164|0x000000070a400000, 0x000000070a500000, 0x000000070a500000|100%|HC|  |TS  0|AC  0|TAMS 0x000000070a500000, 0x000000070a500000|
| 165|0x000000070a500000, 0x000000070a600000, 0x000000070a600000|100%|HC|  |TS  0|AC  0|TAMS 0x000000070a600000, 0x000000070a600000|
| 166|0x000000070a600000, 0x000000070a700000, 0x000000070a700000|100%|HS|  |TS  0|AC  0|TAMS 0x000000070a700000, 0x000000070a700000|
| 167|0x000000070a700000, 0x000000070a800000, 0x000000070a800000|100%|HC|  |TS  0|AC  0|TAMS 0x000000070a800000, 0x000000070a800000|
| 168|0x000000070a800000, 0x000000070a900000, 0x000000070a900000|100%|HC|  |TS  0|AC  0|TAMS 0x000000070a900000, 0x000000070a900000|
| 169|0x000000070a900000, 0x000000070aa00000, 0x000000070aa00000|100%|HC|  |TS  0|AC  0|TAMS 0x000000070aa00000, 0x000000070aa00000|
| 170|0x000000070aa00000, 0x000000070ab00000, 0x000000070ab00000|100%|HC|  |TS  0|AC  0|TAMS 0x000000070ab00000, 0x000000070ab00000|
| 171|0x000000070ab00000, 0x000000070ac00000, 0x000000070ac00000|100%|HC|  |TS  0|AC  0|TAMS 0x000000070ac00000, 0x000000070ac00000|
| 172|0x000000070ac00000, 0x000000070ad00000, 0x000000070ad00000|100%|HC|  |TS  0|AC  0|TAMS 0x000000070ad00000, 0x000000070ad00000|
| 173|0x000000070ad00000, 0x000000070ae00000, 0x000000070ae00000|100%|HC|  |TS  0|AC  0|TAMS 0x000000070ae00000, 0x000000070ae00000|
| 174|0x000000070ae00000, 0x000000070af00000, 0x000000070af00000|100%|HC|  |TS  0|AC  0|TAMS 0x000000070af00000, 0x000000070af00000|
| 175|0x000000070af00000, 0x000000070b000000, 0x000000070b000000|100%|HC|  |TS  0|AC  0|TAMS 0x000000070b000000, 0x000000070b000000|
| 176|0x000000070b000000, 0x000000070b100000, 0x000000070b100000|100%|HC|  |TS  0|AC  0|TAMS 0x000000070b100000, 0x000000070b100000|
| 177|0x000000070b100000, 0x000000070b200000, 0x000000070b200000|100%|HC|  |TS  0|AC  0|TAMS 0x000000070b200000, 0x000000070b200000|
| 178|0x000000070b200000, 0x000000070b300000, 0x000000070b300000|100%|HC|  |TS  0|AC  0|TAMS 0x000000070b300000, 0x000000070b300000|
| 179|0x000000070b300000, 0x000000070b400000, 0x000000070b400000|100%|HC|  |TS  0|AC  0|TAMS 0x000000070b400000, 0x000000070b400000|
| 180|0x000000070b400000, 0x000000070b500000, 0x000000070b500000|100%|HC|  |TS  0|AC  0|TAMS 0x000000070b500000, 0x000000070b500000|
| 181|0x000000070b500000, 0x000000070b600000, 0x000000070b600000|100%| O|  |TS  0|AC  0|TAMS 0x000000070b600000, 0x000000070b600000|
| 182|0x000000070b600000, 0x000000070b700000, 0x000000070b700000|100%| O|  |TS  0|AC  0|TAMS 0x000000070b700000, 0x000000070b700000|
| 183|0x000000070b700000, 0x000000070b800000, 0x000000070b800000|100%| O|  |TS  0|AC  0|TAMS 0x000000070b800000, 0x000000070b800000|
| 184|0x000000070b800000, 0x000000070b900000, 0x000000070b900000|100%| O|  |TS  0|AC  0|TAMS 0x000000070b900000, 0x000000070b900000|
| 185|0x000000070b900000, 0x000000070ba00000, 0x000000070ba00000|100%|HS|  |TS  0|AC  0|TAMS 0x000000070ba00000, 0x000000070ba00000|
| 186|0x000000070ba00000, 0x000000070bb00000, 0x000000070bb00000|100%|HC|  |TS  0|AC  0|TAMS 0x000000070bb00000, 0x000000070bb00000|
| 187|0x000000070bb00000, 0x000000070bc00000, 0x000000070bc00000|100%|HC|  |TS  0|AC  0|TAMS 0x000000070bc00000, 0x000000070bc00000|
| 188|0x000000070bc00000, 0x000000070bd00000, 0x000000070bd00000|100%|HC|  |TS  0|AC  0|TAMS 0x000000070bd00000, 0x000000070bd00000|
| 189|0x000000070bd00000, 0x000000070be00000, 0x000000070be00000|100%|HC|  |TS  0|AC  0|TAMS 0x000000070be00000, 0x000000070be00000|
| 190|0x000000070be00000, 0x000000070bf00000, 0x000000070bf00000|100%|HC|  |TS  0|AC  0|TAMS 0x000000070bf00000, 0x000000070bf00000|
| 191|0x000000070bf00000, 0x000000070c000000, 0x000000070c000000|100%|HC|  |TS  0|AC  0|TAMS 0x000000070c000000, 0x000000070c000000|
| 192|0x000000070c000000, 0x000000070c100000, 0x000000070c100000|100%|HC|  |TS  0|AC  0|TAMS 0x000000070c100000, 0x000000070c100000|
| 193|0x000000070c100000, 0x000000070c200000, 0x000000070c200000|100%|HC|  |TS  0|AC  0|TAMS 0x000000070c200000, 0x000000070c200000|
| 194|0x000000070c200000, 0x000000070c300000, 0x000000070c300000|100%|HC|  |TS  0|AC  0|TAMS 0x000000070c300000, 0x000000070c300000|
| 195|0x000000070c300000, 0x000000070c400000, 0x000000070c400000|100%|HC|  |TS  0|AC  0|TAMS 0x000000070c400000, 0x000000070c400000|
| 196|0x000000070c400000, 0x000000070c500000, 0x000000070c500000|100%|HC|  |TS  0|AC  0|TAMS 0x000000070c500000, 0x000000070c500000|
| 197|0x000000070c500000, 0x000000070c600000, 0x000000070c600000|100%|HC|  |TS  0|AC  0|TAMS 0x000000070c600000, 0x000000070c600000|
| 198|0x000000070c600000, 0x000000070c700000, 0x000000070c700000|100%|HC|  |TS  0|AC  0|TAMS 0x000000070c700000, 0x000000070c700000|
| 199|0x000000070c700000, 0x000000070c800000, 0x000000070c800000|100%|HC|  |TS  0|AC  0|TAMS 0x000000070c800000, 0x000000070c800000|
| 200|0x000000070c800000, 0x000000070c900000, 0x000000070c900000|100%| O|  |TS  0|AC  0|TAMS 0x000000070c900000, 0x000000070c900000|
| 201|0x000000070c900000, 0x000000070ca00000, 0x000000070ca00000|100%| O|  |TS  0|AC  0|TAMS 0x000000070ca00000, 0x000000070ca00000|
| 202|0x000000070ca00000, 0x000000070cb00000, 0x000000070cb00000|100%| O|  |TS  0|AC  0|TAMS 0x000000070cb00000, 0x000000070cb00000|
| 203|0x000000070cb00000, 0x000000070cc00000, 0x000000070cc00000|100%| O|  |TS  0|AC  0|TAMS 0x000000070cc00000, 0x000000070cc00000|
| 204|0x000000070cc00000, 0x000000070cd00000, 0x000000070cd00000|100%| O|  |TS  0|AC  0|TAMS 0x000000070cd00000, 0x000000070cd00000|
| 205|0x000000070cd00000, 0x000000070ce00000, 0x000000070ce00000|100%| O|  |TS  0|AC  0|TAMS 0x000000070ce00000, 0x000000070ce00000|
| 206|0x000000070ce00000, 0x000000070cf00000, 0x000000070cf00000|100%|HS|  |TS  0|AC  0|TAMS 0x000000070cf00000, 0x000000070cf00000|
| 207|0x000000070cf00000, 0x000000070d000000, 0x000000070d000000|100%|HC|  |TS  0|AC  0|TAMS 0x000000070d000000, 0x000000070d000000|
| 208|0x000000070d000000, 0x000000070d100000, 0x000000070d100000|100%|HC|  |TS  0|AC  0|TAMS 0x000000070d100000, 0x000000070d100000|
| 209|0x000000070d100000, 0x000000070d200000, 0x000000070d200000|100%|HC|  |TS  0|AC  0|TAMS 0x000000070d200000, 0x000000070d200000|
| 210|0x000000070d200000, 0x000000070d300000, 0x000000070d300000|100%|HC|  |TS  0|AC  0|TAMS 0x000000070d300000, 0x000000070d300000|
| 211|0x000000070d300000, 0x000000070d400000, 0x000000070d400000|100%|HC|  |TS  0|AC  0|TAMS 0x000000070d400000, 0x000000070d400000|
| 212|0x000000070d400000, 0x000000070d500000, 0x000000070d500000|100%|HC|  |TS  0|AC  0|TAMS 0x000000070d500000, 0x000000070d500000|
| 213|0x000000070d500000, 0x000000070d600000, 0x000000070d600000|100%|HC|  |TS  0|AC  0|TAMS 0x000000070d600000, 0x000000070d600000|
| 214|0x000000070d600000, 0x000000070d700000, 0x000000070d700000|100%|HC|  |TS  0|AC  0|TAMS 0x000000070d700000, 0x000000070d700000|
| 215|0x000000070d700000, 0x000000070d800000, 0x000000070d800000|100%|HC|  |TS  0|AC  0|TAMS 0x000000070d800000, 0x000000070d800000|
| 216|0x000000070d800000, 0x000000070d900000, 0x000000070d900000|100%|HC|  |TS  0|AC  0|TAMS 0x000000070d900000, 0x000000070d900000|
| 217|0x000000070d900000, 0x000000070da00000, 0x000000070da00000|100%|HC|  |TS  0|AC  0|TAMS 0x000000070da00000, 0x000000070da00000|
| 218|0x000000070da00000, 0x000000070db00000, 0x000000070db00000|100%|HC|  |TS  0|AC  0|TAMS 0x000000070db00000, 0x000000070db00000|
| 219|0x000000070db00000, 0x000000070dc00000, 0x000000070dc00000|100%|HC|  |TS  0|AC  0|TAMS 0x000000070dc00000, 0x000000070dc00000|
| 220|0x000000070dc00000, 0x000000070dd00000, 0x000000070dd00000|100%|HC|  |TS  0|AC  0|TAMS 0x000000070dd00000, 0x000000070dd00000|
| 221|0x000000070dd00000, 0x000000070de00000, 0x000000070de00000|100%| O|  |TS  0|AC  0|TAMS 0x000000070de00000, 0x000000070de00000|
| 222|0x000000070de00000, 0x000000070df00000, 0x000000070df00000|100%| O|  |TS  0|AC  0|TAMS 0x000000070df00000, 0x000000070df00000|
| 223|0x000000070df00000, 0x000000070e000000, 0x000000070e000000|100%| O|  |TS  0|AC  0|TAMS 0x000000070e000000, 0x000000070e000000|
| 224|0x000000070e000000, 0x000000070e100000, 0x000000070e100000|100%| O|  |TS  0|AC  0|TAMS 0x000000070e100000, 0x000000070e100000|
| 225|0x000000070e100000, 0x000000070e200000, 0x000000070e200000|100%| O|  |TS  0|AC  0|TAMS 0x000000070e200000, 0x000000070e200000|
| 226|0x000000070e200000, 0x000000070e300000, 0x000000070e300000|100%| O|  |TS  0|AC  0|TAMS 0x000000070e300000, 0x000000070e300000|
| 227|0x000000070e300000, 0x000000070e400000, 0x000000070e400000|100%| O|  |TS  0|AC  0|TAMS 0x000000070e400000, 0x000000070e400000|
| 228|0x000000070e400000, 0x000000070e500000, 0x000000070e500000|100%| O|  |TS  0|AC  0|TAMS 0x000000070e500000, 0x000000070e500000|
| 229|0x000000070e500000, 0x000000070e600000, 0x000000070e600000|100%|HS|  |TS  0|AC  0|TAMS 0x000000070e600000, 0x000000070e600000|
| 230|0x000000070e600000, 0x000000070e700000, 0x000000070e700000|100%|HC|  |TS  0|AC  0|TAMS 0x000000070e700000, 0x000000070e700000|
| 231|0x000000070e700000, 0x000000070e800000, 0x000000070e800000|100%|HC|  |TS  0|AC  0|TAMS 0x000000070e800000, 0x000000070e800000|
| 232|0x000000070e800000, 0x000000070e900000, 0x000000070e900000|100%|HC|  |TS  0|AC  0|TAMS 0x000000070e900000, 0x000000070e900000|
| 233|0x000000070e900000, 0x000000070ea00000, 0x000000070ea00000|100%|HC|  |TS  0|AC  0|TAMS 0x000000070ea00000, 0x000000070ea00000|
| 234|0x000000070ea00000, 0x000000070eb00000, 0x000000070eb00000|100%|HC|  |TS  0|AC  0|TAMS 0x000000070eb00000, 0x000000070eb00000|
| 235|0x000000070eb00000, 0x000000070ec00000, 0x000000070ec00000|100%|HC|  |TS  0|AC  0|TAMS 0x000000070ec00000, 0x000000070ec00000|
| 236|0x000000070ec00000, 0x000000070ed00000, 0x000000070ed00000|100%|HC|  |TS  0|AC  0|TAMS 0x000000070ed00000, 0x000000070ed00000|
| 237|0x000000070ed00000, 0x000000070ee00000, 0x000000070ee00000|100%|HC|  |TS  0|AC  0|TAMS 0x000000070ee00000, 0x000000070ee00000|
| 238|0x000000070ee00000, 0x000000070ef00000, 0x000000070ef00000|100%|HC|  |TS  0|AC  0|TAMS 0x000000070ef00000, 0x000000070ef00000|
| 239|0x000000070ef00000, 0x000000070f000000, 0x000000070f000000|100%|HC|  |TS  0|AC  0|TAMS 0x000000070f000000, 0x000000070f000000|
| 240|0x000000070f000000, 0x000000070f100000, 0x000000070f100000|100%|HC|  |TS  0|AC  0|TAMS 0x000000070f100000, 0x000000070f100000|
| 241|0x000000070f100000, 0x000000070f200000, 0x000000070f200000|100%|HC|  |TS  0|AC  0|TAMS 0x000000070f200000, 0x000000070f200000|
| 242|0x000000070f200000, 0x000000070f300000, 0x000000070f300000|100%|HC|  |TS  0|AC  0|TAMS 0x000000070f300000, 0x000000070f300000|
| 243|0x000000070f300000, 0x000000070f400000, 0x000000070f400000|100%|HC|  |TS  0|AC  0|TAMS 0x000000070f400000, 0x000000070f400000|
| 244|0x000000070f400000, 0x000000070f500000, 0x000000070f500000|100%| O|  |TS  0|AC  0|TAMS 0x000000070f500000, 0x000000070f500000|
| 245|0x000000070f500000, 0x000000070f600000, 0x000000070f600000|100%| O|  |TS  0|AC  0|TAMS 0x000000070f600000, 0x000000070f600000|
| 246|0x000000070f600000, 0x000000070f700000, 0x000000070f700000|100%| O|  |TS  0|AC  0|TAMS 0x000000070f700000, 0x000000070f700000|
| 247|0x000000070f700000, 0x000000070f800000, 0x000000070f800000|100%| O|  |TS  0|AC  0|TAMS 0x000000070f800000, 0x000000070f800000|
| 248|0x000000070f800000, 0x000000070f900000, 0x000000070f900000|100%| O|  |TS  1|AC  0|TAMS 0x000000070f8cd000, 0x000000070f8cd000|
| 249|0x000000070f900000, 0x000000070fa00000, 0x000000070fa00000|100%|HS|  |TS  0|AC  0|TAMS 0x000000070f900000, 0x000000070f900000|
| 250|0x000000070fa00000, 0x000000070fb00000, 0x000000070fb00000|100%|HC|  |TS  0|AC  0|TAMS 0x000000070fa00000, 0x000000070fa00000|
| 251|0x000000070fb00000, 0x000000070fc00000, 0x000000070fc00000|100%|HC|  |TS  0|AC  0|TAMS 0x000000070fb00000, 0x000000070fb00000|
| 252|0x000000070fc00000, 0x000000070fd00000, 0x000000070fd00000|100%|HC|  |TS  0|AC  0|TAMS 0x000000070fc00000, 0x000000070fc00000|
| 253|0x000000070fd00000, 0x000000070fe00000, 0x000000070fe00000|100%|HC|  |TS  0|AC  0|TAMS 0x000000070fd00000, 0x000000070fd00000|
| 254|0x000000070fe00000, 0x000000070ff00000, 0x000000070ff00000|100%|HC|  |TS  0|AC  0|TAMS 0x000000070fe00000, 0x000000070fe00000|
| 255|0x000000070ff00000, 0x0000000710000000, 0x0000000710000000|100%|HC|  |TS  0|AC  0|TAMS 0x000000070ff00000, 0x000000070ff00000|
| 256|0x0000000710000000, 0x0000000710100000, 0x0000000710100000|100%|HC|  |TS  0|AC  0|TAMS 0x0000000710000000, 0x0000000710000000|
| 257|0x0000000710100000, 0x0000000710200000, 0x0000000710200000|100%|HC|  |TS  0|AC  0|TAMS 0x0000000710100000, 0x0000000710100000|
| 258|0x0000000710200000, 0x0000000710300000, 0x0000000710300000|100%|HC|  |TS  0|AC  0|TAMS 0x0000000710200000, 0x0000000710200000|
| 259|0x0000000710300000, 0x0000000710400000, 0x0000000710400000|100%|HC|  |TS  0|AC  0|TAMS 0x0000000710300000, 0x0000000710300000|
| 260|0x0000000710400000, 0x0000000710500000, 0x0000000710500000|100%|HC|  |TS  0|AC  0|TAMS 0x0000000710400000, 0x0000000710400000|
| 261|0x0000000710500000, 0x0000000710600000, 0x0000000710600000|100%|HC|  |TS  0|AC  0|TAMS 0x0000000710500000, 0x0000000710500000|
| 262|0x0000000710600000, 0x0000000710700000, 0x0000000710700000|100%|HC|  |TS  0|AC  0|TAMS 0x0000000710600000, 0x0000000710600000|
| 263|0x0000000710700000, 0x0000000710800000, 0x0000000710800000|100%|HC|  |TS  0|AC  0|TAMS 0x0000000710700000, 0x0000000710700000|
| 264|0x0000000710800000, 0x0000000710900000, 0x0000000710900000|100%| O|  |TS  1|AC  0|TAMS 0x0000000710800000, 0x0000000710800000|
| 265|0x0000000710900000, 0x0000000710a00000, 0x0000000710a00000|100%| O|  |TS  1|AC  0|TAMS 0x0000000710900000, 0x0000000710900000|
| 266|0x0000000710a00000, 0x0000000710b00000, 0x0000000710b00000|100%| O|  |TS  1|AC  0|TAMS 0x0000000710a00000, 0x0000000710a00000|
| 267|0x0000000710b00000, 0x0000000710ba2000, 0x0000000710c00000| 63%| O|  |TS  1|AC  0|TAMS 0x0000000710b00000, 0x0000000710b00000|
| 268|0x0000000710c00000, 0x0000000710c00000, 0x0000000710d00000|  0%| F|  |TS  0|AC  0|TAMS 0x0000000710c00000, 0x0000000710c00000|
| 269|0x0000000710d00000, 0x0000000710d00000, 0x0000000710e00000|  0%| F|  |TS  0|AC  0|TAMS 0x0000000710d00000, 0x0000000710d00000|
| 270|0x0000000710e00000, 0x0000000710e00000, 0x0000000710f00000|  0%| F|  |TS  0|AC  0|TAMS 0x0000000710e00000, 0x0000000710e00000|
| 271|0x0000000710f00000, 0x0000000710f00000, 0x0000000711000000|  0%| F|  |TS  0|AC  0|TAMS 0x0000000710f00000, 0x0000000710f00000|
| 272|0x0000000711000000, 0x0000000711000000, 0x0000000711100000|  0%| F|  |TS  0|AC  0|TAMS 0x0000000711000000, 0x0000000711000000|
| 273|0x0000000711100000, 0x0000000711100000, 0x0000000711200000|  0%| F|  |TS  0|AC  0|TAMS 0x0000000711100000, 0x0000000711100000|
| 274|0x0000000711200000, 0x0000000711200000, 0x0000000711300000|  0%| F|  |TS  0|AC  0|TAMS 0x0000000711200000, 0x0000000711200000|
| 275|0x0000000711300000, 0x0000000711300000, 0x0000000711400000|  0%| F|  |TS  0|AC  0|TAMS 0x0000000711300000, 0x0000000711300000|
| 276|0x0000000711400000, 0x0000000711400000, 0x0000000711500000|  0%| F|  |TS  0|AC  0|TAMS 0x0000000711400000, 0x0000000711400000|
| 277|0x0000000711500000, 0x0000000711500000, 0x0000000711600000|  0%| F|  |TS  0|AC  0|TAMS 0x0000000711500000, 0x0000000711500000|
| 278|0x0000000711600000, 0x0000000711600000, 0x0000000711700000|  0%| F|  |TS  0|AC  0|TAMS 0x0000000711600000, 0x0000000711600000|
| 279|0x0000000711700000, 0x0000000711700000, 0x0000000711800000|  0%| F|  |TS  0|AC  0|TAMS 0x0000000711700000, 0x0000000711700000|
| 280|0x0000000711800000, 0x0000000711800000, 0x0000000711900000|  0%| F|  |TS  0|AC  0|TAMS 0x0000000711800000, 0x0000000711800000|
| 281|0x0000000711900000, 0x0000000711900000, 0x0000000711a00000|  0%| F|  |TS  0|AC  0|TAMS 0x0000000711900000, 0x0000000711900000|
| 282|0x0000000711a00000, 0x0000000711a00000, 0x0000000711b00000|  0%| F|  |TS  0|AC  0|TAMS 0x0000000711a00000, 0x0000000711a00000|
| 283|0x0000000711b00000, 0x0000000711b00000, 0x0000000711c00000|  0%| F|  |TS  0|AC  0|TAMS 0x0000000711b00000, 0x0000000711b00000|
| 284|0x0000000711c00000, 0x0000000711c00000, 0x0000000711d00000|  0%| F|  |TS  0|AC  0|TAMS 0x0000000711c00000, 0x0000000711c00000|
| 285|0x0000000711d00000, 0x0000000711d00000, 0x0000000711e00000|  0%| F|  |TS  0|AC  0|TAMS 0x0000000711d00000, 0x0000000711d00000|
| 286|0x0000000711e00000, 0x0000000711e00000, 0x0000000711f00000|  0%| F|  |TS  0|AC  0|TAMS 0x0000000711e00000, 0x0000000711e00000|
| 287|0x0000000711f00000, 0x0000000711f00000, 0x0000000712000000|  0%| F|  |TS  0|AC  0|TAMS 0x0000000711f00000, 0x0000000711f00000|
| 288|0x0000000712000000, 0x0000000712000000, 0x0000000712100000|  0%| F|  |TS  0|AC  0|TAMS 0x0000000712000000, 0x0000000712000000|
| 289|0x0000000712100000, 0x0000000712100000, 0x0000000712200000|  0%| F|  |TS  0|AC  0|TAMS 0x0000000712100000, 0x0000000712100000|
| 290|0x0000000712200000, 0x0000000712200000, 0x0000000712300000|  0%| F|  |TS  0|AC  0|TAMS 0x0000000712200000, 0x0000000712200000|
| 291|0x0000000712300000, 0x0000000712300000, 0x0000000712400000|  0%| F|  |TS  0|AC  0|TAMS 0x0000000712300000, 0x0000000712300000|
| 292|0x0000000712400000, 0x0000000712400000, 0x0000000712500000|  0%| F|  |TS  0|AC  0|TAMS 0x0000000712400000, 0x0000000712400000|
| 293|0x0000000712500000, 0x0000000712500000, 0x0000000712600000|  0%| F|  |TS  0|AC  0|TAMS 0x0000000712500000, 0x0000000712500000|
| 294|0x0000000712600000, 0x0000000712600000, 0x0000000712700000|  0%| F|  |TS  0|AC  0|TAMS 0x0000000712600000, 0x0000000712600000|
| 295|0x0000000712700000, 0x0000000712700000, 0x0000000712800000|  0%| F|  |TS  0|AC  0|TAMS 0x0000000712700000, 0x0000000712700000|
| 296|0x0000000712800000, 0x0000000712800000, 0x0000000712900000|  0%| F|  |TS  0|AC  0|TAMS 0x0000000712800000, 0x0000000712800000|
| 297|0x0000000712900000, 0x0000000712900000, 0x0000000712a00000|  0%| F|  |TS  0|AC  0|TAMS 0x0000000712900000, 0x0000000712900000|
| 298|0x0000000712a00000, 0x0000000712a00000, 0x0000000712b00000|  0%| F|  |TS  0|AC  0|TAMS 0x0000000712a00000, 0x0000000712a00000|
| 299|0x0000000712b00000, 0x0000000712b00000, 0x0000000712c00000|  0%| F|  |TS  0|AC  0|TAMS 0x0000000712b00000, 0x0000000712b00000|
| 300|0x0000000712c00000, 0x0000000712c00000, 0x0000000712d00000|  0%| F|  |TS  0|AC  0|TAMS 0x0000000712c00000, 0x0000000712c00000|
| 301|0x0000000712d00000, 0x0000000712d00000, 0x0000000712e00000|  0%| F|  |TS  0|AC  0|TAMS 0x0000000712d00000, 0x0000000712d00000|
| 302|0x0000000712e00000, 0x0000000712e00000, 0x0000000712f00000|  0%| F|  |TS  0|AC  0|TAMS 0x0000000712e00000, 0x0000000712e00000|
| 303|0x0000000712f00000, 0x0000000712f00000, 0x0000000713000000|  0%| F|  |TS  0|AC  0|TAMS 0x0000000712f00000, 0x0000000712f00000|
| 304|0x0000000713000000, 0x0000000713000000, 0x0000000713100000|  0%| F|  |TS  0|AC  0|TAMS 0x0000000713000000, 0x0000000713000000|
| 305|0x0000000713100000, 0x0000000713100000, 0x0000000713200000|  0%| F|  |TS  0|AC  0|TAMS 0x0000000713100000, 0x0000000713100000|
| 306|0x0000000713200000, 0x0000000713200000, 0x0000000713300000|  0%| F|  |TS  0|AC  0|TAMS 0x0000000713200000, 0x0000000713200000|
| 307|0x0000000713300000, 0x0000000713300000, 0x0000000713400000|  0%| F|  |TS  0|AC  0|TAMS 0x0000000713300000, 0x0000000713300000|
| 308|0x0000000713400000, 0x0000000713400000, 0x0000000713500000|  0%| F|  |TS  0|AC  0|TAMS 0x0000000713400000, 0x0000000713400000|
| 309|0x0000000713500000, 0x0000000713500000, 0x0000000713600000|  0%| F|  |TS  0|AC  0|TAMS 0x0000000713500000, 0x0000000713500000|
| 310|0x0000000713600000, 0x0000000713600000, 0x0000000713700000|  0%| F|  |TS  0|AC  0|TAMS 0x0000000713600000, 0x0000000713600000|
| 311|0x0000000713700000, 0x0000000713700000, 0x0000000713800000|  0%| F|  |TS  0|AC  0|TAMS 0x0000000713700000, 0x0000000713700000|
| 312|0x0000000713800000, 0x0000000713800000, 0x0000000713900000|  0%| F|  |TS  0|AC  0|TAMS 0x0000000713800000, 0x0000000713800000|
| 313|0x0000000713900000, 0x0000000713900000, 0x0000000713a00000|  0%| F|  |TS  0|AC  0|TAMS 0x0000000713900000, 0x0000000713900000|
| 314|0x0000000713a00000, 0x0000000713a00000, 0x0000000713b00000|  0%| F|  |TS  0|AC  0|TAMS 0x0000000713a00000, 0x0000000713a00000|
| 315|0x0000000713b00000, 0x0000000713b00000, 0x0000000713c00000|  0%| F|  |TS  0|AC  0|TAMS 0x0000000713b00000, 0x0000000713b00000|
| 316|0x0000000713c00000, 0x0000000713c00000, 0x0000000713d00000|  0%| F|  |TS  0|AC  0|TAMS 0x0000000713c00000, 0x0000000713c00000|
| 317|0x0000000713d00000, 0x0000000713d00000, 0x0000000713e00000|  0%| F|  |TS  0|AC  0|TAMS 0x0000000713d00000, 0x0000000713d00000|
| 318|0x0000000713e00000, 0x0000000713ecc8b8, 0x0000000713f00000| 79%| S|CS|TS  1|AC  0|TAMS 0x0000000713e00000, 0x0000000713e00000|
| 319|0x0000000713f00000, 0x0000000714000000, 0x0000000714000000|100%| S|CS|TS  1|AC  0|TAMS 0x0000000713f00000, 0x0000000713f00000|
| 320|0x0000000714000000, 0x0000000714100000, 0x0000000714100000|100%| S|CS|TS  1|AC  0|TAMS 0x0000000714000000, 0x0000000714000000|
| 321|0x0000000714100000, 0x0000000714200000, 0x0000000714200000|100%| S|CS|TS  1|AC  0|TAMS 0x0000000714100000, 0x0000000714100000|
| 322|0x0000000714200000, 0x0000000714300000, 0x0000000714300000|100%| S|CS|TS  1|AC  0|TAMS 0x0000000714200000, 0x0000000714200000|
| 323|0x0000000714300000, 0x0000000714400000, 0x0000000714400000|100%| S|CS|TS  1|AC  0|TAMS 0x0000000714300000, 0x0000000714300000|
| 324|0x0000000714400000, 0x0000000714500000, 0x0000000714500000|100%| S|CS|TS  1|AC  0|TAMS 0x0000000714400000, 0x0000000714400000|
| 325|0x0000000714500000, 0x0000000714500000, 0x0000000714600000|  0%| F|  |TS  1|AC  0|TAMS 0x0000000714500000, 0x0000000714500000|
| 326|0x0000000714600000, 0x0000000714600000, 0x0000000714700000|  0%| F|  |TS  1|AC  0|TAMS 0x0000000714600000, 0x0000000714600000|
| 327|0x0000000714700000, 0x0000000714700000, 0x0000000714800000|  0%| F|  |TS  1|AC  0|TAMS 0x0000000714700000, 0x0000000714700000|
| 328|0x0000000714800000, 0x0000000714800000, 0x0000000714900000|  0%| F|  |TS  1|AC  0|TAMS 0x0000000714800000, 0x0000000714800000|
| 329|0x0000000714900000, 0x0000000714900000, 0x0000000714a00000|  0%| F|  |TS  1|AC  0|TAMS 0x0000000714900000, 0x0000000714900000|
| 330|0x0000000714a00000, 0x0000000714a00000, 0x0000000714b00000|  0%| F|  |TS  1|AC  0|TAMS 0x0000000714a00000, 0x0000000714a00000|
| 331|0x0000000714b00000, 0x0000000714b00000, 0x0000000714c00000|  0%| F|  |TS  1|AC  0|TAMS 0x0000000714b00000, 0x0000000714b00000|
| 332|0x0000000714c00000, 0x0000000714c00000, 0x0000000714d00000|  0%| F|  |TS  1|AC  0|TAMS 0x0000000714c00000, 0x0000000714c00000|
| 333|0x0000000714d00000, 0x0000000714d00000, 0x0000000714e00000|  0%| F|  |TS  1|AC  0|TAMS 0x0000000714d00000, 0x0000000714d00000|
| 334|0x0000000714e00000, 0x0000000714e00000, 0x0000000714f00000|  0%| F|  |TS  1|AC  0|TAMS 0x0000000714e00000, 0x0000000714e00000|
| 335|0x0000000714f00000, 0x0000000714f00000, 0x0000000715000000|  0%| F|  |TS  1|AC  0|TAMS 0x0000000714f00000, 0x0000000714f00000|
| 336|0x0000000715000000, 0x0000000715000000, 0x0000000715100000|  0%| F|  |TS  1|AC  0|TAMS 0x0000000715000000, 0x0000000715000000|
| 337|0x0000000715100000, 0x0000000715100000, 0x0000000715200000|  0%| F|  |TS  1|AC  0|TAMS 0x0000000715100000, 0x0000000715100000|
| 338|0x0000000715200000, 0x0000000715200000, 0x0000000715300000|  0%| F|  |TS  1|AC  0|TAMS 0x0000000715200000, 0x0000000715200000|
| 339|0x0000000715300000, 0x0000000715300000, 0x0000000715400000|  0%| F|  |TS  1|AC  0|TAMS 0x0000000715300000, 0x0000000715300000|
| 340|0x0000000715400000, 0x0000000715400000, 0x0000000715500000|  0%| F|  |TS  1|AC  0|TAMS 0x0000000715400000, 0x0000000715400000|
| 341|0x0000000715500000, 0x0000000715500000, 0x0000000715600000|  0%| F|  |TS  1|AC  0|TAMS 0x0000000715500000, 0x0000000715500000|
| 342|0x0000000715600000, 0x0000000715600000, 0x0000000715700000|  0%| F|  |TS  1|AC  0|TAMS 0x0000000715600000, 0x0000000715600000|
| 343|0x0000000715700000, 0x0000000715700000, 0x0000000715800000|  0%| F|  |TS  1|AC  0|TAMS 0x0000000715700000, 0x0000000715700000|
| 344|0x0000000715800000, 0x0000000715800000, 0x0000000715900000|  0%| F|  |TS  1|AC  0|TAMS 0x0000000715800000, 0x0000000715800000|
| 345|0x0000000715900000, 0x0000000715900000, 0x0000000715a00000|  0%| F|  |TS  1|AC  0|TAMS 0x0000000715900000, 0x0000000715900000|
| 346|0x0000000715a00000, 0x0000000715a00000, 0x0000000715b00000|  0%| F|  |TS  1|AC  0|TAMS 0x0000000715a00000, 0x0000000715a00000|
| 347|0x0000000715b00000, 0x0000000715b00000, 0x0000000715c00000|  0%| F|  |TS  1|AC  0|TAMS 0x0000000715b00000, 0x0000000715b00000|
| 348|0x0000000715c00000, 0x0000000715c00000, 0x0000000715d00000|  0%| F|  |TS  1|AC  0|TAMS 0x0000000715c00000, 0x0000000715c00000|
| 349|0x0000000715d00000, 0x0000000715d00000, 0x0000000715e00000|  0%| F|  |TS  1|AC  0|TAMS 0x0000000715d00000, 0x0000000715d00000|
| 350|0x0000000715e00000, 0x0000000715e00000, 0x0000000715f00000|  0%| F|  |TS  1|AC  0|TAMS 0x0000000715e00000, 0x0000000715e00000|
| 351|0x0000000715f00000, 0x0000000715f00000, 0x0000000716000000|  0%| F|  |TS  1|AC  0|TAMS 0x0000000715f00000, 0x0000000715f00000|
| 352|0x0000000716000000, 0x0000000716000000, 0x0000000716100000|  0%| F|  |TS  1|AC  0|TAMS 0x0000000716000000, 0x0000000716000000|
| 353|0x0000000716100000, 0x0000000716100000, 0x0000000716200000|  0%| F|  |TS  1|AC  0|TAMS 0x0000000716100000, 0x0000000716100000|
| 354|0x0000000716200000, 0x0000000716200000, 0x0000000716300000|  0%| F|  |TS  1|AC  0|TAMS 0x0000000716200000, 0x0000000716200000|
| 355|0x0000000716300000, 0x0000000716300000, 0x0000000716400000|  0%| F|  |TS  1|AC  0|TAMS 0x0000000716300000, 0x0000000716300000|
| 356|0x0000000716400000, 0x0000000716400000, 0x0000000716500000|  0%| F|  |TS  1|AC  0|TAMS 0x0000000716400000, 0x0000000716400000|
| 357|0x0000000716500000, 0x0000000716500000, 0x0000000716600000|  0%| F|  |TS  1|AC  0|TAMS 0x0000000716500000, 0x0000000716500000|
| 358|0x0000000716600000, 0x0000000716600000, 0x0000000716700000|  0%| F|  |TS  1|AC  0|TAMS 0x0000000716600000, 0x0000000716600000|
| 359|0x0000000716700000, 0x0000000716700000, 0x0000000716800000|  0%| F|  |TS  1|AC  0|TAMS 0x0000000716700000, 0x0000000716700000|
| 360|0x0000000716800000, 0x0000000716800000, 0x0000000716900000|  0%| F|  |TS  1|AC  0|TAMS 0x0000000716800000, 0x0000000716800000|
| 361|0x0000000716900000, 0x0000000716900000, 0x0000000716a00000|  0%| F|  |TS  1|AC  0|TAMS 0x0000000716900000, 0x0000000716900000|
| 362|0x0000000716a00000, 0x0000000716a00000, 0x0000000716b00000|  0%| F|  |TS  1|AC  0|TAMS 0x0000000716a00000, 0x0000000716a00000|
| 363|0x0000000716b00000, 0x0000000716b00000, 0x0000000716c00000|  0%| F|  |TS  1|AC  0|TAMS 0x0000000716b00000, 0x0000000716b00000|
| 364|0x0000000716c00000, 0x0000000716c00000, 0x0000000716d00000|  0%| F|  |TS  1|AC  0|TAMS 0x0000000716c00000, 0x0000000716c00000|
| 365|0x0000000716d00000, 0x0000000716d00000, 0x0000000716e00000|  0%| F|  |TS  1|AC  0|TAMS 0x0000000716d00000, 0x0000000716d00000|
| 366|0x0000000716e00000, 0x0000000716e00000, 0x0000000716f00000|  0%| F|  |TS  1|AC  0|TAMS 0x0000000716e00000, 0x0000000716e00000|
| 367|0x0000000716f00000, 0x0000000716f00000, 0x0000000717000000|  0%| F|  |TS  1|AC  0|TAMS 0x0000000716f00000, 0x0000000716f00000|
| 368|0x0000000717000000, 0x0000000717000000, 0x0000000717100000|  0%| F|  |TS  1|AC  0|TAMS 0x0000000717000000, 0x0000000717000000|
| 369|0x0000000717100000, 0x0000000717100000, 0x0000000717200000|  0%| F|  |TS  1|AC  0|TAMS 0x0000000717100000, 0x0000000717100000|
| 370|0x0000000717200000, 0x0000000717200000, 0x0000000717300000|  0%| F|  |TS  1|AC  0|TAMS 0x0000000717200000, 0x0000000717200000|
| 371|0x0000000717300000, 0x0000000717300000, 0x0000000717400000|  0%| F|  |TS  1|AC  0|TAMS 0x0000000717300000, 0x0000000717300000|
| 372|0x0000000717400000, 0x0000000717400000, 0x0000000717500000|  0%| F|  |TS  1|AC  0|TAMS 0x0000000717400000, 0x0000000717400000|
| 373|0x0000000717500000, 0x0000000717500000, 0x0000000717600000|  0%| F|  |TS  1|AC  0|TAMS 0x0000000717500000, 0x0000000717500000|
| 374|0x0000000717600000, 0x0000000717600000, 0x0000000717700000|  0%| F|  |TS  1|AC  0|TAMS 0x0000000717600000, 0x0000000717600000|
| 375|0x0000000717700000, 0x0000000717700000, 0x0000000717800000|  0%| F|  |TS  1|AC  0|TAMS 0x0000000717700000, 0x0000000717700000|
| 376|0x0000000717800000, 0x0000000717800000, 0x0000000717900000|  0%| F|  |TS  1|AC  0|TAMS 0x0000000717800000, 0x0000000717800000|
| 377|0x0000000717900000, 0x0000000717900000, 0x0000000717a00000|  0%| F|  |TS  1|AC  0|TAMS 0x0000000717900000, 0x0000000717900000|
| 378|0x0000000717a00000, 0x0000000717a00000, 0x0000000717b00000|  0%| F|  |TS  1|AC  0|TAMS 0x0000000717a00000, 0x0000000717a00000|
| 379|0x0000000717b00000, 0x0000000717b00000, 0x0000000717c00000|  0%| F|  |TS  1|AC  0|TAMS 0x0000000717b00000, 0x0000000717b00000|

Card table byte_map: [0x000001f40f600000,0x000001f40fc00000] byte_map_base: 0x000001f40be00000

Marking Bits (Prev, Next): (CMBitMap*) 0x000001f4732a25a0, (CMBitMap*) 0x000001f4732a25d8
 Prev Bits: [0x000001f410200000, 0x000001f413200000)
 Next Bits: [0x000001f413200000, 0x000001f416200000)

Polling page: 0x000001f473180000

CodeHeap 'non-profiled nmethods': size=120064Kb used=6190Kb max_used=6190Kb free=113873Kb
 bounds [0x000001f407ac0000, 0x000001f4080d0000, 0x000001f40f000000]
CodeHeap 'profiled nmethods': size=120000Kb used=22875Kb max_used=22875Kb free=97124Kb
 bounds [0x000001f400590000, 0x000001f401c00000, 0x000001f407ac0000]
CodeHeap 'non-nmethods': size=5696Kb used=1800Kb max_used=1878Kb free=3895Kb
 bounds [0x000001f400000000, 0x000001f400270000, 0x000001f400590000]
 total_blobs=13650 nmethods=8554 adapters=1165
 compilation: enabled

Compilation events (10 events):
Event: 92.401 Thread 0x000001f419156000 9457       1       client::getTextureProvider (4 bytes)
Event: 92.401 Thread 0x000001f419156000 nmethod 9457 0x000001f4080cb610 code [0x000001f4080cb7c0, 0x000001f4080cb8d8]
Event: 92.492 Thread 0x000001f419156000 9458       3       java.awt.image.DirectColorModel::<init> (156 bytes)
Event: 92.494 Thread 0x000001f419156000 nmethod 9458 0x000001f401bee610 code [0x000001f401bee8a0, 0x000001f401bef310]
Event: 92.522 Thread 0x000001f419156000 9459       3       net.runelite.client.ui.overlay.infobox.InfoBoxManager::cull (69 bytes)
Event: 92.523 Thread 0x000001f419156000 nmethod 9459 0x000001f401bef590 code [0x000001f401bef800, 0x000001f401bf02f0]
Event: 92.545 Thread 0x000001f419156000 9460   !   3       java.util.concurrent.ConcurrentHashMap::putVal (432 bytes)
Event: 92.548 Thread 0x000001f419156000 nmethod 9460 0x000001f401bf0610 code [0x000001f401bf09a0, 0x000001f401bf2c80]
Event: 92.608 Thread 0x000001f419156000 9461       3       java.util.TreeMap::<init> (20 bytes)
Event: 92.608 Thread 0x000001f419156000 nmethod 9461 0x000001f401bf3710 code [0x000001f401bf38c0, 0x000001f401bf3b18]

GC Heap History (10 events):
Event: 91.316 GC heap after
{Heap after GC invocations=62 (full 0):
 garbage-first heap   total 284672K, used 232127K [0x0000000700000000, 0x00000007001008b0, 0x00000007c0000000)
  region size 1024K, 3 young (3072K), 3 survivors (3072K)
 Metaspace       used 65059K, capacity 70142K, committed 70272K, reserved 1112064K
  class space    used 7086K, capacity 7950K, committed 8064K, reserved 1048576K
}
Event: 91.328 GC heap before
{Heap before GC invocations=62 (full 0):
 garbage-first heap   total 284672K, used 242367K [0x0000000700000000, 0x00000007001008b0, 0x00000007c0000000)
  region size 1024K, 13 young (13312K), 3 survivors (3072K)
 Metaspace       used 65059K, capacity 70142K, committed 70272K, reserved 1112064K
  class space    used 7086K, capacity 7950K, committed 8064K, reserved 1048576K
}
Event: 91.342 GC heap after
{Heap after GC invocations=63 (full 0):
 garbage-first heap   total 389120K, used 229567K [0x0000000700000000, 0x0000000700100be0, 0x00000007c0000000)
  region size 1024K, 2 young (2048K), 2 survivors (2048K)
 Metaspace       used 65059K, capacity 70142K, committed 70272K, reserved 1112064K
  class space    used 7086K, capacity 7950K, committed 8064K, reserved 1048576K
}
Event: 91.412 GC heap before
{Heap before GC invocations=63 (full 0):
 garbage-first heap   total 389120K, used 259263K [0x0000000700000000, 0x0000000700100be0, 0x00000007c0000000)
  region size 1024K, 32 young (32768K), 2 survivors (2048K)
 Metaspace       used 65060K, capacity 70142K, committed 70272K, reserved 1112064K
  class space    used 7086K, capacity 7950K, committed 8064K, reserved 1048576K
}
Event: 91.425 GC heap after
{Heap after GC invocations=64 (full 0):
 garbage-first heap   total 389120K, used 234391K [0x0000000700000000, 0x0000000700100be0, 0x00000007c0000000)
  region size 1024K, 7 young (7168K), 7 survivors (7168K)
 Metaspace       used 65060K, capacity 70142K, committed 70272K, reserved 1112064K
  class space    used 7086K, capacity 7950K, committed 8064K, reserved 1048576K
}
Event: 92.020 GC heap before
{Heap before GC invocations=65 (full 0):
 garbage-first heap   total 389120K, used 310167K [0x0000000700000000, 0x0000000700100be0, 0x00000007c0000000)
  region size 1024K, 66 young (67584K), 7 survivors (7168K)
 Metaspace       used 65068K, capacity 70142K, committed 70272K, reserved 1112064K
  class space    used 7086K, capacity 7950K, committed 8064K, reserved 1048576K
}
Event: 92.036 GC heap after
{Heap after GC invocations=66 (full 0):
 garbage-first heap   total 389120K, used 254707K [0x0000000700000000, 0x0000000700100be0, 0x00000007c0000000)
  region size 1024K, 8 young (8192K), 8 survivors (8192K)
 Metaspace       used 65068K, capacity 70142K, committed 70272K, reserved 1112064K
  class space    used 7086K, capacity 7950K, committed 8064K, reserved 1048576K
}
Event: 92.072 GC heap before
{Heap before GC invocations=66 (full 0):
 garbage-first heap   total 389120K, used 285427K [0x0000000700000000, 0x0000000700100be0, 0x00000007c0000000)
  region size 1024K, 39 young (39936K), 8 survivors (8192K)
 Metaspace       used 65069K, capacity 70142K, committed 70272K, reserved 1112064K
  class space    used 7086K, capacity 7950K, committed 8064K, reserved 1048576K
}
Event: 92.088 GC heap after
{Heap after GC invocations=67 (full 0):
 garbage-first heap   total 389120K, used 260245K [0x0000000700000000, 0x0000000700100be0, 0x00000007c0000000)
  region size 1024K, 6 young (6144K), 6 survivors (6144K)
 Metaspace       used 65069K, capacity 70142K, committed 70272K, reserved 1112064K
  class space    used 7086K, capacity 7950K, committed 8064K, reserved 1048576K
}
Event: 92.632 GC heap before
{Heap before GC invocations=68 (full 0):
 garbage-first heap   total 389120K, used 325781K [0x0000000700000000, 0x0000000700100be0, 0x00000007c0000000)
  region size 1024K, 55 young (56320K), 6 survivors (6144K)
 Metaspace       used 65072K, capacity 70142K, committed 70272K, reserved 1112064K
  class space    used 7086K, capacity 7950K, committed 8064K, reserved 1048576K
}

Deoptimization events (10 events):
Event: 62.556 Thread 0x000001f41aafd800 Uncommon trap: reason=unstable_if action=reinterpret pc=0x000001f407f7dca8 method=java.util.concurrent.locks.AbstractQueuedSynchronizer.acquireQueued(Ljava/util/concurrent/locks/AbstractQueuedSynchronizer$Node;I)Z @ 14 c2
Event: 62.597 Thread 0x000001f41b1cc000 Uncommon trap: reason=unstable_if action=reinterpret pc=0x000001f407d32648 method=sun.java2d.marlin.Renderer._endRendering(II)V @ 710 c2
Event: 63.377 Thread 0x000001f41f19b800 Uncommon trap: reason=unstable_if action=reinterpret pc=0x000001f407fc83a0 method=com.sun.media.sound.DirectAudioDevice$DirectDL.write([BII)I @ 188 c2
Event: 65.848 Thread 0x000001f41b1cc000 Uncommon trap: reason=array_check action=maybe_recompile pc=0x000001f407fe9d64 method=java.util.TimSort.reverseRange([Ljava/lang/Object;II)V @ 27 c2
Event: 65.855 Thread 0x000001f41b1cc000 Uncommon trap: reason=array_check action=maybe_recompile pc=0x000001f407fe99a4 method=java.util.TimSort.reverseRange([Ljava/lang/Object;II)V @ 27 c2
Event: 72.683 Thread 0x000001f41ae37800 Uncommon trap: reason=unstable_if action=reinterpret pc=0x000001f407b629b8 method=java.util.concurrent.ConcurrentHashMap.addCount(JI)V @ 34 c2
Event: 72.683 Thread 0x000001f41b1cb800 Uncommon trap: reason=unstable_if action=reinterpret pc=0x000001f407c37488 method=java.util.concurrent.ConcurrentHashMap.addCount(JI)V @ 7 c2
Event: 78.786 Thread 0x000001f41a4c4800 Uncommon trap: reason=unstable_if action=reinterpret pc=0x000001f40805eec4 method=java.util.concurrent.FutureTask.runAndReset()Z @ 112 c2
Event: 79.640 Thread 0x000001f41f195000 Uncommon trap: reason=unstable_if action=reinterpret pc=0x000001f408061b94 method=java.util.concurrent.locks.AbstractQueuedSynchronizer$ConditionObject.awaitNanos(J)J @ 79 c2
Event: 87.271 Thread 0x000001f41b1cd800 Uncommon trap: reason=unstable_if action=reinterpret pc=0x000001f4080591f4 method=com.sun.media.sound.SoftSynthesizer$WeakAudioStream.read([BII)I @ 99 c2

Classes redefined (0 events):
No events

Internal exceptions (10 events):
Event: 31.435 Thread 0x000001f41f18f000 Exception <a 'java/lang/NoSuchMethodError'{0x000000070fe0b200}: java.lang.Object.lambda$and$0(Ljava/util/regex/Pattern$CharPredicate;I)Z> (0x000000070fe0b200) thrown at [t:/workspace/hotspot/src/share/vm/interpreter/linkResolver.cpp, line 731]
Event: 31.545 Thread 0x000001f41f18f000 Exception <a 'java/lang/NoSuchMethodError'{0x000000070fc72090}: method resolution failed> (0x000000070fc72090) thrown at [t:/workspace/hotspot/src/share/vm/prims/methodHandles.cpp, line 1256]
Event: 34.691 Thread 0x000001f41b1cc000 Implicit null exception at 0x000001f407cc2c4c to 0x000001f407cc2e71
Event: 53.774 Thread 0x000001f41f190000 Exception <a 'java/net/SocketTimeoutException'{0x000000070c6f7c90}: Read timed out> (0x000000070c6f7c90) thrown at [t:/workspace/hotspot/src/share/vm/prims/jni.cpp, line 625]
Event: 62.151 Thread 0x000001f41b1cc000 Implicit null exception at 0x000001f407e1c1cc to 0x000001f407e1c3f1
Event: 62.185 Thread 0x000001f41f191800 Exception <a 'java/lang/NoSuchMethodError'{0x000000070dcf1e50}: method resolution failed> (0x000000070dcf1e50) thrown at [t:/workspace/hotspot/src/share/vm/prims/methodHandles.cpp, line 1256]
Event: 62.187 Thread 0x000001f41f191800 Exception <a 'java/lang/NoSuchMethodError'{0x000000070dcf8770}: java.lang.invoke.DirectMethodHandle$Holder.invokeStatic(Ljava/lang/Object;Ljava/lang/Object;Ljava/lang/Object;FF)Ljava/lang/Object;> (0x000000070dcf8770) thrown at [t:/workspace/hotspot/src/s
Event: 62.188 Thread 0x000001f41f191800 Exception <a 'java/lang/NoSuchMethodError'{0x000000070dcfbc28}: java.lang.invoke.DirectMethodHandle$Holder.invokeSpecial(Ljava/lang/Object;Ljava/lang/Object;Ljava/lang/Object;Ljava/lang/Object;FF)Ljava/lang/Object;> (0x000000070dcfbc28) thrown at [t:/work
Event: 62.474 Thread 0x000001f41f19b800 Implicit null exception at 0x000001f407e75e7b to 0x000001f407e7613b
Event: 78.786 Thread 0x000001f41a4c4800 Exception <a 'java/lang/NullPointerException'{0x000000070ec14d58}> (0x000000070ec14d58) thrown at [t:/workspace/hotspot/src/share/vm/interpreter/linkResolver.cpp, line 1311]

Events (10 events):
Event: 92.093 Executing VM operation: RevokeBias done
Event: 92.175 Executing VM operation: RevokeBias
Event: 92.175 Executing VM operation: RevokeBias done
Event: 92.209 Executing VM operation: CGC_Operation
Event: 92.259 Executing VM operation: CGC_Operation done
Event: 92.314 Executing VM operation: CGC_Operation
Event: 92.315 Executing VM operation: CGC_Operation done
Event: 92.503 Executing VM operation: RevokeBias
Event: 92.503 Executing VM operation: RevokeBias done
Event: 92.630 Executing VM operation: G1IncCollectionPause


Dynamic libraries:
0x00007ff78a1b0000 - 0x00007ff78a1ee000 	C:\Program Files\Java\jdk-9.0.1\bin\java.exe
0x00007ffc99fc0000 - 0x00007ffc9a1a1000 	C:\WINDOWS\SYSTEM32\ntdll.dll
0x00007ffc97450000 - 0x00007ffc97502000 	C:\WINDOWS\System32\KERNEL32.DLL
0x00007ffc963e0000 - 0x00007ffc96653000 	C:\WINDOWS\System32\KERNELBASE.dll
0x00007ffc99b20000 - 0x00007ffc99bc1000 	C:\WINDOWS\System32\ADVAPI32.dll
0x00007ffc99d00000 - 0x00007ffc99d9e000 	C:\WINDOWS\System32\msvcrt.dll
0x00007ffc99de0000 - 0x00007ffc99e3b000 	C:\WINDOWS\System32\sechost.dll
0x00007ffc99bd0000 - 0x00007ffc99cf4000 	C:\WINDOWS\System32\RPCRT4.dll
0x00007ffc98260000 - 0x00007ffc983f0000 	C:\WINDOWS\System32\USER32.dll
0x00007ffc96df0000 - 0x00007ffc96e10000 	C:\WINDOWS\System32\win32u.dll
0x00007ffc99e60000 - 0x00007ffc99e88000 	C:\WINDOWS\System32\GDI32.dll
0x00007ffc97100000 - 0x00007ffc97292000 	C:\WINDOWS\System32\gdi32full.dll
0x00007ffc97300000 - 0x00007ffc9739f000 	C:\WINDOWS\System32\msvcp_win.dll
0x00007ffc96e10000 - 0x00007ffc96f0a000 	C:\WINDOWS\System32\ucrtbase.dll
0x00007ffc7c580000 - 0x00007ffc7c7e9000 	C:\WINDOWS\WinSxS\amd64_microsoft.windows.common-controls_6595b64144ccf1df_6.0.17134.471_none_fb3e9aab3068fc16\COMCTL32.dll
0x00007ffc8d940000 - 0x00007ffc8d94a000 	C:\WINDOWS\SYSTEM32\VERSION.dll
0x00007ffc97cd0000 - 0x00007ffc97ff2000 	C:\WINDOWS\System32\combase.dll
0x00007ffc96660000 - 0x00007ffc966da000 	C:\WINDOWS\System32\bcryptPrimitives.dll
0x00007ffc99da0000 - 0x00007ffc99dcd000 	C:\WINDOWS\System32\IMM32.DLL
0x00007ffc695d0000 - 0x00007ffc696bf000 	C:\Program Files\Java\jdk-9.0.1\bin\msvcr120.dll
0x00007ffc661a0000 - 0x00007ffc66246000 	C:\Program Files\Java\jdk-9.0.1\bin\msvcp120.dll
0x000000005eee0000 - 0x000000005f904000 	C:\Program Files\Java\jdk-9.0.1\bin\server\jvm.dll
0x00007ffc980b0000 - 0x00007ffc980b8000 	C:\WINDOWS\System32\PSAPI.DLL
0x00007ffc8c120000 - 0x00007ffc8c129000 	C:\WINDOWS\SYSTEM32\WSOCK32.dll
0x00007ffc99ab0000 - 0x00007ffc99b1c000 	C:\WINDOWS\System32\WS2_32.dll
0x00007ffc8e040000 - 0x00007ffc8e063000 	C:\WINDOWS\SYSTEM32\WINMM.dll
0x00007ffc8dfc0000 - 0x00007ffc8dfea000 	C:\WINDOWS\SYSTEM32\WINMMBASE.dll
0x00007ffc96390000 - 0x00007ffc963d9000 	C:\WINDOWS\System32\cfgmgr32.dll
0x00007ffc89020000 - 0x00007ffc8902f000 	C:\Program Files\Java\jdk-9.0.1\bin\verify.dll
0x00007ffc823a0000 - 0x00007ffc823c7000 	C:\Program Files\Java\jdk-9.0.1\bin\java.dll
0x00007ffc7d9e0000 - 0x00007ffc7da0a000 	C:\Program Files\Java\jdk-9.0.1\bin\instrument.dll
0x00007ffc82380000 - 0x00007ffc82396000 	C:\Program Files\Java\jdk-9.0.1\bin\zip.dll
0x00007ffc88e30000 - 0x00007ffc88e3a000 	C:\Program Files\Java\jdk-9.0.1\bin\jimage.dll
0x00007ffc98450000 - 0x00007ffc99890000 	C:\WINDOWS\System32\SHELL32.dll
0x00007ffc98000000 - 0x00007ffc980a9000 	C:\WINDOWS\System32\shcore.dll
0x00007ffc966e0000 - 0x00007ffc96ded000 	C:\WINDOWS\System32\windows.storage.dll
0x00007ffc983f0000 - 0x00007ffc98441000 	C:\WINDOWS\System32\shlwapi.dll
0x00007ffc962d0000 - 0x00007ffc962e1000 	C:\WINDOWS\System32\kernel.appcore.dll
0x00007ffc96320000 - 0x00007ffc9633f000 	C:\WINDOWS\System32\profapi.dll
0x00007ffc96340000 - 0x00007ffc9638c000 	C:\WINDOWS\System32\powrprof.dll
0x00007ffc962f0000 - 0x00007ffc962fa000 	C:\WINDOWS\System32\FLTLIB.DLL
0x00007ffc81f60000 - 0x00007ffc81f7a000 	C:\Program Files\Java\jdk-9.0.1\bin\net.dll
0x00007ffc92e60000 - 0x00007ffc92f3d000 	C:\WINDOWS\SYSTEM32\WINHTTP.dll
0x00007ffc95b50000 - 0x00007ffc95bb6000 	C:\WINDOWS\system32\mswsock.dll
0x00007ffc81f20000 - 0x00007ffc81f31000 	C:\Program Files\Java\jdk-9.0.1\bin\nio.dll
0x00007ffc7b290000 - 0x00007ffc7b2aa000 	C:\Program Files\JetBrains\IntelliJ IDEA Community Edition 2018.3.2\bin\breakgen64.dll
0x00007ffc6a270000 - 0x00007ffc6a293000 	C:\Program Files\Java\jdk-9.0.1\bin\sunec.dll
0x00007ffc95d00000 - 0x00007ffc95d17000 	C:\WINDOWS\SYSTEM32\CRYPTSP.dll
0x00007ffc956d0000 - 0x00007ffc95703000 	C:\WINDOWS\system32\rsaenh.dll
0x00007ffc95e30000 - 0x00007ffc95e55000 	C:\WINDOWS\SYSTEM32\bcrypt.dll
0x00007ffc961d0000 - 0x00007ffc961f8000 	C:\WINDOWS\SYSTEM32\USERENV.dll
0x00007ffc95d20000 - 0x00007ffc95d2b000 	C:\WINDOWS\SYSTEM32\CRYPTBASE.dll
0x00007ffc95870000 - 0x00007ffc958a8000 	C:\WINDOWS\SYSTEM32\IPHLPAPI.DLL
0x00007ffc99dd0000 - 0x00007ffc99dd8000 	C:\WINDOWS\System32\NSI.dll
0x00007ffc916b0000 - 0x00007ffc916c6000 	C:\WINDOWS\SYSTEM32\dhcpcsvc6.DLL
0x00007ffc915a0000 - 0x00007ffc915ba000 	C:\WINDOWS\SYSTEM32\dhcpcsvc.DLL
0x00007ffc958b0000 - 0x00007ffc9596e000 	C:\WINDOWS\SYSTEM32\DNSAPI.dll
0x00007ffc8fb90000 - 0x00007ffc8fb9a000 	C:\Windows\System32\rasadhlp.dll
0x00007ffc900e0000 - 0x00007ffc90152000 	C:\WINDOWS\System32\fwpuclnt.dll
0x00007ffc64e50000 - 0x00007ffc64fe9000 	C:\Program Files\Java\jdk-9.0.1\bin\awt.dll
0x00007ffc99890000 - 0x00007ffc99952000 	C:\WINDOWS\System32\OLEAUT32.dll
0x00007ffc91850000 - 0x00007ffc91e17000 	C:\WINDOWS\SYSTEM32\d2d1.dll
0x00007ffc944a0000 - 0x00007ffc9452b000 	C:\WINDOWS\SYSTEM32\apphelp.dll
0x00007ffc94990000 - 0x00007ffc94a28000 	C:\WINDOWS\system32\uxtheme.dll
0x00007ffc97670000 - 0x00007ffc977e3000 	C:\WINDOWS\System32\MSCTF.dll
0x00007ffc94a90000 - 0x00007ffc94ab9000 	C:\WINDOWS\system32\dwmapi.dll
0x00007ffc97510000 - 0x00007ffc97661000 	C:\WINDOWS\System32\ole32.dll
0x00007ffc82370000 - 0x00007ffc8237b000 	C:\Program Files\Java\jdk-9.0.1\bin\sunmscapi.dll
0x00007ffc96f10000 - 0x00007ffc970f2000 	C:\WINDOWS\System32\CRYPT32.dll
0x00007ffc96300000 - 0x00007ffc96312000 	C:\WINDOWS\System32\MSASN1.dll
0x00007ffc69000000 - 0x00007ffc6909d000 	C:\Program Files\Java\jdk-9.0.1\bin\fontmanager.dll
0x00007ffc69550000 - 0x00007ffc695ce000 	C:\Program Files\Java\jdk-9.0.1\bin\mlib_image.dll
0x00007ffc66350000 - 0x00007ffc66470000 	C:\WINDOWS\system32\opengl32.dll
0x00007ffc82710000 - 0x00007ffc8273c000 	C:\WINDOWS\SYSTEM32\GLU32.dll
0x00007ffc6e3a0000 - 0x00007ffc6e537000 	C:\WINDOWS\system32\d3d9.dll
0x00007ffc85e40000 - 0x00007ffc85f2c000 	C:\WINDOWS\System32\DriverStore\FileRepository\nv_dispi.inf_amd64_f5be1f8d25335236\nvldumdx.dll
0x00007ffc972a0000 - 0x00007ffc972f7000 	C:\WINDOWS\System32\WINTRUST.DLL
0x00007ffc99e40000 - 0x00007ffc99e5d000 	C:\WINDOWS\System32\imagehlp.dll
0x00007ffc4d320000 - 0x00007ffc4e559000 	C:\WINDOWS\System32\DriverStore\FileRepository\nv_dispi.inf_amd64_f5be1f8d25335236\nvd3dumx.dll
0x00007ffc86be0000 - 0x00007ffc86ca3000 	C:\Program Files (x86)\NVIDIA Corporation\3D Vision\nvSCPAPI64.dll
0x00007ffc97870000 - 0x00007ffc97cbb000 	C:\WINDOWS\System32\SETUPAPI.dll
0x00007ffc59570000 - 0x00007ffc597b4000 	C:\WINDOWS\system32\nvspcap64.dll
0x00007ffc953c0000 - 0x00007ffc953f1000 	C:\WINDOWS\SYSTEM32\ntmarta.dll
0x00007ffc95010000 - 0x00007ffc95032000 	C:\WINDOWS\SYSTEM32\gpapi.dll
0x00007ffc88860000 - 0x00007ffc8888e000 	C:\WINDOWS\SYSTEM32\cryptnet.dll
0x00007ffc69410000 - 0x00007ffc69452000 	C:\Program Files\Java\jdk-9.0.1\bin\t2k.dll
0x00007ffc99e90000 - 0x00007ffc99f30000 	C:\WINDOWS\System32\clbcatq.dll
0x00007ffc94660000 - 0x00007ffc9480e000 	C:\WINDOWS\SYSTEM32\WindowsCodecs.dll
0x00007ffc85ad0000 - 0x00007ffc85b28000 	C:\WINDOWS\system32\dataexchange.dll
0x00007ffc941e0000 - 0x00007ffc9437c000 	C:\WINDOWS\system32\dcomp.dll
0x00007ffc91e20000 - 0x00007ffc9212b000 	C:\WINDOWS\system32\d3d11.dll
0x00007ffc95090000 - 0x00007ffc9514b000 	C:\WINDOWS\system32\dxgi.dll
0x00007ffc94ba0000 - 0x00007ffc94d58000 	C:\WINDOWS\system32\twinapi.appcore.dll
0x00007ffc94a30000 - 0x00007ffc94a51000 	C:\WINDOWS\system32\RMCLIENT.dll
0x00007ffc80720000 - 0x00007ffc807c8000 	C:\WINDOWS\SYSTEM32\mscms.dll
0x00007ffc8eb60000 - 0x00007ffc8eb70000 	C:\WINDOWS\SYSTEM32\ColorAdapterClient.dll
0x00007ffc72750000 - 0x00007ffc72793000 	C:\WINDOWS\SYSTEM32\icm32.dll
0x00007ffc85d20000 - 0x00007ffc85db6000 	C:\WINDOWS\System32\TextInputFramework.dll
0x00007ffc87070000 - 0x00007ffc8738e000 	C:\WINDOWS\System32\CoreUIComponents.dll
0x00007ffc908e0000 - 0x00007ffc90a2d000 	C:\WINDOWS\SYSTEM32\wintypes.dll
0x00007ffc93f00000 - 0x00007ffc93fda000 	C:\WINDOWS\System32\CoreMessaging.dll
0x00007ffc85b30000 - 0x00007ffc85b9b000 	C:\WINDOWS\system32\Oleacc.dll
0x0000000180000000 - 0x000000018006c000 	C:\Program Files (x86)\DisplayFusion\Hooks\AppHook64_A6B83BF8-CEA0-478F-AB5B-1B7B06ADEBD0.dll
0x00007ffc688a0000 - 0x00007ffc688e2000 	C:\Users\grahm\AppData\Local\Temp\jna-98615387\jna16832101886500928669.dll
0x00007ffc64db0000 - 0x00007ffc64e4b000 	C:\Users\grahm\AppData\Local\Temp\jna-98615387\jna4553604089337872202.dll
0x00007ffc7e3d0000 - 0x00007ffc7e3dc000 	C:\Program Files\Java\jdk-9.0.1\bin\jsound.dll
0x00007ffc7e230000 - 0x00007ffc7e23b000 	C:\Program Files\Java\jdk-9.0.1\bin\jsoundds.dll
0x00007ffc55780000 - 0x00007ffc5580f000 	C:\WINDOWS\SYSTEM32\DSOUND.dll
0x00007ffc8ff90000 - 0x00007ffc90006000 	C:\WINDOWS\System32\MMDevApi.dll
0x00007ffc960e0000 - 0x00007ffc96107000 	C:\WINDOWS\System32\DEVOBJ.dll
0x00007ffc93680000 - 0x00007ffc93834000 	C:\WINDOWS\System32\PROPSYS.dll
0x00007ffc57d50000 - 0x00007ffc57d94000 	C:\WINDOWS\SYSTEM32\wdmaud.drv
0x00007ffc874e0000 - 0x00007ffc874ea000 	C:\WINDOWS\SYSTEM32\AVRT.dll
0x00007ffc78030000 - 0x00007ffc78039000 	C:\WINDOWS\SYSTEM32\ksuser.dll
0x00007ffc69dd0000 - 0x00007ffc69efc000 	C:\WINDOWS\SYSTEM32\AUDIOSES.DLL
0x00007ffc77db0000 - 0x00007ffc77dbd000 	C:\WINDOWS\SYSTEM32\msacm32.drv
0x00007ffc55910000 - 0x00007ffc5592c000 	C:\WINDOWS\SYSTEM32\MSACM32.dll
0x00007ffc72740000 - 0x00007ffc7274a000 	C:\WINDOWS\SYSTEM32\midimap.dll
0x00007ffc85f30000 - 0x00007ffc86044000 	C:\Windows\System32\Windows.UI.dll
0x00007ffc85dc0000 - 0x00007ffc85e39000 	C:\Windows\System32\InputHost.dll
0x00000000637c0000 - 0x00000000637cd000 	C:\Users\grahm\AppData\Local\Temp\jogamp_0000\file_cache\jln7305653324880126064\jln7772583444779957370\natives\windows-amd64\gluegen-rt.dll
0x00007ffc7d930000 - 0x00007ffc7d938000 	C:\Program Files\Java\jdk-9.0.1\bin\prefs.dll
0x00007ffc88e00000 - 0x00007ffc88e09000 	C:\Program Files\Java\jdk-9.0.1\bin\management.dll
0x00007ffc86e10000 - 0x00007ffc86e1a000 	C:\Program Files\Java\jdk-9.0.1\bin\management_ext.dll
0x00007ffc7d0d0000 - 0x00007ffc7d0d7000 	C:\Program Files\Java\jdk-9.0.1\bin\jawt.dll
0x000000006a440000 - 0x000000006a44d000 	C:\Users\grahm\AppData\Local\Temp\jogamp_0000\file_cache\jln7305653324880126064\jln7772583444779957370\natives\windows-amd64\nativewindow_awt.dll
0x000000006c100000 - 0x000000006c10f000 	C:\Users\grahm\AppData\Local\Temp\jogamp_0000\file_cache\jln7305653324880126064\jln7772583444779957370\natives\windows-amd64\nativewindow_win32.dll
0x0000000064500000 - 0x00000000645b1000 	C:\Users\grahm\AppData\Local\Temp\jogamp_0000\file_cache\jln7305653324880126064\jln7772583444779957370\natives\windows-amd64\jogl_desktop.dll

VM Arguments:
jvm_args: -ea -javaagent:C:\Program Files\JetBrains\IntelliJ IDEA Community Edition 2018.3.2\lib\idea_rt.jar=60563:C:\Program Files\JetBrains\IntelliJ IDEA Community Edition 2018.3.2\bin -Dfile.encoding=UTF-8 
java_command: net.runelite.client.RuneLite --debug --developer-mode
java_class_path (initial): C:\Users\grahm\IdeaProjects\runelite\runelite-client\target\classes;C:\Users\grahm\.m2\repository\org\slf4j\slf4j-api\1.7.25\slf4j-api-1.7.25.jar;C:\Users\grahm\.m2\repository\ch\qos\logback\logback-classic\1.2.3\logback-classic-1.2.3.jar;C:\Users\grahm\.m2\repository\ch\qos\logback\logback-core\1.2.3\logback-core-1.2.3.jar;C:\Users\grahm\.m2\repository\net\sf\jopt-simple\jopt-simple\5.0.1\jopt-simple-5.0.1.jar;C:\Users\grahm\.m2\repository\com\google\guava\guava\23.2-jre\guava-23.2-jre.jar;C:\Users\grahm\.m2\repository\com\google\code\findbugs\jsr305\1.3.9\jsr305-1.3.9.jar;C:\Users\grahm\.m2\repository\com\google\errorprone\error_prone_annotations\2.0.18\error_prone_annotations-2.0.18.jar;C:\Users\grahm\.m2\repository\com\google\j2objc\j2objc-annotations\1.1\j2objc-annotations-1.1.jar;C:\Users\grahm\.m2\repository\org\codehaus\mojo\animal-sniffer-annotations\1.14\animal-sniffer-annotations-1.14.jar;C:\Users\grahm\.m2\repository\com\google\inject\guice\4.1.0\guice-4.1.0-no_aop.jar;C:\Users\grahm\.m2\repository\javax\inject\javax.inject\1\javax.inject-1.jar;C:\Users\grahm\.m2\repository\aopalliance\aopalliance\1.0\aopalliance-1.0.jar;C:\Users\grahm\.m2\repository\com\google\code\gson\gson\2.8.5\gson-2.8.5.jar;C:\Users\grahm\.m2\repository\net\runelite\pushingpixels\substance\8.0.02\substance-8.0.02.jar;C:\Users\grahm\.m2\repository\net\runelite\pushingpixels\trident\1.5.00\trident-1.5.00.jar;C:\Users\grahm\.m2\repository\org\apache\commons\commons-text\1.2\commons-text-1.2.jar;C:\Users\grahm\.m2\repository\org\apache\commons\commons-lang3\3.7\commons-lang3-3.7.jar;C:\Users\grahm\.m2\repository\org\jogamp\jogl\jogl-all\2.3.2\jogl-all-2.3.2.jar;C:\Users\grahm\.m2\repository\org\jogamp\jogl\jogl-all\2.3.2\jogl-all-2.3.2-natives-windows-amd64.jar;C:\Users\grahm\.m2\repository\org\jogamp\jogl\jogl-all\2.3.2\jogl-all-2.3.2-natives-windows-i586.jar;C:\Users\grahm\.m2\repository\org\jogamp\jogl\jogl-all\2.3.2\jogl-all-2.3.2-natives-linux-amd64.ja
Launcher Type: SUN_STANDARD

Logging:
Log output configuration:
#0: stdout all=warning uptime,level,tags
#1: stderr all=off uptime,level,tags

Environment Variables:
PATH=C:\ProgramData\Oracle\Java\javapath;C:\Windows\system32;C:\Windows;C:\Windows\System32\Wbem;C:\Windows\System32\WindowsPowerShell\v1.0\;c:\Program Files (x86)\Microsoft SQL Server\100\Tools\Binn\;c:\Program Files\Microsoft SQL Server\100\Tools\Binn\;c:\Program Files\Microsoft SQL Server\100\DTS\Binn\;C:\Program Files\Java\jdk1.7.0_80\bin;C:\Program Files (x86)\Skype\Phone\;C:\Program Files (x86)\PharosSystems\Core;C:\WINDOWS\system32;C:\WINDOWS;C:\WINDOWS\System32\Wbem;C:\WINDOWS\System32\WindowsPowerShell\v1.0\;C:\Program Files\OpenVPN\bin;C:\Program Files\PuTTY\;C:\Program Files (x86)\Calibre2\;C:\Program Files (x86)\NVIDIA Corporation\PhysX\Common;%SystemRoot%\system32;%SystemRoot%;%SystemRoot%\System32\Wbem;%SYSTEMROOT%\System32\WindowsPowerShell\v1.0\;%SYSTEMROOT%\System32\OpenSSH\;C:\Users\grahm\AppData\Local\Programs\Python\Python36-32\Scripts\;C:\Users\grahm\AppData\Local\Programs\Python\Python36-32\;C:\Users\grahm\AppData\Local\Microsoft\WindowsApps;C:\Users\grahm\AppData\Local\GitHubDesktop\bin;C:\Users\grahm\AppData\Local\Microsoft\WindowsApps;
USERNAME=grahm
OS=Windows_NT
PROCESSOR_IDENTIFIER=AMD64 Family 16 Model 5 Stepping 3, AuthenticAMD



---------------  S Y S T E M  ---------------

OS: Windows 10 , 64 bit Build 17134 (10.0.17134.1)

CPU:total 4 (initial active 4) (4 cores per cpu, 1 threads per core) family 16 model 5 stepping 3, cmov, cx8, fxsr, mmx, sse, sse2, sse3, popcnt, mmxext, 3dnowpref, lzcnt, sse4a, tsc, tscinvbit, tscinv

Memory: 4k page, physical 12582064k(3798080k free), swap 12582064k(139540k free)

vm_info: Java HotSpot(TM) 64-Bit Server VM (9.0.1+11) for windows-amd64 JRE (9.0.1+11), built on Sep 28 2017 04:54:03 by "mach5one" with MS VC++ 12.0 (VS2013)

END.
