#
# There is insufficient memory for the Java Runtime Environment to continue.
# Native memory allocation (mmap) failed to map 73400320 bytes for Failed to commit area from 0x0000000711600000 to 0x0000000715c00000 of length 73400320.
# Possible reasons:
#   The system is out of physical RAM or swap space
#   The process is running with CompressedOops enabled, and the Java Heap may be blocking the growth of the native heap
# Possible solutions:
#   Reduce memory load on the system
#   Increase physical memory or swap space
#   Check if swap backing store is full
#   Decrease Java heap size (-Xmx/-Xms)
#   Decrease number of Java threads
#   Decrease Java thread stack sizes (-Xss)
#   Set larger code cache with -XX:ReservedCodeCacheSize=
#   JVM is running with Zero Based Compressed Oops mode in which the Java heap is
#     placed in the first 32GB address space. The Java Heap base address is the
#     maximum limit for the native heap growth. Please use -XX:HeapBaseMinAddress
#     to set the Java Heap base and to place the Java Heap above 32GB virtual address.
# This output file may be truncated or incomplete.
#
#  Out of Memory Error (t:/workspace/hotspot/src/os/windows/vm/os_windows.cpp:3357), pid=6240, tid=14932
#
# JRE version: Java(TM) SE Runtime Environment (9.0+11) (build 9.0.1+11)
# Java VM: Java HotSpot(TM) 64-Bit Server VM (9.0.1+11, mixed mode, tiered, compressed oops, g1 gc, windows-amd64)
# No core dump will be written. Minidumps are not enabled by default on client versions of Windows
#

---------------  S U M M A R Y ------------

Command Line: -ea -javaagent:C:\Program Files\JetBrains\IntelliJ IDEA Community Edition 2018.3.2\lib\idea_rt.jar=59885:C:\Program Files\JetBrains\IntelliJ IDEA Community Edition 2018.3.2\bin -Dfile.encoding=UTF-8 net.runelite.client.RuneLite --debug --developer-mode

Host: AMD Athlon(tm) II X4 645 Processor, 4 cores, 11G,  Windows 10 , 64 bit Build 17134 (10.0.17134.1)
Time: Fri Dec 21 16:04:49 2018 Eastern Standard Time elapsed time: 18 seconds (0d 0h 0m 18s)

---------------  T H R E A D  ---------------

Current thread (0x0000020e4962b000):  VMThread "VM Thread" [stack: 0x000000161ab00000,0x000000161ac00000] [id=14932]

Stack: [0x000000161ab00000,0x000000161ac00000]
[error occurred during error reporting (printing stack bounds), id 0xe0000002]

Native frames: (J=compiled Java code, j=interpreted, Vv=VM code, C=native code)
V  [jvm.dll+0x5870b8]
V  [jvm.dll+0x69c0ee]
V  [jvm.dll+0x69d00a]
V  [jvm.dll+0x69cb95]
V  [jvm.dll+0x69d5ab]
V  [jvm.dll+0x586916]
V  [jvm.dll+0x586ce8]
C  [ntdll.dll+0x9f7dd]
C  [ntdll.dll+0xd856]
C  [ntdll.dll+0x9e70e]
C  0x0000020e2f8b0e3d

VM_Operation (0x000000161d74ee20): G1IncCollectionPause, mode: safepoint, requested by thread 0x0000020e4ecde000


---------------  P R O C E S S  ---------------

Java Threads: ( => current thread )
  0x0000020e4ecde000 JavaThread "Thread-10" daemon [_thread_blocked, id=14184, stack(0x000000161d650000,0x000000161d750000)]
  0x0000020e4ece5000 JavaThread "TimerQueue" daemon [_thread_blocked, id=14360, stack(0x000000161d550000,0x000000161d650000)]
  0x0000020e4ece4800 JavaThread "Thread-9" daemon [_thread_blocked, id=10248, stack(0x000000161d350000,0x000000161d450000)]
  0x0000020e4ece0800 JavaThread "Thread-8" daemon [_thread_in_native, id=9388, stack(0x000000161d250000,0x000000161d350000)]
  0x0000020e4ecdd800 JavaThread "D3D Screen Updater" daemon [_thread_blocked, id=14876, stack(0x000000161d130000,0x000000161d230000)]
  0x0000020e4ece3800 JavaThread "Trident pulse source thread" daemon [_thread_blocked, id=17176, stack(0x000000161d030000,0x000000161d130000)]
  0x0000020e4ece0000 JavaThread "Trident callback thread" daemon [_thread_blocked, id=12868, stack(0x000000161cf30000,0x000000161d030000)]
  0x0000020e4ecdc800 JavaThread "Substance heap status" daemon [_thread_blocked, id=15260, stack(0x000000161cc30000,0x000000161cd30000)]
  0x0000020e4ece1800 JavaThread "Thread-4" daemon [_thread_blocked, id=13980, stack(0x000000161cb30000,0x000000161cc30000)]
  0x0000020e4ecdf000 JavaThread "Thread-3" daemon [_thread_blocked, id=9864, stack(0x000000161ca30000,0x000000161cb30000)]
  0x0000020e4ece3000 JavaThread "Thread-2" daemon [_thread_blocked, id=2452, stack(0x000000161c930000,0x000000161ca30000)]
  0x0000020e4ece2000 JavaThread "Image Fetcher 0" daemon [_thread_blocked, id=15832, stack(0x000000161c830000,0x000000161c930000)]
  0x0000020e4ab44800 JavaThread "AWT-EventQueue-0" [_thread_blocked, id=16592, stack(0x000000161c400000,0x000000161c500000)]
  0x0000020e4ab43000 JavaThread "AWT-Shutdown" [_thread_blocked, id=3504, stack(0x000000161c300000,0x000000161c400000)]
  0x0000020e4ab41800 JavaThread "OkHttp static.runelite.net" [_thread_in_native, id=8040, stack(0x000000161be00000,0x000000161bf00000)]
  0x0000020e4ab3f000 JavaThread "OkHttp Http2Connection" daemon [_thread_blocked, id=4276, stack(0x000000161c200000,0x000000161c300000)]
  0x0000020e4ab40000 JavaThread "OkHttp Http2Connection" daemon [_thread_blocked, id=1436, stack(0x000000161c100000,0x000000161c200000)]
  0x0000020e4ab43800 JavaThread "OkHttp api.runelite.net" [_thread_in_native, id=16704, stack(0x000000161c000000,0x000000161c100000)]
  0x0000020e4ab42000 JavaThread "AWT-Windows" daemon [_thread_blocked, id=1796, stack(0x000000161bf00000,0x000000161c000000)]
  0x0000020e4ab46000 JavaThread "Java2D Disposer" daemon [_thread_blocked, id=15992, stack(0x000000161bd00000,0x000000161be00000)]
  0x0000020e4ab45000 JavaThread "pool-3-thread-1" [_thread_blocked, id=15332, stack(0x000000161bc00000,0x000000161bd00000)]
  0x0000020e4ab40800 JavaThread "Okio Watchdog" daemon [_thread_blocked, id=12932, stack(0x000000161bb00000,0x000000161bc00000)]
  0x0000020e4a369000 JavaThread "OkHttp ConnectionPool" daemon [_thread_blocked, id=15764, stack(0x000000161ba00000,0x000000161bb00000)]
  0x0000020e4a976000 JavaThread "pool-2-thread-1" [_thread_blocked, id=15920, stack(0x000000161b800000,0x000000161b900000)]
  0x0000020e49b86800 JavaThread "Service Thread" daemon [_thread_blocked, id=16172, stack(0x000000161b600000,0x000000161b700000)]
  0x0000020e49a14000 JavaThread "Monitor Ctrl-Break" daemon [_thread_in_native, id=9540, stack(0x000000161b500000,0x000000161b600000)]
  0x0000020e496cc000 JavaThread "Common-Cleaner" daemon [_thread_blocked, id=17048, stack(0x000000161b400000,0x000000161b500000)]
  0x0000020e4969b800 JavaThread "Sweeper thread" daemon [_thread_blocked, id=7972, stack(0x000000161b300000,0x000000161b400000)]
  0x0000020e49699800 JavaThread "C1 CompilerThread2" daemon [_thread_blocked, id=15848, stack(0x000000161b200000,0x000000161b300000)]
  0x0000020e49695800 JavaThread "C2 CompilerThread1" daemon [_thread_blocked, id=14976, stack(0x000000161b100000,0x000000161b200000)]
  0x0000020e49687800 JavaThread "C2 CompilerThread0" daemon [_thread_blocked, id=12324, stack(0x000000161b000000,0x000000161b100000)]
  0x0000020e49686800 JavaThread "Attach Listener" daemon [_thread_blocked, id=7132, stack(0x000000161af00000,0x000000161b000000)]
  0x0000020e49685800 JavaThread "Signal Dispatcher" daemon [_thread_blocked, id=736, stack(0x000000161ae00000,0x000000161af00000)]
  0x0000020e49638800 JavaThread "Finalizer" daemon [_thread_blocked, id=15660, stack(0x000000161ad00000,0x000000161ae00000)]
  0x0000020e4962e000 JavaThread "Reference Handler" daemon [_thread_blocked, id=15856, stack(0x000000161ac00000,0x000000161ad00000)]
  0x0000020e238c9800 JavaThread "main" [_thread_blocked, id=16708, stack(0x0000001619f00000,0x000000161a000000)]

Other Threads:
=>0x0000020e4962b000 VMThread "VM Thread" [stack: 0x000000161ab00000,0x000000161ac00000] [id=14932]
  0x0000020e49b97000 WatcherThread [stack: 0x000000161b700000,0x000000161b800000] [id=12232]
  0x0000020e238e1800 GCTaskThread "GC Thread#0" [stack: 0x000000161a000000,0x000000161a100000] [id=13608]
  0x0000020e238e3000 GCTaskThread "GC Thread#1" [stack: 0x000000161a100000,0x000000161a200000] [id=14364]
  0x0000020e238e4800 GCTaskThread "GC Thread#2" [stack: 0x000000161a200000,0x000000161a300000] [id=17312]
  0x0000020e238e6800 GCTaskThread "GC Thread#3" [stack: 0x000000161a300000,0x000000161a400000] [id=12000]
  0x0000020e2393d800 ConcurrentGCThread "G1 Main Marker" [stack: 0x000000161a900000,0x000000161aa00000] [id=10560]
  0x0000020e2393e000 ConcurrentGCThread "G1 Marker#0" [stack: 0x000000161aa00000,0x000000161ab00000] [id=17376]
  0x0000020e238f3000 ConcurrentGCThread "G1 Refine#0" [stack: 0x000000161a700000,0x000000161a800000] [id=15028]
  0x0000020e238ef800 ConcurrentGCThread "G1 Refine#1" [stack: 0x000000161a600000,0x000000161a700000] [id=9980]
  0x0000020e238ee800 ConcurrentGCThread "G1 Refine#2" [stack: 0x000000161a500000,0x000000161a600000] [id=1804]
  0x0000020e238e9800 ConcurrentGCThread "G1 Refine#3" [stack: 0x000000161a400000,0x000000161a500000] [id=2312]
  0x0000020e238f4000 ConcurrentGCThread "G1 Young RemSet Sampling" [stack: 0x000000161a800000,0x000000161a900000] [id=17284]

Threads with active compile tasks:
C2 CompilerThread16067 % !   4       iu::g @ 367 (1320 bytes)
C2 CompilerThread05978 %     4       fk::e @ 576 (2632 bytes)

VM state:at safepoint (normal execution)

VM Mutex/Monitor currently owned by a thread:  ([mutex/lock_event])
[0x0000020e238c90e0] Threads_lock - owner thread: 0x0000020e4962b000
[0x0000020e238c7940] Heap_lock - owner thread: 0x0000020e4ecde000

Heap address: 0x0000000700000000, size: 3072 MB, Compressed Oops mode: Zero based, Oop shift amount: 3
Narrow klass base: 0x0000000000000000, Narrow klass shift: 3
Compressed class space size: 1073741824 Address: 0x00000007c0000000

Heap:
 garbage-first heap   total 356352K, used 76686K [0x0000000700000000, 0x0000000700100ae0, 0x00000007c0000000)
  region size 1024K, 20 young (20480K), 20 survivors (20480K)
 Metaspace       used 52648K, capacity 55712K, committed 55888K, reserved 1099776K
  class space    used 5913K, capacity 6476K, committed 6528K, reserved 1048576K
Heap Regions: E=young(eden), S=young(survivor), O=old, HS=humongous(starts), HC=humongous(continues), CS=collection set, F=free, A=archive, TS=gc time stamp, AC=allocation context, TAMS=top-at-mark-start (previous, next)
|   0|0x0000000700000000, 0x0000000700100000, 0x0000000700100000|100%| O|  |TS  0|AC  0|TAMS 0x0000000700100000, 0x0000000700100000|
|   1|0x0000000700100000, 0x0000000700200000, 0x0000000700200000|100%| O|  |TS  0|AC  0|TAMS 0x0000000700200000, 0x0000000700200000|
|   2|0x0000000700200000, 0x0000000700300000, 0x0000000700300000|100%| O|  |TS  0|AC  0|TAMS 0x0000000700300000, 0x0000000700300000|
|   3|0x0000000700300000, 0x0000000700400000, 0x0000000700400000|100%| O|  |TS  0|AC  0|TAMS 0x0000000700400000, 0x0000000700400000|
|   4|0x0000000700400000, 0x0000000700400000, 0x0000000700500000|  0%| F|  |TS  1|AC  0|TAMS 0x0000000700400000, 0x0000000700400000|
|   5|0x0000000700500000, 0x0000000700500000, 0x0000000700600000|  0%| F|  |TS  1|AC  0|TAMS 0x0000000700500000, 0x0000000700500000|
|   6|0x0000000700600000, 0x0000000700700000, 0x0000000700700000|100%|HS|  |TS  0|AC  0|TAMS 0x0000000700600000, 0x0000000700600000|
|   7|0x0000000700700000, 0x0000000700800000, 0x0000000700800000|100%|HC|  |TS  0|AC  0|TAMS 0x0000000700700000, 0x0000000700700000|
|   8|0x0000000700800000, 0x0000000700800000, 0x0000000700900000|  0%| F|  |TS  1|AC  0|TAMS 0x0000000700800000, 0x0000000700800000|
|   9|0x0000000700900000, 0x0000000700900000, 0x0000000700a00000|  0%| F|  |TS  1|AC  0|TAMS 0x0000000700900000, 0x0000000700900000|
|  10|0x0000000700a00000, 0x0000000700b00000, 0x0000000700b00000|100%|HS|  |TS  0|AC  0|TAMS 0x0000000700a00000, 0x0000000700a00000|
|  11|0x0000000700b00000, 0x0000000700c00000, 0x0000000700c00000|100%|HC|  |TS  0|AC  0|TAMS 0x0000000700b00000, 0x0000000700b00000|
|  12|0x0000000700c00000, 0x0000000700d00000, 0x0000000700d00000|100%|HC|  |TS  0|AC  0|TAMS 0x0000000700c00000, 0x0000000700c00000|
|  13|0x0000000700d00000, 0x0000000700e00000, 0x0000000700e00000|100%|HC|  |TS  0|AC  0|TAMS 0x0000000700d00000, 0x0000000700d00000|
|  14|0x0000000700e00000, 0x0000000700f00000, 0x0000000700f00000|100%|HC|  |TS  0|AC  0|TAMS 0x0000000700e00000, 0x0000000700e00000|
|  15|0x0000000700f00000, 0x0000000701000000, 0x0000000701000000|100%|HC|  |TS  0|AC  0|TAMS 0x0000000700f00000, 0x0000000700f00000|
|  16|0x0000000701000000, 0x0000000701100000, 0x0000000701100000|100%|HC|  |TS  0|AC  0|TAMS 0x0000000701000000, 0x0000000701000000|
|  17|0x0000000701100000, 0x0000000701200000, 0x0000000701200000|100%|HC|  |TS  0|AC  0|TAMS 0x0000000701100000, 0x0000000701100000|
|  18|0x0000000701200000, 0x0000000701300000, 0x0000000701300000|100%| O|  |TS  1|AC  0|TAMS 0x0000000701200000, 0x0000000701200000|
|  19|0x0000000701300000, 0x0000000701400000, 0x0000000701400000|100%| O|  |TS  1|AC  0|TAMS 0x0000000701300000, 0x0000000701300000|
|  20|0x0000000701400000, 0x0000000701500000, 0x0000000701500000|100%| O|  |TS  1|AC  0|TAMS 0x0000000701400000, 0x0000000701400000|
|  21|0x0000000701500000, 0x0000000701600000, 0x0000000701600000|100%| O|  |TS  1|AC  0|TAMS 0x0000000701500000, 0x0000000701500000|
|  22|0x0000000701600000, 0x0000000701700000, 0x0000000701700000|100%| O|  |TS  1|AC  0|TAMS 0x0000000701600000, 0x0000000701600000|
|  23|0x0000000701700000, 0x0000000701800000, 0x0000000701800000|100%| O|  |TS  1|AC  0|TAMS 0x0000000701700000, 0x0000000701700000|
|  24|0x0000000701800000, 0x0000000701900000, 0x0000000701900000|100%| O|  |TS  1|AC  0|TAMS 0x0000000701800000, 0x0000000701800000|
|  25|0x0000000701900000, 0x0000000701a00000, 0x0000000701a00000|100%| O|  |TS  1|AC  0|TAMS 0x0000000701900000, 0x0000000701900000|
|  26|0x0000000701a00000, 0x0000000701b00000, 0x0000000701b00000|100%| O|  |TS  1|AC  0|TAMS 0x0000000701a00000, 0x0000000701a00000|
|  27|0x0000000701b00000, 0x0000000701c00000, 0x0000000701c00000|100%| O|  |TS  1|AC  0|TAMS 0x0000000701b00000, 0x0000000701b00000|
|  28|0x0000000701c00000, 0x0000000701d00000, 0x0000000701d00000|100%| O|  |TS  1|AC  0|TAMS 0x0000000701c00000, 0x0000000701c00000|
|  29|0x0000000701d00000, 0x0000000701e00000, 0x0000000701e00000|100%| O|  |TS  1|AC  0|TAMS 0x0000000701d00000, 0x0000000701d00000|
|  30|0x0000000701e00000, 0x0000000701f00000, 0x0000000701f00000|100%| O|  |TS  1|AC  0|TAMS 0x0000000701e00000, 0x0000000701e00000|
|  31|0x0000000701f00000, 0x0000000702000000, 0x0000000702000000|100%| O|  |TS  1|AC  0|TAMS 0x0000000701f00000, 0x0000000701f00000|
|  32|0x0000000702000000, 0x0000000702100000, 0x0000000702100000|100%| O|  |TS  1|AC  0|TAMS 0x0000000702000000, 0x0000000702000000|
|  33|0x0000000702100000, 0x0000000702200000, 0x0000000702200000|100%| O|  |TS  1|AC  0|TAMS 0x0000000702100000, 0x0000000702100000|
|  34|0x0000000702200000, 0x0000000702300000, 0x0000000702300000|100%| O|  |TS  1|AC  0|TAMS 0x0000000702200000, 0x0000000702200000|
|  35|0x0000000702300000, 0x0000000702400000, 0x0000000702400000|100%| O|  |TS  1|AC  0|TAMS 0x0000000702300000, 0x0000000702300000|
|  36|0x0000000702400000, 0x0000000702500000, 0x0000000702500000|100%| O|  |TS  1|AC  0|TAMS 0x0000000702400000, 0x0000000702400000|
|  37|0x0000000702500000, 0x0000000702600000, 0x0000000702600000|100%| O|  |TS  1|AC  0|TAMS 0x0000000702500000, 0x0000000702500000|
|  38|0x0000000702600000, 0x0000000702700000, 0x0000000702700000|100%| O|  |TS  1|AC  0|TAMS 0x0000000702600000, 0x0000000702600000|
|  39|0x0000000702700000, 0x0000000702800000, 0x0000000702800000|100%| O|  |TS  1|AC  0|TAMS 0x0000000702700000, 0x0000000702700000|
|  40|0x0000000702800000, 0x0000000702900000, 0x0000000702900000|100%| O|  |TS  1|AC  0|TAMS 0x0000000702800000, 0x0000000702800000|
|  41|0x0000000702900000, 0x0000000702a00000, 0x0000000702a00000|100%| O|  |TS  1|AC  0|TAMS 0x0000000702900000, 0x0000000702900000|
|  42|0x0000000702a00000, 0x0000000702b00000, 0x0000000702b00000|100%| O|  |TS  1|AC  0|TAMS 0x0000000702a00000, 0x0000000702a00000|
|  43|0x0000000702b00000, 0x0000000702c00000, 0x0000000702c00000|100%| O|  |TS  1|AC  0|TAMS 0x0000000702b00000, 0x0000000702b00000|
|  44|0x0000000702c00000, 0x0000000702d00000, 0x0000000702d00000|100%| O|  |TS  1|AC  0|TAMS 0x0000000702c00000, 0x0000000702c00000|
|  45|0x0000000702d00000, 0x0000000702e00000, 0x0000000702e00000|100%| O|  |TS  1|AC  0|TAMS 0x0000000702d00000, 0x0000000702d00000|
|  46|0x0000000702e00000, 0x0000000702f00000, 0x0000000702f00000|100%| O|  |TS  1|AC  0|TAMS 0x0000000702e00000, 0x0000000702e00000|
|  47|0x0000000702f00000, 0x0000000703000000, 0x0000000703000000|100%| O|  |TS  1|AC  0|TAMS 0x0000000702f00000, 0x0000000702f00000|
|  48|0x0000000703000000, 0x0000000703100000, 0x0000000703100000|100%| O|  |TS  1|AC  0|TAMS 0x0000000703000000, 0x0000000703000000|
|  49|0x0000000703100000, 0x0000000703200000, 0x0000000703200000|100%| O|  |TS  1|AC  0|TAMS 0x0000000703100000, 0x0000000703100000|
|  50|0x0000000703200000, 0x0000000703300000, 0x0000000703300000|100%| O|  |TS  1|AC  0|TAMS 0x0000000703200000, 0x0000000703200000|
|  51|0x0000000703300000, 0x0000000703400000, 0x0000000703400000|100%| O|  |TS  1|AC  0|TAMS 0x0000000703300000, 0x0000000703300000|
|  52|0x0000000703400000, 0x0000000703500000, 0x0000000703500000|100%| O|  |TS  1|AC  0|TAMS 0x0000000703400000, 0x0000000703400000|
|  53|0x0000000703500000, 0x0000000703600000, 0x0000000703600000|100%| O|  |TS  1|AC  0|TAMS 0x0000000703500000, 0x0000000703500000|
|  54|0x0000000703600000, 0x0000000703700000, 0x0000000703700000|100%| O|  |TS  1|AC  0|TAMS 0x0000000703600000, 0x0000000703600000|
|  55|0x0000000703700000, 0x0000000703800000, 0x0000000703800000|100%| O|  |TS  1|AC  0|TAMS 0x0000000703700000, 0x0000000703700000|
|  56|0x0000000703800000, 0x0000000703900000, 0x0000000703900000|100%| O|  |TS  1|AC  0|TAMS 0x0000000703800000, 0x0000000703800000|
|  57|0x0000000703900000, 0x00000007039e3800, 0x0000000703a00000| 88%| O|  |TS  1|AC  0|TAMS 0x0000000703900000, 0x0000000703900000|
|  58|0x0000000703a00000, 0x0000000703a00000, 0x0000000703b00000|  0%| F|  |TS  0|AC  0|TAMS 0x0000000703a00000, 0x0000000703a00000|
|  59|0x0000000703b00000, 0x0000000703b00000, 0x0000000703c00000|  0%| F|  |TS  0|AC  0|TAMS 0x0000000703b00000, 0x0000000703b00000|
|  60|0x0000000703c00000, 0x0000000703d00000, 0x0000000703d00000|100%|HS|  |TS  0|AC  0|TAMS 0x0000000703d00000, 0x0000000703d00000|
|  61|0x0000000703d00000, 0x0000000703d00000, 0x0000000703e00000|  0%| F|  |TS  0|AC  0|TAMS 0x0000000703d00000, 0x0000000703d00000|
|  62|0x0000000703e00000, 0x0000000703e00000, 0x0000000703f00000|  0%| F|  |TS  0|AC  0|TAMS 0x0000000703e00000, 0x0000000703e00000|
|  63|0x0000000703f00000, 0x0000000703f00000, 0x0000000704000000|  0%| F|  |TS  0|AC  0|TAMS 0x0000000703f00000, 0x0000000703f00000|
|  64|0x0000000704000000, 0x0000000704000000, 0x0000000704100000|  0%| F|  |TS  0|AC  0|TAMS 0x0000000704000000, 0x0000000704000000|
|  65|0x0000000704100000, 0x0000000704100000, 0x0000000704200000|  0%| F|  |TS  0|AC  0|TAMS 0x0000000704100000, 0x0000000704100000|
|  66|0x0000000704200000, 0x0000000704200000, 0x0000000704300000|  0%| F|  |TS  0|AC  0|TAMS 0x0000000704200000, 0x0000000704200000|
|  67|0x0000000704300000, 0x0000000704300000, 0x0000000704400000|  0%| F|  |TS  0|AC  0|TAMS 0x0000000704300000, 0x0000000704300000|
|  68|0x0000000704400000, 0x0000000704400000, 0x0000000704500000|  0%| F|  |TS  0|AC  0|TAMS 0x0000000704400000, 0x0000000704400000|
|  69|0x0000000704500000, 0x0000000704500000, 0x0000000704600000|  0%| F|  |TS  0|AC  0|TAMS 0x0000000704500000, 0x0000000704500000|
|  70|0x0000000704600000, 0x0000000704600000, 0x0000000704700000|  0%| F|  |TS  0|AC  0|TAMS 0x0000000704600000, 0x0000000704600000|
|  71|0x0000000704700000, 0x0000000704700000, 0x0000000704800000|  0%| F|  |TS  0|AC  0|TAMS 0x0000000704700000, 0x0000000704700000|
|  72|0x0000000704800000, 0x0000000704800000, 0x0000000704900000|  0%| F|  |TS  0|AC  0|TAMS 0x0000000704800000, 0x0000000704800000|
|  73|0x0000000704900000, 0x0000000704900000, 0x0000000704a00000|  0%| F|  |TS  0|AC  0|TAMS 0x0000000704900000, 0x0000000704900000|
|  74|0x0000000704a00000, 0x0000000704a00000, 0x0000000704b00000|  0%| F|  |TS  0|AC  0|TAMS 0x0000000704a00000, 0x0000000704a00000|
|  75|0x0000000704b00000, 0x0000000704b00000, 0x0000000704c00000|  0%| F|  |TS  0|AC  0|TAMS 0x0000000704b00000, 0x0000000704b00000|
|  76|0x0000000704c00000, 0x0000000704c00000, 0x0000000704d00000|  0%| F|  |TS  0|AC  0|TAMS 0x0000000704c00000, 0x0000000704c00000|
|  77|0x0000000704d00000, 0x0000000704d00000, 0x0000000704e00000|  0%| F|  |TS  0|AC  0|TAMS 0x0000000704d00000, 0x0000000704d00000|
|  78|0x0000000704e00000, 0x0000000704e00000, 0x0000000704f00000|  0%| F|  |TS  0|AC  0|TAMS 0x0000000704e00000, 0x0000000704e00000|
|  79|0x0000000704f00000, 0x0000000704f00000, 0x0000000705000000|  0%| F|  |TS  0|AC  0|TAMS 0x0000000704f00000, 0x0000000704f00000|
|  80|0x0000000705000000, 0x0000000705000000, 0x0000000705100000|  0%| F|  |TS  0|AC  0|TAMS 0x0000000705000000, 0x0000000705000000|
|  81|0x0000000705100000, 0x0000000705100000, 0x0000000705200000|  0%| F|  |TS  0|AC  0|TAMS 0x0000000705100000, 0x0000000705100000|
|  82|0x0000000705200000, 0x0000000705200000, 0x0000000705300000|  0%| F|  |TS  0|AC  0|TAMS 0x0000000705200000, 0x0000000705200000|
|  83|0x0000000705300000, 0x0000000705300000, 0x0000000705400000|  0%| F|  |TS  0|AC  0|TAMS 0x0000000705300000, 0x0000000705300000|
|  84|0x0000000705400000, 0x0000000705400000, 0x0000000705500000|  0%| F|  |TS  0|AC  0|TAMS 0x0000000705400000, 0x0000000705400000|
|  85|0x0000000705500000, 0x0000000705500000, 0x0000000705600000|  0%| F|  |TS  0|AC  0|TAMS 0x0000000705500000, 0x0000000705500000|
|  86|0x0000000705600000, 0x0000000705600000, 0x0000000705700000|  0%| F|  |TS  0|AC  0|TAMS 0x0000000705600000, 0x0000000705600000|
|  87|0x0000000705700000, 0x0000000705700000, 0x0000000705800000|  0%| F|  |TS  0|AC  0|TAMS 0x0000000705700000, 0x0000000705700000|
|  88|0x0000000705800000, 0x0000000705800000, 0x0000000705900000|  0%| F|  |TS  0|AC  0|TAMS 0x0000000705800000, 0x0000000705800000|
|  89|0x0000000705900000, 0x0000000705900000, 0x0000000705a00000|  0%| F|  |TS  0|AC  0|TAMS 0x0000000705900000, 0x0000000705900000|
|  90|0x0000000705a00000, 0x0000000705a00000, 0x0000000705b00000|  0%| F|  |TS  0|AC  0|TAMS 0x0000000705a00000, 0x0000000705a00000|
|  91|0x0000000705b00000, 0x0000000705b00000, 0x0000000705c00000|  0%| F|  |TS  0|AC  0|TAMS 0x0000000705b00000, 0x0000000705b00000|
|  92|0x0000000705c00000, 0x0000000705c00000, 0x0000000705d00000|  0%| F|  |TS  0|AC  0|TAMS 0x0000000705c00000, 0x0000000705c00000|
|  93|0x0000000705d00000, 0x0000000705d00000, 0x0000000705e00000|  0%| F|  |TS  0|AC  0|TAMS 0x0000000705d00000, 0x0000000705d00000|
|  94|0x0000000705e00000, 0x0000000705e00000, 0x0000000705f00000|  0%| F|  |TS  0|AC  0|TAMS 0x0000000705e00000, 0x0000000705e00000|
|  95|0x0000000705f00000, 0x0000000705f00000, 0x0000000706000000|  0%| F|  |TS  0|AC  0|TAMS 0x0000000705f00000, 0x0000000705f00000|
|  96|0x0000000706000000, 0x0000000706000000, 0x0000000706100000|  0%| F|  |TS  0|AC  0|TAMS 0x0000000706000000, 0x0000000706000000|
|  97|0x0000000706100000, 0x0000000706100000, 0x0000000706200000|  0%| F|  |TS  0|AC  0|TAMS 0x0000000706100000, 0x0000000706100000|
|  98|0x0000000706200000, 0x0000000706200000, 0x0000000706300000|  0%| F|  |TS  0|AC  0|TAMS 0x0000000706200000, 0x0000000706200000|
|  99|0x0000000706300000, 0x0000000706300000, 0x0000000706400000|  0%| F|  |TS  0|AC  0|TAMS 0x0000000706300000, 0x0000000706300000|
| 100|0x0000000706400000, 0x0000000706400000, 0x0000000706500000|  0%| F|  |TS  0|AC  0|TAMS 0x0000000706400000, 0x0000000706400000|
| 101|0x0000000706500000, 0x0000000706500000, 0x0000000706600000|  0%| F|  |TS  0|AC  0|TAMS 0x0000000706500000, 0x0000000706500000|
| 102|0x0000000706600000, 0x0000000706700000, 0x0000000706700000|100%| S|CS|TS  1|AC  0|TAMS 0x0000000706600000, 0x0000000706600000|
| 103|0x0000000706700000, 0x0000000706800000, 0x0000000706800000|100%| S|CS|TS  1|AC  0|TAMS 0x0000000706700000, 0x0000000706700000|
| 104|0x0000000706800000, 0x0000000706900000, 0x0000000706900000|100%| S|CS|TS  1|AC  0|TAMS 0x0000000706800000, 0x0000000706800000|
| 105|0x0000000706900000, 0x0000000706a00000, 0x0000000706a00000|100%| S|CS|TS  1|AC  0|TAMS 0x0000000706900000, 0x0000000706900000|
| 106|0x0000000706a00000, 0x0000000706b00000, 0x0000000706b00000|100%| S|CS|TS  1|AC  0|TAMS 0x0000000706a00000, 0x0000000706a00000|
| 107|0x0000000706b00000, 0x0000000706c00000, 0x0000000706c00000|100%| S|CS|TS  1|AC  0|TAMS 0x0000000706b00000, 0x0000000706b00000|
| 108|0x0000000706c00000, 0x0000000706d00000, 0x0000000706d00000|100%| S|CS|TS  1|AC  0|TAMS 0x0000000706c00000, 0x0000000706c00000|
| 109|0x0000000706d00000, 0x0000000706e00000, 0x0000000706e00000|100%| S|CS|TS  1|AC  0|TAMS 0x0000000706d00000, 0x0000000706d00000|
| 110|0x0000000706e00000, 0x0000000706f00000, 0x0000000706f00000|100%| S|CS|TS  1|AC  0|TAMS 0x0000000706e00000, 0x0000000706e00000|
| 111|0x0000000706f00000, 0x0000000707000000, 0x0000000707000000|100%| S|CS|TS  1|AC  0|TAMS 0x0000000706f00000, 0x0000000706f00000|
| 112|0x0000000707000000, 0x0000000707100000, 0x0000000707100000|100%| S|CS|TS  1|AC  0|TAMS 0x0000000707000000, 0x0000000707000000|
| 113|0x0000000707100000, 0x0000000707200000, 0x0000000707200000|100%| S|CS|TS  1|AC  0|TAMS 0x0000000707100000, 0x0000000707100000|
| 114|0x0000000707200000, 0x0000000707300000, 0x0000000707300000|100%| S|CS|TS  1|AC  0|TAMS 0x0000000707200000, 0x0000000707200000|
| 115|0x0000000707300000, 0x0000000707400000, 0x0000000707400000|100%| S|CS|TS  1|AC  0|TAMS 0x0000000707300000, 0x0000000707300000|
| 116|0x0000000707400000, 0x0000000707500000, 0x0000000707500000|100%| S|CS|TS  1|AC  0|TAMS 0x0000000707400000, 0x0000000707400000|
| 117|0x0000000707500000, 0x0000000707600000, 0x0000000707600000|100%| S|CS|TS  1|AC  0|TAMS 0x0000000707500000, 0x0000000707500000|
| 118|0x0000000707600000, 0x0000000707700000, 0x0000000707700000|100%| S|CS|TS  1|AC  0|TAMS 0x0000000707600000, 0x0000000707600000|
| 119|0x0000000707700000, 0x0000000707800000, 0x0000000707800000|100%| S|CS|TS  1|AC  0|TAMS 0x0000000707700000, 0x0000000707700000|
| 120|0x0000000707800000, 0x0000000707900000, 0x0000000707900000|100%| S|CS|TS  1|AC  0|TAMS 0x0000000707800000, 0x0000000707800000|
| 121|0x0000000707900000, 0x0000000707a00000, 0x0000000707a00000|100%| S|CS|TS  1|AC  0|TAMS 0x0000000707900000, 0x0000000707900000|
| 122|0x0000000707a00000, 0x0000000707a00000, 0x0000000707b00000|  0%| F|  |TS  1|AC  0|TAMS 0x0000000707a00000, 0x0000000707a00000|
| 123|0x0000000707b00000, 0x0000000707b00000, 0x0000000707c00000|  0%| F|  |TS  1|AC  0|TAMS 0x0000000707b00000, 0x0000000707b00000|
| 124|0x0000000707c00000, 0x0000000707c00000, 0x0000000707d00000|  0%| F|  |TS  1|AC  0|TAMS 0x0000000707c00000, 0x0000000707c00000|
| 125|0x0000000707d00000, 0x0000000707d00000, 0x0000000707e00000|  0%| F|  |TS  1|AC  0|TAMS 0x0000000707d00000, 0x0000000707d00000|
| 126|0x0000000707e00000, 0x0000000707e00000, 0x0000000707f00000|  0%| F|  |TS  1|AC  0|TAMS 0x0000000707e00000, 0x0000000707e00000|
| 127|0x0000000707f00000, 0x0000000707f00000, 0x0000000708000000|  0%| F|  |TS  1|AC  0|TAMS 0x0000000707f00000, 0x0000000707f00000|
| 128|0x0000000708000000, 0x0000000708000000, 0x0000000708100000|  0%| F|  |TS  1|AC  0|TAMS 0x0000000708000000, 0x0000000708000000|
| 129|0x0000000708100000, 0x0000000708100000, 0x0000000708200000|  0%| F|  |TS  1|AC  0|TAMS 0x0000000708100000, 0x0000000708100000|
| 130|0x0000000708200000, 0x0000000708200000, 0x0000000708300000|  0%| F|  |TS  1|AC  0|TAMS 0x0000000708200000, 0x0000000708200000|
| 131|0x0000000708300000, 0x0000000708300000, 0x0000000708400000|  0%| F|  |TS  1|AC  0|TAMS 0x0000000708300000, 0x0000000708300000|
| 132|0x0000000708400000, 0x0000000708400000, 0x0000000708500000|  0%| F|  |TS  1|AC  0|TAMS 0x0000000708400000, 0x0000000708400000|
| 133|0x0000000708500000, 0x0000000708500000, 0x0000000708600000|  0%| F|  |TS  1|AC  0|TAMS 0x0000000708500000, 0x0000000708500000|
| 134|0x0000000708600000, 0x0000000708600000, 0x0000000708700000|  0%| F|  |TS  1|AC  0|TAMS 0x0000000708600000, 0x0000000708600000|
| 135|0x0000000708700000, 0x0000000708700000, 0x0000000708800000|  0%| F|  |TS  1|AC  0|TAMS 0x0000000708700000, 0x0000000708700000|
| 136|0x0000000708800000, 0x0000000708800000, 0x0000000708900000|  0%| F|  |TS  1|AC  0|TAMS 0x0000000708800000, 0x0000000708800000|
| 137|0x0000000708900000, 0x0000000708900000, 0x0000000708a00000|  0%| F|  |TS  1|AC  0|TAMS 0x0000000708900000, 0x0000000708900000|
| 138|0x0000000708a00000, 0x0000000708a00000, 0x0000000708b00000|  0%| F|  |TS  1|AC  0|TAMS 0x0000000708a00000, 0x0000000708a00000|
| 139|0x0000000708b00000, 0x0000000708b00000, 0x0000000708c00000|  0%| F|  |TS  1|AC  0|TAMS 0x0000000708b00000, 0x0000000708b00000|
| 140|0x0000000708c00000, 0x0000000708c00000, 0x0000000708d00000|  0%| F|  |TS  1|AC  0|TAMS 0x0000000708c00000, 0x0000000708c00000|
| 141|0x0000000708d00000, 0x0000000708d00000, 0x0000000708e00000|  0%| F|  |TS  1|AC  0|TAMS 0x0000000708d00000, 0x0000000708d00000|
| 142|0x0000000708e00000, 0x0000000708e00000, 0x0000000708f00000|  0%| F|  |TS  1|AC  0|TAMS 0x0000000708e00000, 0x0000000708e00000|
| 143|0x0000000708f00000, 0x0000000708f00000, 0x0000000709000000|  0%| F|  |TS  1|AC  0|TAMS 0x0000000708f00000, 0x0000000708f00000|
| 144|0x0000000709000000, 0x0000000709000000, 0x0000000709100000|  0%| F|  |TS  1|AC  0|TAMS 0x0000000709000000, 0x0000000709000000|
| 145|0x0000000709100000, 0x0000000709100000, 0x0000000709200000|  0%| F|  |TS  1|AC  0|TAMS 0x0000000709100000, 0x0000000709100000|
| 146|0x0000000709200000, 0x0000000709200000, 0x0000000709300000|  0%| F|  |TS  1|AC  0|TAMS 0x0000000709200000, 0x0000000709200000|
| 147|0x0000000709300000, 0x0000000709300000, 0x0000000709400000|  0%| F|  |TS  1|AC  0|TAMS 0x0000000709300000, 0x0000000709300000|
| 148|0x0000000709400000, 0x0000000709400000, 0x0000000709500000|  0%| F|  |TS  1|AC  0|TAMS 0x0000000709400000, 0x0000000709400000|
| 149|0x0000000709500000, 0x0000000709500000, 0x0000000709600000|  0%| F|  |TS  1|AC  0|TAMS 0x0000000709500000, 0x0000000709500000|
| 150|0x0000000709600000, 0x0000000709600000, 0x0000000709700000|  0%| F|  |TS  1|AC  0|TAMS 0x0000000709600000, 0x0000000709600000|
| 151|0x0000000709700000, 0x0000000709700000, 0x0000000709800000|  0%| F|  |TS  1|AC  0|TAMS 0x0000000709700000, 0x0000000709700000|
| 152|0x0000000709800000, 0x0000000709800000, 0x0000000709900000|  0%| F|  |TS  1|AC  0|TAMS 0x0000000709800000, 0x0000000709800000|
| 153|0x0000000709900000, 0x0000000709900000, 0x0000000709a00000|  0%| F|  |TS  1|AC  0|TAMS 0x0000000709900000, 0x0000000709900000|
| 154|0x0000000709a00000, 0x0000000709a00000, 0x0000000709b00000|  0%| F|  |TS  1|AC  0|TAMS 0x0000000709a00000, 0x0000000709a00000|
| 155|0x0000000709b00000, 0x0000000709b00000, 0x0000000709c00000|  0%| F|  |TS  1|AC  0|TAMS 0x0000000709b00000, 0x0000000709b00000|
| 156|0x0000000709c00000, 0x0000000709c00000, 0x0000000709d00000|  0%| F|  |TS  1|AC  0|TAMS 0x0000000709c00000, 0x0000000709c00000|
| 157|0x0000000709d00000, 0x0000000709d00000, 0x0000000709e00000|  0%| F|  |TS  1|AC  0|TAMS 0x0000000709d00000, 0x0000000709d00000|
| 158|0x0000000709e00000, 0x0000000709e00000, 0x0000000709f00000|  0%| F|  |TS  1|AC  0|TAMS 0x0000000709e00000, 0x0000000709e00000|
| 159|0x0000000709f00000, 0x0000000709f00000, 0x000000070a000000|  0%| F|  |TS  1|AC  0|TAMS 0x0000000709f00000, 0x0000000709f00000|
| 160|0x000000070a000000, 0x000000070a000000, 0x000000070a100000|  0%| F|  |TS  1|AC  0|TAMS 0x000000070a000000, 0x000000070a000000|
| 161|0x000000070a100000, 0x000000070a100000, 0x000000070a200000|  0%| F|  |TS  1|AC  0|TAMS 0x000000070a100000, 0x000000070a100000|
| 162|0x000000070a200000, 0x000000070a200000, 0x000000070a300000|  0%| F|  |TS  1|AC  0|TAMS 0x000000070a200000, 0x000000070a200000|
| 163|0x000000070a300000, 0x000000070a300000, 0x000000070a400000|  0%| F|  |TS  1|AC  0|TAMS 0x000000070a300000, 0x000000070a300000|
| 164|0x000000070a400000, 0x000000070a400000, 0x000000070a500000|  0%| F|  |TS  1|AC  0|TAMS 0x000000070a400000, 0x000000070a400000|
| 165|0x000000070a500000, 0x000000070a500000, 0x000000070a600000|  0%| F|  |TS  1|AC  0|TAMS 0x000000070a500000, 0x000000070a500000|
| 166|0x000000070a600000, 0x000000070a600000, 0x000000070a700000|  0%| F|  |TS  1|AC  0|TAMS 0x000000070a600000, 0x000000070a600000|
| 167|0x000000070a700000, 0x000000070a700000, 0x000000070a800000|  0%| F|  |TS  1|AC  0|TAMS 0x000000070a700000, 0x000000070a700000|
| 168|0x000000070a800000, 0x000000070a800000, 0x000000070a900000|  0%| F|  |TS  1|AC  0|TAMS 0x000000070a800000, 0x000000070a800000|
| 169|0x000000070a900000, 0x000000070a900000, 0x000000070aa00000|  0%| F|  |TS  1|AC  0|TAMS 0x000000070a900000, 0x000000070a900000|
| 170|0x000000070aa00000, 0x000000070aa00000, 0x000000070ab00000|  0%| F|  |TS  1|AC  0|TAMS 0x000000070aa00000, 0x000000070aa00000|
| 171|0x000000070ab00000, 0x000000070ab00000, 0x000000070ac00000|  0%| F|  |TS  1|AC  0|TAMS 0x000000070ab00000, 0x000000070ab00000|
| 172|0x000000070ac00000, 0x000000070ac00000, 0x000000070ad00000|  0%| F|  |TS  1|AC  0|TAMS 0x000000070ac00000, 0x000000070ac00000|
| 173|0x000000070ad00000, 0x000000070ad00000, 0x000000070ae00000|  0%| F|  |TS  1|AC  0|TAMS 0x000000070ad00000, 0x000000070ad00000|
| 174|0x000000070ae00000, 0x000000070ae00000, 0x000000070af00000|  0%| F|  |TS  1|AC  0|TAMS 0x000000070ae00000, 0x000000070ae00000|
| 175|0x000000070af00000, 0x000000070af00000, 0x000000070b000000|  0%| F|  |TS  1|AC  0|TAMS 0x000000070af00000, 0x000000070af00000|
| 176|0x000000070b000000, 0x000000070b000000, 0x000000070b100000|  0%| F|  |TS  1|AC  0|TAMS 0x000000070b000000, 0x000000070b000000|
| 177|0x000000070b100000, 0x000000070b100000, 0x000000070b200000|  0%| F|  |TS  1|AC  0|TAMS 0x000000070b100000, 0x000000070b100000|
| 178|0x000000070b200000, 0x000000070b200000, 0x000000070b300000|  0%| F|  |TS  1|AC  0|TAMS 0x000000070b200000, 0x000000070b200000|
| 179|0x000000070b300000, 0x000000070b300000, 0x000000070b400000|  0%| F|  |TS  1|AC  0|TAMS 0x000000070b300000, 0x000000070b300000|
| 180|0x000000070b400000, 0x000000070b400000, 0x000000070b500000|  0%| F|  |TS  1|AC  0|TAMS 0x000000070b400000, 0x000000070b400000|
| 181|0x000000070b500000, 0x000000070b500000, 0x000000070b600000|  0%| F|  |TS  1|AC  0|TAMS 0x000000070b500000, 0x000000070b500000|
| 182|0x000000070b600000, 0x000000070b600000, 0x000000070b700000|  0%| F|  |TS  1|AC  0|TAMS 0x000000070b600000, 0x000000070b600000|
| 183|0x000000070b700000, 0x000000070b700000, 0x000000070b800000|  0%| F|  |TS  1|AC  0|TAMS 0x000000070b700000, 0x000000070b700000|
| 184|0x000000070b800000, 0x000000070b800000, 0x000000070b900000|  0%| F|  |TS  1|AC  0|TAMS 0x000000070b800000, 0x000000070b800000|
| 185|0x000000070b900000, 0x000000070b900000, 0x000000070ba00000|  0%| F|  |TS  1|AC  0|TAMS 0x000000070b900000, 0x000000070b900000|
| 186|0x000000070ba00000, 0x000000070ba00000, 0x000000070bb00000|  0%| F|  |TS  1|AC  0|TAMS 0x000000070ba00000, 0x000000070ba00000|
| 187|0x000000070bb00000, 0x000000070bb00000, 0x000000070bc00000|  0%| F|  |TS  1|AC  0|TAMS 0x000000070bb00000, 0x000000070bb00000|
| 188|0x000000070bc00000, 0x000000070bc00000, 0x000000070bd00000|  0%| F|  |TS  1|AC  0|TAMS 0x000000070bc00000, 0x000000070bc00000|
| 189|0x000000070bd00000, 0x000000070bd00000, 0x000000070be00000|  0%| F|  |TS  1|AC  0|TAMS 0x000000070bd00000, 0x000000070bd00000|
| 190|0x000000070be00000, 0x000000070be00000, 0x000000070bf00000|  0%| F|  |TS  1|AC  0|TAMS 0x000000070be00000, 0x000000070be00000|
| 191|0x000000070bf00000, 0x000000070bf00000, 0x000000070c000000|  0%| F|  |TS  1|AC  0|TAMS 0x000000070bf00000, 0x000000070bf00000|
| 192|0x000000070c000000, 0x000000070c000000, 0x000000070c100000|  0%| F|  |TS  1|AC  0|TAMS 0x000000070c000000, 0x000000070c000000|
| 193|0x000000070c100000, 0x000000070c100000, 0x000000070c200000|  0%| F|  |TS  1|AC  0|TAMS 0x000000070c100000, 0x000000070c100000|
| 194|0x000000070c200000, 0x000000070c200000, 0x000000070c300000|  0%| F|  |TS  1|AC  0|TAMS 0x000000070c200000, 0x000000070c200000|
| 195|0x000000070c300000, 0x000000070c300000, 0x000000070c400000|  0%| F|  |TS  1|AC  0|TAMS 0x000000070c300000, 0x000000070c300000|
| 196|0x000000070c400000, 0x000000070c400000, 0x000000070c500000|  0%| F|  |TS  1|AC  0|TAMS 0x000000070c400000, 0x000000070c400000|
| 197|0x000000070c500000, 0x000000070c500000, 0x000000070c600000|  0%| F|  |TS  1|AC  0|TAMS 0x000000070c500000, 0x000000070c500000|
| 198|0x000000070c600000, 0x000000070c600000, 0x000000070c700000|  0%| F|  |TS  1|AC  0|TAMS 0x000000070c600000, 0x000000070c600000|
| 199|0x000000070c700000, 0x000000070c700000, 0x000000070c800000|  0%| F|  |TS  1|AC  0|TAMS 0x000000070c700000, 0x000000070c700000|
| 200|0x000000070c800000, 0x000000070c800000, 0x000000070c900000|  0%| F|  |TS  1|AC  0|TAMS 0x000000070c800000, 0x000000070c800000|
| 201|0x000000070c900000, 0x000000070c900000, 0x000000070ca00000|  0%| F|  |TS  1|AC  0|TAMS 0x000000070c900000, 0x000000070c900000|
| 202|0x000000070ca00000, 0x000000070ca00000, 0x000000070cb00000|  0%| F|  |TS  1|AC  0|TAMS 0x000000070ca00000, 0x000000070ca00000|
| 203|0x000000070cb00000, 0x000000070cb00000, 0x000000070cc00000|  0%| F|  |TS  1|AC  0|TAMS 0x000000070cb00000, 0x000000070cb00000|
| 204|0x000000070cc00000, 0x000000070cc00000, 0x000000070cd00000|  0%| F|  |TS  1|AC  0|TAMS 0x000000070cc00000, 0x000000070cc00000|
| 205|0x000000070cd00000, 0x000000070cd00000, 0x000000070ce00000|  0%| F|  |TS  1|AC  0|TAMS 0x000000070cd00000, 0x000000070cd00000|
| 206|0x000000070ce00000, 0x000000070ce00000, 0x000000070cf00000|  0%| F|  |TS  1|AC  0|TAMS 0x000000070ce00000, 0x000000070ce00000|
| 207|0x000000070cf00000, 0x000000070cf00000, 0x000000070d000000|  0%| F|  |TS  1|AC  0|TAMS 0x000000070cf00000, 0x000000070cf00000|
| 208|0x000000070d000000, 0x000000070d000000, 0x000000070d100000|  0%| F|  |TS  1|AC  0|TAMS 0x000000070d000000, 0x000000070d000000|
| 209|0x000000070d100000, 0x000000070d100000, 0x000000070d200000|  0%| F|  |TS  1|AC  0|TAMS 0x000000070d100000, 0x000000070d100000|
| 210|0x000000070d200000, 0x000000070d200000, 0x000000070d300000|  0%| F|  |TS  1|AC  0|TAMS 0x000000070d200000, 0x000000070d200000|
| 211|0x000000070d300000, 0x000000070d300000, 0x000000070d400000|  0%| F|  |TS  1|AC  0|TAMS 0x000000070d300000, 0x000000070d300000|
| 212|0x000000070d400000, 0x000000070d400000, 0x000000070d500000|  0%| F|  |TS  1|AC  0|TAMS 0x000000070d400000, 0x000000070d400000|
| 213|0x000000070d500000, 0x000000070d500000, 0x000000070d600000|  0%| F|  |TS  1|AC  0|TAMS 0x000000070d500000, 0x000000070d500000|
| 214|0x000000070d600000, 0x000000070d600000, 0x000000070d700000|  0%| F|  |TS  1|AC  0|TAMS 0x000000070d600000, 0x000000070d600000|
| 215|0x000000070d700000, 0x000000070d700000, 0x000000070d800000|  0%| F|  |TS  1|AC  0|TAMS 0x000000070d700000, 0x000000070d700000|
| 216|0x000000070d800000, 0x000000070d800000, 0x000000070d900000|  0%| F|  |TS  1|AC  0|TAMS 0x000000070d800000, 0x000000070d800000|
| 217|0x000000070d900000, 0x000000070d900000, 0x000000070da00000|  0%| F|  |TS  1|AC  0|TAMS 0x000000070d900000, 0x000000070d900000|
| 218|0x000000070da00000, 0x000000070da00000, 0x000000070db00000|  0%| F|  |TS  1|AC  0|TAMS 0x000000070da00000, 0x000000070da00000|
| 219|0x000000070db00000, 0x000000070db00000, 0x000000070dc00000|  0%| F|  |TS  1|AC  0|TAMS 0x000000070db00000, 0x000000070db00000|
| 220|0x000000070dc00000, 0x000000070dc00000, 0x000000070dd00000|  0%| F|  |TS  1|AC  0|TAMS 0x000000070dc00000, 0x000000070dc00000|
| 221|0x000000070dd00000, 0x000000070dd00000, 0x000000070de00000|  0%| F|  |TS  1|AC  0|TAMS 0x000000070dd00000, 0x000000070dd00000|
| 222|0x000000070de00000, 0x000000070de00000, 0x000000070df00000|  0%| F|  |TS  1|AC  0|TAMS 0x000000070de00000, 0x000000070de00000|
| 223|0x000000070df00000, 0x000000070df00000, 0x000000070e000000|  0%| F|  |TS  1|AC  0|TAMS 0x000000070df00000, 0x000000070df00000|
| 224|0x000000070e000000, 0x000000070e000000, 0x000000070e100000|  0%| F|  |TS  1|AC  0|TAMS 0x000000070e000000, 0x000000070e000000|
| 225|0x000000070e100000, 0x000000070e100000, 0x000000070e200000|  0%| F|  |TS  1|AC  0|TAMS 0x000000070e100000, 0x000000070e100000|
| 226|0x000000070e200000, 0x000000070e200000, 0x000000070e300000|  0%| F|  |TS  1|AC  0|TAMS 0x000000070e200000, 0x000000070e200000|
| 227|0x000000070e300000, 0x000000070e300000, 0x000000070e400000|  0%| F|  |TS  1|AC  0|TAMS 0x000000070e300000, 0x000000070e300000|
| 228|0x000000070e400000, 0x000000070e400000, 0x000000070e500000|  0%| F|  |TS  1|AC  0|TAMS 0x000000070e400000, 0x000000070e400000|
| 229|0x000000070e500000, 0x000000070e500000, 0x000000070e600000|  0%| F|  |TS  1|AC  0|TAMS 0x000000070e500000, 0x000000070e500000|
| 230|0x000000070e600000, 0x000000070e600000, 0x000000070e700000|  0%| F|  |TS  1|AC  0|TAMS 0x000000070e600000, 0x000000070e600000|
| 231|0x000000070e700000, 0x000000070e700000, 0x000000070e800000|  0%| F|  |TS  1|AC  0|TAMS 0x000000070e700000, 0x000000070e700000|
| 232|0x000000070e800000, 0x000000070e800000, 0x000000070e900000|  0%| F|  |TS  1|AC  0|TAMS 0x000000070e800000, 0x000000070e800000|
| 233|0x000000070e900000, 0x000000070e900000, 0x000000070ea00000|  0%| F|  |TS  1|AC  0|TAMS 0x000000070e900000, 0x000000070e900000|
| 234|0x000000070ea00000, 0x000000070ea00000, 0x000000070eb00000|  0%| F|  |TS  1|AC  0|TAMS 0x000000070ea00000, 0x000000070ea00000|
| 235|0x000000070eb00000, 0x000000070eb00000, 0x000000070ec00000|  0%| F|  |TS  1|AC  0|TAMS 0x000000070eb00000, 0x000000070eb00000|
| 236|0x000000070ec00000, 0x000000070ec00000, 0x000000070ed00000|  0%| F|  |TS  1|AC  0|TAMS 0x000000070ec00000, 0x000000070ec00000|
| 237|0x000000070ed00000, 0x000000070ed00000, 0x000000070ee00000|  0%| F|  |TS  1|AC  0|TAMS 0x000000070ed00000, 0x000000070ed00000|
| 238|0x000000070ee00000, 0x000000070ee00000, 0x000000070ef00000|  0%| F|  |TS  1|AC  0|TAMS 0x000000070ee00000, 0x000000070ee00000|
| 239|0x000000070ef00000, 0x000000070ef00000, 0x000000070f000000|  0%| F|  |TS  1|AC  0|TAMS 0x000000070ef00000, 0x000000070ef00000|
| 240|0x000000070f000000, 0x000000070f000000, 0x000000070f100000|  0%| F|  |TS  1|AC  0|TAMS 0x000000070f000000, 0x000000070f000000|
| 241|0x000000070f100000, 0x000000070f100000, 0x000000070f200000|  0%| F|  |TS  1|AC  0|TAMS 0x000000070f100000, 0x000000070f100000|
| 242|0x000000070f200000, 0x000000070f200000, 0x000000070f300000|  0%| F|  |TS  1|AC  0|TAMS 0x000000070f200000, 0x000000070f200000|
| 243|0x000000070f300000, 0x000000070f300000, 0x000000070f400000|  0%| F|  |TS  1|AC  0|TAMS 0x000000070f300000, 0x000000070f300000|
| 244|0x000000070f400000, 0x000000070f400000, 0x000000070f500000|  0%| F|  |TS  1|AC  0|TAMS 0x000000070f400000, 0x000000070f400000|
| 245|0x000000070f500000, 0x000000070f500000, 0x000000070f600000|  0%| F|  |TS  1|AC  0|TAMS 0x000000070f500000, 0x000000070f500000|
| 246|0x000000070f600000, 0x000000070f600000, 0x000000070f700000|  0%| F|  |TS  1|AC  0|TAMS 0x000000070f600000, 0x000000070f600000|
| 247|0x000000070f700000, 0x000000070f700000, 0x000000070f800000|  0%| F|  |TS  1|AC  0|TAMS 0x000000070f700000, 0x000000070f700000|
| 248|0x000000070f800000, 0x000000070f800000, 0x000000070f900000|  0%| F|  |TS  1|AC  0|TAMS 0x000000070f800000, 0x000000070f800000|
| 249|0x000000070f900000, 0x000000070f900000, 0x000000070fa00000|  0%| F|  |TS  1|AC  0|TAMS 0x000000070f900000, 0x000000070f900000|
| 250|0x000000070fa00000, 0x000000070fa00000, 0x000000070fb00000|  0%| F|  |TS  1|AC  0|TAMS 0x000000070fa00000, 0x000000070fa00000|
| 251|0x000000070fb00000, 0x000000070fb00000, 0x000000070fc00000|  0%| F|  |TS  1|AC  0|TAMS 0x000000070fb00000, 0x000000070fb00000|
| 252|0x000000070fc00000, 0x000000070fc00000, 0x000000070fd00000|  0%| F|  |TS  1|AC  0|TAMS 0x000000070fc00000, 0x000000070fc00000|
| 253|0x000000070fd00000, 0x000000070fd00000, 0x000000070fe00000|  0%| F|  |TS  1|AC  0|TAMS 0x000000070fd00000, 0x000000070fd00000|
| 254|0x000000070fe00000, 0x000000070fe00000, 0x000000070ff00000|  0%| F|  |TS  1|AC  0|TAMS 0x000000070fe00000, 0x000000070fe00000|
| 255|0x000000070ff00000, 0x000000070ff00000, 0x0000000710000000|  0%| F|  |TS  1|AC  0|TAMS 0x000000070ff00000, 0x000000070ff00000|
| 256|0x0000000710000000, 0x0000000710000000, 0x0000000710100000|  0%| F|  |TS  1|AC  0|TAMS 0x0000000710000000, 0x0000000710000000|
| 257|0x0000000710100000, 0x0000000710100000, 0x0000000710200000|  0%| F|  |TS  1|AC  0|TAMS 0x0000000710100000, 0x0000000710100000|
| 258|0x0000000710200000, 0x0000000710200000, 0x0000000710300000|  0%| F|  |TS  1|AC  0|TAMS 0x0000000710200000, 0x0000000710200000|
| 259|0x0000000710300000, 0x0000000710300000, 0x0000000710400000|  0%| F|  |TS  1|AC  0|TAMS 0x0000000710300000, 0x0000000710300000|
| 260|0x0000000710400000, 0x0000000710400000, 0x0000000710500000|  0%| F|  |TS  1|AC  0|TAMS 0x0000000710400000, 0x0000000710400000|
| 261|0x0000000710500000, 0x0000000710500000, 0x0000000710600000|  0%| F|  |TS  1|AC  0|TAMS 0x0000000710500000, 0x0000000710500000|
| 262|0x0000000710600000, 0x0000000710600000, 0x0000000710700000|  0%| F|  |TS  1|AC  0|TAMS 0x0000000710600000, 0x0000000710600000|
| 263|0x0000000710700000, 0x0000000710700000, 0x0000000710800000|  0%| F|  |TS  1|AC  0|TAMS 0x0000000710700000, 0x0000000710700000|
| 264|0x0000000710800000, 0x0000000710800000, 0x0000000710900000|  0%| F|  |TS  1|AC  0|TAMS 0x0000000710800000, 0x0000000710800000|
| 265|0x0000000710900000, 0x0000000710900000, 0x0000000710a00000|  0%| F|  |TS  1|AC  0|TAMS 0x0000000710900000, 0x0000000710900000|
| 266|0x0000000710a00000, 0x0000000710a00000, 0x0000000710b00000|  0%| F|  |TS  1|AC  0|TAMS 0x0000000710a00000, 0x0000000710a00000|
| 267|0x0000000710b00000, 0x0000000710b00000, 0x0000000710c00000|  0%| F|  |TS  1|AC  0|TAMS 0x0000000710b00000, 0x0000000710b00000|
| 268|0x0000000710c00000, 0x0000000710c00000, 0x0000000710d00000|  0%| F|  |TS  1|AC  0|TAMS 0x0000000710c00000, 0x0000000710c00000|
| 269|0x0000000710d00000, 0x0000000710d00000, 0x0000000710e00000|  0%| F|  |TS  1|AC  0|TAMS 0x0000000710d00000, 0x0000000710d00000|
| 270|0x0000000710e00000, 0x0000000710e00000, 0x0000000710f00000|  0%| F|  |TS  1|AC  0|TAMS 0x0000000710e00000, 0x0000000710e00000|
| 271|0x0000000710f00000, 0x0000000710f00000, 0x0000000711000000|  0%| F|  |TS  1|AC  0|TAMS 0x0000000710f00000, 0x0000000710f00000|
| 272|0x0000000711000000, 0x0000000711000000, 0x0000000711100000|  0%| F|  |TS  1|AC  0|TAMS 0x0000000711000000, 0x0000000711000000|
| 273|0x0000000711100000, 0x0000000711100000, 0x0000000711200000|  0%| F|  |TS  1|AC  0|TAMS 0x0000000711100000, 0x0000000711100000|
| 274|0x0000000711200000, 0x0000000711200000, 0x0000000711300000|  0%| F|  |TS  1|AC  0|TAMS 0x0000000711200000, 0x0000000711200000|
| 275|0x0000000711300000, 0x0000000711300000, 0x0000000711400000|  0%| F|  |TS  1|AC  0|TAMS 0x0000000711300000, 0x0000000711300000|
| 276|0x0000000711400000, 0x0000000711400000, 0x0000000711500000|  0%| F|  |TS  1|AC  0|TAMS 0x0000000711400000, 0x0000000711400000|
| 277|0x0000000711500000, 0x0000000711500000, 0x0000000711600000|  0%| F|  |TS  1|AC  0|TAMS 0x0000000711500000, 0x0000000711500000|

Card table byte_map: [0x0000020e3fad0000,0x0000020e400d0000] byte_map_base: 0x0000020e3c2d0000

Marking Bits (Prev, Next): (CMBitMap*) 0x0000020e2393cb00, (CMBitMap*) 0x0000020e2393cb38
 Prev Bits: [0x0000020e406d0000, 0x0000020e436d0000)
 Next Bits: [0x0000020e436d0000, 0x0000020e466d0000)

Polling page: 0x0000020e23830000

CodeHeap 'non-profiled nmethods': size=120064Kb used=3154Kb max_used=3154Kb free=116909Kb
 bounds [0x0000020e37370000, 0x0000020e37690000, 0x0000020e3e8b0000]
CodeHeap 'profiled nmethods': size=120000Kb used=14821Kb max_used=14821Kb free=105178Kb
 bounds [0x0000020e2fe40000, 0x0000020e30cc0000, 0x0000020e37370000]
CodeHeap 'non-nmethods': size=5696Kb used=1557Kb max_used=1583Kb free=4138Kb
 bounds [0x0000020e2f8b0000, 0x0000020e2fb20000, 0x0000020e2fe40000]
 total_blobs=8402 nmethods=6085 adapters=798
 compilation: enabled

Compilation events (10 events):
Event: 18.063 Thread 0x0000020e49699800 6103       3       com.sun.media.sound.DLSSoundbank::readInsChunk (531 bytes)
Event: 18.067 Thread 0x0000020e49699800 nmethod 6103 0x0000020e30caf990 code [0x0000020e30cb0000, 0x0000020e30cb4b90]
Event: 18.079 Thread 0x0000020e49699800 6105       3       com.sun.media.sound.DLSInfo::<init> (91 bytes)
Event: 18.080 Thread 0x0000020e49699800 nmethod 6105 0x0000020e30cb5b90 code [0x0000020e30cb5d60, 0x0000020e30cb62f8]
Event: 18.080 Thread 0x0000020e49699800 6106       3       javax.sound.midi.SoundbankResource::<init> (20 bytes)
Event: 18.080 Thread 0x0000020e49699800 nmethod 6106 0x0000020e30cb6390 code [0x0000020e30cb6540, 0x0000020e30cb6838]
Event: 18.081 Thread 0x0000020e49699800 6107       3       com.sun.media.sound.RIFFReader::skip (130 bytes)
Event: 18.081 Thread 0x0000020e49699800 nmethod 6107 0x0000020e30cb6910 code [0x0000020e30cb6b20, 0x0000020e30cb7290]
Event: 18.100 Thread 0x0000020e49699800 6110       2       com.sun.media.sound.DLSSoundbank::readWaveChunk (426 bytes)
Event: 18.102 Thread 0x0000020e49699800 nmethod 6110 0x0000020e30cb7490 code [0x0000020e30cb7800, 0x0000020e30cb8cb0]

GC Heap History (10 events):
Event: 5.627 GC heap after
{Heap after GC invocations=18 (full 0):
 garbage-first heap   total 236544K, used 15834K [0x0000000700000000, 0x0000000700100738, 0x00000007c0000000)
  region size 1024K, 8 young (8192K), 8 survivors (8192K)
 Metaspace       used 21913K, capacity 22392K, committed 22704K, reserved 1069056K
  class space    used 2402K, capacity 2524K, committed 2560K, reserved 1048576K
}
Event: 5.714 GC heap before
{Heap before GC invocations=19 (full 0):
 garbage-first heap   total 236544K, used 122330K [0x0000000700000000, 0x0000000700100738, 0x00000007c0000000)
  region size 1024K, 17 young (17408K), 8 survivors (8192K)
 Metaspace       used 21928K, capacity 22456K, committed 22704K, reserved 1069056K
  class space    used 2402K, capacity 2524K, committed 2560K, reserved 1048576K
}
Event: 5.722 GC heap after
{Heap after GC invocations=20 (full 0):
 garbage-first heap   total 284672K, used 16384K [0x0000000700000000, 0x00000007001008b0, 0x00000007c0000000)
  region size 1024K, 8 young (8192K), 8 survivors (8192K)
 Metaspace       used 21928K, capacity 22456K, committed 22704K, reserved 1069056K
  class space    used 2402K, capacity 2524K, committed 2560K, reserved 1048576K
}
Event: 5.885 GC heap before
{Heap before GC invocations=21 (full 0):
 garbage-first heap   total 284672K, used 145408K [0x0000000700000000, 0x00000007001008b0, 0x00000007c0000000)
  region size 1024K, 18 young (18432K), 8 survivors (8192K)
 Metaspace       used 21952K, capacity 22456K, committed 22704K, reserved 1069056K
  class space    used 2402K, capacity 2524K, committed 2560K, reserved 1048576K
}
Event: 5.895 GC heap after
{Heap after GC invocations=22 (full 0):
 garbage-first heap   total 284672K, used 15873K [0x0000000700000000, 0x00000007001008b0, 0x00000007c0000000)
  region size 1024K, 8 young (8192K), 8 survivors (8192K)
 Metaspace       used 21952K, capacity 22456K, committed 22704K, reserved 1069056K
  class space    used 2402K, capacity 2524K, committed 2560K, reserved 1048576K
}
Event: 5.989 GC heap before
{Heap before GC invocations=23 (full 0):
 garbage-first heap   total 284672K, used 144897K [0x0000000700000000, 0x00000007001008b0, 0x00000007c0000000)
  region size 1024K, 18 young (18432K), 8 survivors (8192K)
 Metaspace       used 21952K, capacity 22456K, committed 22704K, reserved 1069056K
  class space    used 2402K, capacity 2524K, committed 2560K, reserved 1048576K
}
Event: 5.997 GC heap after
{Heap after GC invocations=24 (full 0):
 garbage-first heap   total 284672K, used 16238K [0x0000000700000000, 0x00000007001008b0, 0x00000007c0000000)
  region size 1024K, 8 young (8192K), 8 survivors (8192K)
 Metaspace       used 21952K, capacity 22456K, committed 22704K, reserved 1069056K
  class space    used 2402K, capacity 2524K, committed 2560K, reserved 1048576K
}
Event: 9.214 GC heap before
{Heap before GC invocations=25 (full 0):
 garbage-first heap   total 284672K, used 161646K [0x0000000700000000, 0x00000007001008b0, 0x00000007c0000000)
  region size 1024K, 72 young (73728K), 8 survivors (8192K)
 Metaspace       used 36700K, capacity 37762K, committed 37840K, reserved 1083392K
  class space    used 4048K, capacity 4296K, committed 4352K, reserved 1048576K
}
Event: 9.236 GC heap after
{Heap after GC invocations=26 (full 0):
 garbage-first heap   total 284672K, used 21832K [0x0000000700000000, 0x00000007001008b0, 0x00000007c0000000)
  region size 1024K, 17 young (17408K), 17 survivors (17408K)
 Metaspace       used 36700K, capacity 37762K, committed 37840K, reserved 1083392K
  class space    used 4048K, capacity 4296K, committed 4352K, reserved 1048576K
}
Event: 18.104 GC heap before
{Heap before GC invocations=27 (full 0):
 garbage-first heap   total 284672K, used 178504K [0x0000000700000000, 0x00000007001008b0, 0x00000007c0000000)
  region size 1024K, 156 young (159744K), 17 survivors (17408K)
 Metaspace       used 52648K, capacity 55712K, committed 55888K, reserved 1099776K
  class space    used 5913K, capacity 6476K, committed 6528K, reserved 1048576K
}

Deoptimization events (10 events):
Event: 17.008 Thread 0x0000020e4ab44800 Uncommon trap: reason=unstable_if action=reinterpret pc=0x0000020e37501db0 method=java.io.DataInputStream.readUTF(Ljava/io/DataInput;)Ljava/lang/String; @ 112 c2
Event: 17.008 Thread 0x0000020e4ab44800 Uncommon trap: reason=unstable_if action=reinterpret pc=0x0000020e37485a70 method=java.lang.String.getChars(II[CI)V @ 23 c2
Event: 17.180 Thread 0x0000020e238c9800 Uncommon trap: reason=unstable_if action=reinterpret pc=0x0000020e376400b4 method=com.google.common.collect.AbstractMapBasedMultimap.wrapCollection(Ljava/lang/Object;Ljava/util/Collection;)Ljava/util/Collection; @ 48 c2
Event: 17.370 Thread 0x0000020e4ecdf000 Uncommon trap: reason=unreached action=reinterpret pc=0x0000020e37647828 method=fk.r(Lgj;)V @ 321 c2
Event: 17.416 Thread 0x0000020e4ab44800 Uncommon trap: reason=unstable_if action=reinterpret pc=0x0000020e37642918 method=sun.awt.image.ByteInterleavedRaster.putByteData(IIII[B)V @ 395 c2
Event: 17.470 Thread 0x0000020e4ecdf000 Uncommon trap: reason=unstable_if action=reinterpret pc=0x0000020e3764b300 method=fk.r(Lgj;)V @ 316 c2
Event: 17.665 Thread 0x0000020e4ab44800 Uncommon trap: reason=unstable_if action=reinterpret pc=0x0000020e375bab74 method=java.lang.Integer.parseInt(Ljava/lang/String;I)I @ 119 c2
Event: 17.820 Thread 0x0000020e4ecdf000 Uncommon trap: reason=unstable_if action=reinterpret pc=0x0000020e3765dee4 method=iu.g([BB)V @ 302 c2
Event: 18.013 Thread 0x0000020e4ab44800 Uncommon trap: reason=class_check action=maybe_recompile pc=0x0000020e375a3730 method=java.util.Properties$LineReader.readLine()I @ 62 c2
Event: 18.027 Thread 0x0000020e4ab44800 Uncommon trap: reason=unstable_if action=reinterpret pc=0x0000020e375cc910 method=java.util.StringTokenizer.scanToken(I)I @ 96 c2

Classes redefined (0 events):
No events

Internal exceptions (10 events):
Event: 16.751 Thread 0x0000020e238c9800 Exception <a 'java/lang/UnsatisfiedLinkError'{0x000000070b644580}: The specified module could not be found.
> (0x000000070b644580) thrown at [t:/workspace/hotspot/src/share/vm/prims/jni.cpp, line 625]
Event: 16.754 Thread 0x0000020e238c9800 Exception <a 'java/lang/UnsatisfiedLinkError'{0x000000070b644948}: The specified module could not be found.
> (0x000000070b644948) thrown at [t:/workspace/hotspot/src/share/vm/prims/jni.cpp, line 625]
Event: 16.804 Thread 0x0000020e238c9800 Exception <a 'java/lang/NoSuchMethodError'{0x000000070b6c49c0}: java.lang.invoke.DirectMethodHandle$Holder.invokeSpecial(Ljava/lang/Object;Ljava/lang/Object;ILjava/lang/Object;)V> (0x000000070b6c49c0) thrown at [t:/workspace/hotspot/src/share/vm/interpret
Event: 16.838 Thread 0x0000020e238c9800 Exception <a 'java/lang/NoSuchMethodError'{0x000000070b54c358}: java.lang.invoke.DirectMethodHandle$Holder.invokeInterface(Ljava/lang/Object;Ljava/lang/Object;)V> (0x000000070b54c358) thrown at [t:/workspace/hotspot/src/share/vm/interpreter/linkResolver.c
Event: 16.917 Thread 0x0000020e238c9800 Exception <a 'java/lang/NoSuchMethodError'{0x000000070b32d428}: java.lang.invoke.DirectMethodHandle$Holder.invokeVirtual(Ljava/lang/Object;Ljava/lang/Object;Ljava/lang/Object;)I> (0x000000070b32d428) thrown at [t:/workspace/hotspot/src/share/vm/interprete
Event: 17.317 Thread 0x0000020e4ab44800 Exception <a 'java/lang/NoSuchMethodError'{0x000000070a9cc258}: java.lang.invoke.DirectMethodHandle$Holder.invokeSpecial(Ljava/lang/Object;Ljava/lang/Object;Ljava/lang/Object;Ljava/lang/Object;Ljava/lang/Object;)V> (0x000000070a9cc258) thrown at [t:/works
Event: 17.320 Thread 0x0000020e4ab44800 Exception <a 'java/lang/NoSuchMethodError'{0x000000070a9d4cd8}: java.lang.invoke.DirectMethodHandle$Holder.invokeInterface(Ljava/lang/Object;Ljava/lang/Object;Ljava/lang/Object;)V> (0x000000070a9d4cd8) thrown at [t:/workspace/hotspot/src/share/vm/interpre
Event: 17.467 Thread 0x0000020e4ab44800 Exception <a 'java/lang/NoSuchMethodError'{0x000000070a7c5f10}: java.lang.invoke.DirectMethodHandle$Holder.invokeStatic(Ljava/lang/Object;Ljava/lang/Object;Ljava/lang/Object;Ljava/lang/Object;)V> (0x000000070a7c5f10) thrown at [t:/workspace/hotspot/src/sh
Event: 17.686 Thread 0x0000020e4ab44800 Exception <a 'java/lang/NoSuchMethodError'{0x0000000709d17820}: java.lang.Object.lambda$identity$2(Ljava/lang/Object;)Ljava/lang/Object;> (0x0000000709d17820) thrown at [t:/workspace/hotspot/src/share/vm/interpreter/linkResolver.cpp, line 731]
Event: 17.727 Thread 0x0000020e4ab44800 Exception <a 'java/lang/NoSuchMethodError'{0x0000000709c2ead0}: java.lang.invoke.DirectMethodHandle$Holder.invokeSpecial(Ljava/lang/Object;Ljava/lang/Object;Ljava/lang/Object;Ljava/lang/Object;)I> (0x0000000709c2ead0) thrown at [t:/workspace/hotspot/src/s

Events (10 events):
Event: 18.039 loading class com/sun/media/sound/DLSSampleOptions done
Event: 18.039 loading class com/sun/media/sound/DLSSampleLoop
Event: 18.039 loading class com/sun/media/sound/DLSSampleLoop done
Event: 18.040 loading class com/sun/media/sound/DLSModulator
Event: 18.040 loading class com/sun/media/sound/DLSModulator done
Event: 18.077 loading class com/sun/media/sound/DLSSample
Event: 18.078 loading class com/sun/media/sound/DLSSample done
Event: 18.078 loading class com/sun/media/sound/ModelByteBuffer
Event: 18.078 loading class com/sun/media/sound/ModelByteBuffer done
Event: 18.104 Executing VM operation: G1IncCollectionPause


Dynamic libraries:
0x00007ff78a1b0000 - 0x00007ff78a1ee000 	C:\Program Files\Java\jdk-9.0.1\bin\java.exe
0x00007ffc99fc0000 - 0x00007ffc9a1a1000 	C:\WINDOWS\SYSTEM32\ntdll.dll
0x00007ffc97450000 - 0x00007ffc97502000 	C:\WINDOWS\System32\KERNEL32.DLL
0x00007ffc963e0000 - 0x00007ffc96653000 	C:\WINDOWS\System32\KERNELBASE.dll
0x00007ffc99b20000 - 0x00007ffc99bc1000 	C:\WINDOWS\System32\ADVAPI32.dll
0x00007ffc99d00000 - 0x00007ffc99d9e000 	C:\WINDOWS\System32\msvcrt.dll
0x00007ffc99de0000 - 0x00007ffc99e3b000 	C:\WINDOWS\System32\sechost.dll
0x00007ffc99bd0000 - 0x00007ffc99cf4000 	C:\WINDOWS\System32\RPCRT4.dll
0x00007ffc98260000 - 0x00007ffc983f0000 	C:\WINDOWS\System32\USER32.dll
0x00007ffc96df0000 - 0x00007ffc96e10000 	C:\WINDOWS\System32\win32u.dll
0x00007ffc99e60000 - 0x00007ffc99e88000 	C:\WINDOWS\System32\GDI32.dll
0x00007ffc97100000 - 0x00007ffc97292000 	C:\WINDOWS\System32\gdi32full.dll
0x00007ffc97300000 - 0x00007ffc9739f000 	C:\WINDOWS\System32\msvcp_win.dll
0x00007ffc96e10000 - 0x00007ffc96f0a000 	C:\WINDOWS\System32\ucrtbase.dll
0x00007ffc7c580000 - 0x00007ffc7c7e9000 	C:\WINDOWS\WinSxS\amd64_microsoft.windows.common-controls_6595b64144ccf1df_6.0.17134.471_none_fb3e9aab3068fc16\COMCTL32.dll
0x00007ffc8d940000 - 0x00007ffc8d94a000 	C:\WINDOWS\SYSTEM32\VERSION.dll
0x00007ffc97cd0000 - 0x00007ffc97ff2000 	C:\WINDOWS\System32\combase.dll
0x00007ffc96660000 - 0x00007ffc966da000 	C:\WINDOWS\System32\bcryptPrimitives.dll
0x00007ffc99da0000 - 0x00007ffc99dcd000 	C:\WINDOWS\System32\IMM32.DLL
0x00007ffc6f8b0000 - 0x00007ffc6f99f000 	C:\Program Files\Java\jdk-9.0.1\bin\msvcr120.dll
0x00007ffc77dc0000 - 0x00007ffc77e66000 	C:\Program Files\Java\jdk-9.0.1\bin\msvcp120.dll
0x000000005eee0000 - 0x000000005f904000 	C:\Program Files\Java\jdk-9.0.1\bin\server\jvm.dll
0x00007ffc980b0000 - 0x00007ffc980b8000 	C:\WINDOWS\System32\PSAPI.DLL
0x00007ffc8e040000 - 0x00007ffc8e063000 	C:\WINDOWS\SYSTEM32\WINMM.dll
0x00007ffc8c120000 - 0x00007ffc8c129000 	C:\WINDOWS\SYSTEM32\WSOCK32.dll
0x00007ffc8dfc0000 - 0x00007ffc8dfea000 	C:\WINDOWS\SYSTEM32\winmmbase.dll
0x00007ffc99ab0000 - 0x00007ffc99b1c000 	C:\WINDOWS\System32\WS2_32.dll
0x00007ffc96390000 - 0x00007ffc963d9000 	C:\WINDOWS\System32\cfgmgr32.dll
0x00007ffc8cff0000 - 0x00007ffc8cfff000 	C:\Program Files\Java\jdk-9.0.1\bin\verify.dll
0x00007ffc86ce0000 - 0x00007ffc86d07000 	C:\Program Files\Java\jdk-9.0.1\bin\java.dll
0x00007ffc81aa0000 - 0x00007ffc81aca000 	C:\Program Files\Java\jdk-9.0.1\bin\instrument.dll
0x00007ffc86600000 - 0x00007ffc86616000 	C:\Program Files\Java\jdk-9.0.1\bin\zip.dll
0x00007ffc89020000 - 0x00007ffc8902a000 	C:\Program Files\Java\jdk-9.0.1\bin\jimage.dll
0x00007ffc98450000 - 0x00007ffc99890000 	C:\WINDOWS\System32\SHELL32.dll
0x00007ffc98000000 - 0x00007ffc980a9000 	C:\WINDOWS\System32\shcore.dll
0x00007ffc966e0000 - 0x00007ffc96ded000 	C:\WINDOWS\System32\windows.storage.dll
0x00007ffc983f0000 - 0x00007ffc98441000 	C:\WINDOWS\System32\shlwapi.dll
0x00007ffc962d0000 - 0x00007ffc962e1000 	C:\WINDOWS\System32\kernel.appcore.dll
0x00007ffc96320000 - 0x00007ffc9633f000 	C:\WINDOWS\System32\profapi.dll
0x00007ffc96340000 - 0x00007ffc9638c000 	C:\WINDOWS\System32\powrprof.dll
0x00007ffc962f0000 - 0x00007ffc962fa000 	C:\WINDOWS\System32\FLTLIB.DLL
0x00007ffc81f20000 - 0x00007ffc81f3a000 	C:\Program Files\Java\jdk-9.0.1\bin\net.dll
0x00007ffc92e60000 - 0x00007ffc92f3d000 	C:\WINDOWS\SYSTEM32\WINHTTP.dll
0x00007ffc95b50000 - 0x00007ffc95bb6000 	C:\WINDOWS\system32\mswsock.dll
0x00007ffc81a80000 - 0x00007ffc81a91000 	C:\Program Files\Java\jdk-9.0.1\bin\nio.dll
0x00007ffc7d9f0000 - 0x00007ffc7da0a000 	C:\Program Files\JetBrains\IntelliJ IDEA Community Edition 2018.3.2\bin\breakgen64.dll
0x00007ffc86150000 - 0x00007ffc8615b000 	C:\Program Files\Java\jdk-9.0.1\bin\sunmscapi.dll
0x00007ffc96f10000 - 0x00007ffc970f2000 	C:\WINDOWS\System32\CRYPT32.dll
0x00007ffc96300000 - 0x00007ffc96312000 	C:\WINDOWS\System32\MSASN1.dll
0x00007ffc78440000 - 0x00007ffc78463000 	C:\Program Files\Java\jdk-9.0.1\bin\sunec.dll
0x00007ffc95d00000 - 0x00007ffc95d17000 	C:\WINDOWS\SYSTEM32\CRYPTSP.dll
0x00007ffc956d0000 - 0x00007ffc95703000 	C:\WINDOWS\system32\rsaenh.dll
0x00007ffc95e30000 - 0x00007ffc95e55000 	C:\WINDOWS\SYSTEM32\bcrypt.dll
0x00007ffc961d0000 - 0x00007ffc961f8000 	C:\WINDOWS\SYSTEM32\USERENV.dll
0x00007ffc95d20000 - 0x00007ffc95d2b000 	C:\WINDOWS\SYSTEM32\CRYPTBASE.dll
0x00007ffc95870000 - 0x00007ffc958a8000 	C:\WINDOWS\SYSTEM32\IPHLPAPI.DLL
0x00007ffc99dd0000 - 0x00007ffc99dd8000 	C:\WINDOWS\System32\NSI.dll
0x00007ffc916b0000 - 0x00007ffc916c6000 	C:\WINDOWS\SYSTEM32\dhcpcsvc6.DLL
0x00007ffc915a0000 - 0x00007ffc915ba000 	C:\WINDOWS\SYSTEM32\dhcpcsvc.DLL
0x00007ffc958b0000 - 0x00007ffc9596e000 	C:\WINDOWS\SYSTEM32\DNSAPI.dll
0x00007ffc8fb90000 - 0x00007ffc8fb9a000 	C:\Windows\System32\rasadhlp.dll
0x00007ffc900e0000 - 0x00007ffc90152000 	C:\WINDOWS\System32\fwpuclnt.dll
0x00007ffc65620000 - 0x00007ffc657b9000 	C:\Program Files\Java\jdk-9.0.1\bin\awt.dll
0x00007ffc99890000 - 0x00007ffc99952000 	C:\WINDOWS\System32\OLEAUT32.dll
0x00007ffc91850000 - 0x00007ffc91e17000 	C:\WINDOWS\SYSTEM32\d2d1.dll
0x00007ffc944a0000 - 0x00007ffc9452b000 	C:\WINDOWS\SYSTEM32\apphelp.dll
0x00007ffc94990000 - 0x00007ffc94a28000 	C:\WINDOWS\system32\uxtheme.dll
0x00007ffc97670000 - 0x00007ffc977e3000 	C:\WINDOWS\System32\MSCTF.dll
0x00007ffc94a90000 - 0x00007ffc94ab9000 	C:\WINDOWS\system32\dwmapi.dll
0x00007ffc97510000 - 0x00007ffc97661000 	C:\WINDOWS\System32\ole32.dll
0x00007ffc6a3c0000 - 0x00007ffc6a43e000 	C:\Program Files\Java\jdk-9.0.1\bin\mlib_image.dll
0x00007ffc693c0000 - 0x00007ffc6945d000 	C:\Program Files\Java\jdk-9.0.1\bin\fontmanager.dll
0x00007ffc66350000 - 0x00007ffc66470000 	C:\WINDOWS\system32\opengl32.dll
0x00007ffc82710000 - 0x00007ffc8273c000 	C:\WINDOWS\SYSTEM32\GLU32.dll
0x00007ffc6e3a0000 - 0x00007ffc6e537000 	C:\WINDOWS\system32\d3d9.dll
0x00007ffc85e40000 - 0x00007ffc85f2c000 	C:\WINDOWS\System32\DriverStore\FileRepository\nv_dispi.inf_amd64_f5be1f8d25335236\nvldumdx.dll
0x00007ffc972a0000 - 0x00007ffc972f7000 	C:\WINDOWS\System32\WINTRUST.DLL
0x00007ffc99e40000 - 0x00007ffc99e5d000 	C:\WINDOWS\System32\imagehlp.dll
0x00007ffc4d320000 - 0x00007ffc4e559000 	C:\WINDOWS\System32\DriverStore\FileRepository\nv_dispi.inf_amd64_f5be1f8d25335236\nvd3dumx.dll
0x00007ffc86be0000 - 0x00007ffc86ca3000 	C:\Program Files (x86)\NVIDIA Corporation\3D Vision\nvSCPAPI64.dll
0x00007ffc97870000 - 0x00007ffc97cbb000 	C:\WINDOWS\System32\SETUPAPI.dll
0x00007ffc59570000 - 0x00007ffc597b4000 	C:\WINDOWS\system32\nvspcap64.dll
0x00007ffc953c0000 - 0x00007ffc953f1000 	C:\WINDOWS\SYSTEM32\ntmarta.dll
0x00007ffc95010000 - 0x00007ffc95032000 	C:\WINDOWS\SYSTEM32\gpapi.dll
0x00007ffc88860000 - 0x00007ffc8888e000 	C:\WINDOWS\SYSTEM32\cryptnet.dll
0x00007ffc6f860000 - 0x00007ffc6f8a2000 	C:\Program Files\Java\jdk-9.0.1\bin\t2k.dll
0x00007ffc99e90000 - 0x00007ffc99f30000 	C:\WINDOWS\System32\clbcatq.dll
0x00007ffc94660000 - 0x00007ffc9480e000 	C:\WINDOWS\SYSTEM32\WindowsCodecs.dll
0x00007ffc85ad0000 - 0x00007ffc85b28000 	C:\WINDOWS\system32\dataexchange.dll
0x00007ffc91e20000 - 0x00007ffc9212b000 	C:\WINDOWS\system32\d3d11.dll
0x00007ffc941e0000 - 0x00007ffc9437c000 	C:\WINDOWS\system32\dcomp.dll
0x00007ffc95090000 - 0x00007ffc9514b000 	C:\WINDOWS\system32\dxgi.dll
0x00007ffc94ba0000 - 0x00007ffc94d58000 	C:\WINDOWS\system32\twinapi.appcore.dll
0x00007ffc94a30000 - 0x00007ffc94a51000 	C:\WINDOWS\system32\RMCLIENT.dll
0x00007ffc80720000 - 0x00007ffc807c8000 	C:\WINDOWS\SYSTEM32\mscms.dll
0x00007ffc8eb60000 - 0x00007ffc8eb70000 	C:\WINDOWS\SYSTEM32\ColorAdapterClient.dll
0x00007ffc72750000 - 0x00007ffc72793000 	C:\WINDOWS\SYSTEM32\icm32.dll
0x00007ffc85d20000 - 0x00007ffc85db6000 	C:\WINDOWS\System32\TextInputFramework.dll
0x00007ffc87070000 - 0x00007ffc8738e000 	C:\WINDOWS\System32\CoreUIComponents.dll
0x00007ffc93f00000 - 0x00007ffc93fda000 	C:\WINDOWS\System32\CoreMessaging.dll
0x00007ffc908e0000 - 0x00007ffc90a2d000 	C:\WINDOWS\SYSTEM32\wintypes.dll
0x00007ffc85b30000 - 0x00007ffc85b9b000 	C:\WINDOWS\system32\Oleacc.dll
0x0000000180000000 - 0x000000018006c000 	C:\Program Files (x86)\DisplayFusion\Hooks\AppHook64_A6B83BF8-CEA0-478F-AB5B-1B7B06ADEBD0.dll
0x00007ffc6b1c0000 - 0x00007ffc6b202000 	C:\Users\grahm\AppData\Local\Temp\jna-98615387\jna9525344716778852434.dll
0x00007ffc69000000 - 0x00007ffc6909b000 	C:\Users\grahm\AppData\Local\Temp\jna-98615387\jna13265376786153510563.dll
0x00007ffc81fd0000 - 0x00007ffc81fdc000 	C:\Program Files\Java\jdk-9.0.1\bin\jsound.dll
0x00007ffc81a70000 - 0x00007ffc81a7b000 	C:\Program Files\Java\jdk-9.0.1\bin\jsoundds.dll
0x00007ffc55780000 - 0x00007ffc5580f000 	C:\WINDOWS\SYSTEM32\DSOUND.dll
0x00007ffc810b0000 - 0x00007ffc810b8000 	C:\Program Files\Java\jdk-9.0.1\bin\prefs.dll
0x00007ffc8fc00000 - 0x00007ffc8fdc9000 	C:\WINDOWS\SYSTEM32\dbghelp.dll

VM Arguments:
jvm_args: -ea -javaagent:C:\Program Files\JetBrains\IntelliJ IDEA Community Edition 2018.3.2\lib\idea_rt.jar=59885:C:\Program Files\JetBrains\IntelliJ IDEA Community Edition 2018.3.2\bin -Dfile.encoding=UTF-8 
java_command: net.runelite.client.RuneLite --debug --developer-mode
java_class_path (initial): C:\Users\grahm\IdeaProjects\runelite\runelite-client\target\classes;C:\Users\grahm\.m2\repository\org\slf4j\slf4j-api\1.7.25\slf4j-api-1.7.25.jar;C:\Users\grahm\.m2\repository\ch\qos\logback\logback-classic\1.2.3\logback-classic-1.2.3.jar;C:\Users\grahm\.m2\repository\ch\qos\logback\logback-core\1.2.3\logback-core-1.2.3.jar;C:\Users\grahm\.m2\repository\net\sf\jopt-simple\jopt-simple\5.0.1\jopt-simple-5.0.1.jar;C:\Users\grahm\.m2\repository\com\google\guava\guava\23.2-jre\guava-23.2-jre.jar;C:\Users\grahm\.m2\repository\com\google\code\findbugs\jsr305\1.3.9\jsr305-1.3.9.jar;C:\Users\grahm\.m2\repository\com\google\errorprone\error_prone_annotations\2.0.18\error_prone_annotations-2.0.18.jar;C:\Users\grahm\.m2\repository\com\google\j2objc\j2objc-annotations\1.1\j2objc-annotations-1.1.jar;C:\Users\grahm\.m2\repository\org\codehaus\mojo\animal-sniffer-annotations\1.14\animal-sniffer-annotations-1.14.jar;C:\Users\grahm\.m2\repository\com\google\inject\guice\4.1.0\guice-4.1.0-no_aop.jar;C:\Users\grahm\.m2\repository\javax\inject\javax.inject\1\javax.inject-1.jar;C:\Users\grahm\.m2\repository\aopalliance\aopalliance\1.0\aopalliance-1.0.jar;C:\Users\grahm\.m2\repository\com\google\code\gson\gson\2.8.5\gson-2.8.5.jar;C:\Users\grahm\.m2\repository\net\runelite\pushingpixels\substance\8.0.02\substance-8.0.02.jar;C:\Users\grahm\.m2\repository\net\runelite\pushingpixels\trident\1.5.00\trident-1.5.00.jar;C:\Users\grahm\.m2\repository\org\apache\commons\commons-text\1.2\commons-text-1.2.jar;C:\Users\grahm\.m2\repository\org\apache\commons\commons-lang3\3.7\commons-lang3-3.7.jar;C:\Users\grahm\.m2\repository\org\jogamp\jogl\jogl-all\2.3.2\jogl-all-2.3.2.jar;C:\Users\grahm\.m2\repository\org\jogamp\jogl\jogl-all\2.3.2\jogl-all-2.3.2-natives-windows-amd64.jar;C:\Users\grahm\.m2\repository\org\jogamp\jogl\jogl-all\2.3.2\jogl-all-2.3.2-natives-windows-i586.jar;C:\Users\grahm\.m2\repository\org\jogamp\jogl\jogl-all\2.3.2\jogl-all-2.3.2-natives-linux-amd64.ja
Launcher Type: SUN_STANDARD

Logging:
Log output configuration:
#0: stdout all=warning uptime,level,tags
#1: stderr all=off uptime,level,tags

Environment Variables:
PATH=C:\Program Files\Mozilla Firefox;C:\ProgramData\Oracle\Java\javapath;C:\Windows\system32;C:\Windows;C:\Windows\System32\Wbem;C:\Windows\System32\WindowsPowerShell\v1.0\;c:\Program Files (x86)\Microsoft SQL Server\100\Tools\Binn\;c:\Program Files\Microsoft SQL Server\100\Tools\Binn\;c:\Program Files\Microsoft SQL Server\100\DTS\Binn\;C:\Program Files\Java\jdk1.7.0_80\bin;C:\Program Files (x86)\Skype\Phone\;C:\Program Files (x86)\PharosSystems\Core;C:\WINDOWS\system32;C:\WINDOWS;C:\WINDOWS\System32\Wbem;C:\WINDOWS\System32\WindowsPowerShell\v1.0\;C:\Program Files\OpenVPN\bin;C:\Program Files\PuTTY\;C:\Program Files (x86)\Calibre2\;C:\Program Files (x86)\NVIDIA Corporation\PhysX\Common;C:\WINDOWS\system32;C:\WINDOWS;C:\WINDOWS\System32\Wbem;C:\WINDOWS\System32\WindowsPowerShell\v1.0\;C:\WINDOWS\System32\OpenSSH\;C:\Users\grahm\AppData\Local\Programs\Python\Python36-32\Scripts\;C:\Users\grahm\AppData\Local\Programs\Python\Python36-32\;C:\Users\grahm\AppData\Local\Microsoft\WindowsApps;C:\Users\grahm\AppData\Local\GitHubDesktop\bin;C:\Users\grahm\AppData\Local\Microsoft\WindowsApps;
USERNAME=grahm
OS=Windows_NT
PROCESSOR_IDENTIFIER=AMD64 Family 16 Model 5 Stepping 3, AuthenticAMD



---------------  S Y S T E M  ---------------

OS: Windows 10 , 64 bit Build 17134 (10.0.17134.1)

CPU:total 4 (initial active 4) (4 cores per cpu, 1 threads per core) family 16 model 5 stepping 3, cmov, cx8, fxsr, mmx, sse, sse2, sse3, popcnt, mmxext, 3dnowpref, lzcnt, sse4a, tsc, tscinvbit, tscinv

Memory: 4k page, physical 12582064k(3515312k free), swap 12582064k(52780k free)

vm_info: Java HotSpot(TM) 64-Bit Server VM (9.0.1+11) for windows-amd64 JRE (9.0.1+11), built on Sep 28 2017 04:54:03 by "mach5one" with MS VC++ 12.0 (VS2013)

END.
