#
# There is insufficient memory for the Java Runtime Environment to continue.
# Native memory allocation (mmap) failed to map 109051904 bytes for Failed to commit area from 0x000000070ad00000 to 0x0000000711500000 of length 109051904.
# Possible reasons:
#   The system is out of physical RAM or swap space
#   The process is running with CompressedOops enabled, and the Java Heap may be blocking the growth of the native heap
# Possible solutions:
#   Reduce memory load on the system
#   Increase physical memory or swap space
#   Check if swap backing store is full
#   Decrease Java heap size (-Xmx/-Xms)
#   Decrease number of Java threads
#   Decrease Java thread stack sizes (-Xss)
#   Set larger code cache with -XX:ReservedCodeCacheSize=
#   JVM is running with Zero Based Compressed Oops mode in which the Java heap is
#     placed in the first 32GB address space. The Java Heap base address is the
#     maximum limit for the native heap growth. Please use -XX:HeapBaseMinAddress
#     to set the Java Heap base and to place the Java Heap above 32GB virtual address.
# This output file may be truncated or incomplete.
#
#  Out of Memory Error (t:/workspace/hotspot/src/os/windows/vm/os_windows.cpp:3357), pid=5372, tid=13032
#
# JRE version: Java(TM) SE Runtime Environment (9.0+11) (build 9.0.1+11)
# Java VM: Java HotSpot(TM) 64-Bit Server VM (9.0.1+11, mixed mode, tiered, compressed oops, g1 gc, windows-amd64)
# No core dump will be written. Minidumps are not enabled by default on client versions of Windows
#

---------------  S U M M A R Y ------------

Command Line: -ea -javaagent:C:\Program Files\JetBrains\IntelliJ IDEA Community Edition 2018.3.2\lib\idea_rt.jar=60340:C:\Program Files\JetBrains\IntelliJ IDEA Community Edition 2018.3.2\bin -Dfile.encoding=UTF-8 net.runelite.client.RuneLite --debug --developer-mode

Host: AMD Athlon(tm) II X4 645 Processor, 4 cores, 11G,  Windows 10 , 64 bit Build 17134 (10.0.17134.1)
Time: Fri Dec 21 16:14:49 2018 Eastern Standard Time elapsed time: 19 seconds (0d 0h 0m 19s)

---------------  T H R E A D  ---------------

Current thread (0x0000027eff5c6800):  VMThread "VM Thread" [stack: 0x000000f813400000,0x000000f813500000] [id=13032]

Stack: [0x000000f813400000,0x000000f813500000]
[error occurred during error reporting (printing stack bounds), id 0xe0000002]

Native frames: (J=compiled Java code, j=interpreted, Vv=VM code, C=native code)
V  [jvm.dll+0x5870b8]
V  [jvm.dll+0x69c0ee]
V  [jvm.dll+0x69d00a]
V  [jvm.dll+0x69cb95]
V  [jvm.dll+0x69d5ab]
V  [jvm.dll+0x586916]
V  [jvm.dll+0x586ce8]
C  [ntdll.dll+0x9f7dd]
C  [ntdll.dll+0xd856]
C  [ntdll.dll+0x9e70e]
C  0x0000027e80000e3d

VM_Operation (0x000000f8128ff030): G1IncCollectionPause, mode: safepoint, requested by thread 0x0000027ef10da000


---------------  P R O C E S S  ---------------

Java Threads: ( => current thread )
  0x0000027e98c0d800 JavaThread "AudioPusher" daemon [_thread_blocked, id=15884, stack(0x000000f816600000,0x000000f816700000)]
  0x0000027e98c0b800 JavaThread "JitterCorrector" daemon [_thread_blocked, id=16452, stack(0x000000f816500000,0x000000f816600000)]
  0x0000027e98c07800 JavaThread "pool-5-thread-1" [_thread_blocked, id=15284, stack(0x000000f816300000,0x000000f816400000)]
  0x0000027e98c0d000 JavaThread "Java Sound Event Dispatcher" daemon [_thread_blocked, id=14876, stack(0x000000f816000000,0x000000f816100000)]
  0x0000027e98bff800 JavaThread "TimerQueue" daemon [_thread_blocked, id=17124, stack(0x000000f815d00000,0x000000f815e00000)]
  0x0000027e98c06000 JavaThread "Thread-9" daemon [_thread_blocked, id=5544, stack(0x000000f815c00000,0x000000f815d00000)]
  0x0000027e98c05800 JavaThread "Thread-8" daemon [_thread_blocked, id=14620, stack(0x000000f815b00000,0x000000f815c00000)]
  0x0000027e98c04000 JavaThread "Thread-7" daemon [_thread_in_native, id=1980, stack(0x000000f815a00000,0x000000f815b00000)]
  0x0000027e98c03000 JavaThread "Thread-6" daemon [_thread_blocked, id=16964, stack(0x000000f815800000,0x000000f815900000)]
  0x0000027e98c01800 JavaThread "Trident pulse source thread" daemon [_thread_blocked, id=17116, stack(0x000000f815700000,0x000000f815800000)]
  0x0000027e98c00000 JavaThread "Trident callback thread" daemon [_thread_blocked, id=15900, stack(0x000000f815600000,0x000000f815700000)]
  0x0000027e98c01000 JavaThread "Substance heap status" daemon [_thread_blocked, id=11388, stack(0x000000f815300000,0x000000f815400000)]
  0x0000027e98c04800 JavaThread "Thread-2" daemon [_thread_in_native, id=17088, stack(0x000000f815200000,0x000000f815300000)]
  0x0000027e98c02800 JavaThread "Thread-1" daemon [_thread_blocked, id=16984, stack(0x000000f815100000,0x000000f815200000)]
  0x0000027e99dea800 JavaThread "AWT-EventQueue-0" [_thread_blocked, id=11244, stack(0x000000f814c00000,0x000000f814d00000)]
  0x0000027e99de9800 JavaThread "AWT-Shutdown" [_thread_blocked, id=5956, stack(0x000000f814700000,0x000000f814800000)]
  0x0000027e99deb800 JavaThread "OkHttp Http2Connection" daemon [_thread_blocked, id=11336, stack(0x000000f814b00000,0x000000f814c00000)]
  0x0000027e99de9000 JavaThread "OkHttp Http2Connection" daemon [_thread_blocked, id=8176, stack(0x000000f814a00000,0x000000f814b00000)]
  0x0000027e97650000 JavaThread "OkHttp api.runelite.net" [_thread_in_native, id=4608, stack(0x000000f814900000,0x000000f814a00000)]
  0x0000027e9ac6b800 JavaThread "AWT-Windows" daemon [_thread_in_native, id=16304, stack(0x000000f814800000,0x000000f814900000)]
  0x0000027e98bae800 JavaThread "Java2D Disposer" daemon [_thread_blocked, id=3308, stack(0x000000f814600000,0x000000f814700000)]
  0x0000027e98aee000 JavaThread "pool-3-thread-1" [_thread_blocked, id=15548, stack(0x000000f814500000,0x000000f814600000)]
  0x0000027e986da800 JavaThread "Okio Watchdog" daemon [_thread_blocked, id=16464, stack(0x000000f814400000,0x000000f814500000)]
  0x0000027e984d3000 JavaThread "OkHttp ConnectionPool" daemon [_thread_blocked, id=2312, stack(0x000000f814300000,0x000000f814400000)]
  0x0000027e97ba5800 JavaThread "pool-2-thread-1" [_thread_blocked, id=11592, stack(0x000000f814100000,0x000000f814200000)]
  0x0000027e97337000 JavaThread "Service Thread" daemon [_thread_blocked, id=16080, stack(0x000000f813f00000,0x000000f814000000)]
  0x0000027e973f2800 JavaThread "Monitor Ctrl-Break" daemon [_thread_in_native, id=16652, stack(0x000000f813e00000,0x000000f813f00000)]
  0x0000027eff64d800 JavaThread "Common-Cleaner" daemon [_thread_blocked, id=16096, stack(0x000000f813d00000,0x000000f813e00000)]
  0x0000027eff639000 JavaThread "Sweeper thread" daemon [_thread_blocked, id=16996, stack(0x000000f813c00000,0x000000f813d00000)]
  0x0000027eff632000 JavaThread "C1 CompilerThread2" daemon [_thread_blocked, id=15000, stack(0x000000f813b00000,0x000000f813c00000)]
  0x0000027eff62d000 JavaThread "C2 CompilerThread1" daemon [_thread_in_native, id=12972, stack(0x000000f813a00000,0x000000f813b00000)]
  0x0000027eff627000 JavaThread "C2 CompilerThread0" daemon [_thread_blocked, id=4276, stack(0x000000f813900000,0x000000f813a00000)]
  0x0000027eff626000 JavaThread "Attach Listener" daemon [_thread_blocked, id=5852, stack(0x000000f813800000,0x000000f813900000)]
  0x0000027eff625800 JavaThread "Signal Dispatcher" daemon [_thread_blocked, id=16060, stack(0x000000f813700000,0x000000f813800000)]
  0x0000027eff5ce800 JavaThread "Finalizer" daemon [_thread_blocked, id=14932, stack(0x000000f813600000,0x000000f813700000)]
  0x0000027eff5cd800 JavaThread "Reference Handler" daemon [_thread_blocked, id=5204, stack(0x000000f813500000,0x000000f813600000)]
  0x0000027ef10da000 JavaThread "main" [_thread_blocked, id=11872, stack(0x000000f812800000,0x000000f812900000)]

Other Threads:
=>0x0000027eff5c6800 VMThread "VM Thread" [stack: 0x000000f813400000,0x000000f813500000] [id=13032]
  0x0000027e973f7800 WatcherThread [stack: 0x000000f814000000,0x000000f814100000] [id=12600]
  0x0000027ef10f2000 GCTaskThread "GC Thread#0" [stack: 0x000000f812900000,0x000000f812a00000] [id=16864]
  0x0000027ef10f3800 GCTaskThread "GC Thread#1" [stack: 0x000000f812a00000,0x000000f812b00000] [id=15616]
  0x0000027ef10f5800 GCTaskThread "GC Thread#2" [stack: 0x000000f812b00000,0x000000f812c00000] [id=13676]
  0x0000027ef10f7800 GCTaskThread "GC Thread#3" [stack: 0x000000f812c00000,0x000000f812d00000] [id=4856]
  0x0000027ef1146800 ConcurrentGCThread "G1 Main Marker" [stack: 0x000000f813200000,0x000000f813300000] [id=15808]
  0x0000027ef1147800 ConcurrentGCThread "G1 Marker#0" [stack: 0x000000f813300000,0x000000f813400000] [id=16344]
  0x0000027ef1101800 ConcurrentGCThread "G1 Refine#0" [stack: 0x000000f813000000,0x000000f813100000] [id=12712]
  0x0000027ef10ff000 ConcurrentGCThread "G1 Refine#1" [stack: 0x000000f812f00000,0x000000f813000000] [id=10528]
  0x0000027ef10fe000 ConcurrentGCThread "G1 Refine#2" [stack: 0x000000f812e00000,0x000000f812f00000] [id=11720]
  0x0000027ef10fa000 ConcurrentGCThread "G1 Refine#3" [stack: 0x000000f812d00000,0x000000f812e00000] [id=3612]
  0x0000027ef1103000 ConcurrentGCThread "G1 Young RemSet Sampling" [stack: 0x000000f813100000,0x000000f813200000] [id=2676]

Threads with active compile tasks:
C2 CompilerThread17182       4       java.text.SimpleDateFormat::subFormat (1260 bytes)
C2 CompilerThread07225       4       java.beans.PropertyChangeSupport::firePropertyChange (81 bytes)

VM state:at safepoint (normal execution)

VM Mutex/Monitor currently owned by a thread:  ([mutex/lock_event])
[0x0000027ef10d7db0] Threads_lock - owner thread: 0x0000027eff5c6800
[0x0000027ef10d9790] Heap_lock - owner thread: 0x0000027ef10da000

Heap address: 0x0000000700000000, size: 3072 MB, Compressed Oops mode: Zero based, Oop shift amount: 3
Narrow klass base: 0x0000000000000000, Narrow klass shift: 3
Compressed class space size: 1073741824 Address: 0x00000007c0000000

Heap:
 garbage-first heap   total 283648K, used 97488K [0x0000000700000000, 0x00000007001008a8, 0x00000007c0000000)
  region size 1024K, 1 young (1024K), 1 survivors (1024K)
 Metaspace       used 55442K, capacity 59338K, committed 59392K, reserved 1107968K
  class space    used 6234K, capacity 6901K, committed 6912K, reserved 1048576K
Heap Regions: E=young(eden), S=young(survivor), O=old, HS=humongous(starts), HC=humongous(continues), CS=collection set, F=free, A=archive, TS=gc time stamp, AC=allocation context, TAMS=top-at-mark-start (previous, next)
|   0|0x0000000700000000, 0x00000007000fc9b8, 0x0000000700100000| 98%| O|  |TS  0|AC  0|TAMS 0x00000007000fc9b8, 0x00000007000fc9b8|
|   1|0x0000000700100000, 0x00000007001d2908, 0x0000000700200000| 82%| O|  |TS  0|AC  0|TAMS 0x00000007001d2908, 0x00000007001d2908|
|   2|0x0000000700200000, 0x0000000700300000, 0x0000000700300000|100%| O|  |TS  0|AC  0|TAMS 0x0000000700300000, 0x0000000700300000|
|   3|0x0000000700300000, 0x00000007003fffd0, 0x0000000700400000| 99%| O|  |TS  0|AC  0|TAMS 0x00000007003fffd0, 0x00000007003fffd0|
|   4|0x0000000700400000, 0x00000007004fe8b0, 0x0000000700500000| 99%| O|  |TS  0|AC  0|TAMS 0x00000007004fe8b0, 0x00000007004fe8b0|
|   5|0x0000000700500000, 0x00000007005ffff0, 0x0000000700600000| 99%| O|  |TS  0|AC  0|TAMS 0x00000007005ffff0, 0x00000007005ffff0|
|   6|0x0000000700600000, 0x0000000700700000, 0x0000000700700000|100%| O|  |TS  0|AC  0|TAMS 0x0000000700700000, 0x0000000700700000|
|   7|0x0000000700700000, 0x00000007007fffb0, 0x0000000700800000| 99%| O|  |TS  0|AC  0|TAMS 0x00000007007fffb0, 0x00000007007fffb0|
|   8|0x0000000700800000, 0x00000007008fffd8, 0x0000000700900000| 99%| O|  |TS  0|AC  0|TAMS 0x00000007008fffd8, 0x00000007008fffd8|
|   9|0x0000000700900000, 0x00000007009fffd0, 0x0000000700a00000| 99%| O|  |TS  0|AC  0|TAMS 0x00000007009fffd0, 0x00000007009fffd0|
|  10|0x0000000700a00000, 0x0000000700afffe8, 0x0000000700b00000| 99%| O|  |TS  0|AC  0|TAMS 0x0000000700afffe8, 0x0000000700afffe8|
|  11|0x0000000700b00000, 0x0000000700bfc190, 0x0000000700c00000| 98%| O|  |TS  0|AC  0|TAMS 0x0000000700bfc190, 0x0000000700bfc190|
|  12|0x0000000700c00000, 0x0000000700cfad60, 0x0000000700d00000| 97%| O|  |TS  0|AC  0|TAMS 0x0000000700cfad60, 0x0000000700cfad60|
|  13|0x0000000700d00000, 0x0000000700dee618, 0x0000000700e00000| 93%| O|  |TS  0|AC  0|TAMS 0x0000000700dee618, 0x0000000700dee618|
|  14|0x0000000700e00000, 0x0000000700efffe8, 0x0000000700f00000| 99%| O|  |TS  0|AC  0|TAMS 0x0000000700efffe8, 0x0000000700efffe8|
|  15|0x0000000700f00000, 0x0000000701000000, 0x0000000701000000|100%| O|  |TS  0|AC  0|TAMS 0x0000000701000000, 0x0000000701000000|
|  16|0x0000000701000000, 0x00000007010feb28, 0x0000000701100000| 99%| O|  |TS  0|AC  0|TAMS 0x00000007010feb28, 0x00000007010feb28|
|  17|0x0000000701100000, 0x00000007011ffff8, 0x0000000701200000| 99%| O|  |TS  0|AC  0|TAMS 0x00000007011ffff8, 0x00000007011ffff8|
|  18|0x0000000701200000, 0x00000007012fffd8, 0x0000000701300000| 99%| O|  |TS  0|AC  0|TAMS 0x00000007012fffd8, 0x00000007012fffd8|
|  19|0x0000000701300000, 0x00000007013fffd0, 0x0000000701400000| 99%| O|  |TS  0|AC  0|TAMS 0x00000007013fffd0, 0x00000007013fffd0|
|  20|0x0000000701400000, 0x0000000701500000, 0x0000000701500000|100%| O|  |TS  0|AC  0|TAMS 0x0000000701500000, 0x0000000701500000|
|  21|0x0000000701500000, 0x00000007015fffe8, 0x0000000701600000| 99%| O|  |TS  0|AC  0|TAMS 0x00000007015fffe8, 0x00000007015fffe8|
|  22|0x0000000701600000, 0x00000007016ffff8, 0x0000000701700000| 99%| O|  |TS  0|AC  0|TAMS 0x00000007016ffff8, 0x00000007016ffff8|
|  23|0x0000000701700000, 0x0000000701739160, 0x0000000701800000| 22%| O|  |TS  0|AC  0|TAMS 0x0000000701739160, 0x0000000701739160|
|  24|0x0000000701800000, 0x0000000701900000, 0x0000000701900000|100%| O|  |TS  0|AC  0|TAMS 0x0000000701900000, 0x0000000701900000|
|  25|0x0000000701900000, 0x0000000701a00000, 0x0000000701a00000|100%| O|  |TS  0|AC  0|TAMS 0x0000000701a00000, 0x0000000701a00000|
|  26|0x0000000701a00000, 0x0000000701b00000, 0x0000000701b00000|100%|HS|  |TS  0|AC  0|TAMS 0x0000000701b00000, 0x0000000701b00000|
|  27|0x0000000701b00000, 0x0000000701c00000, 0x0000000701c00000|100%|HC|  |TS  0|AC  0|TAMS 0x0000000701c00000, 0x0000000701c00000|
|  28|0x0000000701c00000, 0x0000000701d00000, 0x0000000701d00000|100%|HC|  |TS  0|AC  0|TAMS 0x0000000701d00000, 0x0000000701d00000|
|  29|0x0000000701d00000, 0x0000000701e00000, 0x0000000701e00000|100%|HC|  |TS  0|AC  0|TAMS 0x0000000701e00000, 0x0000000701e00000|
|  30|0x0000000701e00000, 0x0000000701f00000, 0x0000000701f00000|100%|HC|  |TS  0|AC  0|TAMS 0x0000000701f00000, 0x0000000701f00000|
|  31|0x0000000701f00000, 0x0000000702000000, 0x0000000702000000|100%|HC|  |TS  0|AC  0|TAMS 0x0000000702000000, 0x0000000702000000|
|  32|0x0000000702000000, 0x0000000702100000, 0x0000000702100000|100%|HC|  |TS  0|AC  0|TAMS 0x0000000702100000, 0x0000000702100000|
|  33|0x0000000702100000, 0x0000000702200000, 0x0000000702200000|100%|HC|  |TS  0|AC  0|TAMS 0x0000000702200000, 0x0000000702200000|
|  34|0x0000000702200000, 0x0000000702300000, 0x0000000702300000|100%|HS|  |TS  0|AC  0|TAMS 0x0000000702300000, 0x0000000702300000|
|  35|0x0000000702300000, 0x0000000702400000, 0x0000000702400000|100%|HC|  |TS  0|AC  0|TAMS 0x0000000702400000, 0x0000000702400000|
|  36|0x0000000702400000, 0x0000000702500000, 0x0000000702500000|100%|HS|  |TS  0|AC  0|TAMS 0x0000000702500000, 0x0000000702500000|
|  37|0x0000000702500000, 0x0000000702600000, 0x0000000702600000|100%|HC|  |TS  0|AC  0|TAMS 0x0000000702600000, 0x0000000702600000|
|  38|0x0000000702600000, 0x0000000702700000, 0x0000000702700000|100%|HC|  |TS  0|AC  0|TAMS 0x0000000702700000, 0x0000000702700000|
|  39|0x0000000702700000, 0x0000000702800000, 0x0000000702800000|100%|HC|  |TS  0|AC  0|TAMS 0x0000000702800000, 0x0000000702800000|
|  40|0x0000000702800000, 0x0000000702900000, 0x0000000702900000|100%|HC|  |TS  0|AC  0|TAMS 0x0000000702900000, 0x0000000702900000|
|  41|0x0000000702900000, 0x0000000702a00000, 0x0000000702a00000|100%|HC|  |TS  0|AC  0|TAMS 0x0000000702a00000, 0x0000000702a00000|
|  42|0x0000000702a00000, 0x0000000702b00000, 0x0000000702b00000|100%|HC|  |TS  0|AC  0|TAMS 0x0000000702b00000, 0x0000000702b00000|
|  43|0x0000000702b00000, 0x0000000702c00000, 0x0000000702c00000|100%|HC|  |TS  0|AC  0|TAMS 0x0000000702c00000, 0x0000000702c00000|
|  44|0x0000000702c00000, 0x0000000702d00000, 0x0000000702d00000|100%| O|  |TS  0|AC  0|TAMS 0x0000000702d00000, 0x0000000702d00000|
|  45|0x0000000702d00000, 0x0000000702e00000, 0x0000000702e00000|100%| O|  |TS  0|AC  0|TAMS 0x0000000702e00000, 0x0000000702e00000|
|  46|0x0000000702e00000, 0x0000000702f00000, 0x0000000702f00000|100%| O|  |TS  0|AC  0|TAMS 0x0000000702f00000, 0x0000000702f00000|
|  47|0x0000000702f00000, 0x0000000703000000, 0x0000000703000000|100%| O|  |TS  0|AC  0|TAMS 0x0000000703000000, 0x0000000703000000|
|  48|0x0000000703000000, 0x0000000703100000, 0x0000000703100000|100%| O|  |TS  0|AC  0|TAMS 0x0000000703100000, 0x0000000703100000|
|  49|0x0000000703100000, 0x0000000703200000, 0x0000000703200000|100%| O|  |TS  0|AC  0|TAMS 0x0000000703200000, 0x0000000703200000|
|  50|0x0000000703200000, 0x0000000703300000, 0x0000000703300000|100%| O|  |TS  0|AC  0|TAMS 0x0000000703300000, 0x0000000703300000|
|  51|0x0000000703300000, 0x0000000703400000, 0x0000000703400000|100%| O|  |TS  0|AC  0|TAMS 0x0000000703400000, 0x0000000703400000|
|  52|0x0000000703400000, 0x0000000703500000, 0x0000000703500000|100%| O|  |TS  0|AC  0|TAMS 0x0000000703500000, 0x0000000703500000|
|  53|0x0000000703500000, 0x0000000703600000, 0x0000000703600000|100%| O|  |TS  0|AC  0|TAMS 0x0000000703600000, 0x0000000703600000|
|  54|0x0000000703600000, 0x0000000703700000, 0x0000000703700000|100%| O|  |TS  0|AC  0|TAMS 0x0000000703700000, 0x0000000703700000|
|  55|0x0000000703700000, 0x0000000703800000, 0x0000000703800000|100%| O|  |TS  0|AC  0|TAMS 0x0000000703800000, 0x0000000703800000|
|  56|0x0000000703800000, 0x0000000703900000, 0x0000000703900000|100%| O|  |TS  0|AC  0|TAMS 0x0000000703900000, 0x0000000703900000|
|  57|0x0000000703900000, 0x0000000703a00000, 0x0000000703a00000|100%| O|  |TS  0|AC  0|TAMS 0x0000000703a00000, 0x0000000703a00000|
|  58|0x0000000703a00000, 0x0000000703b00000, 0x0000000703b00000|100%| O|  |TS  0|AC  0|TAMS 0x0000000703b00000, 0x0000000703b00000|
|  59|0x0000000703b00000, 0x0000000703c00000, 0x0000000703c00000|100%| O|  |TS  0|AC  0|TAMS 0x0000000703c00000, 0x0000000703c00000|
|  60|0x0000000703c00000, 0x0000000703d00000, 0x0000000703d00000|100%| O|  |TS  0|AC  0|TAMS 0x0000000703d00000, 0x0000000703d00000|
|  61|0x0000000703d00000, 0x0000000703e00000, 0x0000000703e00000|100%| O|  |TS  0|AC  0|TAMS 0x0000000703e00000, 0x0000000703e00000|
|  62|0x0000000703e00000, 0x0000000703f00000, 0x0000000703f00000|100%| O|  |TS  0|AC  0|TAMS 0x0000000703f00000, 0x0000000703f00000|
|  63|0x0000000703f00000, 0x0000000704000000, 0x0000000704000000|100%| O|  |TS  0|AC  0|TAMS 0x0000000704000000, 0x0000000704000000|
|  64|0x0000000704000000, 0x0000000704100000, 0x0000000704100000|100%| O|  |TS  0|AC  0|TAMS 0x0000000704100000, 0x0000000704100000|
|  65|0x0000000704100000, 0x0000000704200000, 0x0000000704200000|100%|HS|  |TS  0|AC  0|TAMS 0x0000000704200000, 0x0000000704200000|
|  66|0x0000000704200000, 0x0000000704300000, 0x0000000704300000|100%| O|  |TS  0|AC  0|TAMS 0x0000000704300000, 0x0000000704300000|
|  67|0x0000000704300000, 0x0000000704400000, 0x0000000704400000|100%| O|  |TS  0|AC  0|TAMS 0x0000000704400000, 0x0000000704400000|
|  68|0x0000000704400000, 0x0000000704500000, 0x0000000704500000|100%| O|  |TS  0|AC  0|TAMS 0x0000000704500000, 0x0000000704500000|
|  69|0x0000000704500000, 0x0000000704600000, 0x0000000704600000|100%| O|  |TS  0|AC  0|TAMS 0x0000000704600000, 0x0000000704600000|
|  70|0x0000000704600000, 0x0000000704700000, 0x0000000704700000|100%| O|  |TS  1|AC  0|TAMS 0x0000000704664a00, 0x0000000704700000|
|  71|0x0000000704700000, 0x0000000704800000, 0x0000000704800000|100%| O|  |TS  3|AC  0|TAMS 0x0000000704700000, 0x0000000704800000|
|  72|0x0000000704800000, 0x0000000704900000, 0x0000000704900000|100%| O|  |TS  3|AC  0|TAMS 0x0000000704800000, 0x0000000704900000|
|  73|0x0000000704900000, 0x0000000704a00000, 0x0000000704a00000|100%| O|  |TS  3|AC  0|TAMS 0x0000000704900000, 0x0000000704a00000|
|  74|0x0000000704a00000, 0x0000000704b00000, 0x0000000704b00000|100%| O|  |TS  3|AC  0|TAMS 0x0000000704a00000, 0x0000000704b00000|
|  75|0x0000000704b00000, 0x0000000704c00000, 0x0000000704c00000|100%| O|  |TS  3|AC  0|TAMS 0x0000000704b00000, 0x0000000704c00000|
|  76|0x0000000704c00000, 0x0000000704d00000, 0x0000000704d00000|100%| O|  |TS  3|AC  0|TAMS 0x0000000704c00000, 0x0000000704d00000|
|  77|0x0000000704d00000, 0x0000000704d7f200, 0x0000000704e00000| 49%| O|  |TS  3|AC  0|TAMS 0x0000000704d00000, 0x0000000704d7f200|
|  78|0x0000000704e00000, 0x0000000704e00000, 0x0000000704f00000|  0%| F|  |TS  0|AC  0|TAMS 0x0000000704e00000, 0x0000000704e00000|
|  79|0x0000000704f00000, 0x0000000704f00000, 0x0000000705000000|  0%| F|  |TS  0|AC  0|TAMS 0x0000000704f00000, 0x0000000704f00000|
|  80|0x0000000705000000, 0x0000000705000000, 0x0000000705100000|  0%| F|  |TS  0|AC  0|TAMS 0x0000000705000000, 0x0000000705000000|
|  81|0x0000000705100000, 0x0000000705100000, 0x0000000705200000|  0%| F|  |TS  0|AC  0|TAMS 0x0000000705100000, 0x0000000705100000|
|  82|0x0000000705200000, 0x0000000705200000, 0x0000000705300000|  0%| F|  |TS  0|AC  0|TAMS 0x0000000705200000, 0x0000000705200000|
|  83|0x0000000705300000, 0x0000000705300000, 0x0000000705400000|  0%| F|  |TS  0|AC  0|TAMS 0x0000000705300000, 0x0000000705300000|
|  84|0x0000000705400000, 0x0000000705400000, 0x0000000705500000|  0%| F|  |TS  0|AC  0|TAMS 0x0000000705400000, 0x0000000705400000|
|  85|0x0000000705500000, 0x0000000705600000, 0x0000000705600000|100%| O|  |TS  0|AC  0|TAMS 0x0000000705600000, 0x0000000705600000|
|  86|0x0000000705600000, 0x0000000705600000, 0x0000000705700000|  0%| F|  |TS  0|AC  0|TAMS 0x0000000705600000, 0x0000000705600000|
|  87|0x0000000705700000, 0x0000000705700000, 0x0000000705800000|  0%| F|  |TS  0|AC  0|TAMS 0x0000000705700000, 0x0000000705700000|
|  88|0x0000000705800000, 0x0000000705800000, 0x0000000705900000|  0%| F|  |TS  0|AC  0|TAMS 0x0000000705800000, 0x0000000705800000|
|  89|0x0000000705900000, 0x0000000705900000, 0x0000000705a00000|  0%| F|  |TS  0|AC  0|TAMS 0x0000000705900000, 0x0000000705900000|
|  90|0x0000000705a00000, 0x0000000705a00000, 0x0000000705b00000|  0%| F|  |TS  0|AC  0|TAMS 0x0000000705a00000, 0x0000000705a00000|
|  91|0x0000000705b00000, 0x0000000705b00000, 0x0000000705c00000|  0%| F|  |TS  0|AC  0|TAMS 0x0000000705b00000, 0x0000000705b00000|
|  92|0x0000000705c00000, 0x0000000705c00000, 0x0000000705d00000|  0%| F|  |TS  0|AC  0|TAMS 0x0000000705c00000, 0x0000000705c00000|
|  93|0x0000000705d00000, 0x0000000705d00000, 0x0000000705e00000|  0%| F|  |TS  0|AC  0|TAMS 0x0000000705d00000, 0x0000000705d00000|
|  94|0x0000000705e00000, 0x0000000705f00000, 0x0000000705f00000|100%| O|  |TS  0|AC  0|TAMS 0x0000000705f00000, 0x0000000705f00000|
|  95|0x0000000705f00000, 0x0000000706000000, 0x0000000706000000|100%|HS|  |TS  0|AC  0|TAMS 0x0000000705f00000, 0x0000000706000000|
|  96|0x0000000706000000, 0x0000000706100000, 0x0000000706100000|100%|HC|  |TS  0|AC  0|TAMS 0x0000000706000000, 0x0000000706100000|
|  97|0x0000000706100000, 0x0000000706200000, 0x0000000706200000|100%|HC|  |TS  0|AC  0|TAMS 0x0000000706100000, 0x0000000706200000|
|  98|0x0000000706200000, 0x0000000706300000, 0x0000000706300000|100%|HC|  |TS  0|AC  0|TAMS 0x0000000706200000, 0x0000000706300000|
|  99|0x0000000706300000, 0x0000000706400000, 0x0000000706400000|100%|HC|  |TS  0|AC  0|TAMS 0x0000000706300000, 0x0000000706400000|
| 100|0x0000000706400000, 0x0000000706500000, 0x0000000706500000|100%|HC|  |TS  0|AC  0|TAMS 0x0000000706400000, 0x0000000706500000|
| 101|0x0000000706500000, 0x0000000706600000, 0x0000000706600000|100%|HC|  |TS  0|AC  0|TAMS 0x0000000706500000, 0x0000000706600000|
| 102|0x0000000706600000, 0x0000000706700000, 0x0000000706700000|100%|HC|  |TS  0|AC  0|TAMS 0x0000000706600000, 0x0000000706700000|
| 103|0x0000000706700000, 0x0000000706800000, 0x0000000706800000|100%|HC|  |TS  0|AC  0|TAMS 0x0000000706700000, 0x0000000706800000|
| 104|0x0000000706800000, 0x0000000706900000, 0x0000000706900000|100%|HC|  |TS  0|AC  0|TAMS 0x0000000706800000, 0x0000000706900000|
| 105|0x0000000706900000, 0x0000000706a00000, 0x0000000706a00000|100%|HC|  |TS  0|AC  0|TAMS 0x0000000706900000, 0x0000000706a00000|
| 106|0x0000000706a00000, 0x0000000706b00000, 0x0000000706b00000|100%|HC|  |TS  0|AC  0|TAMS 0x0000000706a00000, 0x0000000706b00000|
| 107|0x0000000706b00000, 0x0000000706c00000, 0x0000000706c00000|100%|HC|  |TS  0|AC  0|TAMS 0x0000000706b00000, 0x0000000706c00000|
| 108|0x0000000706c00000, 0x0000000706d00000, 0x0000000706d00000|100%|HC|  |TS  0|AC  0|TAMS 0x0000000706c00000, 0x0000000706d00000|
| 109|0x0000000706d00000, 0x0000000706e00000, 0x0000000706e00000|100%|HC|  |TS  0|AC  0|TAMS 0x0000000706d00000, 0x0000000706e00000|
| 110|0x0000000706e00000, 0x0000000706e00000, 0x0000000706f00000|  0%| F|  |TS  0|AC  0|TAMS 0x0000000706e00000, 0x0000000706e00000|
| 111|0x0000000706f00000, 0x0000000706f00000, 0x0000000707000000|  0%| F|  |TS  0|AC  0|TAMS 0x0000000706f00000, 0x0000000706f00000|
| 112|0x0000000707000000, 0x0000000707000000, 0x0000000707100000|  0%| F|  |TS  0|AC  0|TAMS 0x0000000707000000, 0x0000000707000000|
| 113|0x0000000707100000, 0x0000000707100000, 0x0000000707200000|  0%| F|  |TS  0|AC  0|TAMS 0x0000000707100000, 0x0000000707100000|
| 114|0x0000000707200000, 0x0000000707200000, 0x0000000707300000|  0%| F|  |TS  0|AC  0|TAMS 0x0000000707200000, 0x0000000707200000|
| 115|0x0000000707300000, 0x0000000707300000, 0x0000000707400000|  0%| F|  |TS  0|AC  0|TAMS 0x0000000707300000, 0x0000000707300000|
| 116|0x0000000707400000, 0x0000000707400000, 0x0000000707500000|  0%| F|  |TS  0|AC  0|TAMS 0x0000000707400000, 0x0000000707400000|
| 117|0x0000000707500000, 0x0000000707500000, 0x0000000707600000|  0%| F|  |TS  0|AC  0|TAMS 0x0000000707500000, 0x0000000707500000|
| 118|0x0000000707600000, 0x0000000707600000, 0x0000000707700000|  0%| F|  |TS  0|AC  0|TAMS 0x0000000707600000, 0x0000000707600000|
| 119|0x0000000707700000, 0x0000000707800000, 0x0000000707800000|100%| O|  |TS  0|AC  0|TAMS 0x0000000707800000, 0x0000000707800000|
| 120|0x0000000707800000, 0x0000000707800000, 0x0000000707900000|  0%| F|  |TS  0|AC  0|TAMS 0x0000000707800000, 0x0000000707800000|
| 121|0x0000000707900000, 0x0000000707900000, 0x0000000707a00000|  0%| F|  |TS  3|AC  0|TAMS 0x0000000707900000, 0x0000000707900000|
| 122|0x0000000707a00000, 0x0000000707a00000, 0x0000000707b00000|  0%| F|  |TS  3|AC  0|TAMS 0x0000000707a00000, 0x0000000707a00000|
| 123|0x0000000707b00000, 0x0000000707b00000, 0x0000000707c00000|  0%| F|  |TS  3|AC  0|TAMS 0x0000000707b00000, 0x0000000707b00000|
| 124|0x0000000707c00000, 0x0000000707c00000, 0x0000000707d00000|  0%| F|  |TS  3|AC  0|TAMS 0x0000000707c00000, 0x0000000707c00000|
| 125|0x0000000707d00000, 0x0000000707d00000, 0x0000000707e00000|  0%| F|  |TS  3|AC  0|TAMS 0x0000000707d00000, 0x0000000707d00000|
| 126|0x0000000707e00000, 0x0000000707e00000, 0x0000000707f00000|  0%| F|  |TS  3|AC  0|TAMS 0x0000000707e00000, 0x0000000707e00000|
| 127|0x0000000707f00000, 0x0000000707f00000, 0x0000000708000000|  0%| F|  |TS  1|AC  0|TAMS 0x0000000707f00000, 0x0000000707f00000|
| 128|0x0000000708000000, 0x0000000708000000, 0x0000000708100000|  0%| F|  |TS  1|AC  0|TAMS 0x0000000708000000, 0x0000000708000000|
| 129|0x0000000708100000, 0x0000000708100000, 0x0000000708200000|  0%| F|  |TS  1|AC  0|TAMS 0x0000000708100000, 0x0000000708100000|
| 130|0x0000000708200000, 0x0000000708200000, 0x0000000708300000|  0%| F|  |TS  1|AC  0|TAMS 0x0000000708200000, 0x0000000708200000|
| 131|0x0000000708300000, 0x0000000708300000, 0x0000000708400000|  0%| F|  |TS  1|AC  0|TAMS 0x0000000708300000, 0x0000000708300000|
| 132|0x0000000708400000, 0x0000000708400000, 0x0000000708500000|  0%| F|  |TS  1|AC  0|TAMS 0x0000000708400000, 0x0000000708400000|
| 133|0x0000000708500000, 0x0000000708500000, 0x0000000708600000|  0%| F|  |TS  1|AC  0|TAMS 0x0000000708500000, 0x0000000708500000|
| 134|0x0000000708600000, 0x0000000708600000, 0x0000000708700000|  0%| F|  |TS  1|AC  0|TAMS 0x0000000708600000, 0x0000000708600000|
| 135|0x0000000708700000, 0x0000000708700000, 0x0000000708800000|  0%| F|  |TS  1|AC  0|TAMS 0x0000000708700000, 0x0000000708700000|
| 136|0x0000000708800000, 0x0000000708800000, 0x0000000708900000|  0%| F|  |TS  1|AC  0|TAMS 0x0000000708800000, 0x0000000708800000|
| 137|0x0000000708900000, 0x00000007089ca518, 0x0000000708a00000| 79%| S|CS|TS  3|AC  0|TAMS 0x0000000708900000, 0x0000000708900000|
| 138|0x0000000708a00000, 0x0000000708a00000, 0x0000000708b00000|  0%| F|  |TS  3|AC  0|TAMS 0x0000000708a00000, 0x0000000708a00000|
| 139|0x0000000708b00000, 0x0000000708b00000, 0x0000000708c00000|  0%| F|  |TS  3|AC  0|TAMS 0x0000000708b00000, 0x0000000708b00000|
| 140|0x0000000708c00000, 0x0000000708c00000, 0x0000000708d00000|  0%| F|  |TS  3|AC  0|TAMS 0x0000000708c00000, 0x0000000708c00000|
| 141|0x0000000708d00000, 0x0000000708d00000, 0x0000000708e00000|  0%| F|  |TS  3|AC  0|TAMS 0x0000000708d00000, 0x0000000708d00000|
| 142|0x0000000708e00000, 0x0000000708e00000, 0x0000000708f00000|  0%| F|  |TS  3|AC  0|TAMS 0x0000000708e00000, 0x0000000708e00000|
| 143|0x0000000708f00000, 0x0000000708f00000, 0x0000000709000000|  0%| F|  |TS  3|AC  0|TAMS 0x0000000708f00000, 0x0000000708f00000|
| 144|0x0000000709000000, 0x0000000709000000, 0x0000000709100000|  0%| F|  |TS  3|AC  0|TAMS 0x0000000709000000, 0x0000000709000000|
| 145|0x0000000709100000, 0x0000000709100000, 0x0000000709200000|  0%| F|  |TS  3|AC  0|TAMS 0x0000000709100000, 0x0000000709100000|
| 146|0x0000000709200000, 0x0000000709200000, 0x0000000709300000|  0%| F|  |TS  3|AC  0|TAMS 0x0000000709200000, 0x0000000709200000|
| 147|0x0000000709300000, 0x0000000709300000, 0x0000000709400000|  0%| F|  |TS  3|AC  0|TAMS 0x0000000709300000, 0x0000000709300000|
| 148|0x0000000709400000, 0x0000000709400000, 0x0000000709500000|  0%| F|  |TS  3|AC  0|TAMS 0x0000000709400000, 0x0000000709400000|
| 149|0x0000000709500000, 0x0000000709500000, 0x0000000709600000|  0%| F|  |TS  3|AC  0|TAMS 0x0000000709500000, 0x0000000709500000|
| 150|0x0000000709600000, 0x0000000709600000, 0x0000000709700000|  0%| F|  |TS  3|AC  0|TAMS 0x0000000709600000, 0x0000000709600000|
| 151|0x0000000709700000, 0x0000000709700000, 0x0000000709800000|  0%| F|  |TS  3|AC  0|TAMS 0x0000000709700000, 0x0000000709700000|
| 152|0x0000000709800000, 0x0000000709800000, 0x0000000709900000|  0%| F|  |TS  3|AC  0|TAMS 0x0000000709800000, 0x0000000709800000|
| 153|0x0000000709900000, 0x0000000709900000, 0x0000000709a00000|  0%| F|  |TS  3|AC  0|TAMS 0x0000000709900000, 0x0000000709900000|
| 154|0x0000000709a00000, 0x0000000709a00000, 0x0000000709b00000|  0%| F|  |TS  3|AC  0|TAMS 0x0000000709a00000, 0x0000000709a00000|
| 155|0x0000000709b00000, 0x0000000709b00000, 0x0000000709c00000|  0%| F|  |TS  3|AC  0|TAMS 0x0000000709b00000, 0x0000000709b00000|
| 156|0x0000000709c00000, 0x0000000709c00000, 0x0000000709d00000|  0%| F|  |TS  3|AC  0|TAMS 0x0000000709c00000, 0x0000000709c00000|
| 157|0x0000000709d00000, 0x0000000709d00000, 0x0000000709e00000|  0%| F|  |TS  3|AC  0|TAMS 0x0000000709d00000, 0x0000000709d00000|
| 158|0x0000000709e00000, 0x0000000709e00000, 0x0000000709f00000|  0%| F|  |TS  3|AC  0|TAMS 0x0000000709e00000, 0x0000000709e00000|
| 159|0x0000000709f00000, 0x0000000709f00000, 0x000000070a000000|  0%| F|  |TS  3|AC  0|TAMS 0x0000000709f00000, 0x0000000709f00000|
| 160|0x000000070a000000, 0x000000070a000000, 0x000000070a100000|  0%| F|  |TS  3|AC  0|TAMS 0x000000070a000000, 0x000000070a000000|
| 161|0x000000070a100000, 0x000000070a100000, 0x000000070a200000|  0%| F|  |TS  3|AC  0|TAMS 0x000000070a100000, 0x000000070a100000|
| 162|0x000000070a200000, 0x000000070a200000, 0x000000070a300000|  0%| F|  |TS  3|AC  0|TAMS 0x000000070a200000, 0x000000070a200000|
| 163|0x000000070a300000, 0x000000070a300000, 0x000000070a400000|  0%| F|  |TS  3|AC  0|TAMS 0x000000070a300000, 0x000000070a300000|
| 164|0x000000070a400000, 0x000000070a400000, 0x000000070a500000|  0%| F|  |TS  3|AC  0|TAMS 0x000000070a400000, 0x000000070a400000|
| 165|0x000000070a500000, 0x000000070a500000, 0x000000070a600000|  0%| F|  |TS  3|AC  0|TAMS 0x000000070a500000, 0x000000070a500000|
| 166|0x000000070a600000, 0x000000070a600000, 0x000000070a700000|  0%| F|  |TS  3|AC  0|TAMS 0x000000070a600000, 0x000000070a600000|
| 167|0x000000070a700000, 0x000000070a700000, 0x000000070a800000|  0%| F|  |TS  3|AC  0|TAMS 0x000000070a700000, 0x000000070a700000|
| 168|0x000000070a800000, 0x000000070a800000, 0x000000070a900000|  0%| F|  |TS  3|AC  0|TAMS 0x000000070a800000, 0x000000070a800000|
| 169|0x000000070a900000, 0x000000070a900000, 0x000000070aa00000|  0%| F|  |TS  3|AC  0|TAMS 0x000000070a900000, 0x000000070a900000|
| 170|0x000000070aa00000, 0x000000070aa00000, 0x000000070ab00000|  0%| F|  |TS  3|AC  0|TAMS 0x000000070aa00000, 0x000000070aa00000|
| 171|0x000000070ab00000, 0x000000070ab00000, 0x000000070ac00000|  0%| F|  |TS  3|AC  0|TAMS 0x000000070ab00000, 0x000000070ab00000|
| 172|0x000000070ac00000, 0x000000070ac00000, 0x000000070ad00000|  0%| F|  |TS  3|AC  0|TAMS 0x000000070ac00000, 0x000000070ac00000|

Card table byte_map: [0x0000027efe240000,0x0000027efe840000] byte_map_base: 0x0000027efaa40000

Marking Bits (Prev, Next): (CMBitMap*) 0x0000027efeea7860, (CMBitMap*) 0x0000027efeea7898
 Prev Bits: [0x0000027e8f000000, 0x0000027e92000000)
 Next Bits: [0x0000027e92000000, 0x0000027e95000000)

Polling page: 0x0000027ef2980000

CodeHeap 'non-profiled nmethods': size=120064Kb used=4253Kb max_used=4253Kb free=115810Kb
 bounds [0x0000027e87ac0000, 0x0000027e87ef0000, 0x0000027e8f000000]
CodeHeap 'profiled nmethods': size=120000Kb used=15737Kb max_used=15737Kb free=104262Kb
 bounds [0x0000027e80590000, 0x0000027e81500000, 0x0000027e87ac0000]
CodeHeap 'non-nmethods': size=5696Kb used=1569Kb max_used=1605Kb free=4126Kb
 bounds [0x0000027e80000000, 0x0000027e80270000, 0x0000027e80590000]
 total_blobs=10031 nmethods=6713 adapters=813
 compilation: enabled

Compilation events (10 events):
Event: 19.968 Thread 0x0000027eff632000 7229       3       ch.qos.logback.classic.Logger::debug (15 bytes)
Event: 19.969 Thread 0x0000027eff632000 nmethod 7229 0x0000027e814f2e90 code [0x0000027e814f3040, 0x0000027e814f3210]
Event: 19.969 Thread 0x0000027eff632000 7230       3       sun.awt.windows.WKeyboardFocusManagerPeer::setCurrentFocusOwner (23 bytes)
Event: 19.969 Thread 0x0000027eff632000 nmethod 7230 0x0000027e814f3310 code [0x0000027e814f3500, 0x0000027e814f39a0]
Event: 19.969 Thread 0x0000027eff632000 7233       3       java.awt.Component::getFocusCycleRootAncestor (26 bytes)
Event: 19.969 Thread 0x0000027eff632000 nmethod 7233 0x0000027e814f3b90 code [0x0000027e814f3d60, 0x0000027e814f4070]
Event: 19.969 Thread 0x0000027eff632000 7234  s    3       org.pushingpixels.substance.internal.AnimationConfigurationManager::isAnimationAllowed (222 bytes)
Event: 19.970 Thread 0x0000027eff632000 nmethod 7234 0x0000027e814f4190 code [0x0000027e814f44c0, 0x0000027e814f5ef0]
Event: 19.970 Thread 0x0000027eff632000 7235       3       org.pushingpixels.substance.internal.utils.SoftHashMap::get (46 bytes)
Event: 19.972 Thread 0x0000027eff632000 nmethod 7235 0x0000027e814f6410 code [0x0000027e814f6660, 0x0000027e814f7260]

GC Heap History (10 events):
Event: 17.708 GC heap after
{Heap after GC invocations=46 (full 1):
 garbage-first heap   total 147456K, used 62790K [0x0000000700000000, 0x0000000700100480, 0x00000007c0000000)
  region size 1024K, 1 young (1024K), 1 survivors (1024K)
 Metaspace       used 52759K, capacity 55954K, committed 56192K, reserved 1105920K
  class space    used 5926K, capacity 6495K, committed 6528K, reserved 1048576K
}
Event: 18.315 GC heap before
{Heap before GC invocations=46 (full 1):
 garbage-first heap   total 147456K, used 93510K [0x0000000700000000, 0x0000000700100480, 0x00000007c0000000)
  region size 1024K, 31 young (31744K), 1 survivors (1024K)
 Metaspace       used 53968K, capacity 57468K, committed 57728K, reserved 1105920K
  class space    used 6096K, capacity 6690K, committed 6784K, reserved 1048576K
}
Event: 18.326 GC heap after
{Heap after GC invocations=47 (full 1):
 garbage-first heap   total 177152K, used 68329K [0x0000000700000000, 0x0000000700100568, 0x00000007c0000000)
  region size 1024K, 4 young (4096K), 4 survivors (4096K)
 Metaspace       used 53968K, capacity 57468K, committed 57728K, reserved 1105920K
  class space    used 6096K, capacity 6690K, committed 6784K, reserved 1048576K
}
Event: 18.523 GC heap before
{Heap before GC invocations=47 (full 1):
 garbage-first heap   total 177152K, used 110313K [0x0000000700000000, 0x0000000700100568, 0x00000007c0000000)
  region size 1024K, 45 young (46080K), 4 survivors (4096K)
 Metaspace       used 54106K, capacity 57616K, committed 57728K, reserved 1105920K
  class space    used 6109K, capacity 6706K, committed 6784K, reserved 1048576K
}
Event: 18.536 GC heap after
{Heap after GC invocations=48 (full 1):
 garbage-first heap   total 177152K, used 73892K [0x0000000700000000, 0x0000000700100568, 0x00000007c0000000)
  region size 1024K, 6 young (6144K), 6 survivors (6144K)
 Metaspace       used 54106K, capacity 57616K, committed 57728K, reserved 1105920K
  class space    used 6109K, capacity 6706K, committed 6784K, reserved 1048576K
}
Event: 18.614 GC heap before
{Heap before GC invocations=48 (full 1):
 garbage-first heap   total 177152K, used 86180K [0x0000000700000000, 0x0000000700100568, 0x00000007c0000000)
  region size 1024K, 19 young (19456K), 6 survivors (6144K)
 Metaspace       used 54579K, capacity 58140K, committed 58240K, reserved 1107968K
  class space    used 6154K, capacity 6772K, committed 6784K, reserved 1048576K
}
Event: 18.629 GC heap after
{Heap after GC invocations=49 (full 1):
 garbage-first heap   total 177152K, used 77339K [0x0000000700000000, 0x0000000700100568, 0x00000007c0000000)
  region size 1024K, 4 young (4096K), 4 survivors (4096K)
 Metaspace       used 54579K, capacity 58140K, committed 58240K, reserved 1107968K
  class space    used 6154K, capacity 6772K, committed 6784K, reserved 1048576K
}
Event: 19.535 GC heap before
{Heap before GC invocations=50 (full 1):
 garbage-first heap   total 177152K, used 135707K [0x0000000700000000, 0x0000000700100568, 0x00000007c0000000)
  region size 1024K, 46 young (47104K), 4 survivors (4096K)
 Metaspace       used 55149K, capacity 58828K, committed 59136K, reserved 1107968K
  class space    used 6196K, capacity 6822K, committed 6912K, reserved 1048576K
}
Event: 19.548 GC heap after
{Heap after GC invocations=51 (full 1):
 garbage-first heap   total 177152K, used 96635K [0x0000000700000000, 0x0000000700100568, 0x00000007c0000000)
  region size 1024K, 6 young (6144K), 6 survivors (6144K)
 Metaspace       used 55149K, capacity 58828K, committed 59136K, reserved 1107968K
  class space    used 6196K, capacity 6822K, committed 6912K, reserved 1048576K
}
Event: 19.972 GC heap before
{Heap before GC invocations=51 (full 1):
 garbage-first heap   total 177152K, used 132475K [0x0000000700000000, 0x0000000700100568, 0x00000007c0000000)
  region size 1024K, 41 young (41984K), 6 survivors (6144K)
 Metaspace       used 55442K, capacity 59338K, committed 59392K, reserved 1107968K
  class space    used 6234K, capacity 6901K, committed 6912K, reserved 1048576K
}

Deoptimization events (10 events):
Event: 18.637 Thread 0x0000027e99dea800 Uncommon trap: reason=unstable_if action=reinterpret pc=0x0000027e87e421a0 method=java.io.BufferedInputStream.read1([BII)I @ 29 c2
Event: 18.652 Thread 0x0000027e99dea800 Uncommon trap: reason=unstable_if action=reinterpret pc=0x0000027e87e894bc method=com.sun.media.sound.RIFFReader.readString(I)Ljava/lang/String; @ 29 c2
Event: 18.666 Thread 0x0000027e99dea800 Uncommon trap: reason=unstable_if action=reinterpret pc=0x0000027e87e8e778 method=java.util.HashMap.putMapEntries(Ljava/util/Map;Z)V @ 73 c2
Event: 18.714 Thread 0x0000027e99dea800 Uncommon trap: reason=range_check action=make_not_entrant pc=0x0000027e87ea760c method=java.util.TimSort.countRunAndMakeAscending([Ljava/lang/Object;IILjava/util/Comparator;)I @ 39 c2
Event: 18.995 Thread 0x0000027e98c04800 Uncommon trap: reason=unstable_if action=reinterpret pc=0x0000027e87cd9054 method=java.net.URL.<init>(Ljava/net/URL;Ljava/lang/String;Ljava/net/URLStreamHandler;)V @ 350 c2
Event: 19.486 Thread 0x0000027e98c04800 Uncommon trap: reason=unstable_if action=reinterpret pc=0x0000027e87e70568 method=java.security.AccessControlContext.optimize()Ljava/security/AccessControlContext; @ 20 c2
Event: 19.513 Thread 0x0000027e98c04800 Uncommon trap: reason=class_check action=maybe_recompile pc=0x0000027e87d84fb0 method=java.lang.AbstractStringBuilder.append(Ljava/lang/CharSequence;II)Ljava/lang/AbstractStringBuilder; @ 10 c2
Event: 19.513 Thread 0x0000027e98c04800 Uncommon trap: reason=predicate action=maybe_recompile pc=0x0000027e87bc8a00 method=java.lang.AbstractStringBuilder.appendChars(Ljava/lang/CharSequence;II)V @ 28 c2
Event: 19.640 Thread 0x0000027e99dea800 Uncommon trap: reason=unstable_if action=reinterpret pc=0x0000027e87ecc0fc method=sun.awt.PostEventQueue.flush()V @ 23 c2
Event: 19.938 Thread 0x0000027e98c04800 Uncommon trap: reason=class_check action=maybe_recompile pc=0x0000027e87d84fb0 method=java.lang.AbstractStringBuilder.append(Ljava/lang/CharSequence;II)Ljava/lang/AbstractStringBuilder; @ 10 c2

Classes redefined (0 events):
No events

Internal exceptions (10 events):
Event: 18.297 Thread 0x0000027e99dea800 Exception <a 'java/lang/NoSuchMethodError'{0x000000070702c158}: java.lang.invoke.DirectMethodHandle$Holder.invokeSpecial(Ljava/lang/Object;Ljava/lang/Object;IILjava/lang/Object;ILjava/lang/Object;)Ljava/lang/Object;> (0x000000070702c158) thrown at [t:/wor
Event: 18.298 Thread 0x0000027e99dea800 Exception <a 'java/lang/NoSuchMethodError'{0x000000070702f630}: java.lang.invoke.DelegatingMethodHandle$Holder.reinvoke_L(Ljava/lang/Object;IILjava/lang/Object;ILjava/lang/Object;)Ljava/lang/Object;> (0x000000070702f630) thrown at [t:/workspace/hotspot/sr
Event: 18.300 Thread 0x0000027e99dea800 Exception <a 'java/lang/NoSuchMethodError'{0x0000000707041db8}: method resolution failed> (0x0000000707041db8) thrown at [t:/workspace/hotspot/src/share/vm/prims/methodHandles.cpp, line 1256]
Event: 18.560 Thread 0x0000027e98c04800 Implicit null exception at 0x0000027e87d052d5 to 0x0000027e87d058d1
Event: 19.207 Thread 0x0000027e98c04800 Exception <a 'java/lang/NoSuchMethodError'{0x00000007085b3720}: java.lang.invoke.DirectMethodHandle$Holder.invokeStatic(Ljava/lang/Object;J)V> (0x00000007085b3720) thrown at [t:/workspace/hotspot/src/share/vm/interpreter/linkResolver.cpp, line 731]
Event: 19.208 Thread 0x0000027e98c04800 Exception <a 'java/lang/NoSuchMethodError'{0x00000007085bf838}: java.lang.invoke.DirectMethodHandle$Holder.invokeStatic(Ljava/lang/Object;J)Ljava/lang/Object;> (0x00000007085bf838) thrown at [t:/workspace/hotspot/src/share/vm/interpreter/linkResolver.cpp,
Event: 19.209 Thread 0x0000027e98c04800 Exception <a 'java/lang/NoSuchMethodError'{0x00000007085c2e48}: java.lang.invoke.DirectMethodHandle$Holder.invokeSpecial(Ljava/lang/Object;Ljava/lang/Object;J)Ljava/lang/Object;> (0x00000007085c2e48) thrown at [t:/workspace/hotspot/src/share/vm/interprete
Event: 19.211 Thread 0x0000027e98c04800 Exception <a 'java/lang/NoSuchMethodError'{0x00000007085ce670}: method resolution failed> (0x00000007085ce670) thrown at [t:/workspace/hotspot/src/share/vm/prims/methodHandles.cpp, line 1256]
Event: 19.211 Thread 0x0000027e98c04800 Exception <a 'java/lang/NoSuchMethodError'{0x00000007085d1d70}: java.lang.invoke.DirectMethodHandle$Holder.invokeStaticInit(Ljava/lang/Object;Ljava/lang/Object;JLjava/lang/Object;)Ljava/lang/Object;> (0x00000007085d1d70) thrown at [t:/workspace/hotspot/sr
Event: 19.486 Thread 0x0000027e98c04800 Implicit null exception at 0x0000027e87e6f6f1 to 0x0000027e87e70553

Events (10 events):
Event: 19.935 loading class jogamp/nativewindow/Debug
Event: 19.935 loading class jogamp/nativewindow/Debug done
Event: 19.936 loading class jogamp/newt/Debug
Event: 19.936 loading class jogamp/newt/Debug done
Event: 19.938 Thread 0x0000027e98c04800 Uncommon trap: trap_request=0xffffffde fr.pc=0x0000027e87d84fb0 relative=0x00000000000006f0
Event: 19.938 Thread 0x0000027e98c04800 DEOPT PACKING pc=0x0000027e87d84fb0 sp=0x000000f8152fcec0
Event: 19.938 Thread 0x0000027e98c04800 DEOPT UNPACKING pc=0x0000027e8004da29 sp=0x000000f8152fce88 mode 2
Event: 19.967 Thread 0x0000027e98c0b800 DEOPT PACKING pc=0x0000027e814957ce sp=0x000000f8165ff240
Event: 19.967 Thread 0x0000027e98c0b800 DEOPT UNPACKING pc=0x0000027e8004d83f sp=0x000000f8165fe6c0 mode 0
Event: 19.972 Executing VM operation: G1IncCollectionPause


Dynamic libraries:
0x00007ff78a1b0000 - 0x00007ff78a1ee000 	C:\Program Files\Java\jdk-9.0.1\bin\java.exe
0x00007ffc99fc0000 - 0x00007ffc9a1a1000 	C:\WINDOWS\SYSTEM32\ntdll.dll
0x00007ffc97450000 - 0x00007ffc97502000 	C:\WINDOWS\System32\KERNEL32.DLL
0x00007ffc963e0000 - 0x00007ffc96653000 	C:\WINDOWS\System32\KERNELBASE.dll
0x00007ffc99b20000 - 0x00007ffc99bc1000 	C:\WINDOWS\System32\ADVAPI32.dll
0x00007ffc99d00000 - 0x00007ffc99d9e000 	C:\WINDOWS\System32\msvcrt.dll
0x00007ffc99de0000 - 0x00007ffc99e3b000 	C:\WINDOWS\System32\sechost.dll
0x00007ffc99bd0000 - 0x00007ffc99cf4000 	C:\WINDOWS\System32\RPCRT4.dll
0x00007ffc98260000 - 0x00007ffc983f0000 	C:\WINDOWS\System32\USER32.dll
0x00007ffc96df0000 - 0x00007ffc96e10000 	C:\WINDOWS\System32\win32u.dll
0x00007ffc99e60000 - 0x00007ffc99e88000 	C:\WINDOWS\System32\GDI32.dll
0x00007ffc97100000 - 0x00007ffc97292000 	C:\WINDOWS\System32\gdi32full.dll
0x00007ffc97300000 - 0x00007ffc9739f000 	C:\WINDOWS\System32\msvcp_win.dll
0x00007ffc96e10000 - 0x00007ffc96f0a000 	C:\WINDOWS\System32\ucrtbase.dll
0x00007ffc7c580000 - 0x00007ffc7c7e9000 	C:\WINDOWS\WinSxS\amd64_microsoft.windows.common-controls_6595b64144ccf1df_6.0.17134.471_none_fb3e9aab3068fc16\COMCTL32.dll
0x00007ffc97cd0000 - 0x00007ffc97ff2000 	C:\WINDOWS\System32\combase.dll
0x00007ffc96660000 - 0x00007ffc966da000 	C:\WINDOWS\System32\bcryptPrimitives.dll
0x00007ffc8d940000 - 0x00007ffc8d94a000 	C:\WINDOWS\SYSTEM32\VERSION.dll
0x00007ffc99da0000 - 0x00007ffc99dcd000 	C:\WINDOWS\System32\IMM32.DLL
0x00007ffc6f8b0000 - 0x00007ffc6f99f000 	C:\Program Files\Java\jdk-9.0.1\bin\msvcr120.dll
0x00007ffc77dc0000 - 0x00007ffc77e66000 	C:\Program Files\Java\jdk-9.0.1\bin\msvcp120.dll
0x000000005eee0000 - 0x000000005f904000 	C:\Program Files\Java\jdk-9.0.1\bin\server\jvm.dll
0x00007ffc980b0000 - 0x00007ffc980b8000 	C:\WINDOWS\System32\PSAPI.DLL
0x00007ffc8c120000 - 0x00007ffc8c129000 	C:\WINDOWS\SYSTEM32\WSOCK32.dll
0x00007ffc99ab0000 - 0x00007ffc99b1c000 	C:\WINDOWS\System32\WS2_32.dll
0x00007ffc8e040000 - 0x00007ffc8e063000 	C:\WINDOWS\SYSTEM32\WINMM.dll
0x00007ffc8dfc0000 - 0x00007ffc8dfea000 	C:\WINDOWS\SYSTEM32\WINMMBASE.dll
0x00007ffc96390000 - 0x00007ffc963d9000 	C:\WINDOWS\System32\cfgmgr32.dll
0x00007ffc8cff0000 - 0x00007ffc8cfff000 	C:\Program Files\Java\jdk-9.0.1\bin\verify.dll
0x00007ffc86ce0000 - 0x00007ffc86d07000 	C:\Program Files\Java\jdk-9.0.1\bin\java.dll
0x00007ffc81a70000 - 0x00007ffc81a9a000 	C:\Program Files\Java\jdk-9.0.1\bin\instrument.dll
0x00007ffc86600000 - 0x00007ffc86616000 	C:\Program Files\Java\jdk-9.0.1\bin\zip.dll
0x00007ffc89020000 - 0x00007ffc8902a000 	C:\Program Files\Java\jdk-9.0.1\bin\jimage.dll
0x00007ffc98450000 - 0x00007ffc99890000 	C:\WINDOWS\System32\SHELL32.dll
0x00007ffc98000000 - 0x00007ffc980a9000 	C:\WINDOWS\System32\shcore.dll
0x00007ffc966e0000 - 0x00007ffc96ded000 	C:\WINDOWS\System32\windows.storage.dll
0x00007ffc983f0000 - 0x00007ffc98441000 	C:\WINDOWS\System32\shlwapi.dll
0x00007ffc962d0000 - 0x00007ffc962e1000 	C:\WINDOWS\System32\kernel.appcore.dll
0x00007ffc96320000 - 0x00007ffc9633f000 	C:\WINDOWS\System32\profapi.dll
0x00007ffc96340000 - 0x00007ffc9638c000 	C:\WINDOWS\System32\powrprof.dll
0x00007ffc962f0000 - 0x00007ffc962fa000 	C:\WINDOWS\System32\FLTLIB.DLL
0x00007ffc81f20000 - 0x00007ffc81f3a000 	C:\Program Files\Java\jdk-9.0.1\bin\net.dll
0x00007ffc92e60000 - 0x00007ffc92f3d000 	C:\WINDOWS\SYSTEM32\WINHTTP.dll
0x00007ffc95b50000 - 0x00007ffc95bb6000 	C:\WINDOWS\system32\mswsock.dll
0x00007ffc79ec0000 - 0x00007ffc79ed1000 	C:\Program Files\Java\jdk-9.0.1\bin\nio.dll
0x00007ffc78450000 - 0x00007ffc7846a000 	C:\Program Files\JetBrains\IntelliJ IDEA Community Edition 2018.3.2\bin\breakgen64.dll
0x00007ffc82700000 - 0x00007ffc8270b000 	C:\Program Files\Java\jdk-9.0.1\bin\sunmscapi.dll
0x00007ffc96f10000 - 0x00007ffc970f2000 	C:\WINDOWS\System32\CRYPT32.dll
0x00007ffc96300000 - 0x00007ffc96312000 	C:\WINDOWS\System32\MSASN1.dll
0x00007ffc78040000 - 0x00007ffc78063000 	C:\Program Files\Java\jdk-9.0.1\bin\sunec.dll
0x00007ffc95d00000 - 0x00007ffc95d17000 	C:\WINDOWS\SYSTEM32\CRYPTSP.dll
0x00007ffc956d0000 - 0x00007ffc95703000 	C:\WINDOWS\system32\rsaenh.dll
0x00007ffc95e30000 - 0x00007ffc95e55000 	C:\WINDOWS\SYSTEM32\bcrypt.dll
0x00007ffc961d0000 - 0x00007ffc961f8000 	C:\WINDOWS\SYSTEM32\USERENV.dll
0x00007ffc95d20000 - 0x00007ffc95d2b000 	C:\WINDOWS\SYSTEM32\CRYPTBASE.dll
0x00007ffc95870000 - 0x00007ffc958a8000 	C:\WINDOWS\SYSTEM32\IPHLPAPI.DLL
0x00007ffc99dd0000 - 0x00007ffc99dd8000 	C:\WINDOWS\System32\NSI.dll
0x00007ffc916b0000 - 0x00007ffc916c6000 	C:\WINDOWS\SYSTEM32\dhcpcsvc6.DLL
0x00007ffc915a0000 - 0x00007ffc915ba000 	C:\WINDOWS\SYSTEM32\dhcpcsvc.DLL
0x00007ffc958b0000 - 0x00007ffc9596e000 	C:\WINDOWS\SYSTEM32\DNSAPI.dll
0x00007ffc8fb90000 - 0x00007ffc8fb9a000 	C:\Windows\System32\rasadhlp.dll
0x00007ffc900e0000 - 0x00007ffc90152000 	C:\WINDOWS\System32\fwpuclnt.dll
0x00007ffc65620000 - 0x00007ffc657b9000 	C:\Program Files\Java\jdk-9.0.1\bin\awt.dll
0x00007ffc99890000 - 0x00007ffc99952000 	C:\WINDOWS\System32\OLEAUT32.dll
0x00007ffc91850000 - 0x00007ffc91e17000 	C:\WINDOWS\SYSTEM32\d2d1.dll
0x00007ffc944a0000 - 0x00007ffc9452b000 	C:\WINDOWS\SYSTEM32\apphelp.dll
0x00007ffc94990000 - 0x00007ffc94a28000 	C:\WINDOWS\system32\uxtheme.dll
0x00007ffc97670000 - 0x00007ffc977e3000 	C:\WINDOWS\System32\MSCTF.dll
0x00007ffc94a90000 - 0x00007ffc94ab9000 	C:\WINDOWS\system32\dwmapi.dll
0x00007ffc97510000 - 0x00007ffc97661000 	C:\WINDOWS\System32\ole32.dll
0x00007ffc69640000 - 0x00007ffc696be000 	C:\Program Files\Java\jdk-9.0.1\bin\mlib_image.dll
0x00007ffc695a0000 - 0x00007ffc6963d000 	C:\Program Files\Java\jdk-9.0.1\bin\fontmanager.dll
0x00007ffc66350000 - 0x00007ffc66470000 	C:\WINDOWS\system32\opengl32.dll
0x00007ffc82710000 - 0x00007ffc8273c000 	C:\WINDOWS\SYSTEM32\GLU32.dll
0x00007ffc6e3a0000 - 0x00007ffc6e537000 	C:\WINDOWS\system32\d3d9.dll
0x00007ffc85e40000 - 0x00007ffc85f2c000 	C:\WINDOWS\System32\DriverStore\FileRepository\nv_dispi.inf_amd64_f5be1f8d25335236\nvldumdx.dll
0x00007ffc972a0000 - 0x00007ffc972f7000 	C:\WINDOWS\System32\WINTRUST.DLL
0x00007ffc99e40000 - 0x00007ffc99e5d000 	C:\WINDOWS\System32\imagehlp.dll
0x00007ffc4d320000 - 0x00007ffc4e559000 	C:\WINDOWS\System32\DriverStore\FileRepository\nv_dispi.inf_amd64_f5be1f8d25335236\nvd3dumx.dll
0x00007ffc86be0000 - 0x00007ffc86ca3000 	C:\Program Files (x86)\NVIDIA Corporation\3D Vision\nvSCPAPI64.dll
0x00007ffc97870000 - 0x00007ffc97cbb000 	C:\WINDOWS\System32\SETUPAPI.dll
0x00007ffc59570000 - 0x00007ffc597b4000 	C:\WINDOWS\system32\nvspcap64.dll
0x00007ffc953c0000 - 0x00007ffc953f1000 	C:\WINDOWS\SYSTEM32\ntmarta.dll
0x00007ffc95010000 - 0x00007ffc95032000 	C:\WINDOWS\SYSTEM32\gpapi.dll
0x00007ffc88860000 - 0x00007ffc8888e000 	C:\WINDOWS\SYSTEM32\cryptnet.dll
0x00007ffc6ade0000 - 0x00007ffc6ae22000 	C:\Program Files\Java\jdk-9.0.1\bin\t2k.dll
0x00007ffc99e90000 - 0x00007ffc99f30000 	C:\WINDOWS\System32\clbcatq.dll
0x00007ffc94660000 - 0x00007ffc9480e000 	C:\WINDOWS\SYSTEM32\WindowsCodecs.dll
0x00007ffc85ad0000 - 0x00007ffc85b28000 	C:\WINDOWS\system32\dataexchange.dll
0x00007ffc91e20000 - 0x00007ffc9212b000 	C:\WINDOWS\system32\d3d11.dll
0x00007ffc941e0000 - 0x00007ffc9437c000 	C:\WINDOWS\system32\dcomp.dll
0x00007ffc95090000 - 0x00007ffc9514b000 	C:\WINDOWS\system32\dxgi.dll
0x00007ffc94ba0000 - 0x00007ffc94d58000 	C:\WINDOWS\system32\twinapi.appcore.dll
0x00007ffc94a30000 - 0x00007ffc94a51000 	C:\WINDOWS\system32\RMCLIENT.dll
0x00007ffc80720000 - 0x00007ffc807c8000 	C:\WINDOWS\SYSTEM32\mscms.dll
0x00007ffc8eb60000 - 0x00007ffc8eb70000 	C:\WINDOWS\SYSTEM32\ColorAdapterClient.dll
0x00007ffc72750000 - 0x00007ffc72793000 	C:\WINDOWS\SYSTEM32\icm32.dll
0x00007ffc85d20000 - 0x00007ffc85db6000 	C:\WINDOWS\System32\TextInputFramework.dll
0x00007ffc87070000 - 0x00007ffc8738e000 	C:\WINDOWS\System32\CoreUIComponents.dll
0x00007ffc93f00000 - 0x00007ffc93fda000 	C:\WINDOWS\System32\CoreMessaging.dll
0x00007ffc908e0000 - 0x00007ffc90a2d000 	C:\WINDOWS\SYSTEM32\wintypes.dll
0x00007ffc85b30000 - 0x00007ffc85b9b000 	C:\WINDOWS\system32\Oleacc.dll
0x0000000180000000 - 0x000000018006c000 	C:\Program Files (x86)\DisplayFusion\Hooks\AppHook64_A6B83BF8-CEA0-478F-AB5B-1B7B06ADEBD0.dll
0x00007ffc69550000 - 0x00007ffc69592000 	C:\Users\grahm\AppData\Local\Temp\jna-98615387\jna643445928084951962.dll
0x00007ffc69000000 - 0x00007ffc6909b000 	C:\Users\grahm\AppData\Local\Temp\jna-98615387\jna16595084275959181630.dll
0x00007ffc7e3d0000 - 0x00007ffc7e3dc000 	C:\Program Files\Java\jdk-9.0.1\bin\jsound.dll
0x00007ffc7e230000 - 0x00007ffc7e23b000 	C:\Program Files\Java\jdk-9.0.1\bin\jsoundds.dll
0x00007ffc55780000 - 0x00007ffc5580f000 	C:\WINDOWS\SYSTEM32\DSOUND.dll
0x00007ffc8ff90000 - 0x00007ffc90006000 	C:\WINDOWS\System32\MMDevApi.dll
0x00007ffc960e0000 - 0x00007ffc96107000 	C:\WINDOWS\System32\DEVOBJ.dll
0x00007ffc93680000 - 0x00007ffc93834000 	C:\WINDOWS\System32\PROPSYS.dll
0x00007ffc57d50000 - 0x00007ffc57d94000 	C:\WINDOWS\SYSTEM32\wdmaud.drv
0x00007ffc78030000 - 0x00007ffc78039000 	C:\WINDOWS\SYSTEM32\ksuser.dll
0x00007ffc874e0000 - 0x00007ffc874ea000 	C:\WINDOWS\SYSTEM32\AVRT.dll
0x00007ffc69dd0000 - 0x00007ffc69efc000 	C:\WINDOWS\SYSTEM32\AUDIOSES.DLL
0x00007ffc77db0000 - 0x00007ffc77dbd000 	C:\WINDOWS\SYSTEM32\msacm32.drv
0x00007ffc55910000 - 0x00007ffc5592c000 	C:\WINDOWS\SYSTEM32\MSACM32.dll
0x00007ffc72740000 - 0x00007ffc7274a000 	C:\WINDOWS\SYSTEM32\midimap.dll
0x00007ffc7d9e0000 - 0x00007ffc7d9e8000 	C:\Program Files\Java\jdk-9.0.1\bin\prefs.dll
0x00007ffc85f30000 - 0x00007ffc86044000 	C:\Windows\System32\Windows.UI.dll
0x00007ffc85dc0000 - 0x00007ffc85e39000 	C:\Windows\System32\InputHost.dll
0x00000000637c0000 - 0x00000000637cd000 	C:\Users\grahm\AppData\Local\Temp\jogamp_0000\file_cache\jln13708764051519621057\jln15032084463020773364\natives\windows-amd64\gluegen-rt.dll
0x00007ffc8fc00000 - 0x00007ffc8fdc9000 	C:\WINDOWS\SYSTEM32\dbghelp.dll

VM Arguments:
jvm_args: -ea -javaagent:C:\Program Files\JetBrains\IntelliJ IDEA Community Edition 2018.3.2\lib\idea_rt.jar=60340:C:\Program Files\JetBrains\IntelliJ IDEA Community Edition 2018.3.2\bin -Dfile.encoding=UTF-8 
java_command: net.runelite.client.RuneLite --debug --developer-mode
java_class_path (initial): C:\Users\grahm\IdeaProjects\runelite\runelite-client\target\classes;C:\Users\grahm\.m2\repository\org\slf4j\slf4j-api\1.7.25\slf4j-api-1.7.25.jar;C:\Users\grahm\.m2\repository\ch\qos\logback\logback-classic\1.2.3\logback-classic-1.2.3.jar;C:\Users\grahm\.m2\repository\ch\qos\logback\logback-core\1.2.3\logback-core-1.2.3.jar;C:\Users\grahm\.m2\repository\net\sf\jopt-simple\jopt-simple\5.0.1\jopt-simple-5.0.1.jar;C:\Users\grahm\.m2\repository\com\google\guava\guava\23.2-jre\guava-23.2-jre.jar;C:\Users\grahm\.m2\repository\com\google\code\findbugs\jsr305\1.3.9\jsr305-1.3.9.jar;C:\Users\grahm\.m2\repository\com\google\errorprone\error_prone_annotations\2.0.18\error_prone_annotations-2.0.18.jar;C:\Users\grahm\.m2\repository\com\google\j2objc\j2objc-annotations\1.1\j2objc-annotations-1.1.jar;C:\Users\grahm\.m2\repository\org\codehaus\mojo\animal-sniffer-annotations\1.14\animal-sniffer-annotations-1.14.jar;C:\Users\grahm\.m2\repository\com\google\inject\guice\4.1.0\guice-4.1.0-no_aop.jar;C:\Users\grahm\.m2\repository\javax\inject\javax.inject\1\javax.inject-1.jar;C:\Users\grahm\.m2\repository\aopalliance\aopalliance\1.0\aopalliance-1.0.jar;C:\Users\grahm\.m2\repository\com\google\code\gson\gson\2.8.5\gson-2.8.5.jar;C:\Users\grahm\.m2\repository\net\runelite\pushingpixels\substance\8.0.02\substance-8.0.02.jar;C:\Users\grahm\.m2\repository\net\runelite\pushingpixels\trident\1.5.00\trident-1.5.00.jar;C:\Users\grahm\.m2\repository\org\apache\commons\commons-text\1.2\commons-text-1.2.jar;C:\Users\grahm\.m2\repository\org\apache\commons\commons-lang3\3.7\commons-lang3-3.7.jar;C:\Users\grahm\.m2\repository\org\jogamp\jogl\jogl-all\2.3.2\jogl-all-2.3.2.jar;C:\Users\grahm\.m2\repository\org\jogamp\jogl\jogl-all\2.3.2\jogl-all-2.3.2-natives-windows-amd64.jar;C:\Users\grahm\.m2\repository\org\jogamp\jogl\jogl-all\2.3.2\jogl-all-2.3.2-natives-windows-i586.jar;C:\Users\grahm\.m2\repository\org\jogamp\jogl\jogl-all\2.3.2\jogl-all-2.3.2-natives-linux-amd64.ja
Launcher Type: SUN_STANDARD

Logging:
Log output configuration:
#0: stdout all=warning uptime,level,tags
#1: stderr all=off uptime,level,tags

Environment Variables:
PATH=C:\Program Files\Mozilla Firefox;C:\ProgramData\Oracle\Java\javapath;C:\Windows\system32;C:\Windows;C:\Windows\System32\Wbem;C:\Windows\System32\WindowsPowerShell\v1.0\;c:\Program Files (x86)\Microsoft SQL Server\100\Tools\Binn\;c:\Program Files\Microsoft SQL Server\100\Tools\Binn\;c:\Program Files\Microsoft SQL Server\100\DTS\Binn\;C:\Program Files\Java\jdk1.7.0_80\bin;C:\Program Files (x86)\Skype\Phone\;C:\Program Files (x86)\PharosSystems\Core;C:\WINDOWS\system32;C:\WINDOWS;C:\WINDOWS\System32\Wbem;C:\WINDOWS\System32\WindowsPowerShell\v1.0\;C:\Program Files\OpenVPN\bin;C:\Program Files\PuTTY\;C:\Program Files (x86)\Calibre2\;C:\Program Files (x86)\NVIDIA Corporation\PhysX\Common;C:\WINDOWS\system32;C:\WINDOWS;C:\WINDOWS\System32\Wbem;C:\WINDOWS\System32\WindowsPowerShell\v1.0\;C:\WINDOWS\System32\OpenSSH\;C:\Users\grahm\AppData\Local\Programs\Python\Python36-32\Scripts\;C:\Users\grahm\AppData\Local\Programs\Python\Python36-32\;C:\Users\grahm\AppData\Local\Microsoft\WindowsApps;C:\Users\grahm\AppData\Local\GitHubDesktop\bin;C:\Users\grahm\AppData\Local\Microsoft\WindowsApps;
USERNAME=grahm
OS=Windows_NT
PROCESSOR_IDENTIFIER=AMD64 Family 16 Model 5 Stepping 3, AuthenticAMD



---------------  S Y S T E M  ---------------

OS: Windows 10 , 64 bit Build 17134 (10.0.17134.1)

CPU:total 4 (initial active 4) (4 cores per cpu, 1 threads per core) family 16 model 5 stepping 3, cmov, cx8, fxsr, mmx, sse, sse2, sse3, popcnt, mmxext, 3dnowpref, lzcnt, sse4a, tsc, tscinvbit, tscinv

Memory: 4k page, physical 12582064k(3526580k free), swap 12582064k(57904k free)

vm_info: Java HotSpot(TM) 64-Bit Server VM (9.0.1+11) for windows-amd64 JRE (9.0.1+11), built on Sep 28 2017 04:54:03 by "mach5one" with MS VC++ 12.0 (VS2013)

END.
