#
# There is insufficient memory for the Java Runtime Environment to continue.
# Native memory allocation (malloc) failed to allocate 201296 bytes for Chunk::new
# Possible reasons:
#   The system is out of physical RAM or swap space
#   The process is running with CompressedOops enabled, and the Java Heap may be blocking the growth of the native heap
# Possible solutions:
#   Reduce memory load on the system
#   Increase physical memory or swap space
#   Check if swap backing store is full
#   Decrease Java heap size (-Xmx/-Xms)
#   Decrease number of Java threads
#   Decrease Java thread stack sizes (-Xss)
#   Set larger code cache with -XX:ReservedCodeCacheSize=
#   JVM is running with Zero Based Compressed Oops mode in which the Java heap is
#     placed in the first 32GB address space. The Java Heap base address is the
#     maximum limit for the native heap growth. Please use -XX:HeapBaseMinAddress
#     to set the Java Heap base and to place the Java Heap above 32GB virtual address.
# This output file may be truncated or incomplete.
#
#  Out of Memory Error (t:/workspace/hotspot/src/share/vm/memory/allocation.cpp:372), pid=15312, tid=3212
#
# JRE version: Java(TM) SE Runtime Environment (9.0+11) (build 9.0.1+11)
# Java VM: Java HotSpot(TM) 64-Bit Server VM (9.0.1+11, mixed mode, tiered, compressed oops, g1 gc, windows-amd64)
# No core dump will be written. Minidumps are not enabled by default on client versions of Windows
#

---------------  S U M M A R Y ------------

Command Line: -ea -javaagent:C:\Program Files\JetBrains\IntelliJ IDEA Community Edition 2018.3.2\lib\idea_rt.jar=50958:C:\Program Files\JetBrains\IntelliJ IDEA Community Edition 2018.3.2\bin -Dfile.encoding=UTF-8 net.runelite.client.RuneLite --debug --developer-mode

Host: AMD Athlon(tm) II X4 645 Processor, 4 cores, 11G,  Windows 10 , 64 bit Build 17134 (10.0.17134.1)
Time: Thu Dec 20 20:08:50 2018 Eastern Standard Time elapsed time: 513 seconds (0d 0h 8m 33s)

---------------  T H R E A D  ---------------

Current thread (0x000001f079baa800):  JavaThread "C2 CompilerThread0" daemon [_thread_in_native, id=3212, stack(0x0000006c52100000,0x0000006c52200000)]


Current CompileTask:
C2: 513910 9446       4       javax.swing.SwingUtilities::invokeLater (5 bytes)

Stack: [0x0000006c52100000,0x0000006c52200000]
Native frames: (J=compiled Java code, j=interpreted, Vv=VM code, C=native code)
V  [jvm.dll+0x5870b8]
V  [jvm.dll+0x69c0ee]
V  [jvm.dll+0x69d00a]
V  [jvm.dll+0x69d643]
V  [jvm.dll+0x21d148]
V  [jvm.dll+0xa7c6c]
V  [jvm.dll+0xa85ac]
V  [jvm.dll+0x320ef5]
V  [jvm.dll+0x2e78ca]
V  [jvm.dll+0x2e6e5a]
V  [jvm.dll+0x1e99c1]
V  [jvm.dll+0x1e8c66]
V  [jvm.dll+0x1691bb]
V  [jvm.dll+0x1f64f0]
V  [jvm.dll+0x1f5176]
V  [jvm.dll+0x66b2df]
V  [jvm.dll+0x5864e0]
C  [msvcr120.dll+0x24f7f]
C  [msvcr120.dll+0x25126]
C  [KERNEL32.DLL+0x13034]
C  [ntdll.dll+0x73691]


---------------  P R O C E S S  ---------------

Java Threads: ( => current thread )
  0x000001f079fd7800 JavaThread "Thread-12" daemon [_thread_blocked, id=13628, stack(0x0000006c55580000,0x0000006c55680000)]
  0x000001f0007fb000 JavaThread "Thread-2-SharedResourceRunner" daemon [_thread_blocked, id=15304, stack(0x0000006c53820000,0x0000006c53920000)]
  0x000001f000802000 JavaThread "DestroyJavaVM" [_thread_blocked, id=1404, stack(0x0000006c51000000,0x0000006c51100000)]
  0x000001f000801000 JavaThread "TimerQueue" daemon [_thread_blocked, id=8068, stack(0x0000006c54e80000,0x0000006c54f80000)]
  0x000001f000800800 JavaThread "pool-4-thread-1" [_thread_blocked, id=14912, stack(0x0000006c54d80000,0x0000006c54e80000)]
  0x000001f0007f9000 JavaThread "pool-5-thread-1" [_thread_blocked, id=14520, stack(0x0000006c54b80000,0x0000006c54c80000)]
  0x000001f0007fa800 JavaThread "Java Sound Event Dispatcher" daemon [_thread_blocked, id=11468, stack(0x0000006c54880000,0x0000006c54980000)]
  0x000001f0007ff000 JavaThread "Thread-8" daemon [_thread_blocked, id=15200, stack(0x0000006c54440000,0x0000006c54540000)]
  0x000001f0007fc800 JavaThread "D3D Screen Updater" daemon [_thread_blocked, id=8876, stack(0x0000006c54120000,0x0000006c54220000)]
  0x000001f0007fe000 JavaThread "Trident pulse source thread" daemon [_thread_blocked, id=4888, stack(0x0000006c54020000,0x0000006c54120000)]
  0x000001f0007fd800 JavaThread "Trident callback thread" daemon [_thread_blocked, id=13784, stack(0x0000006c53f20000,0x0000006c54020000)]
  0x000001f07a0e7000 JavaThread "Substance heap status" daemon [_thread_blocked, id=5324, stack(0x0000006c53c20000,0x0000006c53d20000)]
  0x000001f07a0e2800 JavaThread "Thread-3" daemon [_thread_blocked, id=13460, stack(0x0000006c53b20000,0x0000006c53c20000)]
  0x000001f07a0e5800 JavaThread "Thread-2" daemon [_thread_in_Java, id=6552, stack(0x0000006c53a20000,0x0000006c53b20000)]
  0x000001f07a0e5000 JavaThread "Thread-1" daemon [_thread_blocked, id=7612, stack(0x0000006c53920000,0x0000006c53a20000)]
  0x000001f07a0e8800 JavaThread "AWT-EventQueue-0" [_thread_blocked, id=8708, stack(0x0000006c53400000,0x0000006c53500000)]
  0x000001f07a0e8000 JavaThread "AWT-Shutdown" [_thread_blocked, id=13272, stack(0x0000006c52f00000,0x0000006c53000000)]
  0x000001f07cc6d000 JavaThread "AWT-Windows" daemon [_thread_in_native, id=3924, stack(0x0000006c53000000,0x0000006c53100000)]
  0x000001f07becc800 JavaThread "Java2D Disposer" daemon [_thread_blocked, id=10764, stack(0x0000006c52e00000,0x0000006c52f00000)]
  0x000001f07d230000 JavaThread "pool-3-thread-1" [_thread_blocked, id=7540, stack(0x0000006c52d00000,0x0000006c52e00000)]
  0x000001f07b268800 JavaThread "pool-2-thread-1" [_thread_blocked, id=13788, stack(0x0000006c52900000,0x0000006c52a00000)]
  0x000001f07a0ce800 JavaThread "Service Thread" daemon [_thread_blocked, id=14964, stack(0x0000006c52700000,0x0000006c52800000)]
  0x000001f07a044000 JavaThread "Monitor Ctrl-Break" daemon [_thread_in_native, id=10384, stack(0x0000006c52600000,0x0000006c52700000)]
  0x000001f079bde000 JavaThread "Common-Cleaner" daemon [_thread_blocked, id=11244, stack(0x0000006c52500000,0x0000006c52600000)]
  0x000001f079bdd800 JavaThread "Sweeper thread" daemon [_thread_blocked, id=13932, stack(0x0000006c52400000,0x0000006c52500000)]
  0x000001f079bc3800 JavaThread "C1 CompilerThread2" daemon [_thread_blocked, id=248, stack(0x0000006c52300000,0x0000006c52400000)]
  0x000001f079baf000 JavaThread "C2 CompilerThread1" daemon [_thread_in_native, id=11236, stack(0x0000006c52200000,0x0000006c52300000)]
=>0x000001f079baa800 JavaThread "C2 CompilerThread0" daemon [_thread_in_native, id=3212, stack(0x0000006c52100000,0x0000006c52200000)]
  0x000001f079ba8800 JavaThread "Attach Listener" daemon [_thread_blocked, id=5564, stack(0x0000006c52000000,0x0000006c52100000)]
  0x000001f079ba7800 JavaThread "Signal Dispatcher" daemon [_thread_blocked, id=13900, stack(0x0000006c51f00000,0x0000006c52000000)]
  0x000001f079b58000 JavaThread "Finalizer" daemon [_thread_blocked, id=8432, stack(0x0000006c51e00000,0x0000006c51f00000)]
  0x000001f079b45800 JavaThread "Reference Handler" daemon [_thread_blocked, id=1520, stack(0x0000006c51d00000,0x0000006c51e00000)]

Other Threads:
  0x000001f079b3a800 VMThread "VM Thread" [stack: 0x0000006c51c00000,0x0000006c51d00000] [id=13212]
  0x000001f07a015800 WatcherThread [stack: 0x0000006c52800000,0x0000006c52900000] [id=12304]
  0x000001f053ef1800 GCTaskThread "GC Thread#0" [stack: 0x0000006c51100000,0x0000006c51200000] [id=904]
  0x000001f053ef3000 GCTaskThread "GC Thread#1" [stack: 0x0000006c51200000,0x0000006c51300000] [id=14852]
  0x000001f053ef4800 GCTaskThread "GC Thread#2" [stack: 0x0000006c51300000,0x0000006c51400000] [id=15292]
  0x000001f053ef8000 GCTaskThread "GC Thread#3" [stack: 0x0000006c51400000,0x0000006c51500000] [id=3552]
  0x000001f053f4b000 ConcurrentGCThread "G1 Main Marker" [stack: 0x0000006c51a00000,0x0000006c51b00000] [id=13552]
  0x000001f053f4c000 ConcurrentGCThread "G1 Marker#0" [stack: 0x0000006c51b00000,0x0000006c51c00000] [id=7132]
  0x000001f053f11000 ConcurrentGCThread "G1 Refine#0" [stack: 0x0000006c51800000,0x0000006c51900000] [id=2512]
  0x000001f053f0e800 ConcurrentGCThread "G1 Refine#1" [stack: 0x0000006c51700000,0x0000006c51800000] [id=10436]
  0x000001f053eff000 ConcurrentGCThread "G1 Refine#2" [stack: 0x0000006c51600000,0x0000006c51700000] [id=13600]
  0x000001f053efa800 ConcurrentGCThread "G1 Refine#3" [stack: 0x0000006c51500000,0x0000006c51600000] [id=13856]
  0x000001f053f12000 ConcurrentGCThread "G1 Young RemSet Sampling" [stack: 0x0000006c51900000,0x0000006c51a00000] [id=12488]

Threads with active compile tasks:
C2 CompilerThread19447       4       org.pushingpixels.substance.api.ComponentState::hashCode (209 bytes)
C2 CompilerThread09446       4       javax.swing.SwingUtilities::invokeLater (5 bytes)

VM state:not at safepoint (normal execution)

VM Mutex/Monitor currently owned by a thread: None

Heap address: 0x0000000700000000, size: 3072 MB, Compressed Oops mode: Zero based, Oop shift amount: 3
Narrow klass base: 0x0000000000000000, Narrow klass shift: 3
Compressed class space size: 1073741824 Address: 0x00000007c0000000

Heap:
 garbage-first heap   total 320512K, used 241978K [0x0000000700000000, 0x00000007001009c8, 0x00000007c0000000)
  region size 1024K, 145 young (148480K), 8 survivors (8192K)
 Metaspace       used 64013K, capacity 68806K, committed 69068K, reserved 1110016K
  class space    used 6965K, capacity 7763K, committed 7884K, reserved 1048576K
Heap Regions: E=young(eden), S=young(survivor), O=old, HS=humongous(starts), HC=humongous(continues), CS=collection set, F=free, A=archive, TS=gc time stamp, AC=allocation context, TAMS=top-at-mark-start (previous, next)
|   0|0x0000000700000000, 0x0000000700100000, 0x0000000700100000|100%| O|  |TS  0|AC  0|TAMS 0x0000000700100000, 0x0000000700100000|
|   1|0x0000000700100000, 0x0000000700200000, 0x0000000700200000|100%| O|  |TS  0|AC  0|TAMS 0x0000000700200000, 0x0000000700200000|
|   2|0x0000000700200000, 0x0000000700300000, 0x0000000700300000|100%| O|  |TS  0|AC  0|TAMS 0x0000000700300000, 0x0000000700300000|
|   3|0x0000000700300000, 0x0000000700400000, 0x0000000700400000|100%| O|  |TS  0|AC  0|TAMS 0x0000000700400000, 0x0000000700400000|
|   4|0x0000000700400000, 0x0000000700500000, 0x0000000700500000|100%|HS|  |TS  0|AC  0|TAMS 0x0000000700500000, 0x0000000700500000|
|   5|0x0000000700500000, 0x0000000700600000, 0x0000000700600000|100%| O|  |TS  0|AC  0|TAMS 0x0000000700600000, 0x0000000700600000|
|   6|0x0000000700600000, 0x0000000700700000, 0x0000000700700000|100%|HS|  |TS  0|AC  0|TAMS 0x0000000700700000, 0x0000000700700000|
|   7|0x0000000700700000, 0x0000000700800000, 0x0000000700800000|100%|HC|  |TS  0|AC  0|TAMS 0x0000000700800000, 0x0000000700800000|
|   8|0x0000000700800000, 0x0000000700900000, 0x0000000700900000|100%| O|  |TS  0|AC  0|TAMS 0x0000000700900000, 0x0000000700900000|
|   9|0x0000000700900000, 0x0000000700a00000, 0x0000000700a00000|100%| O|  |TS  0|AC  0|TAMS 0x0000000700a00000, 0x0000000700a00000|
|  10|0x0000000700a00000, 0x0000000700b00000, 0x0000000700b00000|100%|HS|  |TS  0|AC  0|TAMS 0x0000000700b00000, 0x0000000700b00000|
|  11|0x0000000700b00000, 0x0000000700c00000, 0x0000000700c00000|100%|HC|  |TS  0|AC  0|TAMS 0x0000000700c00000, 0x0000000700c00000|
|  12|0x0000000700c00000, 0x0000000700d00000, 0x0000000700d00000|100%|HC|  |TS  0|AC  0|TAMS 0x0000000700d00000, 0x0000000700d00000|
|  13|0x0000000700d00000, 0x0000000700e00000, 0x0000000700e00000|100%|HC|  |TS  0|AC  0|TAMS 0x0000000700e00000, 0x0000000700e00000|
|  14|0x0000000700e00000, 0x0000000700f00000, 0x0000000700f00000|100%|HC|  |TS  0|AC  0|TAMS 0x0000000700f00000, 0x0000000700f00000|
|  15|0x0000000700f00000, 0x0000000701000000, 0x0000000701000000|100%|HC|  |TS  0|AC  0|TAMS 0x0000000701000000, 0x0000000701000000|
|  16|0x0000000701000000, 0x0000000701100000, 0x0000000701100000|100%|HC|  |TS  0|AC  0|TAMS 0x0000000701100000, 0x0000000701100000|
|  17|0x0000000701100000, 0x0000000701200000, 0x0000000701200000|100%|HC|  |TS  0|AC  0|TAMS 0x0000000701200000, 0x0000000701200000|
|  18|0x0000000701200000, 0x0000000701300000, 0x0000000701300000|100%|HS|  |TS  0|AC  0|TAMS 0x0000000701300000, 0x0000000701300000|
|  19|0x0000000701300000, 0x0000000701400000, 0x0000000701400000|100%| O|  |TS  0|AC  0|TAMS 0x0000000701400000, 0x0000000701400000|
|  20|0x0000000701400000, 0x0000000701500000, 0x0000000701500000|100%| O|  |TS  0|AC  0|TAMS 0x0000000701500000, 0x0000000701500000|
|  21|0x0000000701500000, 0x0000000701600000, 0x0000000701600000|100%| O|  |TS  0|AC  0|TAMS 0x0000000701600000, 0x0000000701600000|
|  22|0x0000000701600000, 0x0000000701700000, 0x0000000701700000|100%| O|  |TS  0|AC  0|TAMS 0x0000000701700000, 0x0000000701700000|
|  23|0x0000000701700000, 0x0000000701800000, 0x0000000701800000|100%| O|  |TS  0|AC  0|TAMS 0x0000000701800000, 0x0000000701800000|
|  24|0x0000000701800000, 0x0000000701900000, 0x0000000701900000|100%| O|  |TS  0|AC  0|TAMS 0x0000000701900000, 0x0000000701900000|
|  25|0x0000000701900000, 0x0000000701a00000, 0x0000000701a00000|100%| O|  |TS  0|AC  0|TAMS 0x0000000701a00000, 0x0000000701a00000|
|  26|0x0000000701a00000, 0x0000000701b00000, 0x0000000701b00000|100%| O|  |TS  0|AC  0|TAMS 0x0000000701b00000, 0x0000000701b00000|
|  27|0x0000000701b00000, 0x0000000701c00000, 0x0000000701c00000|100%| O|  |TS  0|AC  0|TAMS 0x0000000701c00000, 0x0000000701c00000|
|  28|0x0000000701c00000, 0x0000000701d00000, 0x0000000701d00000|100%| O|  |TS  0|AC  0|TAMS 0x0000000701d00000, 0x0000000701d00000|
|  29|0x0000000701d00000, 0x0000000701e00000, 0x0000000701e00000|100%| O|  |TS  0|AC  0|TAMS 0x0000000701e00000, 0x0000000701e00000|
|  30|0x0000000701e00000, 0x0000000701f00000, 0x0000000701f00000|100%|HS|  |TS  0|AC  0|TAMS 0x0000000701e00000, 0x0000000701e00000|
|  31|0x0000000701f00000, 0x0000000702000000, 0x0000000702000000|100%| O|  |TS  0|AC  0|TAMS 0x0000000702000000, 0x0000000702000000|
|  32|0x0000000702000000, 0x0000000702100000, 0x0000000702100000|100%| O|  |TS  0|AC  0|TAMS 0x0000000702100000, 0x0000000702100000|
|  33|0x0000000702100000, 0x0000000702200000, 0x0000000702200000|100%| O|  |TS  0|AC  0|TAMS 0x0000000702200000, 0x0000000702200000|
|  34|0x0000000702200000, 0x0000000702300000, 0x0000000702300000|100%| O|  |TS  0|AC  0|TAMS 0x0000000702300000, 0x0000000702300000|
|  35|0x0000000702300000, 0x0000000702400000, 0x0000000702400000|100%| O|  |TS  0|AC  0|TAMS 0x0000000702400000, 0x0000000702400000|
|  36|0x0000000702400000, 0x0000000702500000, 0x0000000702500000|100%| O|  |TS  0|AC  0|TAMS 0x0000000702500000, 0x0000000702500000|
|  37|0x0000000702500000, 0x0000000702600000, 0x0000000702600000|100%| O|  |TS  0|AC  0|TAMS 0x0000000702600000, 0x0000000702600000|
|  38|0x0000000702600000, 0x0000000702700000, 0x0000000702700000|100%| O|  |TS  0|AC  0|TAMS 0x0000000702700000, 0x0000000702700000|
|  39|0x0000000702700000, 0x0000000702800000, 0x0000000702800000|100%| O|  |TS  0|AC  0|TAMS 0x0000000702800000, 0x0000000702800000|
|  40|0x0000000702800000, 0x0000000702900000, 0x0000000702900000|100%| O|  |TS  0|AC  0|TAMS 0x0000000702900000, 0x0000000702900000|
|  41|0x0000000702900000, 0x0000000702a00000, 0x0000000702a00000|100%| O|  |TS  0|AC  0|TAMS 0x0000000702a00000, 0x0000000702a00000|
|  42|0x0000000702a00000, 0x0000000702b00000, 0x0000000702b00000|100%|HS|  |TS  0|AC  0|TAMS 0x0000000702a00000, 0x0000000702a00000|
|  43|0x0000000702b00000, 0x0000000702c00000, 0x0000000702c00000|100%| O|  |TS  0|AC  0|TAMS 0x0000000702c00000, 0x0000000702c00000|
|  44|0x0000000702c00000, 0x0000000702d00000, 0x0000000702d00000|100%| O|  |TS  0|AC  0|TAMS 0x0000000702d00000, 0x0000000702d00000|
|  45|0x0000000702d00000, 0x0000000702e00000, 0x0000000702e00000|100%| O|  |TS  0|AC  0|TAMS 0x0000000702e00000, 0x0000000702e00000|
|  46|0x0000000702e00000, 0x0000000702f00000, 0x0000000702f00000|100%| O|  |TS  0|AC  0|TAMS 0x0000000702f00000, 0x0000000702f00000|
|  47|0x0000000702f00000, 0x0000000703000000, 0x0000000703000000|100%| O|  |TS  0|AC  0|TAMS 0x0000000703000000, 0x0000000703000000|
|  48|0x0000000703000000, 0x0000000703100000, 0x0000000703100000|100%| O|  |TS  0|AC  0|TAMS 0x0000000703100000, 0x0000000703100000|
|  49|0x0000000703100000, 0x0000000703200000, 0x0000000703200000|100%| O|  |TS  0|AC  0|TAMS 0x0000000703200000, 0x0000000703200000|
|  50|0x0000000703200000, 0x0000000703300000, 0x0000000703300000|100%| O|  |TS  0|AC  0|TAMS 0x0000000703300000, 0x0000000703300000|
|  51|0x0000000703300000, 0x0000000703400000, 0x0000000703400000|100%|HS|  |TS  0|AC  0|TAMS 0x0000000703300000, 0x0000000703300000|
|  52|0x0000000703400000, 0x0000000703500000, 0x0000000703500000|100%|HC|  |TS  0|AC  0|TAMS 0x0000000703400000, 0x0000000703400000|
|  53|0x0000000703500000, 0x0000000703600000, 0x0000000703600000|100%|HC|  |TS  0|AC  0|TAMS 0x0000000703500000, 0x0000000703500000|
|  54|0x0000000703600000, 0x0000000703700000, 0x0000000703700000|100%|HC|  |TS  0|AC  0|TAMS 0x0000000703600000, 0x0000000703600000|
|  55|0x0000000703700000, 0x0000000703800000, 0x0000000703800000|100%|HC|  |TS  0|AC  0|TAMS 0x0000000703700000, 0x0000000703700000|
|  56|0x0000000703800000, 0x0000000703900000, 0x0000000703900000|100%|HC|  |TS  0|AC  0|TAMS 0x0000000703800000, 0x0000000703800000|
|  57|0x0000000703900000, 0x0000000703a00000, 0x0000000703a00000|100%|HC|  |TS  0|AC  0|TAMS 0x0000000703900000, 0x0000000703900000|
|  58|0x0000000703a00000, 0x0000000703b00000, 0x0000000703b00000|100%|HC|  |TS  0|AC  0|TAMS 0x0000000703a00000, 0x0000000703a00000|
|  59|0x0000000703b00000, 0x0000000703c00000, 0x0000000703c00000|100%|HS|  |TS  0|AC  0|TAMS 0x0000000703b00000, 0x0000000703b00000|
|  60|0x0000000703c00000, 0x0000000703d00000, 0x0000000703d00000|100%|HC|  |TS  0|AC  0|TAMS 0x0000000703c00000, 0x0000000703c00000|
|  61|0x0000000703d00000, 0x0000000703e00000, 0x0000000703e00000|100%|HC|  |TS  0|AC  0|TAMS 0x0000000703d00000, 0x0000000703d00000|
|  62|0x0000000703e00000, 0x0000000703f00000, 0x0000000703f00000|100%|HC|  |TS  0|AC  0|TAMS 0x0000000703e00000, 0x0000000703e00000|
|  63|0x0000000703f00000, 0x0000000704000000, 0x0000000704000000|100%|HC|  |TS  0|AC  0|TAMS 0x0000000703f00000, 0x0000000703f00000|
|  64|0x0000000704000000, 0x0000000704100000, 0x0000000704100000|100%|HC|  |TS  0|AC  0|TAMS 0x0000000704000000, 0x0000000704000000|
|  65|0x0000000704100000, 0x0000000704200000, 0x0000000704200000|100%|HC|  |TS  0|AC  0|TAMS 0x0000000704100000, 0x0000000704100000|
|  66|0x0000000704200000, 0x0000000704300000, 0x0000000704300000|100%|HC|  |TS  0|AC  0|TAMS 0x0000000704200000, 0x0000000704200000|
|  67|0x0000000704300000, 0x0000000704400000, 0x0000000704400000|100%|HS|  |TS  0|AC  0|TAMS 0x0000000704300000, 0x0000000704300000|
|  68|0x0000000704400000, 0x0000000704500000, 0x0000000704500000|100%|HS|  |TS  0|AC  0|TAMS 0x0000000704400000, 0x0000000704400000|
|  69|0x0000000704500000, 0x0000000704600000, 0x0000000704600000|100%|HS|  |TS  0|AC  0|TAMS 0x0000000704500000, 0x0000000704500000|
|  70|0x0000000704600000, 0x0000000704700000, 0x0000000704700000|100%|HC|  |TS  0|AC  0|TAMS 0x0000000704600000, 0x0000000704600000|
|  71|0x0000000704700000, 0x0000000704800000, 0x0000000704800000|100%|HC|  |TS  0|AC  0|TAMS 0x0000000704700000, 0x0000000704700000|
|  72|0x0000000704800000, 0x0000000704900000, 0x0000000704900000|100%|HC|  |TS  0|AC  0|TAMS 0x0000000704800000, 0x0000000704800000|
|  73|0x0000000704900000, 0x0000000704a00000, 0x0000000704a00000|100%|HC|  |TS  0|AC  0|TAMS 0x0000000704900000, 0x0000000704900000|
|  74|0x0000000704a00000, 0x0000000704b00000, 0x0000000704b00000|100%|HC|  |TS  0|AC  0|TAMS 0x0000000704a00000, 0x0000000704a00000|
|  75|0x0000000704b00000, 0x0000000704c00000, 0x0000000704c00000|100%|HC|  |TS  0|AC  0|TAMS 0x0000000704b00000, 0x0000000704b00000|
|  76|0x0000000704c00000, 0x0000000704d00000, 0x0000000704d00000|100%|HS|  |TS  0|AC  0|TAMS 0x0000000704c00000, 0x0000000704c00000|
|  77|0x0000000704d00000, 0x0000000704d00000, 0x0000000704e00000|  0%| F|  |TS  0|AC  0|TAMS 0x0000000704d00000, 0x0000000704d00000|
|  78|0x0000000704e00000, 0x0000000704e00000, 0x0000000704f00000|  0%| F|  |TS  0|AC  0|TAMS 0x0000000704e00000, 0x0000000704e00000|
|  79|0x0000000704f00000, 0x0000000704f00000, 0x0000000705000000|  0%| F|  |TS  0|AC  0|TAMS 0x0000000704f00000, 0x0000000704f00000|
|  80|0x0000000705000000, 0x0000000705000000, 0x0000000705100000|  0%| F|  |TS  0|AC  0|TAMS 0x0000000705000000, 0x0000000705000000|
|  81|0x0000000705100000, 0x0000000705200000, 0x0000000705200000|100%| O|  |TS  0|AC  0|TAMS 0x0000000705200000, 0x0000000705200000|
|  82|0x0000000705200000, 0x0000000705200000, 0x0000000705300000|  0%| F|  |TS  0|AC  0|TAMS 0x0000000705200000, 0x0000000705200000|
|  83|0x0000000705300000, 0x0000000705400000, 0x0000000705400000|100%| O|  |TS  0|AC  0|TAMS 0x0000000705400000, 0x0000000705400000|
|  84|0x0000000705400000, 0x0000000705500000, 0x0000000705500000|100%|HS|  |TS  0|AC  0|TAMS 0x0000000705400000, 0x0000000705400000|
|  85|0x0000000705500000, 0x0000000705600000, 0x0000000705600000|100%|HC|  |TS  0|AC  0|TAMS 0x0000000705500000, 0x0000000705500000|
|  86|0x0000000705600000, 0x0000000705700000, 0x0000000705700000|100%|HC|  |TS  0|AC  0|TAMS 0x0000000705600000, 0x0000000705600000|
|  87|0x0000000705700000, 0x0000000705800000, 0x0000000705800000|100%|HC|  |TS  0|AC  0|TAMS 0x0000000705700000, 0x0000000705700000|
|  88|0x0000000705800000, 0x0000000705900000, 0x0000000705900000|100%|HC|  |TS  0|AC  0|TAMS 0x0000000705800000, 0x0000000705800000|
|  89|0x0000000705900000, 0x0000000705a00000, 0x0000000705a00000|100%|HC|  |TS  0|AC  0|TAMS 0x0000000705900000, 0x0000000705900000|
|  90|0x0000000705a00000, 0x0000000705b00000, 0x0000000705b00000|100%|HC|  |TS  0|AC  0|TAMS 0x0000000705a00000, 0x0000000705a00000|
|  91|0x0000000705b00000, 0x0000000705c00000, 0x0000000705c00000|100%|HS|  |TS  0|AC  0|TAMS 0x0000000705b00000, 0x0000000705b00000|
|  92|0x0000000705c00000, 0x0000000705d00000, 0x0000000705d00000|100%|HC|  |TS  0|AC  0|TAMS 0x0000000705c00000, 0x0000000705c00000|
|  93|0x0000000705d00000, 0x0000000705e00000, 0x0000000705e00000|100%|HC|  |TS  0|AC  0|TAMS 0x0000000705d00000, 0x0000000705d00000|
|  94|0x0000000705e00000, 0x0000000705f00000, 0x0000000705f00000|100%|HC|  |TS  0|AC  0|TAMS 0x0000000705e00000, 0x0000000705e00000|
|  95|0x0000000705f00000, 0x0000000706000000, 0x0000000706000000|100%|HC|  |TS  0|AC  0|TAMS 0x0000000705f00000, 0x0000000705f00000|
|  96|0x0000000706000000, 0x0000000706100000, 0x0000000706100000|100%|HC|  |TS  0|AC  0|TAMS 0x0000000706000000, 0x0000000706000000|
|  97|0x0000000706100000, 0x0000000706200000, 0x0000000706200000|100%|HC|  |TS  0|AC  0|TAMS 0x0000000706100000, 0x0000000706100000|
|  98|0x0000000706200000, 0x0000000706200000, 0x0000000706300000|  0%| F|  |TS  0|AC  0|TAMS 0x0000000706200000, 0x0000000706200000|
|  99|0x0000000706300000, 0x0000000706300000, 0x0000000706400000|  0%| F|  |TS  0|AC  0|TAMS 0x0000000706300000, 0x0000000706300000|
| 100|0x0000000706400000, 0x0000000706400000, 0x0000000706500000|  0%| F|  |TS  0|AC  0|TAMS 0x0000000706400000, 0x0000000706400000|
| 101|0x0000000706500000, 0x0000000706500000, 0x0000000706600000|  0%| F|  |TS  0|AC  0|TAMS 0x0000000706500000, 0x0000000706500000|
| 102|0x0000000706600000, 0x0000000706600000, 0x0000000706700000|  0%| F|  |TS  0|AC  0|TAMS 0x0000000706600000, 0x0000000706600000|
| 103|0x0000000706700000, 0x0000000706700000, 0x0000000706800000|  0%| F|  |TS  0|AC  0|TAMS 0x0000000706700000, 0x0000000706700000|
| 104|0x0000000706800000, 0x0000000706800000, 0x0000000706900000|  0%| F|  |TS  0|AC  0|TAMS 0x0000000706800000, 0x0000000706800000|
| 105|0x0000000706900000, 0x0000000706900000, 0x0000000706a00000|  0%| F|  |TS  0|AC  0|TAMS 0x0000000706900000, 0x0000000706900000|
| 106|0x0000000706a00000, 0x0000000706a00000, 0x0000000706b00000|  0%| F|  |TS  0|AC  0|TAMS 0x0000000706a00000, 0x0000000706a00000|
| 107|0x0000000706b00000, 0x0000000706b00000, 0x0000000706c00000|  0%| F|  |TS  0|AC  0|TAMS 0x0000000706b00000, 0x0000000706b00000|
| 108|0x0000000706c00000, 0x0000000706c00000, 0x0000000706d00000|  0%| F|  |TS  0|AC  0|TAMS 0x0000000706c00000, 0x0000000706c00000|
| 109|0x0000000706d00000, 0x0000000706d00000, 0x0000000706e00000|  0%| F|  |TS  0|AC  0|TAMS 0x0000000706d00000, 0x0000000706d00000|
| 110|0x0000000706e00000, 0x0000000706e00000, 0x0000000706f00000|  0%| F|  |TS  0|AC  0|TAMS 0x0000000706e00000, 0x0000000706e00000|
| 111|0x0000000706f00000, 0x0000000706f00000, 0x0000000707000000|  0%| F|  |TS  0|AC  0|TAMS 0x0000000706f00000, 0x0000000706f00000|
| 112|0x0000000707000000, 0x0000000707000000, 0x0000000707100000|  0%| F|  |TS  0|AC  0|TAMS 0x0000000707000000, 0x0000000707000000|
| 113|0x0000000707100000, 0x0000000707100000, 0x0000000707200000|  0%| F|  |TS  0|AC  0|TAMS 0x0000000707100000, 0x0000000707100000|
| 114|0x0000000707200000, 0x0000000707200000, 0x0000000707300000|  0%| F|  |TS  0|AC  0|TAMS 0x0000000707200000, 0x0000000707200000|
| 115|0x0000000707300000, 0x0000000707300000, 0x0000000707400000|  0%| F|  |TS  0|AC  0|TAMS 0x0000000707300000, 0x0000000707300000|
| 116|0x0000000707400000, 0x0000000707400000, 0x0000000707500000|  0%| F|  |TS  0|AC  0|TAMS 0x0000000707400000, 0x0000000707400000|
| 117|0x0000000707500000, 0x0000000707500000, 0x0000000707600000|  0%| F|  |TS  0|AC  0|TAMS 0x0000000707500000, 0x0000000707500000|
| 118|0x0000000707600000, 0x0000000707600000, 0x0000000707700000|  0%| F|  |TS  0|AC  0|TAMS 0x0000000707600000, 0x0000000707600000|
| 119|0x0000000707700000, 0x0000000707700000, 0x0000000707800000|  0%| F|  |TS  0|AC  0|TAMS 0x0000000707700000, 0x0000000707700000|
| 120|0x0000000707800000, 0x0000000707800000, 0x0000000707900000|  0%| F|  |TS  0|AC  0|TAMS 0x0000000707800000, 0x0000000707800000|
| 121|0x0000000707900000, 0x0000000707900000, 0x0000000707a00000|  0%| F|  |TS  0|AC  0|TAMS 0x0000000707900000, 0x0000000707900000|
| 122|0x0000000707a00000, 0x0000000707a00000, 0x0000000707b00000|  0%| F|  |TS  0|AC  0|TAMS 0x0000000707a00000, 0x0000000707a00000|
| 123|0x0000000707b00000, 0x0000000707b00000, 0x0000000707c00000|  0%| F|  |TS  0|AC  0|TAMS 0x0000000707b00000, 0x0000000707b00000|
| 124|0x0000000707c00000, 0x0000000707c00000, 0x0000000707d00000|  0%| F|  |TS  0|AC  0|TAMS 0x0000000707c00000, 0x0000000707c00000|
| 125|0x0000000707d00000, 0x0000000707d00000, 0x0000000707e00000|  0%| F|  |TS  0|AC  0|TAMS 0x0000000707d00000, 0x0000000707d00000|
| 126|0x0000000707e00000, 0x0000000707e00000, 0x0000000707f00000|  0%| F|  |TS  0|AC  0|TAMS 0x0000000707e00000, 0x0000000707e00000|
| 127|0x0000000707f00000, 0x0000000707f00000, 0x0000000708000000|  0%| F|  |TS  0|AC  0|TAMS 0x0000000707f00000, 0x0000000707f00000|
| 128|0x0000000708000000, 0x0000000708000000, 0x0000000708100000|  0%| F|  |TS  0|AC  0|TAMS 0x0000000708000000, 0x0000000708000000|
| 129|0x0000000708100000, 0x0000000708100000, 0x0000000708200000|  0%| F|  |TS  0|AC  0|TAMS 0x0000000708100000, 0x0000000708100000|
| 130|0x0000000708200000, 0x0000000708200000, 0x0000000708300000|  0%| F|  |TS  0|AC  0|TAMS 0x0000000708200000, 0x0000000708200000|
| 131|0x0000000708300000, 0x0000000708300000, 0x0000000708400000|  0%| F|  |TS  0|AC  0|TAMS 0x0000000708300000, 0x0000000708300000|
| 132|0x0000000708400000, 0x0000000708400000, 0x0000000708500000|  0%| F|  |TS  0|AC  0|TAMS 0x0000000708400000, 0x0000000708400000|
| 133|0x0000000708500000, 0x0000000708500000, 0x0000000708600000|  0%| F|  |TS  0|AC  0|TAMS 0x0000000708500000, 0x0000000708500000|
| 134|0x0000000708600000, 0x0000000708600000, 0x0000000708700000|  0%| F|  |TS  0|AC  0|TAMS 0x0000000708600000, 0x0000000708600000|
| 135|0x0000000708700000, 0x0000000708700000, 0x0000000708800000|  0%| F|  |TS  0|AC  0|TAMS 0x0000000708700000, 0x0000000708700000|
| 136|0x0000000708800000, 0x0000000708800000, 0x0000000708900000|  0%| F|  |TS  0|AC  0|TAMS 0x0000000708800000, 0x0000000708800000|
| 137|0x0000000708900000, 0x0000000708900000, 0x0000000708a00000|  0%| F|  |TS  0|AC  0|TAMS 0x0000000708900000, 0x0000000708900000|
| 138|0x0000000708a00000, 0x0000000708a00000, 0x0000000708b00000|  0%| F|  |TS  0|AC  0|TAMS 0x0000000708a00000, 0x0000000708a00000|
| 139|0x0000000708b00000, 0x0000000708b00000, 0x0000000708c00000|  0%| F|  |TS  0|AC  0|TAMS 0x0000000708b00000, 0x0000000708b00000|
| 140|0x0000000708c00000, 0x0000000708c00000, 0x0000000708d00000|  0%| F|  |TS  0|AC  0|TAMS 0x0000000708c00000, 0x0000000708c00000|
| 141|0x0000000708d00000, 0x0000000708d00000, 0x0000000708e00000|  0%| F|  |TS  0|AC  0|TAMS 0x0000000708d00000, 0x0000000708d00000|
| 142|0x0000000708e00000, 0x0000000708e00000, 0x0000000708f00000|  0%| F|  |TS  0|AC  0|TAMS 0x0000000708e00000, 0x0000000708e00000|
| 143|0x0000000708f00000, 0x0000000708f00000, 0x0000000709000000|  0%| F|  |TS  0|AC  0|TAMS 0x0000000708f00000, 0x0000000708f00000|
| 144|0x0000000709000000, 0x0000000709000000, 0x0000000709100000|  0%| F|  |TS  0|AC  0|TAMS 0x0000000709000000, 0x0000000709000000|
| 145|0x0000000709100000, 0x0000000709100000, 0x0000000709200000|  0%| F|  |TS  0|AC  0|TAMS 0x0000000709100000, 0x0000000709100000|
| 146|0x0000000709200000, 0x0000000709200000, 0x0000000709300000|  0%| F|  |TS  0|AC  0|TAMS 0x0000000709200000, 0x0000000709200000|
| 147|0x0000000709300000, 0x0000000709300000, 0x0000000709400000|  0%| F|  |TS  0|AC  0|TAMS 0x0000000709300000, 0x0000000709300000|
| 148|0x0000000709400000, 0x0000000709400000, 0x0000000709500000|  0%| F|  |TS  0|AC  0|TAMS 0x0000000709400000, 0x0000000709400000|
| 149|0x0000000709500000, 0x0000000709500000, 0x0000000709600000|  0%| F|  |TS  0|AC  0|TAMS 0x0000000709500000, 0x0000000709500000|
| 150|0x0000000709600000, 0x0000000709600000, 0x0000000709700000|  0%| F|  |TS  0|AC  0|TAMS 0x0000000709600000, 0x0000000709600000|
| 151|0x0000000709700000, 0x0000000709700000, 0x0000000709800000|  0%| F|  |TS  0|AC  0|TAMS 0x0000000709700000, 0x0000000709700000|
| 152|0x0000000709800000, 0x0000000709800000, 0x0000000709900000|  0%| F|  |TS  0|AC  0|TAMS 0x0000000709800000, 0x0000000709800000|
| 153|0x0000000709900000, 0x0000000709900000, 0x0000000709a00000|  0%| F|  |TS  0|AC  0|TAMS 0x0000000709900000, 0x0000000709900000|
| 154|0x0000000709a00000, 0x0000000709a00000, 0x0000000709b00000|  0%| F|  |TS  0|AC  0|TAMS 0x0000000709a00000, 0x0000000709a00000|
| 155|0x0000000709b00000, 0x0000000709b00000, 0x0000000709c00000|  0%| F|  |TS  0|AC  0|TAMS 0x0000000709b00000, 0x0000000709b00000|
| 156|0x0000000709c00000, 0x0000000709c00000, 0x0000000709d00000|  0%| F|  |TS  0|AC  0|TAMS 0x0000000709c00000, 0x0000000709c00000|
| 157|0x0000000709d00000, 0x0000000709d00000, 0x0000000709e00000|  0%| F|  |TS  0|AC  0|TAMS 0x0000000709d00000, 0x0000000709d00000|
| 158|0x0000000709e00000, 0x0000000709e00000, 0x0000000709f00000|  0%| F|  |TS  0|AC  0|TAMS 0x0000000709e00000, 0x0000000709e00000|
| 159|0x0000000709f00000, 0x0000000709f00000, 0x000000070a000000|  0%| F|  |TS  0|AC  0|TAMS 0x0000000709f00000, 0x0000000709f00000|
| 160|0x000000070a000000, 0x000000070a000000, 0x000000070a100000|  0%| F|  |TS  0|AC  0|TAMS 0x000000070a000000, 0x000000070a000000|
| 161|0x000000070a100000, 0x000000070a100000, 0x000000070a200000|  0%| F|  |TS  0|AC  0|TAMS 0x000000070a100000, 0x000000070a100000|
| 162|0x000000070a200000, 0x000000070a200000, 0x000000070a300000|  0%| F|  |TS  0|AC  0|TAMS 0x000000070a200000, 0x000000070a200000|
| 163|0x000000070a300000, 0x000000070a300000, 0x000000070a400000|  0%| F|  |TS  0|AC  0|TAMS 0x000000070a300000, 0x000000070a300000|
| 164|0x000000070a400000, 0x000000070a400000, 0x000000070a500000|  0%| F|  |TS  0|AC  0|TAMS 0x000000070a400000, 0x000000070a400000|
| 165|0x000000070a500000, 0x000000070a500000, 0x000000070a600000|  0%| F|  |TS  0|AC  0|TAMS 0x000000070a500000, 0x000000070a500000|
| 166|0x000000070a600000, 0x000000070a600000, 0x000000070a700000|  0%| F|  |TS  0|AC  0|TAMS 0x000000070a600000, 0x000000070a600000|
| 167|0x000000070a700000, 0x000000070a700000, 0x000000070a800000|  0%| F|  |TS  0|AC  0|TAMS 0x000000070a700000, 0x000000070a700000|
| 168|0x000000070a800000, 0x000000070a880800, 0x000000070a900000| 50%| E|  |TS  0|AC  0|TAMS 0x000000070a800000, 0x000000070a800000|
| 169|0x000000070a900000, 0x000000070aa00000, 0x000000070aa00000|100%| E|CS|TS  0|AC  0|TAMS 0x000000070a900000, 0x000000070a900000|
| 170|0x000000070aa00000, 0x000000070ab00000, 0x000000070ab00000|100%| E|CS|TS  0|AC  0|TAMS 0x000000070aa00000, 0x000000070aa00000|
| 171|0x000000070ab00000, 0x000000070ab4eb40, 0x000000070ac00000| 30%| S|CS|TS  0|AC  0|TAMS 0x000000070ab00000, 0x000000070ab00000|
| 172|0x000000070ac00000, 0x000000070ad00000, 0x000000070ad00000|100%| S|CS|TS  0|AC  0|TAMS 0x000000070ac00000, 0x000000070ac00000|
| 173|0x000000070ad00000, 0x000000070ae00000, 0x000000070ae00000|100%| S|CS|TS  0|AC  0|TAMS 0x000000070ad00000, 0x000000070ad00000|
| 174|0x000000070ae00000, 0x000000070af00000, 0x000000070af00000|100%| S|CS|TS  0|AC  0|TAMS 0x000000070ae00000, 0x000000070ae00000|
| 175|0x000000070af00000, 0x000000070b000000, 0x000000070b000000|100%| S|CS|TS  0|AC  0|TAMS 0x000000070af00000, 0x000000070af00000|
| 176|0x000000070b000000, 0x000000070b100000, 0x000000070b100000|100%| S|CS|TS  0|AC  0|TAMS 0x000000070b000000, 0x000000070b000000|
| 177|0x000000070b100000, 0x000000070b200000, 0x000000070b200000|100%| S|CS|TS  0|AC  0|TAMS 0x000000070b100000, 0x000000070b100000|
| 178|0x000000070b200000, 0x000000070b300000, 0x000000070b300000|100%| S|CS|TS  0|AC  0|TAMS 0x000000070b200000, 0x000000070b200000|
| 179|0x000000070b300000, 0x000000070b400000, 0x000000070b400000|100%| E|CS|TS  0|AC  0|TAMS 0x000000070b300000, 0x000000070b300000|
| 180|0x000000070b400000, 0x000000070b500000, 0x000000070b500000|100%| E|CS|TS  0|AC  0|TAMS 0x000000070b400000, 0x000000070b400000|
| 181|0x000000070b500000, 0x000000070b600000, 0x000000070b600000|100%| E|CS|TS  0|AC  0|TAMS 0x000000070b500000, 0x000000070b500000|
| 182|0x000000070b600000, 0x000000070b700000, 0x000000070b700000|100%| E|CS|TS  0|AC  0|TAMS 0x000000070b600000, 0x000000070b600000|
| 183|0x000000070b700000, 0x000000070b800000, 0x000000070b800000|100%| E|CS|TS  0|AC  0|TAMS 0x000000070b700000, 0x000000070b700000|
| 184|0x000000070b800000, 0x000000070b900000, 0x000000070b900000|100%| E|CS|TS  0|AC  0|TAMS 0x000000070b800000, 0x000000070b800000|
| 185|0x000000070b900000, 0x000000070ba00000, 0x000000070ba00000|100%| E|CS|TS  0|AC  0|TAMS 0x000000070b900000, 0x000000070b900000|
| 186|0x000000070ba00000, 0x000000070bb00000, 0x000000070bb00000|100%| E|CS|TS  0|AC  0|TAMS 0x000000070ba00000, 0x000000070ba00000|
| 187|0x000000070bb00000, 0x000000070bc00000, 0x000000070bc00000|100%| E|CS|TS  0|AC  0|TAMS 0x000000070bb00000, 0x000000070bb00000|
| 188|0x000000070bc00000, 0x000000070bd00000, 0x000000070bd00000|100%| E|CS|TS  0|AC  0|TAMS 0x000000070bc00000, 0x000000070bc00000|
| 189|0x000000070bd00000, 0x000000070be00000, 0x000000070be00000|100%| E|CS|TS  0|AC  0|TAMS 0x000000070bd00000, 0x000000070bd00000|
| 190|0x000000070be00000, 0x000000070bf00000, 0x000000070bf00000|100%| E|CS|TS  0|AC  0|TAMS 0x000000070be00000, 0x000000070be00000|
| 191|0x000000070bf00000, 0x000000070c000000, 0x000000070c000000|100%| E|CS|TS  0|AC  0|TAMS 0x000000070bf00000, 0x000000070bf00000|
| 192|0x000000070c000000, 0x000000070c100000, 0x000000070c100000|100%| E|CS|TS  0|AC  0|TAMS 0x000000070c000000, 0x000000070c000000|
| 193|0x000000070c100000, 0x000000070c200000, 0x000000070c200000|100%| E|CS|TS  0|AC  0|TAMS 0x000000070c100000, 0x000000070c100000|
| 194|0x000000070c200000, 0x000000070c300000, 0x000000070c300000|100%| E|CS|TS  0|AC  0|TAMS 0x000000070c200000, 0x000000070c200000|
| 195|0x000000070c300000, 0x000000070c400000, 0x000000070c400000|100%| E|CS|TS  0|AC  0|TAMS 0x000000070c300000, 0x000000070c300000|
| 196|0x000000070c400000, 0x000000070c500000, 0x000000070c500000|100%| E|CS|TS  0|AC  0|TAMS 0x000000070c400000, 0x000000070c400000|
| 197|0x000000070c500000, 0x000000070c600000, 0x000000070c600000|100%| E|CS|TS  0|AC  0|TAMS 0x000000070c500000, 0x000000070c500000|
| 198|0x000000070c600000, 0x000000070c700000, 0x000000070c700000|100%| E|CS|TS  0|AC  0|TAMS 0x000000070c600000, 0x000000070c600000|
| 199|0x000000070c700000, 0x000000070c800000, 0x000000070c800000|100%| E|CS|TS  0|AC  0|TAMS 0x000000070c700000, 0x000000070c700000|
| 200|0x000000070c800000, 0x000000070c900000, 0x000000070c900000|100%| E|CS|TS  0|AC  0|TAMS 0x000000070c800000, 0x000000070c800000|
| 201|0x000000070c900000, 0x000000070ca00000, 0x000000070ca00000|100%| E|CS|TS  0|AC  0|TAMS 0x000000070c900000, 0x000000070c900000|
| 202|0x000000070ca00000, 0x000000070cb00000, 0x000000070cb00000|100%| E|CS|TS  0|AC  0|TAMS 0x000000070ca00000, 0x000000070ca00000|
| 203|0x000000070cb00000, 0x000000070cc00000, 0x000000070cc00000|100%| E|CS|TS  0|AC  0|TAMS 0x000000070cb00000, 0x000000070cb00000|
| 204|0x000000070cc00000, 0x000000070cd00000, 0x000000070cd00000|100%| E|CS|TS  0|AC  0|TAMS 0x000000070cc00000, 0x000000070cc00000|
| 205|0x000000070cd00000, 0x000000070ce00000, 0x000000070ce00000|100%| E|CS|TS  0|AC  0|TAMS 0x000000070cd00000, 0x000000070cd00000|
| 206|0x000000070ce00000, 0x000000070cf00000, 0x000000070cf00000|100%| E|CS|TS  0|AC  0|TAMS 0x000000070ce00000, 0x000000070ce00000|
| 207|0x000000070cf00000, 0x000000070d000000, 0x000000070d000000|100%| E|CS|TS  0|AC  0|TAMS 0x000000070cf00000, 0x000000070cf00000|
| 208|0x000000070d000000, 0x000000070d100000, 0x000000070d100000|100%| E|CS|TS  0|AC  0|TAMS 0x000000070d000000, 0x000000070d000000|
| 209|0x000000070d100000, 0x000000070d200000, 0x000000070d200000|100%| E|CS|TS  0|AC  0|TAMS 0x000000070d100000, 0x000000070d100000|
| 210|0x000000070d200000, 0x000000070d300000, 0x000000070d300000|100%| E|CS|TS  0|AC  0|TAMS 0x000000070d200000, 0x000000070d200000|
| 211|0x000000070d300000, 0x000000070d400000, 0x000000070d400000|100%| E|CS|TS  0|AC  0|TAMS 0x000000070d300000, 0x000000070d300000|
| 212|0x000000070d400000, 0x000000070d500000, 0x000000070d500000|100%| E|CS|TS  0|AC  0|TAMS 0x000000070d400000, 0x000000070d400000|
| 213|0x000000070d500000, 0x000000070d600000, 0x000000070d600000|100%| E|CS|TS  0|AC  0|TAMS 0x000000070d500000, 0x000000070d500000|
| 214|0x000000070d600000, 0x000000070d700000, 0x000000070d700000|100%| E|CS|TS  0|AC  0|TAMS 0x000000070d600000, 0x000000070d600000|
| 215|0x000000070d700000, 0x000000070d800000, 0x000000070d800000|100%| E|CS|TS  0|AC  0|TAMS 0x000000070d700000, 0x000000070d700000|
| 216|0x000000070d800000, 0x000000070d900000, 0x000000070d900000|100%| E|CS|TS  0|AC  0|TAMS 0x000000070d800000, 0x000000070d800000|
| 217|0x000000070d900000, 0x000000070da00000, 0x000000070da00000|100%| E|CS|TS  0|AC  0|TAMS 0x000000070d900000, 0x000000070d900000|
| 218|0x000000070da00000, 0x000000070db00000, 0x000000070db00000|100%| E|CS|TS  0|AC  0|TAMS 0x000000070da00000, 0x000000070da00000|
| 219|0x000000070db00000, 0x000000070dc00000, 0x000000070dc00000|100%| E|CS|TS  0|AC  0|TAMS 0x000000070db00000, 0x000000070db00000|
| 220|0x000000070dc00000, 0x000000070dd00000, 0x000000070dd00000|100%| E|CS|TS  0|AC  0|TAMS 0x000000070dc00000, 0x000000070dc00000|
| 221|0x000000070dd00000, 0x000000070de00000, 0x000000070de00000|100%| E|CS|TS  0|AC  0|TAMS 0x000000070dd00000, 0x000000070dd00000|
| 222|0x000000070de00000, 0x000000070df00000, 0x000000070df00000|100%| E|CS|TS  0|AC  0|TAMS 0x000000070de00000, 0x000000070de00000|
| 223|0x000000070df00000, 0x000000070e000000, 0x000000070e000000|100%| E|CS|TS  0|AC  0|TAMS 0x000000070df00000, 0x000000070df00000|
| 224|0x000000070e000000, 0x000000070e100000, 0x000000070e100000|100%| E|CS|TS  0|AC  0|TAMS 0x000000070e000000, 0x000000070e000000|
| 225|0x000000070e100000, 0x000000070e200000, 0x000000070e200000|100%| E|CS|TS  0|AC  0|TAMS 0x000000070e100000, 0x000000070e100000|
| 226|0x000000070e200000, 0x000000070e300000, 0x000000070e300000|100%| E|CS|TS  0|AC  0|TAMS 0x000000070e200000, 0x000000070e200000|
| 227|0x000000070e300000, 0x000000070e400000, 0x000000070e400000|100%| E|CS|TS  0|AC  0|TAMS 0x000000070e300000, 0x000000070e300000|
| 228|0x000000070e400000, 0x000000070e500000, 0x000000070e500000|100%| E|CS|TS  0|AC  0|TAMS 0x000000070e400000, 0x000000070e400000|
| 229|0x000000070e500000, 0x000000070e600000, 0x000000070e600000|100%| E|CS|TS  0|AC  0|TAMS 0x000000070e500000, 0x000000070e500000|
| 230|0x000000070e600000, 0x000000070e700000, 0x000000070e700000|100%| E|CS|TS  0|AC  0|TAMS 0x000000070e600000, 0x000000070e600000|
| 231|0x000000070e700000, 0x000000070e800000, 0x000000070e800000|100%| E|CS|TS  0|AC  0|TAMS 0x000000070e700000, 0x000000070e700000|
| 232|0x000000070e800000, 0x000000070e900000, 0x000000070e900000|100%| E|CS|TS  0|AC  0|TAMS 0x000000070e800000, 0x000000070e800000|
| 233|0x000000070e900000, 0x000000070ea00000, 0x000000070ea00000|100%| E|CS|TS  0|AC  0|TAMS 0x000000070e900000, 0x000000070e900000|
| 234|0x000000070ea00000, 0x000000070eb00000, 0x000000070eb00000|100%| E|CS|TS  0|AC  0|TAMS 0x000000070ea00000, 0x000000070ea00000|
| 235|0x000000070eb00000, 0x000000070ec00000, 0x000000070ec00000|100%| E|CS|TS  0|AC  0|TAMS 0x000000070eb00000, 0x000000070eb00000|
| 236|0x000000070ec00000, 0x000000070ed00000, 0x000000070ed00000|100%| E|CS|TS  0|AC  0|TAMS 0x000000070ec00000, 0x000000070ec00000|
| 237|0x000000070ed00000, 0x000000070ee00000, 0x000000070ee00000|100%| E|CS|TS  0|AC  0|TAMS 0x000000070ed00000, 0x000000070ed00000|
| 238|0x000000070ee00000, 0x000000070ef00000, 0x000000070ef00000|100%| E|CS|TS  0|AC  0|TAMS 0x000000070ee00000, 0x000000070ee00000|
| 239|0x000000070ef00000, 0x000000070f000000, 0x000000070f000000|100%| E|CS|TS  0|AC  0|TAMS 0x000000070ef00000, 0x000000070ef00000|
| 240|0x000000070f000000, 0x000000070f100000, 0x000000070f100000|100%| E|CS|TS  0|AC  0|TAMS 0x000000070f000000, 0x000000070f000000|
| 241|0x000000070f100000, 0x000000070f200000, 0x000000070f200000|100%| E|CS|TS  0|AC  0|TAMS 0x000000070f100000, 0x000000070f100000|
| 242|0x000000070f200000, 0x000000070f300000, 0x000000070f300000|100%| E|CS|TS  0|AC  0|TAMS 0x000000070f200000, 0x000000070f200000|
| 243|0x000000070f300000, 0x000000070f400000, 0x000000070f400000|100%| E|CS|TS  0|AC  0|TAMS 0x000000070f300000, 0x000000070f300000|
| 244|0x000000070f400000, 0x000000070f500000, 0x000000070f500000|100%| E|CS|TS  0|AC  0|TAMS 0x000000070f400000, 0x000000070f400000|
| 245|0x000000070f500000, 0x000000070f600000, 0x000000070f600000|100%| E|CS|TS  0|AC  0|TAMS 0x000000070f500000, 0x000000070f500000|
| 246|0x000000070f600000, 0x000000070f700000, 0x000000070f700000|100%| E|CS|TS  0|AC  0|TAMS 0x000000070f600000, 0x000000070f600000|
| 247|0x000000070f700000, 0x000000070f800000, 0x000000070f800000|100%| E|CS|TS  0|AC  0|TAMS 0x000000070f700000, 0x000000070f700000|
| 248|0x000000070f800000, 0x000000070f900000, 0x000000070f900000|100%| E|CS|TS  0|AC  0|TAMS 0x000000070f800000, 0x000000070f800000|
| 249|0x000000070f900000, 0x000000070fa00000, 0x000000070fa00000|100%| E|CS|TS  0|AC  0|TAMS 0x000000070f900000, 0x000000070f900000|
| 250|0x000000070fa00000, 0x000000070fb00000, 0x000000070fb00000|100%| E|CS|TS  0|AC  0|TAMS 0x000000070fa00000, 0x000000070fa00000|
| 251|0x000000070fb00000, 0x000000070fc00000, 0x000000070fc00000|100%| E|CS|TS  0|AC  0|TAMS 0x000000070fb00000, 0x000000070fb00000|
| 252|0x000000070fc00000, 0x000000070fd00000, 0x000000070fd00000|100%| E|CS|TS  0|AC  0|TAMS 0x000000070fc00000, 0x000000070fc00000|
| 253|0x000000070fd00000, 0x000000070fe00000, 0x000000070fe00000|100%| E|CS|TS  0|AC  0|TAMS 0x000000070fd00000, 0x000000070fd00000|
| 254|0x000000070fe00000, 0x000000070ff00000, 0x000000070ff00000|100%| E|CS|TS  0|AC  0|TAMS 0x000000070fe00000, 0x000000070fe00000|
| 255|0x000000070ff00000, 0x0000000710000000, 0x0000000710000000|100%| E|CS|TS  0|AC  0|TAMS 0x000000070ff00000, 0x000000070ff00000|
| 256|0x0000000710000000, 0x0000000710100000, 0x0000000710100000|100%| E|CS|TS  0|AC  0|TAMS 0x0000000710000000, 0x0000000710000000|
| 257|0x0000000710100000, 0x0000000710200000, 0x0000000710200000|100%| E|CS|TS  0|AC  0|TAMS 0x0000000710100000, 0x0000000710100000|
| 258|0x0000000710200000, 0x0000000710300000, 0x0000000710300000|100%| E|CS|TS  0|AC  0|TAMS 0x0000000710200000, 0x0000000710200000|
| 259|0x0000000710300000, 0x0000000710400000, 0x0000000710400000|100%| E|CS|TS  0|AC  0|TAMS 0x0000000710300000, 0x0000000710300000|
| 260|0x0000000710400000, 0x0000000710500000, 0x0000000710500000|100%| E|CS|TS  0|AC  0|TAMS 0x0000000710400000, 0x0000000710400000|
| 261|0x0000000710500000, 0x0000000710600000, 0x0000000710600000|100%| E|CS|TS  0|AC  0|TAMS 0x0000000710500000, 0x0000000710500000|
| 262|0x0000000710600000, 0x0000000710700000, 0x0000000710700000|100%| E|CS|TS  0|AC  0|TAMS 0x0000000710600000, 0x0000000710600000|
| 263|0x0000000710700000, 0x0000000710800000, 0x0000000710800000|100%| E|CS|TS  0|AC  0|TAMS 0x0000000710700000, 0x0000000710700000|
| 264|0x0000000710800000, 0x0000000710900000, 0x0000000710900000|100%| E|CS|TS  0|AC  0|TAMS 0x0000000710800000, 0x0000000710800000|
| 265|0x0000000710900000, 0x0000000710a00000, 0x0000000710a00000|100%| E|CS|TS  0|AC  0|TAMS 0x0000000710900000, 0x0000000710900000|
| 266|0x0000000710a00000, 0x0000000710b00000, 0x0000000710b00000|100%| E|CS|TS  0|AC  0|TAMS 0x0000000710a00000, 0x0000000710a00000|
| 267|0x0000000710b00000, 0x0000000710c00000, 0x0000000710c00000|100%| E|CS|TS  0|AC  0|TAMS 0x0000000710b00000, 0x0000000710b00000|
| 268|0x0000000710c00000, 0x0000000710d00000, 0x0000000710d00000|100%| E|CS|TS  0|AC  0|TAMS 0x0000000710c00000, 0x0000000710c00000|
| 269|0x0000000710d00000, 0x0000000710e00000, 0x0000000710e00000|100%| E|CS|TS  0|AC  0|TAMS 0x0000000710d00000, 0x0000000710d00000|
| 270|0x0000000710e00000, 0x0000000710f00000, 0x0000000710f00000|100%| E|CS|TS  0|AC  0|TAMS 0x0000000710e00000, 0x0000000710e00000|
| 271|0x0000000710f00000, 0x0000000711000000, 0x0000000711000000|100%| E|CS|TS  0|AC  0|TAMS 0x0000000710f00000, 0x0000000710f00000|
| 272|0x0000000711000000, 0x0000000711100000, 0x0000000711100000|100%| E|CS|TS  0|AC  0|TAMS 0x0000000711000000, 0x0000000711000000|
| 273|0x0000000711100000, 0x0000000711200000, 0x0000000711200000|100%| E|CS|TS  0|AC  0|TAMS 0x0000000711100000, 0x0000000711100000|
| 274|0x0000000711200000, 0x0000000711300000, 0x0000000711300000|100%| E|CS|TS  0|AC  0|TAMS 0x0000000711200000, 0x0000000711200000|
| 275|0x0000000711300000, 0x0000000711400000, 0x0000000711400000|100%| E|CS|TS  0|AC  0|TAMS 0x0000000711300000, 0x0000000711300000|
| 276|0x0000000711400000, 0x0000000711500000, 0x0000000711500000|100%| E|CS|TS  0|AC  0|TAMS 0x0000000711400000, 0x0000000711400000|
| 277|0x0000000711500000, 0x0000000711600000, 0x0000000711600000|100%| E|CS|TS  0|AC  0|TAMS 0x0000000711500000, 0x0000000711500000|
| 278|0x0000000711600000, 0x0000000711700000, 0x0000000711700000|100%| E|CS|TS  0|AC  0|TAMS 0x0000000711600000, 0x0000000711600000|
| 279|0x0000000711700000, 0x0000000711800000, 0x0000000711800000|100%| E|CS|TS  0|AC  0|TAMS 0x0000000711700000, 0x0000000711700000|
| 280|0x0000000711800000, 0x0000000711900000, 0x0000000711900000|100%| E|CS|TS  0|AC  0|TAMS 0x0000000711800000, 0x0000000711800000|
| 281|0x0000000711900000, 0x0000000711a00000, 0x0000000711a00000|100%| E|CS|TS  0|AC  0|TAMS 0x0000000711900000, 0x0000000711900000|
| 282|0x0000000711a00000, 0x0000000711b00000, 0x0000000711b00000|100%| E|CS|TS  0|AC  0|TAMS 0x0000000711a00000, 0x0000000711a00000|
| 283|0x0000000711b00000, 0x0000000711c00000, 0x0000000711c00000|100%| E|CS|TS  0|AC  0|TAMS 0x0000000711b00000, 0x0000000711b00000|
| 284|0x0000000711c00000, 0x0000000711d00000, 0x0000000711d00000|100%| E|CS|TS  0|AC  0|TAMS 0x0000000711c00000, 0x0000000711c00000|
| 285|0x0000000711d00000, 0x0000000711e00000, 0x0000000711e00000|100%| E|CS|TS  0|AC  0|TAMS 0x0000000711d00000, 0x0000000711d00000|
| 286|0x0000000711e00000, 0x0000000711f00000, 0x0000000711f00000|100%| E|CS|TS  0|AC  0|TAMS 0x0000000711e00000, 0x0000000711e00000|
| 287|0x0000000711f00000, 0x0000000712000000, 0x0000000712000000|100%| E|CS|TS  0|AC  0|TAMS 0x0000000711f00000, 0x0000000711f00000|
| 288|0x0000000712000000, 0x0000000712100000, 0x0000000712100000|100%| E|CS|TS  0|AC  0|TAMS 0x0000000712000000, 0x0000000712000000|
| 289|0x0000000712100000, 0x0000000712200000, 0x0000000712200000|100%| E|CS|TS  0|AC  0|TAMS 0x0000000712100000, 0x0000000712100000|
| 290|0x0000000712200000, 0x0000000712300000, 0x0000000712300000|100%| E|CS|TS  0|AC  0|TAMS 0x0000000712200000, 0x0000000712200000|
| 291|0x0000000712300000, 0x0000000712400000, 0x0000000712400000|100%| E|CS|TS  0|AC  0|TAMS 0x0000000712300000, 0x0000000712300000|
| 292|0x0000000712400000, 0x0000000712500000, 0x0000000712500000|100%| E|CS|TS  0|AC  0|TAMS 0x0000000712400000, 0x0000000712400000|
| 293|0x0000000712500000, 0x0000000712600000, 0x0000000712600000|100%| E|CS|TS  0|AC  0|TAMS 0x0000000712500000, 0x0000000712500000|
| 294|0x0000000712600000, 0x0000000712700000, 0x0000000712700000|100%| E|CS|TS  0|AC  0|TAMS 0x0000000712600000, 0x0000000712600000|
| 295|0x0000000712700000, 0x0000000712800000, 0x0000000712800000|100%| E|CS|TS  0|AC  0|TAMS 0x0000000712700000, 0x0000000712700000|
| 296|0x0000000712800000, 0x0000000712900000, 0x0000000712900000|100%| E|CS|TS  0|AC  0|TAMS 0x0000000712800000, 0x0000000712800000|
| 297|0x0000000712900000, 0x0000000712a00000, 0x0000000712a00000|100%| E|CS|TS  0|AC  0|TAMS 0x0000000712900000, 0x0000000712900000|
| 298|0x0000000712a00000, 0x0000000712b00000, 0x0000000712b00000|100%| E|CS|TS  0|AC  0|TAMS 0x0000000712a00000, 0x0000000712a00000|
| 299|0x0000000712b00000, 0x0000000712c00000, 0x0000000712c00000|100%| E|CS|TS  0|AC  0|TAMS 0x0000000712b00000, 0x0000000712b00000|
| 300|0x0000000712c00000, 0x0000000712d00000, 0x0000000712d00000|100%| E|CS|TS  0|AC  0|TAMS 0x0000000712c00000, 0x0000000712c00000|
| 301|0x0000000712d00000, 0x0000000712e00000, 0x0000000712e00000|100%| E|CS|TS  0|AC  0|TAMS 0x0000000712d00000, 0x0000000712d00000|
| 302|0x0000000712e00000, 0x0000000712f00000, 0x0000000712f00000|100%| E|CS|TS  0|AC  0|TAMS 0x0000000712e00000, 0x0000000712e00000|
| 303|0x0000000712f00000, 0x0000000713000000, 0x0000000713000000|100%| E|CS|TS  0|AC  0|TAMS 0x0000000712f00000, 0x0000000712f00000|
| 304|0x0000000713000000, 0x0000000713100000, 0x0000000713100000|100%| E|CS|TS  0|AC  0|TAMS 0x0000000713000000, 0x0000000713000000|
| 305|0x0000000713100000, 0x0000000713200000, 0x0000000713200000|100%| E|CS|TS  0|AC  0|TAMS 0x0000000713100000, 0x0000000713100000|
| 306|0x0000000713200000, 0x0000000713300000, 0x0000000713300000|100%| E|CS|TS  0|AC  0|TAMS 0x0000000713200000, 0x0000000713200000|
| 307|0x0000000713300000, 0x0000000713400000, 0x0000000713400000|100%| E|CS|TS  0|AC  0|TAMS 0x0000000713300000, 0x0000000713300000|
| 308|0x0000000713400000, 0x0000000713500000, 0x0000000713500000|100%| E|CS|TS  0|AC  0|TAMS 0x0000000713400000, 0x0000000713400000|
| 309|0x0000000713500000, 0x0000000713600000, 0x0000000713600000|100%| E|CS|TS  0|AC  0|TAMS 0x0000000713500000, 0x0000000713500000|
| 310|0x0000000713600000, 0x0000000713700000, 0x0000000713700000|100%| E|CS|TS  0|AC  0|TAMS 0x0000000713600000, 0x0000000713600000|
| 311|0x0000000713700000, 0x0000000713800000, 0x0000000713800000|100%| E|CS|TS  0|AC  0|TAMS 0x0000000713700000, 0x0000000713700000|
| 312|0x0000000713800000, 0x0000000713900000, 0x0000000713900000|100%| E|CS|TS  0|AC  0|TAMS 0x0000000713800000, 0x0000000713800000|

Card table byte_map: [0x000001f06ffe0000,0x000001f0705e0000] byte_map_base: 0x000001f06c7e0000

Marking Bits (Prev, Next): (CMBitMap*) 0x000001f076c46e48, (CMBitMap*) 0x000001f076c46e10
 Prev Bits: [0x000001f073be0000, 0x000001f076be0000)
 Next Bits: [0x000001f070be0000, 0x000001f073be0000)

Polling page: 0x000001f053e40000

CodeHeap 'non-profiled nmethods': size=120064Kb used=6475Kb max_used=6475Kb free=113588Kb
 bounds [0x000001f067970000, 0x000001f067fd0000, 0x000001f06eeb0000]
CodeHeap 'profiled nmethods': size=120000Kb used=22215Kb max_used=22215Kb free=97784Kb
 bounds [0x000001f060440000, 0x000001f061a00000, 0x000001f067970000]
CodeHeap 'non-nmethods': size=5696Kb used=1805Kb max_used=1846Kb free=3890Kb
 bounds [0x000001f05feb0000, 0x000001f060120000, 0x000001f060440000]
 total_blobs=13883 nmethods=8698 adapters=1176
 compilation: enabled

Compilation events (10 events):
Event: 513.654 Thread 0x000001f079bc3800 nmethod 9441 0x000001f0619f1d10 code [0x000001f0619f1f40, 0x000001f0619f2930]
Event: 513.654 Thread 0x000001f079bc3800 9442       3       java.awt.event.InputEvent$1::canAccessSystemClipboard (5 bytes)
Event: 513.655 Thread 0x000001f079bc3800 nmethod 9442 0x000001f0619f2c10 code [0x000001f0619f2dc0, 0x000001f0619f2f38]
Event: 513.676 Thread 0x000001f079bc3800 9443       1       org.pushingpixels.substance.internal.animation.StateTransitionTracker$ModelStateInfo::access$200 (5 bytes)
Event: 513.676 Thread 0x000001f079bc3800 nmethod 9443 0x000001f067fc2690 code [0x000001f067fc2840, 0x000001f067fc2938]
Event: 513.679 Thread 0x000001f079bc3800 9444   !   3       java.awt.LightweightDispatcher::eventDispatched (336 bytes)
Event: 513.682 Thread 0x000001f079bc3800 nmethod 9444 0x000001f0619f3010 code [0x000001f0619f3420, 0x000001f0619f6430]
Event: 513.696 Thread 0x000001f079baf000 9445       4       sun.awt.SunHints$Key::isCompatibleValue (18 bytes)
Event: 513.698 Thread 0x000001f079baf000 nmethod 9445 0x000001f067fc2a10 code [0x000001f067fc2ba0, 0x000001f067fc2c58]
Event: 513.739 Thread 0x000001f079baa800 9446       4       javax.swing.SwingUtilities::invokeLater (5 bytes)

GC Heap History (10 events):
Event: 26.241 GC heap before
{Heap before GC invocations=29 (full 0):
 garbage-first heap   total 196608K, used 155575K [0x0000000700000000, 0x0000000700100600, 0x00000007c0000000)
  region size 1024K, 72 young (73728K), 8 survivors (8192K)
 Metaspace       used 36354K, capacity 37368K, committed 37416K, reserved 1083392K
  class space    used 3976K, capacity 4176K, committed 4224K, reserved 1048576K
}
Event: 26.263 GC heap after
{Heap after GC invocations=30 (full 0):
 garbage-first heap   total 196608K, used 21566K [0x0000000700000000, 0x0000000700100600, 0x00000007c0000000)
  region size 1024K, 14 young (14336K), 14 survivors (14336K)
 Metaspace       used 36354K, capacity 37368K, committed 37416K, reserved 1083392K
  class space    used 3976K, capacity 4176K, committed 4224K, reserved 1048576K
}
Event: 30.950 GC heap before
{Heap before GC invocations=31 (full 0):
 garbage-first heap   total 196608K, used 133182K [0x0000000700000000, 0x0000000700100600, 0x00000007c0000000)
  region size 1024K, 109 young (111616K), 14 survivors (14336K)
 Metaspace       used 50213K, capacity 52926K, committed 52992K, reserved 1095680K
  class space    used 5617K, capacity 6140K, committed 6144K, reserved 1048576K
}
Event: 30.987 GC heap after
{Heap after GC invocations=32 (full 0):
 garbage-first heap   total 196608K, used 45353K [0x0000000700000000, 0x0000000700100600, 0x00000007c0000000)
  region size 1024K, 14 young (14336K), 14 survivors (14336K)
 Metaspace       used 50213K, capacity 52926K, committed 52992K, reserved 1095680K
  class space    used 5617K, capacity 6140K, committed 6144K, reserved 1048576K
}
Event: 31.769 GC heap before
{Heap before GC invocations=32 (full 0):
 garbage-first heap   total 196608K, used 128297K [0x0000000700000000, 0x0000000700100600, 0x00000007c0000000)
  region size 1024K, 95 young (97280K), 14 survivors (14336K)
 Metaspace       used 50736K, capacity 53534K, committed 53888K, reserved 1097728K
  class space    used 5665K, capacity 6166K, committed 6272K, reserved 1048576K
}
Event: 31.796 GC heap after
{Heap after GC invocations=33 (full 0):
 garbage-first heap   total 320512K, used 59392K [0x0000000700000000, 0x00000007001009c8, 0x00000007c0000000)
  region size 1024K, 12 young (12288K), 12 survivors (12288K)
 Metaspace       used 50736K, capacity 53534K, committed 53888K, reserved 1097728K
  class space    used 5665K, capacity 6166K, committed 6272K, reserved 1048576K
}
Event: 33.491 GC heap before
{Heap before GC invocations=33 (full 0):
 garbage-first heap   total 320512K, used 186368K [0x0000000700000000, 0x00000007001009c8, 0x00000007c0000000)
  region size 1024K, 136 young (139264K), 12 survivors (12288K)
 Metaspace       used 53221K, capacity 56894K, committed 57088K, reserved 1099776K
  class space    used 6002K, capacity 6614K, committed 6656K, reserved 1048576K
}
Event: 33.506 GC heap after
{Heap after GC invocations=34 (full 0):
 garbage-first heap   total 320512K, used 58368K [0x0000000700000000, 0x00000007001009c8, 0x00000007c0000000)
  region size 1024K, 4 young (4096K), 4 survivors (4096K)
 Metaspace       used 53221K, capacity 56894K, committed 57088K, reserved 1099776K
  class space    used 6002K, capacity 6614K, committed 6656K, reserved 1048576K
}
Event: 36.050 GC heap before
{Heap before GC invocations=34 (full 0):
 garbage-first heap   total 320512K, used 192512K [0x0000000700000000, 0x00000007001009c8, 0x00000007c0000000)
  region size 1024K, 134 young (137216K), 4 survivors (4096K)
 Metaspace       used 58090K, capacity 62695K, committed 62788K, reserved 1105920K
  class space    used 6620K, capacity 7385K, committed 7424K, reserved 1048576K
}
Event: 36.062 GC heap after
{Heap after GC invocations=35 (full 0):
 garbage-first heap   total 320512K, used 62778K [0x0000000700000000, 0x00000007001009c8, 0x00000007c0000000)
  region size 1024K, 8 young (8192K), 8 survivors (8192K)
 Metaspace       used 58090K, capacity 62695K, committed 62788K, reserved 1105920K
  class space    used 6620K, capacity 7385K, committed 7424K, reserved 1048576K
}

Deoptimization events (10 events):
Event: 265.997 Thread 0x000001f07a0e5800 Uncommon trap: reason=unstable_if action=reinterpret pc=0x000001f067f63208 method=java.util.concurrent.locks.AbstractQueuedSynchronizer.acquireQueued(Ljava/util/concurrent/locks/AbstractQueuedSynchronizer$Node;I)Z @ 14 c2
Event: 265.997 Thread 0x000001f07a0e8800 Uncommon trap: reason=unstable_if action=reinterpret pc=0x000001f067ec715c method=java.util.concurrent.locks.AbstractQueuedSynchronizer.isOnSyncQueue(Ljava/util/concurrent/locks/AbstractQueuedSynchronizer$Node;)Z @ 22 c2
Event: 287.024 Thread 0x000001f0007f9000 Uncommon trap: reason=unstable_if action=reinterpret pc=0x000001f067f5cf40 method=cq.ab([II)V @ 200 c2
Event: 290.959 Thread 0x000001f07a0e5800 Uncommon trap: reason=null_check action=make_not_entrant pc=0x000001f067f612f0 method=hp.i()Ldz; @ 7 c2
Event: 448.139 Thread 0x000001f07b178800 Uncommon trap: reason=null_check action=make_not_entrant pc=0x000001f067f1c6bc method=java.util.concurrent.ThreadPoolExecutor.getTask()Ljava/lang/Runnable; @ 139 c2
Event: 513.586 Thread 0x000001f07a0e8800 Uncommon trap: reason=class_check action=maybe_recompile pc=0x000001f067f7f9a4 method=java.awt.Toolkit.notifyAWTEventListeners(Ljava/awt/AWTEvent;)V @ 30 c2
Event: 513.588 Thread 0x000001f07a0e8800 Uncommon trap: reason=class_check action=maybe_recompile pc=0x000001f067f7f9a4 method=java.awt.Toolkit.notifyAWTEventListeners(Ljava/awt/AWTEvent;)V @ 30 c2
Event: 513.588 Thread 0x000001f07a0e8800 Uncommon trap: reason=unstable_if action=reinterpret pc=0x000001f067fbb8bc method=java.awt.Component.eventTypeEnabled(I)Z @ 323 c2
Event: 513.590 Thread 0x000001f07a0e8800 Uncommon trap: reason=class_check action=maybe_recompile pc=0x000001f067f7f9a4 method=java.awt.Toolkit.notifyAWTEventListeners(Ljava/awt/AWTEvent;)V @ 30 c2
Event: 513.591 Thread 0x000001f07a0e8800 Uncommon trap: reason=class_check action=maybe_recompile pc=0x000001f067f7f9a4 method=java.awt.Toolkit.notifyAWTEventListeners(Ljava/awt/AWTEvent;)V @ 30 c2

Classes redefined (0 events):
No events

Internal exceptions (10 events):
Event: 37.727 Thread 0x000001f07a0e5800 Exception <a 'java/lang/NoSuchMethodError'{0x000000071231a078}: method resolution failed> (0x000000071231a078) thrown at [t:/workspace/hotspot/src/share/vm/prims/methodHandles.cpp, line 1256]
Event: 37.729 Thread 0x000001f07a0e5800 Exception <a 'java/lang/NoSuchMethodError'{0x0000000712323f00}: java.lang.invoke.DirectMethodHandle$Holder.invokeSpecial(Ljava/lang/Object;Ljava/lang/Object;Ljava/lang/Object;Ljava/lang/Object;I)Ljava/lang/Object;> (0x0000000712323f00) thrown at [t:/works
Event: 37.753 Thread 0x000001f07a0e8800 Implicit null exception at 0x000001f067ccb1fe to 0x000001f067ccb29d
Event: 37.807 Thread 0x000001f07a0e5800 Exception <a 'java/lang/NoSuchMethodError'{0x000000071200a7e8}: java.lang.Object.lambda$and$0(Ljava/util/regex/Pattern$CharPredicate;I)Z> (0x000000071200a7e8) thrown at [t:/workspace/hotspot/src/share/vm/interpreter/linkResolver.cpp, line 731]
Event: 39.147 Thread 0x000001f07a0e5800 Exception <a 'java/lang/NoSuchMethodError'{0x00000007104f1b20}: method resolution failed> (0x00000007104f1b20) thrown at [t:/workspace/hotspot/src/share/vm/prims/methodHandles.cpp, line 1256]
Event: 46.301 Thread 0x000001f0007f9000 Implicit null exception at 0x000001f067e62740 to 0x000001f067e62b29
Event: 60.786 Thread 0x000001f0007f9800 Exception <a 'java/net/SocketTimeoutException'{0x000000070ee55d58}: Read timed out> (0x000000070ee55d58) thrown at [t:/workspace/hotspot/src/share/vm/prims/jni.cpp, line 625]
Event: 88.133 Thread 0x000001f07b268800 Exception <a 'java/lang/NullPointerException'{0x00000007138151d0}> (0x00000007138151d0) thrown at [t:/workspace/hotspot/src/share/vm/interpreter/linkResolver.cpp, line 1311]
Event: 388.135 Thread 0x000001f07b523000 Exception <a 'java/net/SocketException'{0x000000070ea86688}: Socket closed> (0x000000070ea86688) thrown at [t:/workspace/hotspot/src/share/vm/prims/jni.cpp, line 625]
Event: 448.139 Thread 0x000001f07b178800 Implicit null exception at 0x000001f067f1c55b to 0x000001f067f1c6b1

Events (10 events):
Event: 513.591 Thread 0x000001f07a0e8800 DEOPT PACKING pc=0x000001f067f7f9a4 sp=0x0000006c534fc0a0
Event: 513.591 Thread 0x000001f07a0e8800 DEOPT UNPACKING pc=0x000001f05fefda29 sp=0x0000006c534fbff8 mode 2
Event: 513.602 Executing VM operation: RevokeBias
Event: 513.603 Executing VM operation: RevokeBias done
Event: 513.642 Executing VM operation: RevokeBias
Event: 513.643 Executing VM operation: RevokeBias done
Event: 513.643 Executing VM operation: RevokeBias
Event: 513.643 Executing VM operation: RevokeBias done
Event: 513.683 Executing VM operation: BulkRevokeBias
Event: 513.684 Executing VM operation: BulkRevokeBias done


Dynamic libraries:
0x00007ff78a1b0000 - 0x00007ff78a1ee000 	C:\Program Files\Java\jdk-9.0.1\bin\java.exe
0x00007ffc99fc0000 - 0x00007ffc9a1a1000 	C:\WINDOWS\SYSTEM32\ntdll.dll
0x00007ffc97450000 - 0x00007ffc97502000 	C:\WINDOWS\System32\KERNEL32.DLL
0x00007ffc963e0000 - 0x00007ffc96653000 	C:\WINDOWS\System32\KERNELBASE.dll
0x00007ffc99b20000 - 0x00007ffc99bc1000 	C:\WINDOWS\System32\ADVAPI32.dll
0x00007ffc99d00000 - 0x00007ffc99d9e000 	C:\WINDOWS\System32\msvcrt.dll
0x00007ffc99de0000 - 0x00007ffc99e3b000 	C:\WINDOWS\System32\sechost.dll
0x00007ffc99bd0000 - 0x00007ffc99cf4000 	C:\WINDOWS\System32\RPCRT4.dll
0x00007ffc98260000 - 0x00007ffc983f0000 	C:\WINDOWS\System32\USER32.dll
0x00007ffc96df0000 - 0x00007ffc96e10000 	C:\WINDOWS\System32\win32u.dll
0x00007ffc99e60000 - 0x00007ffc99e88000 	C:\WINDOWS\System32\GDI32.dll
0x00007ffc97100000 - 0x00007ffc97292000 	C:\WINDOWS\System32\gdi32full.dll
0x00007ffc97300000 - 0x00007ffc9739f000 	C:\WINDOWS\System32\msvcp_win.dll
0x00007ffc96e10000 - 0x00007ffc96f0a000 	C:\WINDOWS\System32\ucrtbase.dll
0x00007ffc7c580000 - 0x00007ffc7c7e9000 	C:\WINDOWS\WinSxS\amd64_microsoft.windows.common-controls_6595b64144ccf1df_6.0.17134.471_none_fb3e9aab3068fc16\COMCTL32.dll
0x00007ffc97cd0000 - 0x00007ffc97ff2000 	C:\WINDOWS\System32\combase.dll
0x00007ffc8d940000 - 0x00007ffc8d94a000 	C:\WINDOWS\SYSTEM32\VERSION.dll
0x00007ffc96660000 - 0x00007ffc966da000 	C:\WINDOWS\System32\bcryptPrimitives.dll
0x00007ffc99da0000 - 0x00007ffc99dcd000 	C:\WINDOWS\System32\IMM32.DLL
0x00007ffc6f8b0000 - 0x00007ffc6f99f000 	C:\Program Files\Java\jdk-9.0.1\bin\msvcr120.dll
0x00007ffc77dc0000 - 0x00007ffc77e66000 	C:\Program Files\Java\jdk-9.0.1\bin\msvcp120.dll
0x000000005eee0000 - 0x000000005f904000 	C:\Program Files\Java\jdk-9.0.1\bin\server\jvm.dll
0x00007ffc980b0000 - 0x00007ffc980b8000 	C:\WINDOWS\System32\PSAPI.DLL
0x00007ffc8c120000 - 0x00007ffc8c129000 	C:\WINDOWS\SYSTEM32\WSOCK32.dll
0x00007ffc99ab0000 - 0x00007ffc99b1c000 	C:\WINDOWS\System32\WS2_32.dll
0x00007ffc8e040000 - 0x00007ffc8e063000 	C:\WINDOWS\SYSTEM32\WINMM.dll
0x00007ffc8dfc0000 - 0x00007ffc8dfea000 	C:\WINDOWS\SYSTEM32\WINMMBASE.dll
0x00007ffc96390000 - 0x00007ffc963d9000 	C:\WINDOWS\System32\cfgmgr32.dll
0x00007ffc8cff0000 - 0x00007ffc8cfff000 	C:\Program Files\Java\jdk-9.0.1\bin\verify.dll
0x00007ffc82740000 - 0x00007ffc82767000 	C:\Program Files\Java\jdk-9.0.1\bin\java.dll
0x00007ffc82280000 - 0x00007ffc822aa000 	C:\Program Files\Java\jdk-9.0.1\bin\instrument.dll
0x00007ffc86590000 - 0x00007ffc865a6000 	C:\Program Files\Java\jdk-9.0.1\bin\zip.dll
0x00007ffc88e30000 - 0x00007ffc88e3a000 	C:\Program Files\Java\jdk-9.0.1\bin\jimage.dll
0x00007ffc98450000 - 0x00007ffc99890000 	C:\WINDOWS\System32\SHELL32.dll
0x00007ffc98000000 - 0x00007ffc980a9000 	C:\WINDOWS\System32\shcore.dll
0x00007ffc966e0000 - 0x00007ffc96ded000 	C:\WINDOWS\System32\windows.storage.dll
0x00007ffc983f0000 - 0x00007ffc98441000 	C:\WINDOWS\System32\shlwapi.dll
0x00007ffc962d0000 - 0x00007ffc962e1000 	C:\WINDOWS\System32\kernel.appcore.dll
0x00007ffc96320000 - 0x00007ffc9633f000 	C:\WINDOWS\System32\profapi.dll
0x00007ffc96340000 - 0x00007ffc9638c000 	C:\WINDOWS\System32\powrprof.dll
0x00007ffc962f0000 - 0x00007ffc962fa000 	C:\WINDOWS\System32\FLTLIB.DLL
0x00007ffc82260000 - 0x00007ffc8227a000 	C:\Program Files\Java\jdk-9.0.1\bin\net.dll
0x00007ffc92e60000 - 0x00007ffc92f3d000 	C:\WINDOWS\SYSTEM32\WINHTTP.dll
0x00007ffc95b50000 - 0x00007ffc95bb6000 	C:\WINDOWS\system32\mswsock.dll
0x00007ffc821d0000 - 0x00007ffc821e1000 	C:\Program Files\Java\jdk-9.0.1\bin\nio.dll
0x00007ffc821b0000 - 0x00007ffc821ca000 	C:\Program Files\JetBrains\IntelliJ IDEA Community Edition 2018.3.2\bin\breakgen64.dll
0x00007ffc82700000 - 0x00007ffc8270b000 	C:\Program Files\Java\jdk-9.0.1\bin\sunmscapi.dll
0x00007ffc96f10000 - 0x00007ffc970f2000 	C:\WINDOWS\System32\CRYPT32.dll
0x00007ffc96300000 - 0x00007ffc96312000 	C:\WINDOWS\System32\MSASN1.dll
0x00007ffc7d9e0000 - 0x00007ffc7da03000 	C:\Program Files\Java\jdk-9.0.1\bin\sunec.dll
0x00007ffc95d00000 - 0x00007ffc95d17000 	C:\WINDOWS\SYSTEM32\CRYPTSP.dll
0x00007ffc956d0000 - 0x00007ffc95703000 	C:\WINDOWS\system32\rsaenh.dll
0x00007ffc95e30000 - 0x00007ffc95e55000 	C:\WINDOWS\SYSTEM32\bcrypt.dll
0x00007ffc961d0000 - 0x00007ffc961f8000 	C:\WINDOWS\SYSTEM32\USERENV.dll
0x00007ffc95d20000 - 0x00007ffc95d2b000 	C:\WINDOWS\SYSTEM32\CRYPTBASE.dll
0x00007ffc95870000 - 0x00007ffc958a8000 	C:\WINDOWS\SYSTEM32\IPHLPAPI.DLL
0x00007ffc99dd0000 - 0x00007ffc99dd8000 	C:\WINDOWS\System32\NSI.dll
0x00007ffc916b0000 - 0x00007ffc916c6000 	C:\WINDOWS\SYSTEM32\dhcpcsvc6.DLL
0x00007ffc915a0000 - 0x00007ffc915ba000 	C:\WINDOWS\SYSTEM32\dhcpcsvc.DLL
0x00007ffc958b0000 - 0x00007ffc9596e000 	C:\WINDOWS\SYSTEM32\DNSAPI.dll
0x00007ffc8fb90000 - 0x00007ffc8fb9a000 	C:\Windows\System32\rasadhlp.dll
0x00007ffc900e0000 - 0x00007ffc90152000 	C:\WINDOWS\System32\fwpuclnt.dll
0x00007ffc657d0000 - 0x00007ffc65969000 	C:\Program Files\Java\jdk-9.0.1\bin\awt.dll
0x00007ffc99890000 - 0x00007ffc99952000 	C:\WINDOWS\System32\OLEAUT32.dll
0x00007ffc91850000 - 0x00007ffc91e17000 	C:\WINDOWS\SYSTEM32\d2d1.dll
0x00007ffc944a0000 - 0x00007ffc9452b000 	C:\WINDOWS\SYSTEM32\apphelp.dll
0x00007ffc94990000 - 0x00007ffc94a28000 	C:\WINDOWS\system32\uxtheme.dll
0x00007ffc97670000 - 0x00007ffc977e3000 	C:\WINDOWS\System32\MSCTF.dll
0x00007ffc94a90000 - 0x00007ffc94ab9000 	C:\WINDOWS\system32\dwmapi.dll
0x00007ffc97510000 - 0x00007ffc97661000 	C:\WINDOWS\System32\ole32.dll
0x00007ffc784a0000 - 0x00007ffc7851e000 	C:\Program Files\Java\jdk-9.0.1\bin\mlib_image.dll
0x00007ffc6f810000 - 0x00007ffc6f8ad000 	C:\Program Files\Java\jdk-9.0.1\bin\fontmanager.dll
0x00007ffc66350000 - 0x00007ffc66470000 	C:\WINDOWS\system32\opengl32.dll
0x00007ffc82710000 - 0x00007ffc8273c000 	C:\WINDOWS\SYSTEM32\GLU32.dll
0x00007ffc6e3a0000 - 0x00007ffc6e537000 	C:\WINDOWS\system32\d3d9.dll
0x00007ffc85e40000 - 0x00007ffc85f2c000 	C:\WINDOWS\System32\DriverStore\FileRepository\nv_dispi.inf_amd64_f5be1f8d25335236\nvldumdx.dll
0x00007ffc972a0000 - 0x00007ffc972f7000 	C:\WINDOWS\System32\WINTRUST.DLL
0x00007ffc99e40000 - 0x00007ffc99e5d000 	C:\WINDOWS\System32\imagehlp.dll
0x00007ffc4d320000 - 0x00007ffc4e559000 	C:\WINDOWS\System32\DriverStore\FileRepository\nv_dispi.inf_amd64_f5be1f8d25335236\nvd3dumx.dll
0x00007ffc86be0000 - 0x00007ffc86ca3000 	C:\Program Files (x86)\NVIDIA Corporation\3D Vision\nvSCPAPI64.dll
0x00007ffc97870000 - 0x00007ffc97cbb000 	C:\WINDOWS\System32\SETUPAPI.dll
0x00007ffc59570000 - 0x00007ffc597b4000 	C:\WINDOWS\system32\nvspcap64.dll
0x00007ffc953c0000 - 0x00007ffc953f1000 	C:\WINDOWS\SYSTEM32\ntmarta.dll
0x00007ffc95010000 - 0x00007ffc95032000 	C:\WINDOWS\SYSTEM32\gpapi.dll
0x00007ffc88860000 - 0x00007ffc8888e000 	C:\WINDOWS\SYSTEM32\cryptnet.dll
0x00007ffc77c80000 - 0x00007ffc77cc2000 	C:\Program Files\Java\jdk-9.0.1\bin\t2k.dll
0x00007ffc99e90000 - 0x00007ffc99f30000 	C:\WINDOWS\System32\clbcatq.dll
0x00007ffc94660000 - 0x00007ffc9480e000 	C:\WINDOWS\SYSTEM32\WindowsCodecs.dll
0x00007ffc85ad0000 - 0x00007ffc85b28000 	C:\WINDOWS\system32\dataexchange.dll
0x00007ffc91e20000 - 0x00007ffc9212b000 	C:\WINDOWS\system32\d3d11.dll
0x00007ffc941e0000 - 0x00007ffc9437c000 	C:\WINDOWS\system32\dcomp.dll
0x00007ffc95090000 - 0x00007ffc9514b000 	C:\WINDOWS\system32\dxgi.dll
0x00007ffc94ba0000 - 0x00007ffc94d58000 	C:\WINDOWS\system32\twinapi.appcore.dll
0x00007ffc94a30000 - 0x00007ffc94a51000 	C:\WINDOWS\system32\RMCLIENT.dll
0x00007ffc80720000 - 0x00007ffc807c8000 	C:\WINDOWS\SYSTEM32\mscms.dll
0x00007ffc8eb60000 - 0x00007ffc8eb70000 	C:\WINDOWS\SYSTEM32\ColorAdapterClient.dll
0x00007ffc72750000 - 0x00007ffc72793000 	C:\WINDOWS\SYSTEM32\icm32.dll
0x00007ffc85d20000 - 0x00007ffc85db6000 	C:\WINDOWS\System32\TextInputFramework.dll
0x00007ffc87070000 - 0x00007ffc8738e000 	C:\WINDOWS\System32\CoreUIComponents.dll
0x00007ffc93f00000 - 0x00007ffc93fda000 	C:\WINDOWS\System32\CoreMessaging.dll
0x00007ffc908e0000 - 0x00007ffc90a2d000 	C:\WINDOWS\SYSTEM32\wintypes.dll
0x00007ffc85b30000 - 0x00007ffc85b9b000 	C:\WINDOWS\system32\Oleacc.dll
0x0000000180000000 - 0x000000018006c000 	C:\Program Files (x86)\DisplayFusion\Hooks\AppHook64_A6B83BF8-CEA0-478F-AB5B-1B7B06ADEBD0.dll
0x00007ffc72470000 - 0x00007ffc724b2000 	C:\Users\grahm\AppData\Local\Temp\jna-98615387\jna14864715891998852766.dll
0x00007ffc6f770000 - 0x00007ffc6f80b000 	C:\Users\grahm\AppData\Local\Temp\jna-98615387\jna4145795560223254833.dll
0x00007ffc82360000 - 0x00007ffc8236c000 	C:\Program Files\Java\jdk-9.0.1\bin\jsound.dll
0x00007ffc81bb0000 - 0x00007ffc81bbb000 	C:\Program Files\Java\jdk-9.0.1\bin\jsoundds.dll
0x00007ffc55780000 - 0x00007ffc5580f000 	C:\WINDOWS\SYSTEM32\DSOUND.dll
0x00007ffc8ff90000 - 0x00007ffc90006000 	C:\WINDOWS\System32\MMDevApi.dll
0x00007ffc960e0000 - 0x00007ffc96107000 	C:\WINDOWS\System32\DEVOBJ.dll
0x00007ffc93680000 - 0x00007ffc93834000 	C:\WINDOWS\System32\PROPSYS.dll
0x00007ffc57d50000 - 0x00007ffc57d94000 	C:\WINDOWS\SYSTEM32\wdmaud.drv
0x00007ffc78030000 - 0x00007ffc78039000 	C:\WINDOWS\SYSTEM32\ksuser.dll
0x00007ffc874e0000 - 0x00007ffc874ea000 	C:\WINDOWS\SYSTEM32\AVRT.dll
0x00007ffc69dd0000 - 0x00007ffc69efc000 	C:\WINDOWS\SYSTEM32\AUDIOSES.DLL
0x00007ffc77db0000 - 0x00007ffc77dbd000 	C:\WINDOWS\SYSTEM32\msacm32.drv
0x00007ffc55910000 - 0x00007ffc5592c000 	C:\WINDOWS\SYSTEM32\MSACM32.dll
0x00007ffc72740000 - 0x00007ffc7274a000 	C:\WINDOWS\SYSTEM32\midimap.dll
0x00007ffc85f30000 - 0x00007ffc86044000 	C:\Windows\System32\Windows.UI.dll
0x00007ffc85dc0000 - 0x00007ffc85e39000 	C:\Windows\System32\InputHost.dll
0x00000000637c0000 - 0x00000000637cd000 	C:\Users\grahm\AppData\Local\Temp\jogamp_0000\file_cache\jln4479935626107917461\jln17198298687221728531\natives\windows-amd64\gluegen-rt.dll
0x00007ffc88e00000 - 0x00007ffc88e09000 	C:\Program Files\Java\jdk-9.0.1\bin\management.dll
0x00007ffc86ce0000 - 0x00007ffc86cea000 	C:\Program Files\Java\jdk-9.0.1\bin\management_ext.dll
0x00007ffc810b0000 - 0x00007ffc810b7000 	C:\Program Files\Java\jdk-9.0.1\bin\jawt.dll
0x000000006a440000 - 0x000000006a44d000 	C:\Users\grahm\AppData\Local\Temp\jogamp_0000\file_cache\jln4479935626107917461\jln17198298687221728531\natives\windows-amd64\nativewindow_awt.dll
0x000000006c100000 - 0x000000006c10f000 	C:\Users\grahm\AppData\Local\Temp\jogamp_0000\file_cache\jln4479935626107917461\jln17198298687221728531\natives\windows-amd64\nativewindow_win32.dll
0x0000000064500000 - 0x00000000645b1000 	C:\Users\grahm\AppData\Local\Temp\jogamp_0000\file_cache\jln4479935626107917461\jln17198298687221728531\natives\windows-amd64\jogl_desktop.dll
0x00007ffc62f50000 - 0x00007ffc63377000 	C:\Program Files\Mozilla Firefox\libGLESv2.dll

VM Arguments:
jvm_args: -ea -javaagent:C:\Program Files\JetBrains\IntelliJ IDEA Community Edition 2018.3.2\lib\idea_rt.jar=50958:C:\Program Files\JetBrains\IntelliJ IDEA Community Edition 2018.3.2\bin -Dfile.encoding=UTF-8 
java_command: net.runelite.client.RuneLite --debug --developer-mode
java_class_path (initial): C:\Users\grahm\IdeaProjects\runelite\runelite-client\target\classes;C:\Users\grahm\.m2\repository\org\slf4j\slf4j-api\1.7.25\slf4j-api-1.7.25.jar;C:\Users\grahm\.m2\repository\ch\qos\logback\logback-classic\1.2.3\logback-classic-1.2.3.jar;C:\Users\grahm\.m2\repository\ch\qos\logback\logback-core\1.2.3\logback-core-1.2.3.jar;C:\Users\grahm\.m2\repository\net\sf\jopt-simple\jopt-simple\5.0.1\jopt-simple-5.0.1.jar;C:\Users\grahm\.m2\repository\com\google\guava\guava\23.2-jre\guava-23.2-jre.jar;C:\Users\grahm\.m2\repository\com\google\code\findbugs\jsr305\1.3.9\jsr305-1.3.9.jar;C:\Users\grahm\.m2\repository\com\google\errorprone\error_prone_annotations\2.0.18\error_prone_annotations-2.0.18.jar;C:\Users\grahm\.m2\repository\com\google\j2objc\j2objc-annotations\1.1\j2objc-annotations-1.1.jar;C:\Users\grahm\.m2\repository\org\codehaus\mojo\animal-sniffer-annotations\1.14\animal-sniffer-annotations-1.14.jar;C:\Users\grahm\.m2\repository\com\google\inject\guice\4.1.0\guice-4.1.0-no_aop.jar;C:\Users\grahm\.m2\repository\javax\inject\javax.inject\1\javax.inject-1.jar;C:\Users\grahm\.m2\repository\aopalliance\aopalliance\1.0\aopalliance-1.0.jar;C:\Users\grahm\.m2\repository\com\google\code\gson\gson\2.8.5\gson-2.8.5.jar;C:\Users\grahm\.m2\repository\net\runelite\pushingpixels\substance\8.0.02\substance-8.0.02.jar;C:\Users\grahm\.m2\repository\net\runelite\pushingpixels\trident\1.5.00\trident-1.5.00.jar;C:\Users\grahm\.m2\repository\org\apache\commons\commons-text\1.2\commons-text-1.2.jar;C:\Users\grahm\.m2\repository\org\apache\commons\commons-lang3\3.7\commons-lang3-3.7.jar;C:\Users\grahm\.m2\repository\org\jogamp\jogl\jogl-all\2.3.2\jogl-all-2.3.2.jar;C:\Users\grahm\.m2\repository\org\jogamp\jogl\jogl-all\2.3.2\jogl-all-2.3.2-natives-windows-amd64.jar;C:\Users\grahm\.m2\repository\org\jogamp\jogl\jogl-all\2.3.2\jogl-all-2.3.2-natives-windows-i586.jar;C:\Users\grahm\.m2\repository\org\jogamp\jogl\jogl-all\2.3.2\jogl-all-2.3.2-natives-linux-amd64.ja
Launcher Type: SUN_STANDARD

Logging:
Log output configuration:
#0: stdout all=warning uptime,level,tags
#1: stderr all=off uptime,level,tags

Environment Variables:
PATH=C:\Program Files\Mozilla Firefox;C:\ProgramData\Oracle\Java\javapath;C:\Windows\system32;C:\Windows;C:\Windows\System32\Wbem;C:\Windows\System32\WindowsPowerShell\v1.0\;c:\Program Files (x86)\Microsoft SQL Server\100\Tools\Binn\;c:\Program Files\Microsoft SQL Server\100\Tools\Binn\;c:\Program Files\Microsoft SQL Server\100\DTS\Binn\;C:\Program Files\Java\jdk1.7.0_80\bin;C:\Program Files (x86)\Skype\Phone\;C:\Program Files (x86)\PharosSystems\Core;C:\WINDOWS\system32;C:\WINDOWS;C:\WINDOWS\System32\Wbem;C:\WINDOWS\System32\WindowsPowerShell\v1.0\;C:\Program Files\OpenVPN\bin;C:\Program Files\PuTTY\;C:\Program Files (x86)\Calibre2\;C:\Program Files (x86)\NVIDIA Corporation\PhysX\Common;C:\WINDOWS\system32;C:\WINDOWS;C:\WINDOWS\System32\Wbem;C:\WINDOWS\System32\WindowsPowerShell\v1.0\;C:\WINDOWS\System32\OpenSSH\;C:\Users\grahm\AppData\Local\Programs\Python\Python36-32\Scripts\;C:\Users\grahm\AppData\Local\Programs\Python\Python36-32\;C:\Users\grahm\AppData\Local\Microsoft\WindowsApps;C:\Users\grahm\AppData\Local\GitHubDesktop\bin;C:\Users\grahm\AppData\Local\Microsoft\WindowsApps;
USERNAME=grahm
OS=Windows_NT
PROCESSOR_IDENTIFIER=AMD64 Family 16 Model 5 Stepping 3, AuthenticAMD



---------------  S Y S T E M  ---------------

OS: Windows 10 , 64 bit Build 17134 (10.0.17134.1)

CPU:total 4 (initial active 4) (4 cores per cpu, 1 threads per core) family 16 model 5 stepping 3, cmov, cx8, fxsr, mmx, sse, sse2, sse3, popcnt, mmxext, 3dnowpref, lzcnt, sse4a, tsc, tscinvbit, tscinv

Memory: 4k page, physical 12582064k(3150036k free), swap 12582064k(3320k free)

vm_info: Java HotSpot(TM) 64-Bit Server VM (9.0.1+11) for windows-amd64 JRE (9.0.1+11), built on Sep 28 2017 04:54:03 by "mach5one" with MS VC++ 12.0 (VS2013)

END.
