#
# There is insufficient memory for the Java Runtime Environment to continue.
# Native memory allocation (malloc) failed to allocate 52208 bytes for Chunk::new
# Possible reasons:
#   The system is out of physical RAM or swap space
#   The process is running with CompressedOops enabled, and the Java Heap may be blocking the growth of the native heap
# Possible solutions:
#   Reduce memory load on the system
#   Increase physical memory or swap space
#   Check if swap backing store is full
#   Decrease Java heap size (-Xmx/-Xms)
#   Decrease number of Java threads
#   Decrease Java thread stack sizes (-Xss)
#   Set larger code cache with -XX:ReservedCodeCacheSize=
#   JVM is running with Zero Based Compressed Oops mode in which the Java heap is
#     placed in the first 32GB address space. The Java Heap base address is the
#     maximum limit for the native heap growth. Please use -XX:HeapBaseMinAddress
#     to set the Java Heap base and to place the Java Heap above 32GB virtual address.
# This output file may be truncated or incomplete.
#
#  Out of Memory Error (t:/workspace/hotspot/src/share/vm/memory/allocation.cpp:372), pid=5784, tid=10496
#
# JRE version: Java(TM) SE Runtime Environment (9.0+11) (build 9.0.1+11)
# Java VM: Java HotSpot(TM) 64-Bit Server VM (9.0.1+11, mixed mode, tiered, compressed oops, g1 gc, windows-amd64)
# No core dump will be written. Minidumps are not enabled by default on client versions of Windows
#

---------------  S U M M A R Y ------------

Command Line: -ea -javaagent:C:\Program Files\JetBrains\IntelliJ IDEA Community Edition 2018.3.2\lib\idea_rt.jar=49424:C:\Program Files\JetBrains\IntelliJ IDEA Community Edition 2018.3.2\bin -Dfile.encoding=UTF-8 net.runelite.client.RuneLite --debug --developer-mode

Host: AMD Athlon(tm) II X4 645 Processor, 4 cores, 11G,  Windows 10 , 64 bit Build 17134 (10.0.17134.1)
Time: Fri Dec 21 12:01:00 2018 Eastern Standard Time elapsed time: 77 seconds (0d 0h 1m 17s)

---------------  T H R E A D  ---------------

Current thread (0x000002977c90d000):  JavaThread "C2 CompilerThread1" daemon [_thread_in_native, id=10496, stack(0x0000009cc7a00000,0x0000009cc7b00000)]


Current CompileTask:
C2:  77469 9103   !   4       java.awt.EventDispatchThread::pumpOneEventForFilters (218 bytes)

Stack: [0x0000009cc7a00000,0x0000009cc7b00000]
Native frames: (J=compiled Java code, j=interpreted, Vv=VM code, C=native code)
V  [jvm.dll+0x5870b8]
V  [jvm.dll+0x69c0ee]
V  [jvm.dll+0x69d00a]
V  [jvm.dll+0x69d643]
V  [jvm.dll+0x21d148]
V  [jvm.dll+0xa7c6c]
V  [jvm.dll+0xa85ac]
V  [jvm.dll+0x109a74]
V  [jvm.dll+0x17e849]
V  [jvm.dll+0x2e783c]
V  [jvm.dll+0x2e6e5a]
V  [jvm.dll+0x1e99c1]
V  [jvm.dll+0x1e8c66]
V  [jvm.dll+0x1691bb]
V  [jvm.dll+0x1f64f0]
V  [jvm.dll+0x1f5176]
V  [jvm.dll+0x66b2df]
V  [jvm.dll+0x5864e0]
C  [msvcr120.dll+0x24f7f]
C  [msvcr120.dll+0x25126]
C  [KERNEL32.DLL+0x13034]
C  [ntdll.dll+0x73691]


---------------  P R O C E S S  ---------------

Java Threads: ( => current thread )
  0x000002971d29c800 JavaThread "Java Sound Sequencer" [_thread_blocked, id=14152, stack(0x0000009ccb200000,0x0000009ccb300000)]
  0x000002970f637800 JavaThread "AudioPusher" daemon [_thread_blocked, id=7784, stack(0x0000009ccb100000,0x0000009ccb200000)]
  0x000002970f63a800 JavaThread "JitterCorrector" daemon [_thread_blocked, id=13796, stack(0x0000009ccb000000,0x0000009ccb100000)]
  0x000002970f63a000 JavaThread "Thread-13" daemon [_thread_blocked, id=15572, stack(0x0000009ccae00000,0x0000009ccaf00000)]
  0x000002970f637000 JavaThread "Thread-3-SharedResourceRunner" daemon [_thread_blocked, id=11336, stack(0x0000009cca900000,0x0000009ccaa00000)]
  0x000002970f63b800 JavaThread "DestroyJavaVM" [_thread_blocked, id=15776, stack(0x0000009cc6800000,0x0000009cc6900000)]
  0x000002970f636000 JavaThread "pool-5-thread-1" [_thread_blocked, id=15192, stack(0x0000009cca700000,0x0000009cca800000)]
  0x000002970f63c800 JavaThread "Java Sound Event Dispatcher" daemon [_thread_blocked, id=9476, stack(0x0000009cca400000,0x0000009cca500000)]
  0x000002970f638800 JavaThread "TimerQueue" daemon [_thread_blocked, id=9620, stack(0x0000009cca300000,0x0000009cca400000)]
  0x000002970f62e000 JavaThread "pool-4-thread-1" [_thread_blocked, id=14452, stack(0x0000009cc9f00000,0x0000009cca000000)]
  0x000002970f631000 JavaThread "Thread-9" daemon [_thread_blocked, id=15516, stack(0x0000009cc9d00000,0x0000009cc9e00000)]
  0x000002970f632800 JavaThread "D3D Screen Updater" daemon [_thread_blocked, id=15916, stack(0x0000009cc9b00000,0x0000009cc9c00000)]
  0x000002970f62e800 JavaThread "Trident pulse source thread" daemon [_thread_blocked, id=15948, stack(0x0000009cc9a00000,0x0000009cc9b00000)]
  0x000002970f633000 JavaThread "Trident callback thread" daemon [_thread_blocked, id=5228, stack(0x0000009cc9900000,0x0000009cc9a00000)]
  0x000002970f62f800 JavaThread "Substance heap status" daemon [_thread_blocked, id=13920, stack(0x0000009cc9600000,0x0000009cc9700000)]
  0x000002970f634000 JavaThread "Thread-4" daemon [_thread_blocked, id=8956, stack(0x0000009cc9500000,0x0000009cc9600000)]
  0x000002970f630000 JavaThread "Thread-3" daemon [_thread_in_Java, id=7844, stack(0x0000009cc9400000,0x0000009cc9500000)]
  0x000002970f631800 JavaThread "Thread-2" daemon [_thread_blocked, id=10756, stack(0x0000009cc9300000,0x0000009cc9400000)]
  0x000002977e326000 JavaThread "AWT-EventQueue-0" [_thread_blocked, id=15772, stack(0x0000009cc8d00000,0x0000009cc8e00000)]
  0x000002977e328800 JavaThread "AWT-Shutdown" [_thread_blocked, id=11720, stack(0x0000009cc8c00000,0x0000009cc8d00000)]
  0x000002977e329800 JavaThread "OkHttp static.runelite.net" [_thread_in_native, id=15996, stack(0x0000009cc8700000,0x0000009cc8800000)]
  0x000002977de70800 JavaThread "OkHttp api.runelite.net" [_thread_in_native, id=7236, stack(0x0000009cc8900000,0x0000009cc8a00000)]
  0x000002977e22b800 JavaThread "AWT-Windows" daemon [_thread_in_native, id=12584, stack(0x0000009cc8800000,0x0000009cc8900000)]
  0x000002970f178000 JavaThread "Java2D Disposer" daemon [_thread_blocked, id=2180, stack(0x0000009cc8600000,0x0000009cc8700000)]
  0x000002977e377800 JavaThread "pool-3-thread-1" [_thread_blocked, id=11840, stack(0x0000009cc8500000,0x0000009cc8600000)]
  0x000002977d608800 JavaThread "Okio Watchdog" daemon [_thread_blocked, id=14956, stack(0x0000009cc8400000,0x0000009cc8500000)]
  0x000002977d0ec000 JavaThread "OkHttp ConnectionPool" daemon [_thread_blocked, id=14568, stack(0x0000009cc8300000,0x0000009cc8400000)]
  0x000002977dad8000 JavaThread "pool-2-thread-1" [_thread_blocked, id=6568, stack(0x0000009cc8100000,0x0000009cc8200000)]
  0x000002977cd97000 JavaThread "Service Thread" daemon [_thread_blocked, id=10332, stack(0x0000009cc7f00000,0x0000009cc8000000)]
  0x000002977cd84000 JavaThread "Monitor Ctrl-Break" daemon [_thread_in_native, id=5544, stack(0x0000009cc7e00000,0x0000009cc7f00000)]
  0x000002977ca9c800 JavaThread "Common-Cleaner" daemon [_thread_blocked, id=15196, stack(0x0000009cc7d00000,0x0000009cc7e00000)]
  0x000002977ca6d800 JavaThread "Sweeper thread" daemon [_thread_blocked, id=16344, stack(0x0000009cc7c00000,0x0000009cc7d00000)]
  0x000002977c94d000 JavaThread "C1 CompilerThread2" daemon [_thread_blocked, id=9800, stack(0x0000009cc7b00000,0x0000009cc7c00000)]
=>0x000002977c90d000 JavaThread "C2 CompilerThread1" daemon [_thread_in_native, id=10496, stack(0x0000009cc7a00000,0x0000009cc7b00000)]
  0x000002977c908800 JavaThread "C2 CompilerThread0" daemon [_thread_blocked, id=10248, stack(0x0000009cc7900000,0x0000009cc7a00000)]
  0x000002977c906800 JavaThread "Attach Listener" daemon [_thread_blocked, id=8068, stack(0x0000009cc7800000,0x0000009cc7900000)]
  0x000002977c905800 JavaThread "Signal Dispatcher" daemon [_thread_blocked, id=13408, stack(0x0000009cc7700000,0x0000009cc7800000)]
  0x000002977c8b6000 JavaThread "Finalizer" daemon [_thread_blocked, id=13644, stack(0x0000009cc7600000,0x0000009cc7700000)]
  0x000002977c8ab000 JavaThread "Reference Handler" daemon [_thread_blocked, id=3940, stack(0x0000009cc7500000,0x0000009cc7600000)]

Other Threads:
  0x000002977c8a7800 VMThread "VM Thread" [stack: 0x0000009cc7400000,0x0000009cc7500000] [id=5060]
  0x000002977ce09000 WatcherThread [stack: 0x0000009cc8000000,0x0000009cc8100000] [id=14984]
  0x0000029765b80800 GCTaskThread "GC Thread#0" [stack: 0x0000009cc6900000,0x0000009cc6a00000] [id=5676]
  0x0000029765b82000 GCTaskThread "GC Thread#1" [stack: 0x0000009cc6a00000,0x0000009cc6b00000] [id=3600]
  0x0000029765b83800 GCTaskThread "GC Thread#2" [stack: 0x0000009cc6b00000,0x0000009cc6c00000] [id=2368]
  0x0000029765b86000 GCTaskThread "GC Thread#3" [stack: 0x0000009cc6c00000,0x0000009cc6d00000] [id=12624]
  0x000002977995c800 ConcurrentGCThread "G1 Main Marker" [stack: 0x0000009cc7200000,0x0000009cc7300000] [id=15296]
  0x000002977995e000 ConcurrentGCThread "G1 Marker#0" [stack: 0x0000009cc7300000,0x0000009cc7400000] [id=1800]
  0x0000029765b8f800 ConcurrentGCThread "G1 Refine#0" [stack: 0x0000009cc7000000,0x0000009cc7100000] [id=4532]
  0x0000029765b8e800 ConcurrentGCThread "G1 Refine#1" [stack: 0x0000009cc6f00000,0x0000009cc7000000] [id=7664]
  0x0000029765b8c800 ConcurrentGCThread "G1 Refine#2" [stack: 0x0000009cc6e00000,0x0000009cc6f00000] [id=12364]
  0x0000029765b88800 ConcurrentGCThread "G1 Refine#3" [stack: 0x0000009cc6d00000,0x0000009cc6e00000] [id=8212]
  0x0000029765b92800 ConcurrentGCThread "G1 Young RemSet Sampling" [stack: 0x0000009cc7100000,0x0000009cc7200000] [id=15712]

Threads with active compile tasks:
C2 CompilerThread19103   !   4       java.awt.EventDispatchThread::pumpOneEventForFilters (218 bytes)

VM state:not at safepoint (normal execution)

VM Mutex/Monitor currently owned by a thread: None

Heap address: 0x0000000700000000, size: 3072 MB, Compressed Oops mode: Zero based, Oop shift amount: 3
Narrow klass base: 0x0000000000000000, Narrow klass shift: 3
Compressed class space size: 1073741824 Address: 0x00000007c0000000

Heap:
 garbage-first heap   total 388096K, used 253338K [0x0000000700000000, 0x0000000700100bd8, 0x00000007c0000000)
  region size 1024K, 164 young (167936K), 10 survivors (10240K)
 Metaspace       used 64861K, capacity 69948K, committed 70248K, reserved 1112064K
  class space    used 7131K, capacity 7979K, committed 8064K, reserved 1048576K
Heap Regions: E=young(eden), S=young(survivor), O=old, HS=humongous(starts), HC=humongous(continues), CS=collection set, F=free, A=archive, TS=gc time stamp, AC=allocation context, TAMS=top-at-mark-start (previous, next)
|   0|0x0000000700000000, 0x0000000700100000, 0x0000000700100000|100%| O|  |TS  0|AC  0|TAMS 0x0000000700100000, 0x0000000700100000|
|   1|0x0000000700100000, 0x0000000700200000, 0x0000000700200000|100%| O|  |TS  0|AC  0|TAMS 0x0000000700200000, 0x0000000700200000|
|   2|0x0000000700200000, 0x0000000700300000, 0x0000000700300000|100%| O|  |TS  0|AC  0|TAMS 0x0000000700300000, 0x0000000700300000|
|   3|0x0000000700300000, 0x0000000700400000, 0x0000000700400000|100%| O|  |TS  0|AC  0|TAMS 0x0000000700400000, 0x0000000700400000|
|   4|0x0000000700400000, 0x0000000700500000, 0x0000000700500000|100%|HS|  |TS  0|AC  0|TAMS 0x0000000700400000, 0x0000000700400000|
|   5|0x0000000700500000, 0x0000000700600000, 0x0000000700600000|100%|HS|  |TS  0|AC  0|TAMS 0x0000000700500000, 0x0000000700500000|
|   6|0x0000000700600000, 0x0000000700700000, 0x0000000700700000|100%|HS|  |TS  0|AC  0|TAMS 0x0000000700700000, 0x0000000700700000|
|   7|0x0000000700700000, 0x0000000700800000, 0x0000000700800000|100%|HC|  |TS  0|AC  0|TAMS 0x0000000700800000, 0x0000000700800000|
|   8|0x0000000700800000, 0x0000000700900000, 0x0000000700900000|100%|HS|  |TS  0|AC  0|TAMS 0x0000000700800000, 0x0000000700800000|
|   9|0x0000000700900000, 0x0000000700a00000, 0x0000000700a00000|100%| O|  |TS  0|AC  0|TAMS 0x0000000700a00000, 0x0000000700a00000|
|  10|0x0000000700a00000, 0x0000000700b00000, 0x0000000700b00000|100%|HS|  |TS  0|AC  0|TAMS 0x0000000700a00000, 0x0000000700a00000|
|  11|0x0000000700b00000, 0x0000000700c00000, 0x0000000700c00000|100%|HC|  |TS  0|AC  0|TAMS 0x0000000700b00000, 0x0000000700b00000|
|  12|0x0000000700c00000, 0x0000000700d00000, 0x0000000700d00000|100%|HC|  |TS  0|AC  0|TAMS 0x0000000700c00000, 0x0000000700c00000|
|  13|0x0000000700d00000, 0x0000000700e00000, 0x0000000700e00000|100%|HC|  |TS  0|AC  0|TAMS 0x0000000700d00000, 0x0000000700d00000|
|  14|0x0000000700e00000, 0x0000000700f00000, 0x0000000700f00000|100%|HC|  |TS  0|AC  0|TAMS 0x0000000700e00000, 0x0000000700e00000|
|  15|0x0000000700f00000, 0x0000000701000000, 0x0000000701000000|100%|HC|  |TS  0|AC  0|TAMS 0x0000000700f00000, 0x0000000700f00000|
|  16|0x0000000701000000, 0x0000000701100000, 0x0000000701100000|100%|HC|  |TS  0|AC  0|TAMS 0x0000000701000000, 0x0000000701000000|
|  17|0x0000000701100000, 0x0000000701200000, 0x0000000701200000|100%|HC|  |TS  0|AC  0|TAMS 0x0000000701100000, 0x0000000701100000|
|  18|0x0000000701200000, 0x0000000701300000, 0x0000000701300000|100%|HS|  |TS  0|AC  0|TAMS 0x0000000701300000, 0x0000000701300000|
|  19|0x0000000701300000, 0x0000000701400000, 0x0000000701400000|100%|HC|  |TS  0|AC  0|TAMS 0x0000000701400000, 0x0000000701400000|
|  20|0x0000000701400000, 0x0000000701500000, 0x0000000701500000|100%|HC|  |TS  0|AC  0|TAMS 0x0000000701500000, 0x0000000701500000|
|  21|0x0000000701500000, 0x0000000701600000, 0x0000000701600000|100%|HC|  |TS  0|AC  0|TAMS 0x0000000701600000, 0x0000000701600000|
|  22|0x0000000701600000, 0x0000000701700000, 0x0000000701700000|100%|HC|  |TS  0|AC  0|TAMS 0x0000000701700000, 0x0000000701700000|
|  23|0x0000000701700000, 0x0000000701800000, 0x0000000701800000|100%|HC|  |TS  0|AC  0|TAMS 0x0000000701800000, 0x0000000701800000|
|  24|0x0000000701800000, 0x0000000701900000, 0x0000000701900000|100%|HC|  |TS  0|AC  0|TAMS 0x0000000701900000, 0x0000000701900000|
|  25|0x0000000701900000, 0x0000000701a00000, 0x0000000701a00000|100%|HC|  |TS  0|AC  0|TAMS 0x0000000701a00000, 0x0000000701a00000|
|  26|0x0000000701a00000, 0x0000000701b00000, 0x0000000701b00000|100%| O|  |TS  0|AC  0|TAMS 0x0000000701b00000, 0x0000000701b00000|
|  27|0x0000000701b00000, 0x0000000701c00000, 0x0000000701c00000|100%| O|  |TS  0|AC  0|TAMS 0x0000000701c00000, 0x0000000701c00000|
|  28|0x0000000701c00000, 0x0000000701d00000, 0x0000000701d00000|100%| O|  |TS  0|AC  0|TAMS 0x0000000701d00000, 0x0000000701d00000|
|  29|0x0000000701d00000, 0x0000000701e00000, 0x0000000701e00000|100%| O|  |TS  0|AC  0|TAMS 0x0000000701e00000, 0x0000000701e00000|
|  30|0x0000000701e00000, 0x0000000701f00000, 0x0000000701f00000|100%| O|  |TS  0|AC  0|TAMS 0x0000000701f00000, 0x0000000701f00000|
|  31|0x0000000701f00000, 0x0000000702000000, 0x0000000702000000|100%| O|  |TS  0|AC  0|TAMS 0x0000000702000000, 0x0000000702000000|
|  32|0x0000000702000000, 0x0000000702100000, 0x0000000702100000|100%| O|  |TS  0|AC  0|TAMS 0x0000000702100000, 0x0000000702100000|
|  33|0x0000000702100000, 0x0000000702200000, 0x0000000702200000|100%| O|  |TS  0|AC  0|TAMS 0x0000000702200000, 0x0000000702200000|
|  34|0x0000000702200000, 0x0000000702300000, 0x0000000702300000|100%| O|  |TS  0|AC  0|TAMS 0x0000000702300000, 0x0000000702300000|
|  35|0x0000000702300000, 0x0000000702400000, 0x0000000702400000|100%| O|  |TS  0|AC  0|TAMS 0x0000000702400000, 0x0000000702400000|
|  36|0x0000000702400000, 0x0000000702500000, 0x0000000702500000|100%| O|  |TS  0|AC  0|TAMS 0x0000000702500000, 0x0000000702500000|
|  37|0x0000000702500000, 0x0000000702600000, 0x0000000702600000|100%| O|  |TS  0|AC  0|TAMS 0x0000000702600000, 0x0000000702600000|
|  38|0x0000000702600000, 0x0000000702700000, 0x0000000702700000|100%| O|  |TS  0|AC  0|TAMS 0x0000000702700000, 0x0000000702700000|
|  39|0x0000000702700000, 0x0000000702800000, 0x0000000702800000|100%| O|  |TS  0|AC  0|TAMS 0x0000000702800000, 0x0000000702800000|
|  40|0x0000000702800000, 0x0000000702900000, 0x0000000702900000|100%| O|  |TS  0|AC  0|TAMS 0x0000000702900000, 0x0000000702900000|
|  41|0x0000000702900000, 0x0000000702a00000, 0x0000000702a00000|100%|HS|  |TS  0|AC  0|TAMS 0x0000000702900000, 0x0000000702900000|
|  42|0x0000000702a00000, 0x0000000702b00000, 0x0000000702b00000|100%|HS|  |TS  0|AC  0|TAMS 0x0000000702a00000, 0x0000000702a00000|
|  43|0x0000000702b00000, 0x0000000702c00000, 0x0000000702c00000|100%| O|  |TS  0|AC  0|TAMS 0x0000000702c00000, 0x0000000702c00000|
|  44|0x0000000702c00000, 0x0000000702d00000, 0x0000000702d00000|100%| O|  |TS  0|AC  0|TAMS 0x0000000702d00000, 0x0000000702d00000|
|  45|0x0000000702d00000, 0x0000000702e00000, 0x0000000702e00000|100%| O|  |TS  0|AC  0|TAMS 0x0000000702e00000, 0x0000000702e00000|
|  46|0x0000000702e00000, 0x0000000702f00000, 0x0000000702f00000|100%| O|  |TS  0|AC  0|TAMS 0x0000000702f00000, 0x0000000702f00000|
|  47|0x0000000702f00000, 0x0000000703000000, 0x0000000703000000|100%| O|  |TS  0|AC  0|TAMS 0x0000000703000000, 0x0000000703000000|
|  48|0x0000000703000000, 0x0000000703100000, 0x0000000703100000|100%| O|  |TS  0|AC  0|TAMS 0x0000000703100000, 0x0000000703100000|
|  49|0x0000000703100000, 0x0000000703200000, 0x0000000703200000|100%| O|  |TS  0|AC  0|TAMS 0x0000000703200000, 0x0000000703200000|
|  50|0x0000000703200000, 0x0000000703300000, 0x0000000703300000|100%| O|  |TS  0|AC  0|TAMS 0x0000000703300000, 0x0000000703300000|
|  51|0x0000000703300000, 0x0000000703400000, 0x0000000703400000|100%| O|  |TS  0|AC  0|TAMS 0x0000000703400000, 0x0000000703400000|
|  52|0x0000000703400000, 0x0000000703500000, 0x0000000703500000|100%| O|  |TS  0|AC  0|TAMS 0x0000000703500000, 0x0000000703500000|
|  53|0x0000000703500000, 0x0000000703500000, 0x0000000703600000|  0%| F|  |TS  0|AC  0|TAMS 0x0000000703500000, 0x0000000703500000|
|  54|0x0000000703600000, 0x0000000703600000, 0x0000000703700000|  0%| F|  |TS  0|AC  0|TAMS 0x0000000703600000, 0x0000000703600000|
|  55|0x0000000703700000, 0x0000000703700000, 0x0000000703800000|  0%| F|  |TS  0|AC  0|TAMS 0x0000000703700000, 0x0000000703700000|
|  56|0x0000000703800000, 0x0000000703900000, 0x0000000703900000|100%| O|  |TS  0|AC  0|TAMS 0x0000000703900000, 0x0000000703900000|
|  57|0x0000000703900000, 0x0000000703a00000, 0x0000000703a00000|100%| O|  |TS  0|AC  0|TAMS 0x0000000703a00000, 0x0000000703a00000|
|  58|0x0000000703a00000, 0x0000000703b00000, 0x0000000703b00000|100%| O|  |TS  0|AC  0|TAMS 0x0000000703b00000, 0x0000000703b00000|
|  59|0x0000000703b00000, 0x0000000703c00000, 0x0000000703c00000|100%| O|  |TS  0|AC  0|TAMS 0x0000000703c00000, 0x0000000703c00000|
|  60|0x0000000703c00000, 0x0000000703d00000, 0x0000000703d00000|100%| O|  |TS  0|AC  0|TAMS 0x0000000703d00000, 0x0000000703d00000|
|  61|0x0000000703d00000, 0x0000000703e00000, 0x0000000703e00000|100%| O|  |TS  0|AC  0|TAMS 0x0000000703e00000, 0x0000000703e00000|
|  62|0x0000000703e00000, 0x0000000703f00000, 0x0000000703f00000|100%| O|  |TS  0|AC  0|TAMS 0x0000000703f00000, 0x0000000703f00000|
|  63|0x0000000703f00000, 0x0000000704000000, 0x0000000704000000|100%| O|  |TS  0|AC  0|TAMS 0x0000000704000000, 0x0000000704000000|
|  64|0x0000000704000000, 0x0000000704100000, 0x0000000704100000|100%| O|  |TS  0|AC  0|TAMS 0x0000000704100000, 0x0000000704100000|
|  65|0x0000000704100000, 0x0000000704200000, 0x0000000704200000|100%| O|  |TS  0|AC  0|TAMS 0x0000000704200000, 0x0000000704200000|
|  66|0x0000000704200000, 0x0000000704300000, 0x0000000704300000|100%| O|  |TS  0|AC  0|TAMS 0x0000000704300000, 0x0000000704300000|
|  67|0x0000000704300000, 0x0000000704400000, 0x0000000704400000|100%| O|  |TS  0|AC  0|TAMS 0x0000000704400000, 0x0000000704400000|
|  68|0x0000000704400000, 0x0000000704500000, 0x0000000704500000|100%| O|  |TS  0|AC  0|TAMS 0x0000000704500000, 0x0000000704500000|
|  69|0x0000000704500000, 0x0000000704600000, 0x0000000704600000|100%| O|  |TS  0|AC  0|TAMS 0x0000000704600000, 0x0000000704600000|
|  70|0x0000000704600000, 0x0000000704700000, 0x0000000704700000|100%| O|  |TS  0|AC  0|TAMS 0x0000000704700000, 0x0000000704700000|
|  71|0x0000000704700000, 0x0000000704766a00, 0x0000000704800000| 40%| O|  |TS  0|AC  0|TAMS 0x0000000704766a00, 0x0000000704766a00|
|  72|0x0000000704800000, 0x0000000704900000, 0x0000000704900000|100%|HS|  |TS  0|AC  0|TAMS 0x0000000704800000, 0x0000000704800000|
|  73|0x0000000704900000, 0x0000000704a00000, 0x0000000704a00000|100%|HC|  |TS  0|AC  0|TAMS 0x0000000704900000, 0x0000000704900000|
|  74|0x0000000704a00000, 0x0000000704b00000, 0x0000000704b00000|100%|HC|  |TS  0|AC  0|TAMS 0x0000000704a00000, 0x0000000704a00000|
|  75|0x0000000704b00000, 0x0000000704c00000, 0x0000000704c00000|100%|HC|  |TS  0|AC  0|TAMS 0x0000000704b00000, 0x0000000704b00000|
|  76|0x0000000704c00000, 0x0000000704d00000, 0x0000000704d00000|100%|HC|  |TS  0|AC  0|TAMS 0x0000000704c00000, 0x0000000704c00000|
|  77|0x0000000704d00000, 0x0000000704e00000, 0x0000000704e00000|100%|HC|  |TS  0|AC  0|TAMS 0x0000000704d00000, 0x0000000704d00000|
|  78|0x0000000704e00000, 0x0000000704f00000, 0x0000000704f00000|100%|HC|  |TS  0|AC  0|TAMS 0x0000000704e00000, 0x0000000704e00000|
|  79|0x0000000704f00000, 0x0000000705000000, 0x0000000705000000|100%|HC|  |TS  0|AC  0|TAMS 0x0000000704f00000, 0x0000000704f00000|
|  80|0x0000000705000000, 0x0000000705000000, 0x0000000705100000|  0%| F|  |TS  0|AC  0|TAMS 0x0000000705000000, 0x0000000705000000|
|  81|0x0000000705100000, 0x0000000705200000, 0x0000000705200000|100%|HS|  |TS  0|AC  0|TAMS 0x0000000705200000, 0x0000000705200000|
|  82|0x0000000705200000, 0x0000000705300000, 0x0000000705300000|100%|HS|  |TS  0|AC  0|TAMS 0x0000000705200000, 0x0000000705200000|
|  83|0x0000000705300000, 0x0000000705400000, 0x0000000705400000|100%|HC|  |TS  0|AC  0|TAMS 0x0000000705300000, 0x0000000705300000|
|  84|0x0000000705400000, 0x0000000705500000, 0x0000000705500000|100%|HC|  |TS  0|AC  0|TAMS 0x0000000705400000, 0x0000000705400000|
|  85|0x0000000705500000, 0x0000000705600000, 0x0000000705600000|100%|HC|  |TS  0|AC  0|TAMS 0x0000000705500000, 0x0000000705500000|
|  86|0x0000000705600000, 0x0000000705700000, 0x0000000705700000|100%|HC|  |TS  0|AC  0|TAMS 0x0000000705600000, 0x0000000705600000|
|  87|0x0000000705700000, 0x0000000705800000, 0x0000000705800000|100%|HC|  |TS  0|AC  0|TAMS 0x0000000705700000, 0x0000000705700000|
|  88|0x0000000705800000, 0x0000000705900000, 0x0000000705900000|100%|HC|  |TS  0|AC  0|TAMS 0x0000000705800000, 0x0000000705800000|
|  89|0x0000000705900000, 0x0000000705900000, 0x0000000705a00000|  0%| F|  |TS  0|AC  0|TAMS 0x0000000705900000, 0x0000000705900000|
|  90|0x0000000705a00000, 0x0000000705a00000, 0x0000000705b00000|  0%| F|  |TS  0|AC  0|TAMS 0x0000000705a00000, 0x0000000705a00000|
|  91|0x0000000705b00000, 0x0000000705b00000, 0x0000000705c00000|  0%| F|  |TS  0|AC  0|TAMS 0x0000000705b00000, 0x0000000705b00000|
|  92|0x0000000705c00000, 0x0000000705c00000, 0x0000000705d00000|  0%| F|  |TS  0|AC  0|TAMS 0x0000000705c00000, 0x0000000705c00000|
|  93|0x0000000705d00000, 0x0000000705d00000, 0x0000000705e00000|  0%| F|  |TS  0|AC  0|TAMS 0x0000000705d00000, 0x0000000705d00000|
|  94|0x0000000705e00000, 0x0000000705e00000, 0x0000000705f00000|  0%| F|  |TS  0|AC  0|TAMS 0x0000000705e00000, 0x0000000705e00000|
|  95|0x0000000705f00000, 0x0000000705f00000, 0x0000000706000000|  0%| F|  |TS  0|AC  0|TAMS 0x0000000705f00000, 0x0000000705f00000|
|  96|0x0000000706000000, 0x0000000706000000, 0x0000000706100000|  0%| F|  |TS  0|AC  0|TAMS 0x0000000706000000, 0x0000000706000000|
|  97|0x0000000706100000, 0x0000000706100000, 0x0000000706200000|  0%| F|  |TS  0|AC  0|TAMS 0x0000000706100000, 0x0000000706100000|
|  98|0x0000000706200000, 0x0000000706200000, 0x0000000706300000|  0%| F|  |TS  0|AC  0|TAMS 0x0000000706200000, 0x0000000706200000|
|  99|0x0000000706300000, 0x0000000706300000, 0x0000000706400000|  0%| F|  |TS  0|AC  0|TAMS 0x0000000706300000, 0x0000000706300000|
| 100|0x0000000706400000, 0x0000000706400000, 0x0000000706500000|  0%| F|  |TS  0|AC  0|TAMS 0x0000000706400000, 0x0000000706400000|
| 101|0x0000000706500000, 0x0000000706500000, 0x0000000706600000|  0%| F|  |TS  0|AC  0|TAMS 0x0000000706500000, 0x0000000706500000|
| 102|0x0000000706600000, 0x0000000706600000, 0x0000000706700000|  0%| F|  |TS  0|AC  0|TAMS 0x0000000706600000, 0x0000000706600000|
| 103|0x0000000706700000, 0x0000000706700000, 0x0000000706800000|  0%| F|  |TS  0|AC  0|TAMS 0x0000000706700000, 0x0000000706700000|
| 104|0x0000000706800000, 0x0000000706800000, 0x0000000706900000|  0%| F|  |TS  0|AC  0|TAMS 0x0000000706800000, 0x0000000706800000|
| 105|0x0000000706900000, 0x0000000706900000, 0x0000000706a00000|  0%| F|  |TS  0|AC  0|TAMS 0x0000000706900000, 0x0000000706900000|
| 106|0x0000000706a00000, 0x0000000706a00000, 0x0000000706b00000|  0%| F|  |TS  0|AC  0|TAMS 0x0000000706a00000, 0x0000000706a00000|
| 107|0x0000000706b00000, 0x0000000706b00000, 0x0000000706c00000|  0%| F|  |TS  0|AC  0|TAMS 0x0000000706b00000, 0x0000000706b00000|
| 108|0x0000000706c00000, 0x0000000706c00000, 0x0000000706d00000|  0%| F|  |TS  0|AC  0|TAMS 0x0000000706c00000, 0x0000000706c00000|
| 109|0x0000000706d00000, 0x0000000706d00000, 0x0000000706e00000|  0%| F|  |TS  0|AC  0|TAMS 0x0000000706d00000, 0x0000000706d00000|
| 110|0x0000000706e00000, 0x0000000706e00000, 0x0000000706f00000|  0%| F|  |TS  0|AC  0|TAMS 0x0000000706e00000, 0x0000000706e00000|
| 111|0x0000000706f00000, 0x0000000706f00000, 0x0000000707000000|  0%| F|  |TS  0|AC  0|TAMS 0x0000000706f00000, 0x0000000706f00000|
| 112|0x0000000707000000, 0x0000000707000000, 0x0000000707100000|  0%| F|  |TS  0|AC  0|TAMS 0x0000000707000000, 0x0000000707000000|
| 113|0x0000000707100000, 0x0000000707100000, 0x0000000707200000|  0%| F|  |TS  0|AC  0|TAMS 0x0000000707100000, 0x0000000707100000|
| 114|0x0000000707200000, 0x0000000707200000, 0x0000000707300000|  0%| F|  |TS  0|AC  0|TAMS 0x0000000707200000, 0x0000000707200000|
| 115|0x0000000707300000, 0x0000000707300000, 0x0000000707400000|  0%| F|  |TS  0|AC  0|TAMS 0x0000000707300000, 0x0000000707300000|
| 116|0x0000000707400000, 0x0000000707400000, 0x0000000707500000|  0%| F|  |TS  0|AC  0|TAMS 0x0000000707400000, 0x0000000707400000|
| 117|0x0000000707500000, 0x0000000707500000, 0x0000000707600000|  0%| F|  |TS  0|AC  0|TAMS 0x0000000707500000, 0x0000000707500000|
| 118|0x0000000707600000, 0x0000000707600000, 0x0000000707700000|  0%| F|  |TS  0|AC  0|TAMS 0x0000000707600000, 0x0000000707600000|
| 119|0x0000000707700000, 0x0000000707700000, 0x0000000707800000|  0%| F|  |TS  0|AC  0|TAMS 0x0000000707700000, 0x0000000707700000|
| 120|0x0000000707800000, 0x0000000707800000, 0x0000000707900000|  0%| F|  |TS  0|AC  0|TAMS 0x0000000707800000, 0x0000000707800000|
| 121|0x0000000707900000, 0x0000000707900000, 0x0000000707a00000|  0%| F|  |TS  0|AC  0|TAMS 0x0000000707900000, 0x0000000707900000|
| 122|0x0000000707a00000, 0x0000000707a00000, 0x0000000707b00000|  0%| F|  |TS  0|AC  0|TAMS 0x0000000707a00000, 0x0000000707a00000|
| 123|0x0000000707b00000, 0x0000000707b00000, 0x0000000707c00000|  0%| F|  |TS  0|AC  0|TAMS 0x0000000707b00000, 0x0000000707b00000|
| 124|0x0000000707c00000, 0x0000000707c00000, 0x0000000707d00000|  0%| F|  |TS  0|AC  0|TAMS 0x0000000707c00000, 0x0000000707c00000|
| 125|0x0000000707d00000, 0x0000000707d00000, 0x0000000707e00000|  0%| F|  |TS  0|AC  0|TAMS 0x0000000707d00000, 0x0000000707d00000|
| 126|0x0000000707e00000, 0x0000000707e00000, 0x0000000707f00000|  0%| F|  |TS  0|AC  0|TAMS 0x0000000707e00000, 0x0000000707e00000|
| 127|0x0000000707f00000, 0x0000000707f00000, 0x0000000708000000|  0%| F|  |TS  0|AC  0|TAMS 0x0000000707f00000, 0x0000000707f00000|
| 128|0x0000000708000000, 0x0000000708000000, 0x0000000708100000|  0%| F|  |TS  0|AC  0|TAMS 0x0000000708000000, 0x0000000708000000|
| 129|0x0000000708100000, 0x0000000708100000, 0x0000000708200000|  0%| F|  |TS  0|AC  0|TAMS 0x0000000708100000, 0x0000000708100000|
| 130|0x0000000708200000, 0x0000000708200000, 0x0000000708300000|  0%| F|  |TS  0|AC  0|TAMS 0x0000000708200000, 0x0000000708200000|
| 131|0x0000000708300000, 0x0000000708300000, 0x0000000708400000|  0%| F|  |TS  0|AC  0|TAMS 0x0000000708300000, 0x0000000708300000|
| 132|0x0000000708400000, 0x0000000708400000, 0x0000000708500000|  0%| F|  |TS  0|AC  0|TAMS 0x0000000708400000, 0x0000000708400000|
| 133|0x0000000708500000, 0x0000000708500000, 0x0000000708600000|  0%| F|  |TS  0|AC  0|TAMS 0x0000000708500000, 0x0000000708500000|
| 134|0x0000000708600000, 0x0000000708600000, 0x0000000708700000|  0%| F|  |TS  0|AC  0|TAMS 0x0000000708600000, 0x0000000708600000|
| 135|0x0000000708700000, 0x0000000708700000, 0x0000000708800000|  0%| F|  |TS  0|AC  0|TAMS 0x0000000708700000, 0x0000000708700000|
| 136|0x0000000708800000, 0x0000000708800000, 0x0000000708900000|  0%| F|  |TS  0|AC  0|TAMS 0x0000000708800000, 0x0000000708800000|
| 137|0x0000000708900000, 0x0000000708900000, 0x0000000708a00000|  0%| F|  |TS  0|AC  0|TAMS 0x0000000708900000, 0x0000000708900000|
| 138|0x0000000708a00000, 0x0000000708a00000, 0x0000000708b00000|  0%| F|  |TS  0|AC  0|TAMS 0x0000000708a00000, 0x0000000708a00000|
| 139|0x0000000708b00000, 0x0000000708b00000, 0x0000000708c00000|  0%| F|  |TS  0|AC  0|TAMS 0x0000000708b00000, 0x0000000708b00000|
| 140|0x0000000708c00000, 0x0000000708c00000, 0x0000000708d00000|  0%| F|  |TS  0|AC  0|TAMS 0x0000000708c00000, 0x0000000708c00000|
| 141|0x0000000708d00000, 0x0000000708d00000, 0x0000000708e00000|  0%| F|  |TS  0|AC  0|TAMS 0x0000000708d00000, 0x0000000708d00000|
| 142|0x0000000708e00000, 0x0000000708e00000, 0x0000000708f00000|  0%| F|  |TS  0|AC  0|TAMS 0x0000000708e00000, 0x0000000708e00000|
| 143|0x0000000708f00000, 0x0000000708f00000, 0x0000000709000000|  0%| F|  |TS  0|AC  0|TAMS 0x0000000708f00000, 0x0000000708f00000|
| 144|0x0000000709000000, 0x0000000709000000, 0x0000000709100000|  0%| F|  |TS  0|AC  0|TAMS 0x0000000709000000, 0x0000000709000000|
| 145|0x0000000709100000, 0x0000000709100000, 0x0000000709200000|  0%| F|  |TS  0|AC  0|TAMS 0x0000000709100000, 0x0000000709100000|
| 146|0x0000000709200000, 0x0000000709200000, 0x0000000709300000|  0%| F|  |TS  0|AC  0|TAMS 0x0000000709200000, 0x0000000709200000|
| 147|0x0000000709300000, 0x0000000709300000, 0x0000000709400000|  0%| F|  |TS  0|AC  0|TAMS 0x0000000709300000, 0x0000000709300000|
| 148|0x0000000709400000, 0x0000000709400000, 0x0000000709500000|  0%| F|  |TS  0|AC  0|TAMS 0x0000000709400000, 0x0000000709400000|
| 149|0x0000000709500000, 0x0000000709500000, 0x0000000709600000|  0%| F|  |TS  0|AC  0|TAMS 0x0000000709500000, 0x0000000709500000|
| 150|0x0000000709600000, 0x0000000709600000, 0x0000000709700000|  0%| F|  |TS  0|AC  0|TAMS 0x0000000709600000, 0x0000000709600000|
| 151|0x0000000709700000, 0x0000000709700000, 0x0000000709800000|  0%| F|  |TS  0|AC  0|TAMS 0x0000000709700000, 0x0000000709700000|
| 152|0x0000000709800000, 0x0000000709800000, 0x0000000709900000|  0%| F|  |TS  0|AC  0|TAMS 0x0000000709800000, 0x0000000709800000|
| 153|0x0000000709900000, 0x0000000709900000, 0x0000000709a00000|  0%| F|  |TS  0|AC  0|TAMS 0x0000000709900000, 0x0000000709900000|
| 154|0x0000000709a00000, 0x0000000709a00000, 0x0000000709b00000|  0%| F|  |TS  0|AC  0|TAMS 0x0000000709a00000, 0x0000000709a00000|
| 155|0x0000000709b00000, 0x0000000709b00000, 0x0000000709c00000|  0%| F|  |TS  0|AC  0|TAMS 0x0000000709b00000, 0x0000000709b00000|
| 156|0x0000000709c00000, 0x0000000709c00000, 0x0000000709d00000|  0%| F|  |TS  0|AC  0|TAMS 0x0000000709c00000, 0x0000000709c00000|
| 157|0x0000000709d00000, 0x0000000709d00000, 0x0000000709e00000|  0%| F|  |TS  0|AC  0|TAMS 0x0000000709d00000, 0x0000000709d00000|
| 158|0x0000000709e00000, 0x0000000709e00000, 0x0000000709f00000|  0%| F|  |TS  0|AC  0|TAMS 0x0000000709e00000, 0x0000000709e00000|
| 159|0x0000000709f00000, 0x0000000709f00000, 0x000000070a000000|  0%| F|  |TS  0|AC  0|TAMS 0x0000000709f00000, 0x0000000709f00000|
| 160|0x000000070a000000, 0x000000070a000000, 0x000000070a100000|  0%| F|  |TS  0|AC  0|TAMS 0x000000070a000000, 0x000000070a000000|
| 161|0x000000070a100000, 0x000000070a100000, 0x000000070a200000|  0%| F|  |TS  0|AC  0|TAMS 0x000000070a100000, 0x000000070a100000|
| 162|0x000000070a200000, 0x000000070a200000, 0x000000070a300000|  0%| F|  |TS  0|AC  0|TAMS 0x000000070a200000, 0x000000070a200000|
| 163|0x000000070a300000, 0x000000070a300000, 0x000000070a400000|  0%| F|  |TS  0|AC  0|TAMS 0x000000070a300000, 0x000000070a300000|
| 164|0x000000070a400000, 0x000000070a400000, 0x000000070a500000|  0%| F|  |TS  0|AC  0|TAMS 0x000000070a400000, 0x000000070a400000|
| 165|0x000000070a500000, 0x000000070a500000, 0x000000070a600000|  0%| F|  |TS  0|AC  0|TAMS 0x000000070a500000, 0x000000070a500000|
| 166|0x000000070a600000, 0x000000070a600000, 0x000000070a700000|  0%| F|  |TS  0|AC  0|TAMS 0x000000070a600000, 0x000000070a600000|
| 167|0x000000070a700000, 0x000000070a700000, 0x000000070a800000|  0%| F|  |TS  0|AC  0|TAMS 0x000000070a700000, 0x000000070a700000|
| 168|0x000000070a800000, 0x000000070a800000, 0x000000070a900000|  0%| F|  |TS  0|AC  0|TAMS 0x000000070a800000, 0x000000070a800000|
| 169|0x000000070a900000, 0x000000070a900000, 0x000000070aa00000|  0%| F|  |TS  0|AC  0|TAMS 0x000000070a900000, 0x000000070a900000|
| 170|0x000000070aa00000, 0x000000070aa00000, 0x000000070ab00000|  0%| F|  |TS  0|AC  0|TAMS 0x000000070aa00000, 0x000000070aa00000|
| 171|0x000000070ab00000, 0x000000070ab00000, 0x000000070ac00000|  0%| F|  |TS  0|AC  0|TAMS 0x000000070ab00000, 0x000000070ab00000|
| 172|0x000000070ac00000, 0x000000070ac00000, 0x000000070ad00000|  0%| F|  |TS  0|AC  0|TAMS 0x000000070ac00000, 0x000000070ac00000|
| 173|0x000000070ad00000, 0x000000070ad00000, 0x000000070ae00000|  0%| F|  |TS  0|AC  0|TAMS 0x000000070ad00000, 0x000000070ad00000|
| 174|0x000000070ae00000, 0x000000070ae00000, 0x000000070af00000|  0%| F|  |TS  0|AC  0|TAMS 0x000000070ae00000, 0x000000070ae00000|
| 175|0x000000070af00000, 0x000000070af00000, 0x000000070b000000|  0%| F|  |TS  0|AC  0|TAMS 0x000000070af00000, 0x000000070af00000|
| 176|0x000000070b000000, 0x000000070b000000, 0x000000070b100000|  0%| F|  |TS  0|AC  0|TAMS 0x000000070b000000, 0x000000070b000000|
| 177|0x000000070b100000, 0x000000070b100000, 0x000000070b200000|  0%| F|  |TS  0|AC  0|TAMS 0x000000070b100000, 0x000000070b100000|
| 178|0x000000070b200000, 0x000000070b200000, 0x000000070b300000|  0%| F|  |TS  0|AC  0|TAMS 0x000000070b200000, 0x000000070b200000|
| 179|0x000000070b300000, 0x000000070b300000, 0x000000070b400000|  0%| F|  |TS  0|AC  0|TAMS 0x000000070b300000, 0x000000070b300000|
| 180|0x000000070b400000, 0x000000070b400000, 0x000000070b500000|  0%| F|  |TS  0|AC  0|TAMS 0x000000070b400000, 0x000000070b400000|
| 181|0x000000070b500000, 0x000000070b500000, 0x000000070b600000|  0%| F|  |TS  0|AC  0|TAMS 0x000000070b500000, 0x000000070b500000|
| 182|0x000000070b600000, 0x000000070b600000, 0x000000070b700000|  0%| F|  |TS  0|AC  0|TAMS 0x000000070b600000, 0x000000070b600000|
| 183|0x000000070b700000, 0x000000070b700000, 0x000000070b800000|  0%| F|  |TS  0|AC  0|TAMS 0x000000070b700000, 0x000000070b700000|
| 184|0x000000070b800000, 0x000000070b800000, 0x000000070b900000|  0%| F|  |TS  0|AC  0|TAMS 0x000000070b800000, 0x000000070b800000|
| 185|0x000000070b900000, 0x000000070b900000, 0x000000070ba00000|  0%| F|  |TS  0|AC  0|TAMS 0x000000070b900000, 0x000000070b900000|
| 186|0x000000070ba00000, 0x000000070ba00000, 0x000000070bb00000|  0%| F|  |TS  0|AC  0|TAMS 0x000000070ba00000, 0x000000070ba00000|
| 187|0x000000070bb00000, 0x000000070bb00000, 0x000000070bc00000|  0%| F|  |TS  0|AC  0|TAMS 0x000000070bb00000, 0x000000070bb00000|
| 188|0x000000070bc00000, 0x000000070bc00000, 0x000000070bd00000|  0%| F|  |TS  0|AC  0|TAMS 0x000000070bc00000, 0x000000070bc00000|
| 189|0x000000070bd00000, 0x000000070bd00000, 0x000000070be00000|  0%| F|  |TS  0|AC  0|TAMS 0x000000070bd00000, 0x000000070bd00000|
| 190|0x000000070be00000, 0x000000070be00000, 0x000000070bf00000|  0%| F|  |TS  0|AC  0|TAMS 0x000000070be00000, 0x000000070be00000|
| 191|0x000000070bf00000, 0x000000070bf00000, 0x000000070c000000|  0%| F|  |TS  0|AC  0|TAMS 0x000000070bf00000, 0x000000070bf00000|
| 192|0x000000070c000000, 0x000000070c000000, 0x000000070c100000|  0%| F|  |TS  0|AC  0|TAMS 0x000000070c000000, 0x000000070c000000|
| 193|0x000000070c100000, 0x000000070c100000, 0x000000070c200000|  0%| F|  |TS  0|AC  0|TAMS 0x000000070c100000, 0x000000070c100000|
| 194|0x000000070c200000, 0x000000070c200000, 0x000000070c300000|  0%| F|  |TS  0|AC  0|TAMS 0x000000070c200000, 0x000000070c200000|
| 195|0x000000070c300000, 0x000000070c300000, 0x000000070c400000|  0%| F|  |TS  0|AC  0|TAMS 0x000000070c300000, 0x000000070c300000|
| 196|0x000000070c400000, 0x000000070c400000, 0x000000070c500000|  0%| F|  |TS  0|AC  0|TAMS 0x000000070c400000, 0x000000070c400000|
| 197|0x000000070c500000, 0x000000070c500000, 0x000000070c600000|  0%| F|  |TS  0|AC  0|TAMS 0x000000070c500000, 0x000000070c500000|
| 198|0x000000070c600000, 0x000000070c600000, 0x000000070c700000|  0%| F|  |TS  0|AC  0|TAMS 0x000000070c600000, 0x000000070c600000|
| 199|0x000000070c700000, 0x000000070c700000, 0x000000070c800000|  0%| F|  |TS  0|AC  0|TAMS 0x000000070c700000, 0x000000070c700000|
| 200|0x000000070c800000, 0x000000070c800000, 0x000000070c900000|  0%| F|  |TS  0|AC  0|TAMS 0x000000070c800000, 0x000000070c800000|
| 201|0x000000070c900000, 0x000000070c900000, 0x000000070ca00000|  0%| F|  |TS  0|AC  0|TAMS 0x000000070c900000, 0x000000070c900000|
| 202|0x000000070ca00000, 0x000000070ca00000, 0x000000070cb00000|  0%| F|  |TS  0|AC  0|TAMS 0x000000070ca00000, 0x000000070ca00000|
| 203|0x000000070cb00000, 0x000000070cb00000, 0x000000070cc00000|  0%| F|  |TS  0|AC  0|TAMS 0x000000070cb00000, 0x000000070cb00000|
| 204|0x000000070cc00000, 0x000000070cc00000, 0x000000070cd00000|  0%| F|  |TS  0|AC  0|TAMS 0x000000070cc00000, 0x000000070cc00000|
| 205|0x000000070cd00000, 0x000000070cd00000, 0x000000070ce00000|  0%| F|  |TS  0|AC  0|TAMS 0x000000070cd00000, 0x000000070cd00000|
| 206|0x000000070ce00000, 0x000000070ce00000, 0x000000070cf00000|  0%| F|  |TS  0|AC  0|TAMS 0x000000070ce00000, 0x000000070ce00000|
| 207|0x000000070cf00000, 0x000000070cf00000, 0x000000070d000000|  0%| F|  |TS  0|AC  0|TAMS 0x000000070cf00000, 0x000000070cf00000|
| 208|0x000000070d000000, 0x000000070d000000, 0x000000070d100000|  0%| F|  |TS  0|AC  0|TAMS 0x000000070d000000, 0x000000070d000000|
| 209|0x000000070d100000, 0x000000070d100000, 0x000000070d200000|  0%| F|  |TS  0|AC  0|TAMS 0x000000070d100000, 0x000000070d100000|
| 210|0x000000070d200000, 0x000000070d200000, 0x000000070d300000|  0%| F|  |TS  0|AC  0|TAMS 0x000000070d200000, 0x000000070d200000|
| 211|0x000000070d300000, 0x000000070d300000, 0x000000070d400000|  0%| F|  |TS  0|AC  0|TAMS 0x000000070d300000, 0x000000070d300000|
| 212|0x000000070d400000, 0x000000070d400000, 0x000000070d500000|  0%| F|  |TS  0|AC  0|TAMS 0x000000070d400000, 0x000000070d400000|
| 213|0x000000070d500000, 0x000000070d500000, 0x000000070d600000|  0%| F|  |TS  0|AC  0|TAMS 0x000000070d500000, 0x000000070d500000|
| 214|0x000000070d600000, 0x000000070d600000, 0x000000070d700000|  0%| F|  |TS  0|AC  0|TAMS 0x000000070d600000, 0x000000070d600000|
| 215|0x000000070d700000, 0x000000070d7d4ff0, 0x000000070d800000| 83%| E|  |TS  0|AC  0|TAMS 0x000000070d700000, 0x000000070d700000|
| 216|0x000000070d800000, 0x000000070d900000, 0x000000070d900000|100%| E|CS|TS  0|AC  0|TAMS 0x000000070d800000, 0x000000070d800000|
| 217|0x000000070d900000, 0x000000070da00000, 0x000000070da00000|100%| E|CS|TS  0|AC  0|TAMS 0x000000070d900000, 0x000000070d900000|
| 218|0x000000070da00000, 0x000000070db00000, 0x000000070db00000|100%| E|CS|TS  0|AC  0|TAMS 0x000000070da00000, 0x000000070da00000|
| 219|0x000000070db00000, 0x000000070dc00000, 0x000000070dc00000|100%| E|CS|TS  0|AC  0|TAMS 0x000000070db00000, 0x000000070db00000|
| 220|0x000000070dc00000, 0x000000070dd00000, 0x000000070dd00000|100%| E|CS|TS  0|AC  0|TAMS 0x000000070dc00000, 0x000000070dc00000|
| 221|0x000000070dd00000, 0x000000070de00000, 0x000000070de00000|100%| E|CS|TS  0|AC  0|TAMS 0x000000070dd00000, 0x000000070dd00000|
| 222|0x000000070de00000, 0x000000070df00000, 0x000000070df00000|100%| E|CS|TS  0|AC  0|TAMS 0x000000070de00000, 0x000000070de00000|
| 223|0x000000070df00000, 0x000000070e000000, 0x000000070e000000|100%| E|CS|TS  0|AC  0|TAMS 0x000000070df00000, 0x000000070df00000|
| 224|0x000000070e000000, 0x000000070e100000, 0x000000070e100000|100%| E|CS|TS  0|AC  0|TAMS 0x000000070e000000, 0x000000070e000000|
| 225|0x000000070e100000, 0x000000070e200000, 0x000000070e200000|100%| E|CS|TS  0|AC  0|TAMS 0x000000070e100000, 0x000000070e100000|
| 226|0x000000070e200000, 0x000000070e300000, 0x000000070e300000|100%| E|CS|TS  0|AC  0|TAMS 0x000000070e200000, 0x000000070e200000|
| 227|0x000000070e300000, 0x000000070e400000, 0x000000070e400000|100%| E|CS|TS  0|AC  0|TAMS 0x000000070e300000, 0x000000070e300000|
| 228|0x000000070e400000, 0x000000070e500000, 0x000000070e500000|100%| E|CS|TS  0|AC  0|TAMS 0x000000070e400000, 0x000000070e400000|
| 229|0x000000070e500000, 0x000000070e600000, 0x000000070e600000|100%| E|CS|TS  0|AC  0|TAMS 0x000000070e500000, 0x000000070e500000|
| 230|0x000000070e600000, 0x000000070e700000, 0x000000070e700000|100%| E|CS|TS  0|AC  0|TAMS 0x000000070e600000, 0x000000070e600000|
| 231|0x000000070e700000, 0x000000070e800000, 0x000000070e800000|100%| E|CS|TS  0|AC  0|TAMS 0x000000070e700000, 0x000000070e700000|
| 232|0x000000070e800000, 0x000000070e900000, 0x000000070e900000|100%| E|CS|TS  0|AC  0|TAMS 0x000000070e800000, 0x000000070e800000|
| 233|0x000000070e900000, 0x000000070ea00000, 0x000000070ea00000|100%| E|CS|TS  0|AC  0|TAMS 0x000000070e900000, 0x000000070e900000|
| 234|0x000000070ea00000, 0x000000070eb00000, 0x000000070eb00000|100%| E|CS|TS  0|AC  0|TAMS 0x000000070ea00000, 0x000000070ea00000|
| 235|0x000000070eb00000, 0x000000070ec00000, 0x000000070ec00000|100%| E|CS|TS  0|AC  0|TAMS 0x000000070eb00000, 0x000000070eb00000|
| 236|0x000000070ec00000, 0x000000070ed00000, 0x000000070ed00000|100%| E|CS|TS  0|AC  0|TAMS 0x000000070ec00000, 0x000000070ec00000|
| 237|0x000000070ed00000, 0x000000070ee00000, 0x000000070ee00000|100%| E|CS|TS  0|AC  0|TAMS 0x000000070ed00000, 0x000000070ed00000|
| 238|0x000000070ee00000, 0x000000070ef00000, 0x000000070ef00000|100%| E|CS|TS  0|AC  0|TAMS 0x000000070ee00000, 0x000000070ee00000|
| 239|0x000000070ef00000, 0x000000070f000000, 0x000000070f000000|100%| E|CS|TS  0|AC  0|TAMS 0x000000070ef00000, 0x000000070ef00000|
| 240|0x000000070f000000, 0x000000070f100000, 0x000000070f100000|100%| E|CS|TS  0|AC  0|TAMS 0x000000070f000000, 0x000000070f000000|
| 241|0x000000070f100000, 0x000000070f200000, 0x000000070f200000|100%| E|CS|TS  0|AC  0|TAMS 0x000000070f100000, 0x000000070f100000|
| 242|0x000000070f200000, 0x000000070f300000, 0x000000070f300000|100%| E|CS|TS  0|AC  0|TAMS 0x000000070f200000, 0x000000070f200000|
| 243|0x000000070f300000, 0x000000070f400000, 0x000000070f400000|100%| E|CS|TS  0|AC  0|TAMS 0x000000070f300000, 0x000000070f300000|
| 244|0x000000070f400000, 0x000000070f500000, 0x000000070f500000|100%| E|CS|TS  0|AC  0|TAMS 0x000000070f400000, 0x000000070f400000|
| 245|0x000000070f500000, 0x000000070f600000, 0x000000070f600000|100%| E|CS|TS  0|AC  0|TAMS 0x000000070f500000, 0x000000070f500000|
| 246|0x000000070f600000, 0x000000070f700000, 0x000000070f700000|100%| E|CS|TS  0|AC  0|TAMS 0x000000070f600000, 0x000000070f600000|
| 247|0x000000070f700000, 0x000000070f800000, 0x000000070f800000|100%| E|CS|TS  0|AC  0|TAMS 0x000000070f700000, 0x000000070f700000|
| 248|0x000000070f800000, 0x000000070f900000, 0x000000070f900000|100%| E|CS|TS  0|AC  0|TAMS 0x000000070f800000, 0x000000070f800000|
| 249|0x000000070f900000, 0x000000070fa00000, 0x000000070fa00000|100%| E|CS|TS  0|AC  0|TAMS 0x000000070f900000, 0x000000070f900000|
| 250|0x000000070fa00000, 0x000000070fb00000, 0x000000070fb00000|100%| E|CS|TS  0|AC  0|TAMS 0x000000070fa00000, 0x000000070fa00000|
| 251|0x000000070fb00000, 0x000000070fc00000, 0x000000070fc00000|100%| E|CS|TS  0|AC  0|TAMS 0x000000070fb00000, 0x000000070fb00000|
| 252|0x000000070fc00000, 0x000000070fd00000, 0x000000070fd00000|100%| E|CS|TS  0|AC  0|TAMS 0x000000070fc00000, 0x000000070fc00000|
| 253|0x000000070fd00000, 0x000000070fe00000, 0x000000070fe00000|100%| E|CS|TS  0|AC  0|TAMS 0x000000070fd00000, 0x000000070fd00000|
| 254|0x000000070fe00000, 0x000000070ff00000, 0x000000070ff00000|100%| E|CS|TS  0|AC  0|TAMS 0x000000070fe00000, 0x000000070fe00000|
| 255|0x000000070ff00000, 0x0000000710000000, 0x0000000710000000|100%| E|CS|TS  0|AC  0|TAMS 0x000000070ff00000, 0x000000070ff00000|
| 256|0x0000000710000000, 0x0000000710100000, 0x0000000710100000|100%| E|CS|TS  0|AC  0|TAMS 0x0000000710000000, 0x0000000710000000|
| 257|0x0000000710100000, 0x0000000710200000, 0x0000000710200000|100%| E|CS|TS  0|AC  0|TAMS 0x0000000710100000, 0x0000000710100000|
| 258|0x0000000710200000, 0x0000000710300000, 0x0000000710300000|100%| E|CS|TS  0|AC  0|TAMS 0x0000000710200000, 0x0000000710200000|
| 259|0x0000000710300000, 0x0000000710400000, 0x0000000710400000|100%| E|CS|TS  0|AC  0|TAMS 0x0000000710300000, 0x0000000710300000|
| 260|0x0000000710400000, 0x0000000710500000, 0x0000000710500000|100%| E|CS|TS  0|AC  0|TAMS 0x0000000710400000, 0x0000000710400000|
| 261|0x0000000710500000, 0x0000000710600000, 0x0000000710600000|100%| E|CS|TS  0|AC  0|TAMS 0x0000000710500000, 0x0000000710500000|
| 262|0x0000000710600000, 0x0000000710700000, 0x0000000710700000|100%| E|CS|TS  0|AC  0|TAMS 0x0000000710600000, 0x0000000710600000|
| 263|0x0000000710700000, 0x0000000710800000, 0x0000000710800000|100%| E|CS|TS  0|AC  0|TAMS 0x0000000710700000, 0x0000000710700000|
| 264|0x0000000710800000, 0x0000000710900000, 0x0000000710900000|100%| S|CS|TS  0|AC  0|TAMS 0x0000000710800000, 0x0000000710800000|
| 265|0x0000000710900000, 0x0000000710a00000, 0x0000000710a00000|100%| S|CS|TS  0|AC  0|TAMS 0x0000000710900000, 0x0000000710900000|
| 266|0x0000000710a00000, 0x0000000710b00000, 0x0000000710b00000|100%| S|CS|TS  0|AC  0|TAMS 0x0000000710a00000, 0x0000000710a00000|
| 267|0x0000000710b00000, 0x0000000710c00000, 0x0000000710c00000|100%| S|CS|TS  0|AC  0|TAMS 0x0000000710b00000, 0x0000000710b00000|
| 268|0x0000000710c00000, 0x0000000710d00000, 0x0000000710d00000|100%| S|CS|TS  0|AC  0|TAMS 0x0000000710c00000, 0x0000000710c00000|
| 269|0x0000000710d00000, 0x0000000710e00000, 0x0000000710e00000|100%| S|CS|TS  0|AC  0|TAMS 0x0000000710d00000, 0x0000000710d00000|
| 270|0x0000000710e00000, 0x0000000710f00000, 0x0000000710f00000|100%| S|CS|TS  0|AC  0|TAMS 0x0000000710e00000, 0x0000000710e00000|
| 271|0x0000000710f00000, 0x0000000711000000, 0x0000000711000000|100%| S|CS|TS  0|AC  0|TAMS 0x0000000710f00000, 0x0000000710f00000|
| 272|0x0000000711000000, 0x0000000711100000, 0x0000000711100000|100%| S|CS|TS  0|AC  0|TAMS 0x0000000711000000, 0x0000000711000000|
| 273|0x0000000711100000, 0x0000000711200000, 0x0000000711200000|100%| S|CS|TS  0|AC  0|TAMS 0x0000000711100000, 0x0000000711100000|
| 274|0x0000000711200000, 0x0000000711300000, 0x0000000711300000|100%| E|CS|TS  0|AC  0|TAMS 0x0000000711200000, 0x0000000711200000|
| 275|0x0000000711300000, 0x0000000711400000, 0x0000000711400000|100%| E|CS|TS  0|AC  0|TAMS 0x0000000711300000, 0x0000000711300000|
| 276|0x0000000711400000, 0x0000000711500000, 0x0000000711500000|100%| E|CS|TS  0|AC  0|TAMS 0x0000000711400000, 0x0000000711400000|
| 277|0x0000000711500000, 0x0000000711600000, 0x0000000711600000|100%| E|CS|TS  0|AC  0|TAMS 0x0000000711500000, 0x0000000711500000|
| 278|0x0000000711600000, 0x0000000711700000, 0x0000000711700000|100%| E|CS|TS  0|AC  0|TAMS 0x0000000711600000, 0x0000000711600000|
| 279|0x0000000711700000, 0x0000000711800000, 0x0000000711800000|100%| E|CS|TS  0|AC  0|TAMS 0x0000000711700000, 0x0000000711700000|
| 280|0x0000000711800000, 0x0000000711900000, 0x0000000711900000|100%| E|CS|TS  0|AC  0|TAMS 0x0000000711800000, 0x0000000711800000|
| 281|0x0000000711900000, 0x0000000711a00000, 0x0000000711a00000|100%| E|CS|TS  0|AC  0|TAMS 0x0000000711900000, 0x0000000711900000|
| 282|0x0000000711a00000, 0x0000000711b00000, 0x0000000711b00000|100%| E|CS|TS  0|AC  0|TAMS 0x0000000711a00000, 0x0000000711a00000|
| 283|0x0000000711b00000, 0x0000000711c00000, 0x0000000711c00000|100%| E|CS|TS  0|AC  0|TAMS 0x0000000711b00000, 0x0000000711b00000|
| 284|0x0000000711c00000, 0x0000000711d00000, 0x0000000711d00000|100%| E|CS|TS  0|AC  0|TAMS 0x0000000711c00000, 0x0000000711c00000|
| 285|0x0000000711d00000, 0x0000000711e00000, 0x0000000711e00000|100%| E|CS|TS  0|AC  0|TAMS 0x0000000711d00000, 0x0000000711d00000|
| 286|0x0000000711e00000, 0x0000000711f00000, 0x0000000711f00000|100%| E|CS|TS  0|AC  0|TAMS 0x0000000711e00000, 0x0000000711e00000|
| 287|0x0000000711f00000, 0x0000000712000000, 0x0000000712000000|100%| E|CS|TS  0|AC  0|TAMS 0x0000000711f00000, 0x0000000711f00000|
| 288|0x0000000712000000, 0x0000000712100000, 0x0000000712100000|100%| E|CS|TS  0|AC  0|TAMS 0x0000000712000000, 0x0000000712000000|
| 289|0x0000000712100000, 0x0000000712200000, 0x0000000712200000|100%| E|CS|TS  0|AC  0|TAMS 0x0000000712100000, 0x0000000712100000|
| 290|0x0000000712200000, 0x0000000712300000, 0x0000000712300000|100%| E|CS|TS  0|AC  0|TAMS 0x0000000712200000, 0x0000000712200000|
| 291|0x0000000712300000, 0x0000000712400000, 0x0000000712400000|100%| E|CS|TS  0|AC  0|TAMS 0x0000000712300000, 0x0000000712300000|
| 292|0x0000000712400000, 0x0000000712500000, 0x0000000712500000|100%| E|CS|TS  0|AC  0|TAMS 0x0000000712400000, 0x0000000712400000|
| 293|0x0000000712500000, 0x0000000712600000, 0x0000000712600000|100%| E|CS|TS  0|AC  0|TAMS 0x0000000712500000, 0x0000000712500000|
| 294|0x0000000712600000, 0x0000000712700000, 0x0000000712700000|100%| E|CS|TS  0|AC  0|TAMS 0x0000000712600000, 0x0000000712600000|
| 295|0x0000000712700000, 0x0000000712800000, 0x0000000712800000|100%| E|CS|TS  0|AC  0|TAMS 0x0000000712700000, 0x0000000712700000|
| 296|0x0000000712800000, 0x0000000712900000, 0x0000000712900000|100%| E|CS|TS  0|AC  0|TAMS 0x0000000712800000, 0x0000000712800000|
| 297|0x0000000712900000, 0x0000000712a00000, 0x0000000712a00000|100%| E|CS|TS  0|AC  0|TAMS 0x0000000712900000, 0x0000000712900000|
| 298|0x0000000712a00000, 0x0000000712b00000, 0x0000000712b00000|100%| E|CS|TS  0|AC  0|TAMS 0x0000000712a00000, 0x0000000712a00000|
| 299|0x0000000712b00000, 0x0000000712c00000, 0x0000000712c00000|100%| E|CS|TS  0|AC  0|TAMS 0x0000000712b00000, 0x0000000712b00000|
| 300|0x0000000712c00000, 0x0000000712d00000, 0x0000000712d00000|100%| E|CS|TS  0|AC  0|TAMS 0x0000000712c00000, 0x0000000712c00000|
| 301|0x0000000712d00000, 0x0000000712e00000, 0x0000000712e00000|100%| E|CS|TS  0|AC  0|TAMS 0x0000000712d00000, 0x0000000712d00000|
| 302|0x0000000712e00000, 0x0000000712f00000, 0x0000000712f00000|100%| E|CS|TS  0|AC  0|TAMS 0x0000000712e00000, 0x0000000712e00000|
| 303|0x0000000712f00000, 0x0000000713000000, 0x0000000713000000|100%| E|CS|TS  0|AC  0|TAMS 0x0000000712f00000, 0x0000000712f00000|
| 304|0x0000000713000000, 0x0000000713100000, 0x0000000713100000|100%| E|CS|TS  0|AC  0|TAMS 0x0000000713000000, 0x0000000713000000|
| 305|0x0000000713100000, 0x0000000713200000, 0x0000000713200000|100%| E|CS|TS  0|AC  0|TAMS 0x0000000713100000, 0x0000000713100000|
| 306|0x0000000713200000, 0x0000000713300000, 0x0000000713300000|100%| E|CS|TS  0|AC  0|TAMS 0x0000000713200000, 0x0000000713200000|
| 307|0x0000000713300000, 0x0000000713400000, 0x0000000713400000|100%| E|CS|TS  0|AC  0|TAMS 0x0000000713300000, 0x0000000713300000|
| 308|0x0000000713400000, 0x0000000713500000, 0x0000000713500000|100%| E|CS|TS  0|AC  0|TAMS 0x0000000713400000, 0x0000000713400000|
| 309|0x0000000713500000, 0x0000000713600000, 0x0000000713600000|100%| E|CS|TS  0|AC  0|TAMS 0x0000000713500000, 0x0000000713500000|
| 310|0x0000000713600000, 0x0000000713700000, 0x0000000713700000|100%| E|CS|TS  0|AC  0|TAMS 0x0000000713600000, 0x0000000713600000|
| 311|0x0000000713700000, 0x0000000713800000, 0x0000000713800000|100%| E|CS|TS  0|AC  0|TAMS 0x0000000713700000, 0x0000000713700000|
| 312|0x0000000713800000, 0x0000000713900000, 0x0000000713900000|100%| E|CS|TS  0|AC  0|TAMS 0x0000000713800000, 0x0000000713800000|
| 313|0x0000000713900000, 0x0000000713a00000, 0x0000000713a00000|100%| E|CS|TS  0|AC  0|TAMS 0x0000000713900000, 0x0000000713900000|
| 314|0x0000000713a00000, 0x0000000713b00000, 0x0000000713b00000|100%| E|CS|TS  0|AC  0|TAMS 0x0000000713a00000, 0x0000000713a00000|
| 315|0x0000000713b00000, 0x0000000713c00000, 0x0000000713c00000|100%| E|CS|TS  0|AC  0|TAMS 0x0000000713b00000, 0x0000000713b00000|
| 316|0x0000000713c00000, 0x0000000713d00000, 0x0000000713d00000|100%| E|CS|TS  0|AC  0|TAMS 0x0000000713c00000, 0x0000000713c00000|
| 317|0x0000000713d00000, 0x0000000713e00000, 0x0000000713e00000|100%| E|CS|TS  0|AC  0|TAMS 0x0000000713d00000, 0x0000000713d00000|
| 318|0x0000000713e00000, 0x0000000713f00000, 0x0000000713f00000|100%| E|CS|TS  0|AC  0|TAMS 0x0000000713e00000, 0x0000000713e00000|
| 319|0x0000000713f00000, 0x0000000714000000, 0x0000000714000000|100%| E|CS|TS  0|AC  0|TAMS 0x0000000713f00000, 0x0000000713f00000|
| 320|0x0000000714000000, 0x0000000714100000, 0x0000000714100000|100%| E|CS|TS  0|AC  0|TAMS 0x0000000714000000, 0x0000000714000000|
| 321|0x0000000714100000, 0x0000000714200000, 0x0000000714200000|100%| E|CS|TS  0|AC  0|TAMS 0x0000000714100000, 0x0000000714100000|
| 322|0x0000000714200000, 0x0000000714300000, 0x0000000714300000|100%| E|CS|TS  0|AC  0|TAMS 0x0000000714200000, 0x0000000714200000|
| 323|0x0000000714300000, 0x0000000714400000, 0x0000000714400000|100%| E|CS|TS  0|AC  0|TAMS 0x0000000714300000, 0x0000000714300000|
| 324|0x0000000714400000, 0x0000000714500000, 0x0000000714500000|100%| E|CS|TS  0|AC  0|TAMS 0x0000000714400000, 0x0000000714400000|
| 325|0x0000000714500000, 0x0000000714600000, 0x0000000714600000|100%| E|CS|TS  0|AC  0|TAMS 0x0000000714500000, 0x0000000714500000|
| 326|0x0000000714600000, 0x0000000714700000, 0x0000000714700000|100%| E|CS|TS  0|AC  0|TAMS 0x0000000714600000, 0x0000000714600000|
| 327|0x0000000714700000, 0x0000000714800000, 0x0000000714800000|100%| E|CS|TS  0|AC  0|TAMS 0x0000000714700000, 0x0000000714700000|
| 328|0x0000000714800000, 0x0000000714900000, 0x0000000714900000|100%| E|CS|TS  0|AC  0|TAMS 0x0000000714800000, 0x0000000714800000|
| 329|0x0000000714900000, 0x0000000714a00000, 0x0000000714a00000|100%| E|CS|TS  0|AC  0|TAMS 0x0000000714900000, 0x0000000714900000|
| 330|0x0000000714a00000, 0x0000000714b00000, 0x0000000714b00000|100%| E|CS|TS  0|AC  0|TAMS 0x0000000714a00000, 0x0000000714a00000|
| 331|0x0000000714b00000, 0x0000000714c00000, 0x0000000714c00000|100%| E|CS|TS  0|AC  0|TAMS 0x0000000714b00000, 0x0000000714b00000|
| 332|0x0000000714c00000, 0x0000000714d00000, 0x0000000714d00000|100%| E|CS|TS  0|AC  0|TAMS 0x0000000714c00000, 0x0000000714c00000|
| 333|0x0000000714d00000, 0x0000000714e00000, 0x0000000714e00000|100%| E|CS|TS  0|AC  0|TAMS 0x0000000714d00000, 0x0000000714d00000|
| 334|0x0000000714e00000, 0x0000000714f00000, 0x0000000714f00000|100%| E|CS|TS  0|AC  0|TAMS 0x0000000714e00000, 0x0000000714e00000|
| 335|0x0000000714f00000, 0x0000000715000000, 0x0000000715000000|100%| E|CS|TS  0|AC  0|TAMS 0x0000000714f00000, 0x0000000714f00000|
| 336|0x0000000715000000, 0x0000000715100000, 0x0000000715100000|100%| E|CS|TS  0|AC  0|TAMS 0x0000000715000000, 0x0000000715000000|
| 337|0x0000000715100000, 0x0000000715200000, 0x0000000715200000|100%| E|CS|TS  0|AC  0|TAMS 0x0000000715100000, 0x0000000715100000|
| 338|0x0000000715200000, 0x0000000715300000, 0x0000000715300000|100%| E|CS|TS  0|AC  0|TAMS 0x0000000715200000, 0x0000000715200000|
| 339|0x0000000715300000, 0x0000000715400000, 0x0000000715400000|100%| E|CS|TS  0|AC  0|TAMS 0x0000000715300000, 0x0000000715300000|
| 340|0x0000000715400000, 0x0000000715500000, 0x0000000715500000|100%| E|CS|TS  0|AC  0|TAMS 0x0000000715400000, 0x0000000715400000|
| 341|0x0000000715500000, 0x0000000715600000, 0x0000000715600000|100%| E|CS|TS  0|AC  0|TAMS 0x0000000715500000, 0x0000000715500000|
| 342|0x0000000715600000, 0x0000000715700000, 0x0000000715700000|100%| E|CS|TS  0|AC  0|TAMS 0x0000000715600000, 0x0000000715600000|
| 343|0x0000000715700000, 0x0000000715800000, 0x0000000715800000|100%| E|CS|TS  0|AC  0|TAMS 0x0000000715700000, 0x0000000715700000|
| 344|0x0000000715800000, 0x0000000715900000, 0x0000000715900000|100%| E|CS|TS  0|AC  0|TAMS 0x0000000715800000, 0x0000000715800000|
| 345|0x0000000715900000, 0x0000000715a00000, 0x0000000715a00000|100%| E|CS|TS  0|AC  0|TAMS 0x0000000715900000, 0x0000000715900000|
| 346|0x0000000715a00000, 0x0000000715b00000, 0x0000000715b00000|100%| E|CS|TS  0|AC  0|TAMS 0x0000000715a00000, 0x0000000715a00000|
| 347|0x0000000715b00000, 0x0000000715c00000, 0x0000000715c00000|100%| E|CS|TS  0|AC  0|TAMS 0x0000000715b00000, 0x0000000715b00000|
| 348|0x0000000715c00000, 0x0000000715d00000, 0x0000000715d00000|100%| E|CS|TS  0|AC  0|TAMS 0x0000000715c00000, 0x0000000715c00000|
| 349|0x0000000715d00000, 0x0000000715e00000, 0x0000000715e00000|100%| E|CS|TS  0|AC  0|TAMS 0x0000000715d00000, 0x0000000715d00000|
| 350|0x0000000715e00000, 0x0000000715f00000, 0x0000000715f00000|100%| E|CS|TS  0|AC  0|TAMS 0x0000000715e00000, 0x0000000715e00000|
| 351|0x0000000715f00000, 0x0000000716000000, 0x0000000716000000|100%| E|CS|TS  0|AC  0|TAMS 0x0000000715f00000, 0x0000000715f00000|
| 352|0x0000000716000000, 0x0000000716100000, 0x0000000716100000|100%| E|CS|TS  0|AC  0|TAMS 0x0000000716000000, 0x0000000716000000|
| 353|0x0000000716100000, 0x0000000716200000, 0x0000000716200000|100%| E|CS|TS  0|AC  0|TAMS 0x0000000716100000, 0x0000000716100000|
| 354|0x0000000716200000, 0x0000000716300000, 0x0000000716300000|100%| E|CS|TS  0|AC  0|TAMS 0x0000000716200000, 0x0000000716200000|
| 355|0x0000000716300000, 0x0000000716400000, 0x0000000716400000|100%| E|CS|TS  0|AC  0|TAMS 0x0000000716300000, 0x0000000716300000|
| 356|0x0000000716400000, 0x0000000716500000, 0x0000000716500000|100%| E|CS|TS  0|AC  0|TAMS 0x0000000716400000, 0x0000000716400000|
| 357|0x0000000716500000, 0x0000000716600000, 0x0000000716600000|100%| E|CS|TS  0|AC  0|TAMS 0x0000000716500000, 0x0000000716500000|
| 358|0x0000000716600000, 0x0000000716700000, 0x0000000716700000|100%| E|CS|TS  0|AC  0|TAMS 0x0000000716600000, 0x0000000716600000|
| 359|0x0000000716700000, 0x0000000716800000, 0x0000000716800000|100%| E|CS|TS  0|AC  0|TAMS 0x0000000716700000, 0x0000000716700000|
| 360|0x0000000716800000, 0x0000000716900000, 0x0000000716900000|100%| E|CS|TS  0|AC  0|TAMS 0x0000000716800000, 0x0000000716800000|
| 361|0x0000000716900000, 0x0000000716a00000, 0x0000000716a00000|100%| E|CS|TS  0|AC  0|TAMS 0x0000000716900000, 0x0000000716900000|
| 362|0x0000000716a00000, 0x0000000716b00000, 0x0000000716b00000|100%| E|CS|TS  0|AC  0|TAMS 0x0000000716a00000, 0x0000000716a00000|
| 363|0x0000000716b00000, 0x0000000716c00000, 0x0000000716c00000|100%| E|CS|TS  0|AC  0|TAMS 0x0000000716b00000, 0x0000000716b00000|
| 364|0x0000000716c00000, 0x0000000716d00000, 0x0000000716d00000|100%| E|CS|TS  0|AC  0|TAMS 0x0000000716c00000, 0x0000000716c00000|
| 365|0x0000000716d00000, 0x0000000716e00000, 0x0000000716e00000|100%| E|CS|TS  0|AC  0|TAMS 0x0000000716d00000, 0x0000000716d00000|
| 366|0x0000000716e00000, 0x0000000716f00000, 0x0000000716f00000|100%| E|CS|TS  0|AC  0|TAMS 0x0000000716e00000, 0x0000000716e00000|
| 367|0x0000000716f00000, 0x0000000717000000, 0x0000000717000000|100%| E|CS|TS  0|AC  0|TAMS 0x0000000716f00000, 0x0000000716f00000|
| 368|0x0000000717000000, 0x0000000717100000, 0x0000000717100000|100%| E|CS|TS  0|AC  0|TAMS 0x0000000717000000, 0x0000000717000000|
| 369|0x0000000717100000, 0x0000000717200000, 0x0000000717200000|100%| E|CS|TS  0|AC  0|TAMS 0x0000000717100000, 0x0000000717100000|
| 370|0x0000000717200000, 0x0000000717300000, 0x0000000717300000|100%| E|CS|TS  0|AC  0|TAMS 0x0000000717200000, 0x0000000717200000|
| 371|0x0000000717300000, 0x0000000717400000, 0x0000000717400000|100%| E|CS|TS  0|AC  0|TAMS 0x0000000717300000, 0x0000000717300000|
| 372|0x0000000717400000, 0x0000000717500000, 0x0000000717500000|100%| E|CS|TS  0|AC  0|TAMS 0x0000000717400000, 0x0000000717400000|
| 373|0x0000000717500000, 0x0000000717600000, 0x0000000717600000|100%| E|CS|TS  0|AC  0|TAMS 0x0000000717500000, 0x0000000717500000|
| 374|0x0000000717600000, 0x0000000717700000, 0x0000000717700000|100%| E|CS|TS  0|AC  0|TAMS 0x0000000717600000, 0x0000000717600000|
| 375|0x0000000717700000, 0x0000000717800000, 0x0000000717800000|100%| E|CS|TS  0|AC  0|TAMS 0x0000000717700000, 0x0000000717700000|
| 376|0x0000000717800000, 0x0000000717900000, 0x0000000717900000|100%| E|CS|TS  0|AC  0|TAMS 0x0000000717800000, 0x0000000717800000|
| 377|0x0000000717900000, 0x0000000717a00000, 0x0000000717a00000|100%| E|CS|TS  0|AC  0|TAMS 0x0000000717900000, 0x0000000717900000|
| 378|0x0000000717a00000, 0x0000000717b00000, 0x0000000717b00000|100%| E|CS|TS  0|AC  0|TAMS 0x0000000717a00000, 0x0000000717a00000|

Card table byte_map: [0x0000029772d50000,0x0000029773350000] byte_map_base: 0x000002976f550000

Marking Bits (Prev, Next): (CMBitMap*) 0x000002977995c120, (CMBitMap*) 0x000002977995c158
 Prev Bits: [0x0000029773950000, 0x0000029776950000)
 Next Bits: [0x0000029776950000, 0x0000029779950000)

Polling page: 0x0000029765af0000

CodeHeap 'non-profiled nmethods': size=120064Kb used=5397Kb max_used=5397Kb free=114667Kb
 bounds [0x0000029707ac0000, 0x0000029708010000, 0x000002970f000000]
CodeHeap 'profiled nmethods': size=120000Kb used=20568Kb max_used=20568Kb free=99431Kb
 bounds [0x0000029700590000, 0x00000297019b0000, 0x0000029707ac0000]
CodeHeap 'non-nmethods': size=5696Kb used=1813Kb max_used=1873Kb free=3882Kb
 bounds [0x0000029700000000, 0x0000029700270000, 0x0000029700590000]
 total_blobs=13125 nmethods=8248 adapters=1185
 compilation: enabled

Compilation events (10 events):
Event: 76.188 Thread 0x000002977c908800 9099       4       java.util.Formatter$FormatSpecifier::print (243 bytes)
Event: 76.198 Thread 0x000002977c90d000 nmethod 9098 0x0000029707ffeb10 code [0x0000029707ffed20, 0x0000029707fff500]
Event: 76.230 Thread 0x000002977c908800 nmethod 9099 0x0000029707fffa90 code [0x00000297080000e0, 0x0000029708001150]
Event: 76.416 Thread 0x000002977c90d000 9100       4       com.sun.media.sound.SoftChannel$2::get (58 bytes)
Event: 76.425 Thread 0x000002977c908800 9101       4       sun.java2d.StateTrackableDelegate$1::isCurrent (17 bytes)
Event: 76.426 Thread 0x000002977c908800 nmethod 9101 0x0000029708001f90 code [0x0000029708002120, 0x00000297080021b8]
Event: 76.442 Thread 0x000002977c90d000 nmethod 9100 0x0000029708002290 code [0x00000297080024a0, 0x0000029708002ea8]
Event: 76.903 Thread 0x000002977c908800 9102       4       java.awt.EventQueue$3::run (5 bytes)
Event: 76.931 Thread 0x000002977c908800 nmethod 9102 0x0000029708003690 code [0x0000029708003900, 0x0000029708004a00]
Event: 77.298 Thread 0x000002977c90d000 9103   !   4       java.awt.EventDispatchThread::pumpOneEventForFilters (218 bytes)

GC Heap History (10 events):
Event: 6.059 GC heap before
{Heap before GC invocations=22 (full 0):
 garbage-first heap   total 284672K, used 145164K [0x0000000700000000, 0x00000007001008b0, 0x00000007c0000000)
  region size 1024K, 18 young (18432K), 8 survivors (8192K)
 Metaspace       used 21931K, capacity 22452K, committed 22704K, reserved 1069056K
  class space    used 2398K, capacity 2524K, committed 2560K, reserved 1048576K
}
Event: 6.066 GC heap after
{Heap after GC invocations=23 (full 0):
 garbage-first heap   total 284672K, used 16221K [0x0000000700000000, 0x00000007001008b0, 0x00000007c0000000)
  region size 1024K, 8 young (8192K), 8 survivors (8192K)
 Metaspace       used 21931K, capacity 22452K, committed 22704K, reserved 1069056K
  class space    used 2398K, capacity 2524K, committed 2560K, reserved 1048576K
}
Event: 6.168 GC heap before
{Heap before GC invocations=24 (full 0):
 garbage-first heap   total 284672K, used 146269K [0x0000000700000000, 0x00000007001008b0, 0x00000007c0000000)
  region size 1024K, 19 young (19456K), 8 survivors (8192K)
 Metaspace       used 21931K, capacity 22452K, committed 22704K, reserved 1069056K
  class space    used 2398K, capacity 2524K, committed 2560K, reserved 1048576K
}
Event: 6.175 GC heap after
{Heap after GC invocations=25 (full 0):
 garbage-first heap   total 284672K, used 15678K [0x0000000700000000, 0x00000007001008b0, 0x00000007c0000000)
  region size 1024K, 8 young (8192K), 8 survivors (8192K)
 Metaspace       used 21931K, capacity 22452K, committed 22704K, reserved 1069056K
  class space    used 2398K, capacity 2524K, committed 2560K, reserved 1048576K
}
Event: 9.621 GC heap before
{Heap before GC invocations=26 (full 0):
 garbage-first heap   total 284672K, used 83262K [0x0000000700000000, 0x00000007001008b0, 0x00000007c0000000)
  region size 1024K, 71 young (72704K), 8 survivors (8192K)
 Metaspace       used 37153K, capacity 38192K, committed 38268K, reserved 1083392K
  class space    used 4072K, capacity 4305K, committed 4352K, reserved 1048576K
}
Event: 9.644 GC heap after
{Heap after GC invocations=27 (full 0):
 garbage-first heap   total 284672K, used 22489K [0x0000000700000000, 0x00000007001008b0, 0x00000007c0000000)
  region size 1024K, 17 young (17408K), 17 survivors (17408K)
 Metaspace       used 37153K, capacity 38192K, committed 38268K, reserved 1083392K
  class space    used 4072K, capacity 4305K, committed 4352K, reserved 1048576K
}
Event: 15.037 GC heap before
{Heap before GC invocations=28 (full 0):
 garbage-first heap   total 284672K, used 168921K [0x0000000700000000, 0x00000007001008b0, 0x00000007c0000000)
  region size 1024K, 138 young (141312K), 17 survivors (17408K)
 Metaspace       used 51957K, capacity 55146K, committed 55424K, reserved 1097728K
  class space    used 5871K, capacity 6425K, committed 6528K, reserved 1048576K
}
Event: 15.086 GC heap after
{Heap after GC invocations=29 (full 0):
 garbage-first heap   total 388096K, used 73698K [0x0000000700000000, 0x0000000700100bd8, 0x00000007c0000000)
  region size 1024K, 18 young (18432K), 18 survivors (18432K)
 Metaspace       used 51957K, capacity 55146K, committed 55424K, reserved 1097728K
  class space    used 5871K, capacity 6425K, committed 6528K, reserved 1048576K
}
Event: 19.046 GC heap before
{Heap before GC invocations=29 (full 0):
 garbage-first heap   total 388096K, used 183266K [0x0000000700000000, 0x0000000700100bd8, 0x00000007c0000000)
  region size 1024K, 123 young (125952K), 18 survivors (18432K)
 Metaspace       used 59506K, capacity 64078K, committed 64208K, reserved 1105920K
  class space    used 6699K, capacity 7448K, committed 7552K, reserved 1048576K
}
Event: 19.072 GC heap after
{Heap after GC invocations=30 (full 0):
 garbage-first heap   total 388096K, used 73114K [0x0000000700000000, 0x0000000700100bd8, 0x00000007c0000000)
  region size 1024K, 10 young (10240K), 10 survivors (10240K)
 Metaspace       used 59506K, capacity 64078K, committed 64208K, reserved 1105920K
  class space    used 6699K, capacity 7448K, committed 7552K, reserved 1048576K
}

Deoptimization events (10 events):
Event: 38.505 Thread 0x000002970f63a800 Uncommon trap: reason=unstable_if action=reinterpret pc=0x0000029707f691f0 method=com.sun.media.sound.SoftLinearResampler2.interpolate([F[FF[FF[F[II)V @ 76 c2
Event: 40.440 Thread 0x000002970f632800 Uncommon trap: reason=class_check action=make_not_entrant pc=0x0000029707fa6630 method=java.util.ArrayList.toArray([Ljava/lang/Object;)[Ljava/lang/Object; @ 21 c2
Event: 43.417 Thread 0x000002970f63a800 Uncommon trap: reason=unstable_if action=reinterpret pc=0x0000029707f82a58 method=com.sun.media.sound.SoftVoice.processControlLogic()V @ 747 c2
Event: 44.322 Thread 0x000002970f63a800 Uncommon trap: reason=unstable_if action=reinterpret pc=0x0000029707f9dbb4 method=com.sun.media.sound.SoftLinearResampler2.interpolate([F[FF[FF[F[II)V @ 95 c2
Event: 44.328 Thread 0x000002970f63a800 Uncommon trap: reason=unstable_if action=reinterpret pc=0x0000029707fa07b0 method=com.sun.media.sound.SoftLinearResampler2.interpolate([F[FF[FF[F[II)V @ 95 c2
Event: 71.648 Thread 0x000002977dad8000 Uncommon trap: reason=unstable_if action=reinterpret pc=0x0000029707fe58c4 method=java.util.concurrent.FutureTask.runAndReset()Z @ 112 c2
Event: 72.819 Thread 0x000002970f63a800 Uncommon trap: reason=unstable_if action=reinterpret pc=0x0000029707fc0ae4 method=com.sun.media.sound.SoftAbstractResampler$ModelAbstractResamplerStream.read([[FII)I @ 453 c2
Event: 72.901 Thread 0x000002970f63a800 Uncommon trap: reason=unstable_if action=reinterpret pc=0x0000029707f8bfd0 method=com.sun.media.sound.AudioFloatInputStream$BytaArrayAudioFloatInputStream.read([FII)I @ 44 c2
Event: 72.920 Thread 0x000002970f63a800 Uncommon trap: reason=unstable_if action=reinterpret pc=0x0000029707fb837c method=com.sun.media.sound.SoftLinearResampler2.interpolate([F[FF[FF[F[II)V @ 29 c2
Event: 72.920 Thread 0x000002970f63a800 Uncommon trap: reason=unstable_if action=reinterpret pc=0x0000029707fa54a8 method=com.sun.media.sound.SoftVoice.processAudioLogic([Lcom/sun/media/sound/SoftAudioBuffer;)V @ 78 c2

Classes redefined (0 events):
No events

Internal exceptions (10 events):
Event: 24.254 Thread 0x000002970f633000 Exception <a 'java/lang/NoSuchMethodError'{0x00000007147a5bd8}: java.lang.invoke.DirectMethodHandle$Holder.invokeSpecial(Ljava/lang/Object;Ljava/lang/Object;Ljava/lang/Object;Ljava/lang/Object;FF)Ljava/lang/Object;> (0x00000007147a5bd8) thrown at [t:/work
Event: 24.417 Thread 0x000002977e326000 Exception <a 'java/lang/NoSuchMethodError'{0x0000000713d42a98}: java.lang.invoke.DirectMethodHandle$Holder.invokeSpecial(Ljava/lang/Object;Ljava/lang/Object;IIIII)Ljava/lang/Object;> (0x0000000713d42a98) thrown at [t:/workspace/hotspot/src/share/vm/interp
Event: 24.417 Thread 0x000002977e326000 Exception <a 'java/lang/NoSuchMethodError'{0x0000000713d45ee0}: java.lang.invoke.DelegatingMethodHandle$Holder.reinvoke_L(Ljava/lang/Object;IIIII)Ljava/lang/Object;> (0x0000000713d45ee0) thrown at [t:/workspace/hotspot/src/share/vm/interpreter/linkResolve
Event: 24.477 Thread 0x000002977e326000 Exception <a 'java/lang/NoSuchMethodError'{0x00000007139b8bc8}: java.lang.invoke.DirectMethodHandle$Holder.invokeSpecial(Ljava/lang/Object;Ljava/lang/Object;IILjava/lang/Object;ILjava/lang/Object;)Ljava/lang/Object;> (0x00000007139b8bc8) thrown at [t:/wor
Event: 24.477 Thread 0x000002977e326000 Exception <a 'java/lang/NoSuchMethodError'{0x00000007139bc288}: java.lang.invoke.DelegatingMethodHandle$Holder.reinvoke_L(Ljava/lang/Object;IILjava/lang/Object;ILjava/lang/Object;)Ljava/lang/Object;> (0x00000007139bc288) thrown at [t:/workspace/hotspot/sr
Event: 24.479 Thread 0x000002977e326000 Exception <a 'java/lang/NoSuchMethodError'{0x00000007139cebf8}: method resolution failed> (0x00000007139cebf8) thrown at [t:/workspace/hotspot/src/share/vm/prims/methodHandles.cpp, line 1256]
Event: 24.827 Thread 0x000002971d29c800 Exception <a 'java/lang/NoSuchMethodError'{0x000000070f878ee8}: method resolution failed> (0x000000070f878ee8) thrown at [t:/workspace/hotspot/src/share/vm/prims/methodHandles.cpp, line 1256]
Event: 24.830 Thread 0x000002971d29c800 Exception <a 'java/lang/NoSuchMethodError'{0x000000070f89fe28}: method resolution failed> (0x000000070f89fe28) thrown at [t:/workspace/hotspot/src/share/vm/prims/methodHandles.cpp, line 1256]
Event: 44.397 Thread 0x000002970f634800 Exception <a 'java/net/SocketTimeoutException'{0x000000070ee00038}: Read timed out> (0x000000070ee00038) thrown at [t:/workspace/hotspot/src/share/vm/prims/jni.cpp, line 625]
Event: 71.648 Thread 0x000002977dad8000 Exception <a 'java/lang/NullPointerException'{0x0000000717898980}> (0x0000000717898980) thrown at [t:/workspace/hotspot/src/share/vm/interpreter/linkResolver.cpp, line 1311]

Events (10 events):
Event: 72.996 Thread 0x000002970f63a800 DEOPT UNPACKING pc=0x000002970004d83f sp=0x0000009ccb0fe390 mode 0
Event: 73.017 Thread 0x000002970f63a800 DEOPT PACKING pc=0x00000297019ac4fc sp=0x0000009ccb0fef70
Event: 73.017 Thread 0x000002970f63a800 DEOPT UNPACKING pc=0x000002970004d83f sp=0x0000009ccb0fe390 mode 0
Event: 73.030 Thread 0x000002970f63a800 DEOPT PACKING pc=0x00000297019ac4fc sp=0x0000009ccb0fef70
Event: 73.030 Thread 0x000002970f63a800 DEOPT UNPACKING pc=0x000002970004d83f sp=0x0000009ccb0fe390 mode 0
Event: 75.671 Thread 0x000002971d29c800 DEOPT PACKING pc=0x00000297018f01a4 sp=0x0000009ccb2feb50
Event: 75.671 Thread 0x000002971d29c800 DEOPT UNPACKING pc=0x000002970004d83f sp=0x0000009ccb2fe070 mode 0
Event: 76.647 Executing VM operation: RevokeBias
Event: 76.647 Executing VM operation: RevokeBias done
Event: 76.647 Thread 0x000002970f639000 Thread exited: 0x000002970f639000


Dynamic libraries:
0x00007ff78a1b0000 - 0x00007ff78a1ee000 	C:\Program Files\Java\jdk-9.0.1\bin\java.exe
0x00007ffc99fc0000 - 0x00007ffc9a1a1000 	C:\WINDOWS\SYSTEM32\ntdll.dll
0x00007ffc97450000 - 0x00007ffc97502000 	C:\WINDOWS\System32\KERNEL32.DLL
0x00007ffc963e0000 - 0x00007ffc96653000 	C:\WINDOWS\System32\KERNELBASE.dll
0x00007ffc99b20000 - 0x00007ffc99bc1000 	C:\WINDOWS\System32\ADVAPI32.dll
0x00007ffc99d00000 - 0x00007ffc99d9e000 	C:\WINDOWS\System32\msvcrt.dll
0x00007ffc99de0000 - 0x00007ffc99e3b000 	C:\WINDOWS\System32\sechost.dll
0x00007ffc99bd0000 - 0x00007ffc99cf4000 	C:\WINDOWS\System32\RPCRT4.dll
0x00007ffc98260000 - 0x00007ffc983f0000 	C:\WINDOWS\System32\USER32.dll
0x00007ffc96df0000 - 0x00007ffc96e10000 	C:\WINDOWS\System32\win32u.dll
0x00007ffc99e60000 - 0x00007ffc99e88000 	C:\WINDOWS\System32\GDI32.dll
0x00007ffc97100000 - 0x00007ffc97292000 	C:\WINDOWS\System32\gdi32full.dll
0x00007ffc97300000 - 0x00007ffc9739f000 	C:\WINDOWS\System32\msvcp_win.dll
0x00007ffc96e10000 - 0x00007ffc96f0a000 	C:\WINDOWS\System32\ucrtbase.dll
0x00007ffc7c580000 - 0x00007ffc7c7e9000 	C:\WINDOWS\WinSxS\amd64_microsoft.windows.common-controls_6595b64144ccf1df_6.0.17134.471_none_fb3e9aab3068fc16\COMCTL32.dll
0x00007ffc97cd0000 - 0x00007ffc97ff2000 	C:\WINDOWS\System32\combase.dll
0x00007ffc96660000 - 0x00007ffc966da000 	C:\WINDOWS\System32\bcryptPrimitives.dll
0x00007ffc8d940000 - 0x00007ffc8d94a000 	C:\WINDOWS\SYSTEM32\VERSION.dll
0x00007ffc99da0000 - 0x00007ffc99dcd000 	C:\WINDOWS\System32\IMM32.DLL
0x00007ffc6f8b0000 - 0x00007ffc6f99f000 	C:\Program Files\Java\jdk-9.0.1\bin\msvcr120.dll
0x00007ffc77dc0000 - 0x00007ffc77e66000 	C:\Program Files\Java\jdk-9.0.1\bin\msvcp120.dll
0x000000005eee0000 - 0x000000005f904000 	C:\Program Files\Java\jdk-9.0.1\bin\server\jvm.dll
0x00007ffc980b0000 - 0x00007ffc980b8000 	C:\WINDOWS\System32\PSAPI.DLL
0x00007ffc8c120000 - 0x00007ffc8c129000 	C:\WINDOWS\SYSTEM32\WSOCK32.dll
0x00007ffc99ab0000 - 0x00007ffc99b1c000 	C:\WINDOWS\System32\WS2_32.dll
0x00007ffc8e040000 - 0x00007ffc8e063000 	C:\WINDOWS\SYSTEM32\WINMM.dll
0x00007ffc8dfc0000 - 0x00007ffc8dfea000 	C:\WINDOWS\SYSTEM32\WINMMBASE.dll
0x00007ffc96390000 - 0x00007ffc963d9000 	C:\WINDOWS\System32\cfgmgr32.dll
0x00007ffc8cff0000 - 0x00007ffc8cfff000 	C:\Program Files\Java\jdk-9.0.1\bin\verify.dll
0x00007ffc86ce0000 - 0x00007ffc86d07000 	C:\Program Files\Java\jdk-9.0.1\bin\java.dll
0x00007ffc86590000 - 0x00007ffc865ba000 	C:\Program Files\Java\jdk-9.0.1\bin\instrument.dll
0x00007ffc86600000 - 0x00007ffc86616000 	C:\Program Files\Java\jdk-9.0.1\bin\zip.dll
0x00007ffc89020000 - 0x00007ffc8902a000 	C:\Program Files\Java\jdk-9.0.1\bin\jimage.dll
0x00007ffc98450000 - 0x00007ffc99890000 	C:\WINDOWS\System32\SHELL32.dll
0x00007ffc98000000 - 0x00007ffc980a9000 	C:\WINDOWS\System32\shcore.dll
0x00007ffc966e0000 - 0x00007ffc96ded000 	C:\WINDOWS\System32\windows.storage.dll
0x00007ffc983f0000 - 0x00007ffc98441000 	C:\WINDOWS\System32\shlwapi.dll
0x00007ffc962d0000 - 0x00007ffc962e1000 	C:\WINDOWS\System32\kernel.appcore.dll
0x00007ffc96320000 - 0x00007ffc9633f000 	C:\WINDOWS\System32\profapi.dll
0x00007ffc96340000 - 0x00007ffc9638c000 	C:\WINDOWS\System32\powrprof.dll
0x00007ffc962f0000 - 0x00007ffc962fa000 	C:\WINDOWS\System32\FLTLIB.DLL
0x00007ffc822b0000 - 0x00007ffc822ca000 	C:\Program Files\Java\jdk-9.0.1\bin\net.dll
0x00007ffc92e60000 - 0x00007ffc92f3d000 	C:\WINDOWS\SYSTEM32\WINHTTP.dll
0x00007ffc95b50000 - 0x00007ffc95bb6000 	C:\WINDOWS\system32\mswsock.dll
0x00007ffc82270000 - 0x00007ffc82281000 	C:\Program Files\Java\jdk-9.0.1\bin\nio.dll
0x00007ffc82090000 - 0x00007ffc820aa000 	C:\Program Files\JetBrains\IntelliJ IDEA Community Edition 2018.3.2\bin\breakgen64.dll
0x00007ffc88e00000 - 0x00007ffc88e0b000 	C:\Program Files\Java\jdk-9.0.1\bin\sunmscapi.dll
0x00007ffc96f10000 - 0x00007ffc970f2000 	C:\WINDOWS\System32\CRYPT32.dll
0x00007ffc96300000 - 0x00007ffc96312000 	C:\WINDOWS\System32\MSASN1.dll
0x00007ffc82060000 - 0x00007ffc82083000 	C:\Program Files\Java\jdk-9.0.1\bin\sunec.dll
0x00007ffc95d00000 - 0x00007ffc95d17000 	C:\WINDOWS\SYSTEM32\CRYPTSP.dll
0x00007ffc956d0000 - 0x00007ffc95703000 	C:\WINDOWS\system32\rsaenh.dll
0x00007ffc95e30000 - 0x00007ffc95e55000 	C:\WINDOWS\SYSTEM32\bcrypt.dll
0x00007ffc961d0000 - 0x00007ffc961f8000 	C:\WINDOWS\SYSTEM32\USERENV.dll
0x00007ffc95d20000 - 0x00007ffc95d2b000 	C:\WINDOWS\SYSTEM32\CRYPTBASE.dll
0x00007ffc95870000 - 0x00007ffc958a8000 	C:\WINDOWS\SYSTEM32\IPHLPAPI.DLL
0x00007ffc99dd0000 - 0x00007ffc99dd8000 	C:\WINDOWS\System32\NSI.dll
0x00007ffc916b0000 - 0x00007ffc916c6000 	C:\WINDOWS\SYSTEM32\dhcpcsvc6.DLL
0x00007ffc915a0000 - 0x00007ffc915ba000 	C:\WINDOWS\SYSTEM32\dhcpcsvc.DLL
0x00007ffc958b0000 - 0x00007ffc9596e000 	C:\WINDOWS\SYSTEM32\DNSAPI.dll
0x00007ffc8fb90000 - 0x00007ffc8fb9a000 	C:\Windows\System32\rasadhlp.dll
0x00007ffc900e0000 - 0x00007ffc90152000 	C:\WINDOWS\System32\fwpuclnt.dll
0x00007ffc657d0000 - 0x00007ffc65969000 	C:\Program Files\Java\jdk-9.0.1\bin\awt.dll
0x00007ffc99890000 - 0x00007ffc99952000 	C:\WINDOWS\System32\OLEAUT32.dll
0x00007ffc91850000 - 0x00007ffc91e17000 	C:\WINDOWS\SYSTEM32\d2d1.dll
0x00007ffc944a0000 - 0x00007ffc9452b000 	C:\WINDOWS\SYSTEM32\apphelp.dll
0x00007ffc94990000 - 0x00007ffc94a28000 	C:\WINDOWS\system32\uxtheme.dll
0x00007ffc97670000 - 0x00007ffc977e3000 	C:\WINDOWS\System32\MSCTF.dll
0x00007ffc94a90000 - 0x00007ffc94ab9000 	C:\WINDOWS\system32\dwmapi.dll
0x00007ffc97510000 - 0x00007ffc97661000 	C:\WINDOWS\System32\ole32.dll
0x00007ffc6f830000 - 0x00007ffc6f8ae000 	C:\Program Files\Java\jdk-9.0.1\bin\mlib_image.dll
0x00007ffc6f790000 - 0x00007ffc6f82d000 	C:\Program Files\Java\jdk-9.0.1\bin\fontmanager.dll
0x00007ffc66350000 - 0x00007ffc66470000 	C:\WINDOWS\system32\opengl32.dll
0x00007ffc82710000 - 0x00007ffc8273c000 	C:\WINDOWS\SYSTEM32\GLU32.dll
0x00007ffc6e3a0000 - 0x00007ffc6e537000 	C:\WINDOWS\system32\d3d9.dll
0x00007ffc85e40000 - 0x00007ffc85f2c000 	C:\WINDOWS\System32\DriverStore\FileRepository\nv_dispi.inf_amd64_f5be1f8d25335236\nvldumdx.dll
0x00007ffc972a0000 - 0x00007ffc972f7000 	C:\WINDOWS\System32\WINTRUST.DLL
0x00007ffc99e40000 - 0x00007ffc99e5d000 	C:\WINDOWS\System32\imagehlp.dll
0x00007ffc4d320000 - 0x00007ffc4e559000 	C:\WINDOWS\System32\DriverStore\FileRepository\nv_dispi.inf_amd64_f5be1f8d25335236\nvd3dumx.dll
0x00007ffc86be0000 - 0x00007ffc86ca3000 	C:\Program Files (x86)\NVIDIA Corporation\3D Vision\nvSCPAPI64.dll
0x00007ffc97870000 - 0x00007ffc97cbb000 	C:\WINDOWS\System32\SETUPAPI.dll
0x00007ffc59570000 - 0x00007ffc597b4000 	C:\WINDOWS\system32\nvspcap64.dll
0x00007ffc953c0000 - 0x00007ffc953f1000 	C:\WINDOWS\SYSTEM32\ntmarta.dll
0x00007ffc95010000 - 0x00007ffc95032000 	C:\WINDOWS\SYSTEM32\gpapi.dll
0x00007ffc88860000 - 0x00007ffc8888e000 	C:\WINDOWS\SYSTEM32\cryptnet.dll
0x00007ffc7b100000 - 0x00007ffc7b142000 	C:\Program Files\Java\jdk-9.0.1\bin\t2k.dll
0x00007ffc99e90000 - 0x00007ffc99f30000 	C:\WINDOWS\System32\clbcatq.dll
0x00007ffc94660000 - 0x00007ffc9480e000 	C:\WINDOWS\SYSTEM32\WindowsCodecs.dll
0x00007ffc85ad0000 - 0x00007ffc85b28000 	C:\WINDOWS\system32\dataexchange.dll
0x00007ffc91e20000 - 0x00007ffc9212b000 	C:\WINDOWS\system32\d3d11.dll
0x00007ffc941e0000 - 0x00007ffc9437c000 	C:\WINDOWS\system32\dcomp.dll
0x00007ffc95090000 - 0x00007ffc9514b000 	C:\WINDOWS\system32\dxgi.dll
0x00007ffc94ba0000 - 0x00007ffc94d58000 	C:\WINDOWS\system32\twinapi.appcore.dll
0x00007ffc94a30000 - 0x00007ffc94a51000 	C:\WINDOWS\system32\RMCLIENT.dll
0x00007ffc80720000 - 0x00007ffc807c8000 	C:\WINDOWS\SYSTEM32\mscms.dll
0x00007ffc8eb60000 - 0x00007ffc8eb70000 	C:\WINDOWS\SYSTEM32\ColorAdapterClient.dll
0x00007ffc72750000 - 0x00007ffc72793000 	C:\WINDOWS\SYSTEM32\icm32.dll
0x00007ffc85d20000 - 0x00007ffc85db6000 	C:\WINDOWS\System32\TextInputFramework.dll
0x00007ffc87070000 - 0x00007ffc8738e000 	C:\WINDOWS\System32\CoreUIComponents.dll
0x00007ffc93f00000 - 0x00007ffc93fda000 	C:\WINDOWS\System32\CoreMessaging.dll
0x00007ffc908e0000 - 0x00007ffc90a2d000 	C:\WINDOWS\SYSTEM32\wintypes.dll
0x00007ffc85b30000 - 0x00007ffc85b9b000 	C:\WINDOWS\system32\Oleacc.dll
0x0000000180000000 - 0x000000018006c000 	C:\Program Files (x86)\DisplayFusion\Hooks\AppHook64_A6B83BF8-CEA0-478F-AB5B-1B7B06ADEBD0.dll
0x00007ffc785b0000 - 0x00007ffc785f2000 	C:\Users\grahm\AppData\Local\Temp\jna-98615387\jna4857242474110466701.dll
0x00007ffc6a440000 - 0x00007ffc6a4db000 	C:\Users\grahm\AppData\Local\Temp\jna-98615387\jna12070273030429344510.dll
0x00007ffc82700000 - 0x00007ffc8270c000 	C:\Program Files\Java\jdk-9.0.1\bin\jsound.dll
0x00007ffc822a0000 - 0x00007ffc822ab000 	C:\Program Files\Java\jdk-9.0.1\bin\jsoundds.dll
0x00007ffc55780000 - 0x00007ffc5580f000 	C:\WINDOWS\SYSTEM32\DSOUND.dll
0x00007ffc8ff90000 - 0x00007ffc90006000 	C:\WINDOWS\System32\MMDevApi.dll
0x00007ffc960e0000 - 0x00007ffc96107000 	C:\WINDOWS\System32\DEVOBJ.dll
0x00007ffc93680000 - 0x00007ffc93834000 	C:\WINDOWS\System32\PROPSYS.dll
0x00007ffc57d50000 - 0x00007ffc57d94000 	C:\WINDOWS\SYSTEM32\wdmaud.drv
0x00007ffc78030000 - 0x00007ffc78039000 	C:\WINDOWS\SYSTEM32\ksuser.dll
0x00007ffc874e0000 - 0x00007ffc874ea000 	C:\WINDOWS\SYSTEM32\AVRT.dll
0x00007ffc69dd0000 - 0x00007ffc69efc000 	C:\WINDOWS\SYSTEM32\AUDIOSES.DLL
0x00007ffc77db0000 - 0x00007ffc77dbd000 	C:\WINDOWS\SYSTEM32\msacm32.drv
0x00007ffc55910000 - 0x00007ffc5592c000 	C:\WINDOWS\SYSTEM32\MSACM32.dll
0x00007ffc72740000 - 0x00007ffc7274a000 	C:\WINDOWS\SYSTEM32\midimap.dll
0x00007ffc85f30000 - 0x00007ffc86044000 	C:\Windows\System32\Windows.UI.dll
0x00007ffc85dc0000 - 0x00007ffc85e39000 	C:\Windows\System32\InputHost.dll
0x00000000637c0000 - 0x00000000637cd000 	C:\Users\grahm\AppData\Local\Temp\jogamp_0000\file_cache\jln12470984741228484598\jln5003086400847566773\natives\windows-amd64\gluegen-rt.dll
0x00007ffc88ff0000 - 0x00007ffc88ff9000 	C:\Program Files\Java\jdk-9.0.1\bin\management.dll
0x00007ffc88e30000 - 0x00007ffc88e3a000 	C:\Program Files\Java\jdk-9.0.1\bin\management_ext.dll
0x00007ffc82260000 - 0x00007ffc82267000 	C:\Program Files\Java\jdk-9.0.1\bin\jawt.dll
0x000000006a440000 - 0x000000006a44d000 	C:\Users\grahm\AppData\Local\Temp\jogamp_0000\file_cache\jln12470984741228484598\jln5003086400847566773\natives\windows-amd64\nativewindow_awt.dll
0x000000006c100000 - 0x000000006c10f000 	C:\Users\grahm\AppData\Local\Temp\jogamp_0000\file_cache\jln12470984741228484598\jln5003086400847566773\natives\windows-amd64\nativewindow_win32.dll
0x0000000064500000 - 0x00000000645b1000 	C:\Users\grahm\AppData\Local\Temp\jogamp_0000\file_cache\jln12470984741228484598\jln5003086400847566773\natives\windows-amd64\jogl_desktop.dll
0x00007ffc62f50000 - 0x00007ffc63377000 	C:\Program Files\Mozilla Firefox\libGLESv2.dll

VM Arguments:
jvm_args: -ea -javaagent:C:\Program Files\JetBrains\IntelliJ IDEA Community Edition 2018.3.2\lib\idea_rt.jar=49424:C:\Program Files\JetBrains\IntelliJ IDEA Community Edition 2018.3.2\bin -Dfile.encoding=UTF-8 
java_command: net.runelite.client.RuneLite --debug --developer-mode
java_class_path (initial): C:\Users\grahm\IdeaProjects\runelite\runelite-client\target\classes;C:\Users\grahm\.m2\repository\org\slf4j\slf4j-api\1.7.25\slf4j-api-1.7.25.jar;C:\Users\grahm\.m2\repository\ch\qos\logback\logback-classic\1.2.3\logback-classic-1.2.3.jar;C:\Users\grahm\.m2\repository\ch\qos\logback\logback-core\1.2.3\logback-core-1.2.3.jar;C:\Users\grahm\.m2\repository\net\sf\jopt-simple\jopt-simple\5.0.1\jopt-simple-5.0.1.jar;C:\Users\grahm\.m2\repository\com\google\guava\guava\23.2-jre\guava-23.2-jre.jar;C:\Users\grahm\.m2\repository\com\google\code\findbugs\jsr305\1.3.9\jsr305-1.3.9.jar;C:\Users\grahm\.m2\repository\com\google\errorprone\error_prone_annotations\2.0.18\error_prone_annotations-2.0.18.jar;C:\Users\grahm\.m2\repository\com\google\j2objc\j2objc-annotations\1.1\j2objc-annotations-1.1.jar;C:\Users\grahm\.m2\repository\org\codehaus\mojo\animal-sniffer-annotations\1.14\animal-sniffer-annotations-1.14.jar;C:\Users\grahm\.m2\repository\com\google\inject\guice\4.1.0\guice-4.1.0-no_aop.jar;C:\Users\grahm\.m2\repository\javax\inject\javax.inject\1\javax.inject-1.jar;C:\Users\grahm\.m2\repository\aopalliance\aopalliance\1.0\aopalliance-1.0.jar;C:\Users\grahm\.m2\repository\com\google\code\gson\gson\2.8.5\gson-2.8.5.jar;C:\Users\grahm\.m2\repository\net\runelite\pushingpixels\substance\8.0.02\substance-8.0.02.jar;C:\Users\grahm\.m2\repository\net\runelite\pushingpixels\trident\1.5.00\trident-1.5.00.jar;C:\Users\grahm\.m2\repository\org\apache\commons\commons-text\1.2\commons-text-1.2.jar;C:\Users\grahm\.m2\repository\org\apache\commons\commons-lang3\3.7\commons-lang3-3.7.jar;C:\Users\grahm\.m2\repository\org\jogamp\jogl\jogl-all\2.3.2\jogl-all-2.3.2.jar;C:\Users\grahm\.m2\repository\org\jogamp\jogl\jogl-all\2.3.2\jogl-all-2.3.2-natives-windows-amd64.jar;C:\Users\grahm\.m2\repository\org\jogamp\jogl\jogl-all\2.3.2\jogl-all-2.3.2-natives-windows-i586.jar;C:\Users\grahm\.m2\repository\org\jogamp\jogl\jogl-all\2.3.2\jogl-all-2.3.2-natives-linux-amd64.ja
Launcher Type: SUN_STANDARD

Logging:
Log output configuration:
#0: stdout all=warning uptime,level,tags
#1: stderr all=off uptime,level,tags

Environment Variables:
PATH=C:\Program Files\Mozilla Firefox;C:\ProgramData\Oracle\Java\javapath;C:\Windows\system32;C:\Windows;C:\Windows\System32\Wbem;C:\Windows\System32\WindowsPowerShell\v1.0\;c:\Program Files (x86)\Microsoft SQL Server\100\Tools\Binn\;c:\Program Files\Microsoft SQL Server\100\Tools\Binn\;c:\Program Files\Microsoft SQL Server\100\DTS\Binn\;C:\Program Files\Java\jdk1.7.0_80\bin;C:\Program Files (x86)\Skype\Phone\;C:\Program Files (x86)\PharosSystems\Core;C:\WINDOWS\system32;C:\WINDOWS;C:\WINDOWS\System32\Wbem;C:\WINDOWS\System32\WindowsPowerShell\v1.0\;C:\Program Files\OpenVPN\bin;C:\Program Files\PuTTY\;C:\Program Files (x86)\Calibre2\;C:\Program Files (x86)\NVIDIA Corporation\PhysX\Common;C:\WINDOWS\system32;C:\WINDOWS;C:\WINDOWS\System32\Wbem;C:\WINDOWS\System32\WindowsPowerShell\v1.0\;C:\WINDOWS\System32\OpenSSH\;C:\Users\grahm\AppData\Local\Programs\Python\Python36-32\Scripts\;C:\Users\grahm\AppData\Local\Programs\Python\Python36-32\;C:\Users\grahm\AppData\Local\Microsoft\WindowsApps;C:\Users\grahm\AppData\Local\GitHubDesktop\bin;C:\Users\grahm\AppData\Local\Microsoft\WindowsApps;
USERNAME=grahm
OS=Windows_NT
PROCESSOR_IDENTIFIER=AMD64 Family 16 Model 5 Stepping 3, AuthenticAMD



---------------  S Y S T E M  ---------------

OS: Windows 10 , 64 bit Build 17134 (10.0.17134.1)

CPU:total 4 (initial active 4) (4 cores per cpu, 1 threads per core) family 16 model 5 stepping 3, cmov, cx8, fxsr, mmx, sse, sse2, sse3, popcnt, mmxext, 3dnowpref, lzcnt, sse4a, tsc, tscinvbit, tscinv

Memory: 4k page, physical 12582064k(2917248k free), swap 12582064k(2220k free)

vm_info: Java HotSpot(TM) 64-Bit Server VM (9.0.1+11) for windows-amd64 JRE (9.0.1+11), built on Sep 28 2017 04:54:03 by "mach5one" with MS VC++ 12.0 (VS2013)

END.
